#***************************************************************************

#sjplacer

#Version:            1.1

#Build Date:         Jul 19 2017 14:31:00

#File Generated:     Oct 26 2017 20:49:30

#Purpose:            

#Copyright (C) 2010-2011 by Softjin Technologies Pvt Ltd. All rights reserved.

#***************************************************************************

Executing : C:\Program Files (x86)\Cypress\PSoC Creator\4.1\PSoC Creator\bin/sjplacer.exe --proj-name Motorspeedcontrol --netlist-vh2 Motorspeedcontrol_p.vh2 --arch p35_udb4x6 --arch-file C:\Program Files (x86)\Cypress\PSoC Creator\4.1\PSoC Creator\dev\arch/udbdsi_4x6_24.cydata --ip-file C:\Program Files (x86)\Cypress\PSoC Creator\4.1\PSoC Creator\dev\psoc5/psoc5lp/ip_blocks.cydata --rrg-file C:\Program Files (x86)\Cypress\PSoC Creator\4.1\PSoC Creator\dev\psoc5/psoc5lp/route_arch-rrg.cydata --irq-file C:\Program Files (x86)\Cypress\PSoC Creator\4.1\PSoC Creator\dev\psoc5/psoc5lp/irqconn.cydata --drq-file C:\Program Files (x86)\Cypress\PSoC Creator\4.1\PSoC Creator\dev\psoc5/psoc5lp/dmaconn.cydata --dsi-conn-file C:\Program Files (x86)\Cypress\PSoC Creator\4.1\PSoC Creator\dev\psoc5/psoc5lp/dsiconn.cydata --pins-file pins_100-TQFP.xml --lib-file Motorspeedcontrol_p.lib --sdc-file Motorspeedcontrol.sdc --io-pcf Motorspeedcontrol.pci --outdir .

		Softjin Techologies Placer, Version 1.1

Build Date : Jul 19 2017	14:29:55

D2004: Option and Settings Summary
=============================================================
Netlist vh2 file          - Motorspeedcontrol_p.vh2
Architecture file         - C:\Program Files (x86)\Cypress\PSoC Creator\4.1\PSoC Creator\dev\arch/udbdsi_4x6_24.cydata
Package                   - 
Defparam file             - 
SDC file                  - Motorspeedcontrol.sdc
Output directory          - .
Timing library            - Motorspeedcontrol_p.lib
IO Placement file         - Motorspeedcontrol.pci

D2050: Starting reading inputs for placer
=============================================================
D2065: Reading netlist file : "Motorspeedcontrol_p.vh2"
D2065: Reading arch file : "C:\Program Files (x86)\Cypress\PSoC Creator\4.1\PSoC Creator\dev\arch/udbdsi_4x6_24.cydata"
D2051: Reading of inputs for placer completed successfully

D2053: Starting placement of the design
=============================================================

Phase 2
Phase 3

Design Statistics after Packing
    Number of Combinational MCs 	:	9
    Number of Sequential MCs    	:	23
    Number of DPs               	:	4
    Number of Controls          	:	2
    Number of Status            	:	3
    Number of SyncCells         	:	0
    Number of count7cells       	:	0

Device Utilization Summary after Packing
    Macrocells                  :	32/192
    UDBS                        :	7/24
    IOs                         :	16/72


D2088: Phase 3, elapsed time : 0.0 (sec)

Phase 4
D2088: Phase 4, elapsed time : 0.0 (sec)

Phase 5
D2088: Phase 5, elapsed time : 0.0 (sec)

Phase 6

######################################################################
Placement Timing Summary

The timing summary is based on estimated routing delays after
placement. For final timing report, please carry out the timing
analysis after routing.
======================================================================

######################################################################
                     Clock Summary 
======================================================================
Number of clocks: 11
Clock: ADC_SAR_1_theACLK    | Frequency: N/A       | Target:   1.6 MHz
Clock: ADC_SAR_1_theACLK(routed) | Frequency: N/A       | Target:   1.6 MHz
Clock: ADC_SAR_2_theACLK    | Frequency: N/A       | Target:   1.6 MHz
Clock: ADC_SAR_2_theACLK(routed) | Frequency: N/A       | Target:   1.6 MHz
Clock: Clock_1              | Frequency:  40.7 MHz | Target:  24.0 MHz
Clock: Clock_2              | Frequency:  59.7 MHz | Target:   2.0 MHz
Clock: CyBUS_CLK            | Frequency: N/A       | Target:  24.0 MHz
Clock: CyILO                | Frequency: N/A       | Target:   0.0 MHz
Clock: CyIMO                | Frequency: N/A       | Target:   3.0 MHz
Clock: CyMASTER_CLK         | Frequency: N/A       | Target:  24.0 MHz
Clock: CyPLL_OUT            | Frequency: N/A       | Target:  24.0 MHz

======================================================================
                     End of Clock Summary
######################################################################

D2088: Phase 6, elapsed time : 0.0 (sec)

Phase 7
######################################################################
                     Clock Summary 
======================================================================
Number of clocks: 11
Clock: ADC_SAR_1_theACLK    | Frequency: N/A       | Target:   1.6 MHz
Clock: ADC_SAR_1_theACLK(routed) | Frequency: N/A       | Target:   1.6 MHz
Clock: ADC_SAR_2_theACLK    | Frequency: N/A       | Target:   1.6 MHz
Clock: ADC_SAR_2_theACLK(routed) | Frequency: N/A       | Target:   1.6 MHz
Clock: Clock_1              | Frequency:  42.6 MHz | Target:  24.0 MHz
Clock: Clock_2              | Frequency:  59.7 MHz | Target:   2.0 MHz
Clock: CyBUS_CLK            | Frequency: N/A       | Target:  24.0 MHz
Clock: CyILO                | Frequency: N/A       | Target:   0.0 MHz
Clock: CyIMO                | Frequency: N/A       | Target:   3.0 MHz
Clock: CyMASTER_CLK         | Frequency: N/A       | Target:  24.0 MHz
Clock: CyPLL_OUT            | Frequency: N/A       | Target:  24.0 MHz

======================================================================
                     End of Clock Summary
######################################################################
D2088: Phase 7, elapsed time : 0.2 (sec)

Final Design Statistics
    Number of Combinational MCs 	:	9
    Number of Sequential MCs    	:	23
    Number of DPs               	:	4
    Number of Controls          	:	2
    Number of Status            	:	3
    Number of SyncCells         	:	0
    Number of count7cells       	:	0
    Number of IOs       	:	16

Device Utilization Summary
    Macrocells                  :	32/192
    IOs                         :	16/72



######################################################################
Placement Timing Summary

The timing summary is based on estimated routing delays after
placement. For final timing report, please carry out the timing
analysis after routing.
======================================================================


######################################################################
                     Clock Summary 
======================================================================
Number of clocks: 11
Clock: ADC_SAR_1_theACLK    | Frequency: N/A       | Target:   1.6 MHz
Clock: ADC_SAR_1_theACLK(routed) | Frequency: N/A       | Target:   1.6 MHz
Clock: ADC_SAR_2_theACLK    | Frequency: N/A       | Target:   1.6 MHz
Clock: ADC_SAR_2_theACLK(routed) | Frequency: N/A       | Target:   1.6 MHz
Clock: Clock_1              | Frequency:  43.7 MHz | Target:  26.3 MHz
Clock: Clock_2              | Frequency:  59.7 MHz | Target:   2.2 MHz
Clock: CyBUS_CLK            | Frequency: N/A       | Target:  24.0 MHz
Clock: CyILO                | Frequency: N/A       | Target:   0.0 MHz
Clock: CyIMO                | Frequency: N/A       | Target:   3.0 MHz
Clock: CyMASTER_CLK         | Frequency: N/A       | Target:  24.0 MHz
Clock: CyPLL_OUT            | Frequency: N/A       | Target:  24.0 MHz

======================================================================
                     End of Clock Summary
######################################################################

Phase 8
D2088: Phase 8, elapsed time : 0.0 (sec)

D2054: Placement of the design completed successfully

I2076: Total run-time: 0.8 sec.

