ARM GAS  C:\Users\monis\AppData\Local\Temp\ccCEFM3E.s 			page 1


   1              		.syntax unified
   2              		.cpu cortex-m3
   3              		.fpu softvfp
   4              		.eabi_attribute 20, 1
   5              		.eabi_attribute 21, 1
   6              		.eabi_attribute 23, 3
   7              		.eabi_attribute 24, 1
   8              		.eabi_attribute 25, 1
   9              		.eabi_attribute 26, 1
  10              		.eabi_attribute 30, 1
  11              		.eabi_attribute 34, 1
  12              		.eabi_attribute 18, 4
  13              		.thumb
  14              		.syntax unified
  15              		.file	"cymetadata.c"
  16              		.text
  17              	.Ltext0:
  18              		.cfi_sections	.debug_frame
  19              		.global	cy_metadata
  20              		.global	cy_meta_flashprotect
  21              		.global	cy_meta_wonvl
  22              		.global	cy_meta_custnvl
  23              		.global	cy_meta_configecc
  24              		.section	.cyconfigecc,"a",%progbits
  25              		.align	2
  26              		.type	cy_meta_configecc, %object
  27              		.size	cy_meta_configecc, 1560
  28              	cy_meta_configecc:
  29 0000 03       		.byte	3
  30 0001 52       		.byte	82
  31 0002 00       		.byte	0
  32 0003 40       		.byte	64
  33 0004 02       		.byte	2
  34 0005 5B       		.byte	91
  35 0006 00       		.byte	0
  36 0007 40       		.byte	64
  37 0008 02       		.byte	2
  38 0009 64       		.byte	100
  39 000a 00       		.byte	0
  40 000b 40       		.byte	64
  41 000c 03       		.byte	3
  42 000d 65       		.byte	101
  43 000e 00       		.byte	0
  44 000f 40       		.byte	64
  45 0010 02       		.byte	2
  46 0011 01       		.byte	1
  47 0012 01       		.byte	1
  48 0013 40       		.byte	64
  49 0014 46       		.byte	70
  50 0015 02       		.byte	2
  51 0016 01       		.byte	1
  52 0017 40       		.byte	64
  53 0018 23       		.byte	35
  54 0019 03       		.byte	3
  55 001a 01       		.byte	1
  56 001b 40       		.byte	64
  57 001c 06       		.byte	6
ARM GAS  C:\Users\monis\AppData\Local\Temp\ccCEFM3E.s 			page 2


  58 001d 05       		.byte	5
  59 001e 01       		.byte	1
  60 001f 40       		.byte	64
  61 0020 05       		.byte	5
  62 0021 07       		.byte	7
  63 0022 01       		.byte	1
  64 0023 40       		.byte	64
  65 0024 04       		.byte	4
  66 0025 09       		.byte	9
  67 0026 01       		.byte	1
  68 0027 40       		.byte	64
  69 0028 04       		.byte	4
  70 0029 0A       		.byte	10
  71 002a 01       		.byte	1
  72 002b 40       		.byte	64
  73 002c 02       		.byte	2
  74 002d 0B       		.byte	11
  75 002e 01       		.byte	1
  76 002f 40       		.byte	64
  77 0030 02       		.byte	2
  78 0031 0D       		.byte	13
  79 0032 01       		.byte	1
  80 0033 40       		.byte	64
  81 0034 29       		.byte	41
  82 0035 0E       		.byte	14
  83 0036 01       		.byte	1
  84 0037 40       		.byte	64
  85 0038 16       		.byte	22
  86 0039 0F       		.byte	15
  87 003a 01       		.byte	1
  88 003b 40       		.byte	64
  89 003c 29       		.byte	41
  90 003d 14       		.byte	20
  91 003e 01       		.byte	1
  92 003f 40       		.byte	64
  93 0040 1D       		.byte	29
  94 0041 15       		.byte	21
  95 0042 01       		.byte	1
  96 0043 40       		.byte	64
  97 0044 6C       		.byte	108
  98 0045 18       		.byte	24
  99 0046 01       		.byte	1
 100 0047 40       		.byte	64
 101 0048 3D       		.byte	61
 102 0049 19       		.byte	25
 103 004a 01       		.byte	1
 104 004b 40       		.byte	64
 105 004c 48       		.byte	72
 106 004d 1A       		.byte	26
 107 004e 01       		.byte	1
 108 004f 40       		.byte	64
 109 0050 49       		.byte	73
 110 0051 1B       		.byte	27
 111 0052 01       		.byte	1
 112 0053 40       		.byte	64
 113 0054 09       		.byte	9
 114 0055 40       		.byte	64
ARM GAS  C:\Users\monis\AppData\Local\Temp\ccCEFM3E.s 			page 3


 115 0056 01       		.byte	1
 116 0057 40       		.byte	64
 117 0058 08       		.byte	8
 118 0059 41       		.byte	65
 119 005a 01       		.byte	1
 120 005b 40       		.byte	64
 121 005c 06       		.byte	6
 122 005d 42       		.byte	66
 123 005e 01       		.byte	1
 124 005f 40       		.byte	64
 125 0060 09       		.byte	9
 126 0061 43       		.byte	67
 127 0062 01       		.byte	1
 128 0063 40       		.byte	64
 129 0064 02       		.byte	2
 130 0065 44       		.byte	68
 131 0066 01       		.byte	1
 132 0067 40       		.byte	64
 133 0068 02       		.byte	2
 134 0069 45       		.byte	69
 135 006a 01       		.byte	1
 136 006b 40       		.byte	64
 137 006c 07       		.byte	7
 138 006d 46       		.byte	70
 139 006e 01       		.byte	1
 140 006f 40       		.byte	64
 141 0070 04       		.byte	4
 142 0071 47       		.byte	71
 143 0072 01       		.byte	1
 144 0073 40       		.byte	64
 145 0074 05       		.byte	5
 146 0075 48       		.byte	72
 147 0076 01       		.byte	1
 148 0077 40       		.byte	64
 149 0078 10       		.byte	16
 150 0079 49       		.byte	73
 151 007a 01       		.byte	1
 152 007b 40       		.byte	64
 153 007c 05       		.byte	5
 154 007d 4C       		.byte	76
 155 007e 01       		.byte	1
 156 007f 40       		.byte	64
 157 0080 0B       		.byte	11
 158 0081 4D       		.byte	77
 159 0082 01       		.byte	1
 160 0083 40       		.byte	64
 161 0084 06       		.byte	6
 162 0085 50       		.byte	80
 163 0086 01       		.byte	1
 164 0087 40       		.byte	64
 165 0088 02       		.byte	2
 166 0089 51       		.byte	81
 167 008a 01       		.byte	1
 168 008b 40       		.byte	64
 169 008c 01       		.byte	1
 170 008d 20       		.byte	32
 171 008e 21       		.byte	33
ARM GAS  C:\Users\monis\AppData\Local\Temp\ccCEFM3E.s 			page 4


 172 008f 01       		.byte	1
 173 0090 60       		.byte	96
 174 0091 10       		.byte	16
 175 0092 27       		.byte	39
 176 0093 84       		.byte	-124
 177 0094 2F       		.byte	47
 178 0095 84       		.byte	-124
 179 0096 83       		.byte	-125
 180 0097 67       		.byte	103
 181 0098 8E       		.byte	-114
 182 0099 0D       		.byte	13
 183 009a 85       		.byte	-123
 184 009b 0D       		.byte	13
 185 009c 89       		.byte	-119
 186 009d 6F       		.byte	111
 187 009e 8A       		.byte	-118
 188 009f 0F       		.byte	15
 189 00a0 8F       		.byte	-113
 190 00a1 40       		.byte	64
 191 00a2 E6       		.byte	-26
 192 00a3 40       		.byte	64
 193 00a4 40       		.byte	64
 194 00a5 64       		.byte	100
 195 00a6 41       		.byte	65
 196 00a7 01       		.byte	1
 197 00a8 49       		.byte	73
 198 00a9 FF       		.byte	-1
 199 00aa 4A       		.byte	74
 200 00ab FF       		.byte	-1
 201 00ac 4B       		.byte	75
 202 00ad FF       		.byte	-1
 203 00ae 4D       		.byte	77
 204 00af A0       		.byte	-96
 205 00b0 4F       		.byte	79
 206 00b1 01       		.byte	1
 207 00b2 50       		.byte	80
 208 00b3 18       		.byte	24
 209 00b4 5A       		.byte	90
 210 00b5 04       		.byte	4
 211 00b6 5F       		.byte	95
 212 00b7 01       		.byte	1
 213 00b8 60       		.byte	96
 214 00b9 40       		.byte	64
 215 00ba 62       		.byte	98
 216 00bb 80       		.byte	-128
 217 00bc 64       		.byte	100
 218 00bd 40       		.byte	64
 219 00be 65       		.byte	101
 220 00bf 40       		.byte	64
 221 00c0 66       		.byte	102
 222 00c1 80       		.byte	-128
 223 00c2 68       		.byte	104
 224 00c3 40       		.byte	64
 225 00c4 6A       		.byte	106
 226 00c5 50       		.byte	80
 227 00c6 6B       		.byte	107
 228 00c7 A8       		.byte	-88
ARM GAS  C:\Users\monis\AppData\Local\Temp\ccCEFM3E.s 			page 5


 229 00c8 6C       		.byte	108
 230 00c9 40       		.byte	64
 231 00ca 6D       		.byte	109
 232 00cb 20       		.byte	32
 233 00cc 6E       		.byte	110
 234 00cd 50       		.byte	80
 235 00ce 6F       		.byte	111
 236 00cf A8       		.byte	-88
 237 00d0 82       		.byte	-126
 238 00d1 0C       		.byte	12
 239 00d2 83       		.byte	-125
 240 00d3 03       		.byte	3
 241 00d4 88       		.byte	-120
 242 00d5 01       		.byte	1
 243 00d6 8C       		.byte	-116
 244 00d7 08       		.byte	8
 245 00d8 91       		.byte	-111
 246 00d9 01       		.byte	1
 247 00da A6       		.byte	-90
 248 00db 03       		.byte	3
 249 00dc AE       		.byte	-82
 250 00dd 01       		.byte	1
 251 00de B0       		.byte	-80
 252 00df 04       		.byte	4
 253 00e0 B1       		.byte	-79
 254 00e1 02       		.byte	2
 255 00e2 B2       		.byte	-78
 256 00e3 02       		.byte	2
 257 00e4 B4       		.byte	-76
 258 00e5 01       		.byte	1
 259 00e6 B6       		.byte	-74
 260 00e7 08       		.byte	8
 261 00e8 B7       		.byte	-73
 262 00e9 01       		.byte	1
 263 00ea BE       		.byte	-66
 264 00eb 50       		.byte	80
 265 00ec BF       		.byte	-65
 266 00ed 40       		.byte	64
 267 00ee C0       		.byte	-64
 268 00ef 25       		.byte	37
 269 00f0 C1       		.byte	-63
 270 00f1 03       		.byte	3
 271 00f2 C5       		.byte	-59
 272 00f3 52       		.byte	82
 273 00f4 C6       		.byte	-58
 274 00f5 C0       		.byte	-64
 275 00f6 C7       		.byte	-57
 276 00f7 0E       		.byte	14
 277 00f8 C8       		.byte	-56
 278 00f9 1F       		.byte	31
 279 00fa C9       		.byte	-55
 280 00fb FF       		.byte	-1
 281 00fc CA       		.byte	-54
 282 00fd FF       		.byte	-1
 283 00fe CB       		.byte	-53
 284 00ff FF       		.byte	-1
 285 0100 CD       		.byte	-51
ARM GAS  C:\Users\monis\AppData\Local\Temp\ccCEFM3E.s 			page 6


 286 0101 AF       		.byte	-81
 287 0102 CE       		.byte	-50
 288 0103 07       		.byte	7
 289 0104 CF       		.byte	-49
 290 0105 01       		.byte	1
 291 0106 D0       		.byte	-48
 292 0107 18       		.byte	24
 293 0108 D2       		.byte	-46
 294 0109 80       		.byte	-128
 295 010a D4       		.byte	-44
 296 010b 07       		.byte	7
 297 010c D6       		.byte	-42
 298 010d 04       		.byte	4
 299 010e D8       		.byte	-40
 300 010f 04       		.byte	4
 301 0110 D9       		.byte	-39
 302 0111 04       		.byte	4
 303 0112 DA       		.byte	-38
 304 0113 04       		.byte	4
 305 0114 DB       		.byte	-37
 306 0115 04       		.byte	4
 307 0116 DF       		.byte	-33
 308 0117 01       		.byte	1
 309 0118 E0       		.byte	-32
 310 0119 40       		.byte	64
 311 011a E2       		.byte	-30
 312 011b 80       		.byte	-128
 313 011c E4       		.byte	-28
 314 011d 40       		.byte	64
 315 011e E5       		.byte	-27
 316 011f 40       		.byte	64
 317 0120 E6       		.byte	-26
 318 0121 80       		.byte	-128
 319 0122 E8       		.byte	-24
 320 0123 40       		.byte	64
 321 0124 EA       		.byte	-22
 322 0125 50       		.byte	80
 323 0126 EB       		.byte	-21
 324 0127 A8       		.byte	-88
 325 0128 EC       		.byte	-20
 326 0129 40       		.byte	64
 327 012a ED       		.byte	-19
 328 012b 20       		.byte	32
 329 012c EE       		.byte	-18
 330 012d 50       		.byte	80
 331 012e EF       		.byte	-17
 332 012f A8       		.byte	-88
 333 0130 00       		.byte	0
 334 0131 50       		.byte	80
 335 0132 02       		.byte	2
 336 0133 40       		.byte	64
 337 0134 10       		.byte	16
 338 0135 02       		.byte	2
 339 0136 13       		.byte	19
 340 0137 08       		.byte	8
 341 0138 18       		.byte	24
 342 0139 55       		.byte	85
ARM GAS  C:\Users\monis\AppData\Local\Temp\ccCEFM3E.s 			page 7


 343 013a 1B       		.byte	27
 344 013b 10       		.byte	16
 345 013c 21       		.byte	33
 346 013d 02       		.byte	2
 347 013e 22       		.byte	34
 348 013f 40       		.byte	64
 349 0140 31       		.byte	49
 350 0141 02       		.byte	2
 351 0142 3B       		.byte	59
 352 0143 01       		.byte	1
 353 0144 40       		.byte	64
 354 0145 24       		.byte	36
 355 0146 46       		.byte	70
 356 0147 42       		.byte	66
 357 0148 4A       		.byte	74
 358 0149 10       		.byte	16
 359 014a 4B       		.byte	75
 360 014b 81       		.byte	-127
 361 014c 4F       		.byte	79
 362 014d 20       		.byte	32
 363 014e 51       		.byte	81
 364 014f 08       		.byte	8
 365 0150 52       		.byte	82
 366 0151 50       		.byte	80
 367 0152 53       		.byte	83
 368 0153 40       		.byte	64
 369 0154 5A       		.byte	90
 370 0155 90       		.byte	-112
 371 0156 5B       		.byte	91
 372 0157 04       		.byte	4
 373 0158 5E       		.byte	94
 374 0159 30       		.byte	48
 375 015a 61       		.byte	97
 376 015b 08       		.byte	8
 377 015c 62       		.byte	98
 378 015d 10       		.byte	16
 379 015e 63       		.byte	99
 380 015f 80       		.byte	-128
 381 0160 70       		.byte	112
 382 0161 02       		.byte	2
 383 0162 A7       		.byte	-89
 384 0163 40       		.byte	64
 385 0164 C0       		.byte	-64
 386 0165 0B       		.byte	11
 387 0166 C4       		.byte	-60
 388 0167 05       		.byte	5
 389 0168 CC       		.byte	-52
 390 0169 01       		.byte	1
 391 016a CE       		.byte	-50
 392 016b 01       		.byte	1
 393 016c D0       		.byte	-48
 394 016d 96       		.byte	-106
 395 016e D2       		.byte	-46
 396 016f 28       		.byte	40
 397 0170 D6       		.byte	-42
 398 0171 0E       		.byte	14
 399 0172 D8       		.byte	-40
ARM GAS  C:\Users\monis\AppData\Local\Temp\ccCEFM3E.s 			page 8


 400 0173 07       		.byte	7
 401 0174 EA       		.byte	-22
 402 0175 40       		.byte	64
 403 0176 9C       		.byte	-100
 404 0177 20       		.byte	32
 405 0178 9E       		.byte	-98
 406 0179 02       		.byte	2
 407 017a 9F       		.byte	-97
 408 017b 08       		.byte	8
 409 017c A8       		.byte	-88
 410 017d 01       		.byte	1
 411 017e AB       		.byte	-85
 412 017f 04       		.byte	4
 413 0180 E6       		.byte	-26
 414 0181 20       		.byte	32
 415 0182 A8       		.byte	-88
 416 0183 20       		.byte	32
 417 0184 AB       		.byte	-85
 418 0185 08       		.byte	8
 419 0186 AE       		.byte	-82
 420 0187 02       		.byte	2
 421 0188 EA       		.byte	-22
 422 0189 02       		.byte	2
 423 018a EE       		.byte	-18
 424 018b 0D       		.byte	13
 425 018c AB       		.byte	-85
 426 018d 20       		.byte	32
 427 018e AF       		.byte	-81
 428 018f 20       		.byte	32
 429 0190 EA       		.byte	-22
 430 0191 02       		.byte	2
 431 0192 EE       		.byte	-18
 432 0193 01       		.byte	1
 433 0194 B8       		.byte	-72
 434 0195 20       		.byte	32
 435 0196 BE       		.byte	-66
 436 0197 10       		.byte	16
 437 0198 D8       		.byte	-40
 438 0199 04       		.byte	4
 439 019a DF       		.byte	-33
 440 019b 01       		.byte	1
 441 019c 1F       		.byte	31
 442 019d 20       		.byte	32
 443 019e E6       		.byte	-26
 444 019f 20       		.byte	32
 445 01a0 B5       		.byte	-75
 446 01a1 08       		.byte	8
 447 01a2 EA       		.byte	-22
 448 01a3 40       		.byte	64
 449 01a4 07       		.byte	7
 450 01a5 01       		.byte	1
 451 01a6 12       		.byte	18
 452 01a7 08       		.byte	8
 453 01a8 18       		.byte	24
 454 01a9 01       		.byte	1
 455 01aa 1E       		.byte	30
 456 01ab 04       		.byte	4
ARM GAS  C:\Users\monis\AppData\Local\Temp\ccCEFM3E.s 			page 9


 457 01ac 26       		.byte	38
 458 01ad 07       		.byte	7
 459 01ae 2F       		.byte	47
 460 01af 01       		.byte	1
 461 01b0 30       		.byte	48
 462 01b1 01       		.byte	1
 463 01b2 32       		.byte	50
 464 01b3 04       		.byte	4
 465 01b4 33       		.byte	51
 466 01b5 01       		.byte	1
 467 01b6 34       		.byte	52
 468 01b7 02       		.byte	2
 469 01b8 36       		.byte	54
 470 01b9 08       		.byte	8
 471 01ba 3F       		.byte	63
 472 01bb 04       		.byte	4
 473 01bc 40       		.byte	64
 474 01bd 10       		.byte	16
 475 01be 41       		.byte	65
 476 01bf 06       		.byte	6
 477 01c0 45       		.byte	69
 478 01c1 D1       		.byte	-47
 479 01c2 47       		.byte	71
 480 01c3 02       		.byte	2
 481 01c4 48       		.byte	72
 482 01c5 13       		.byte	19
 483 01c6 49       		.byte	73
 484 01c7 FF       		.byte	-1
 485 01c8 4A       		.byte	74
 486 01c9 FF       		.byte	-1
 487 01ca 4B       		.byte	75
 488 01cb FF       		.byte	-1
 489 01cc 4D       		.byte	77
 490 01cd A0       		.byte	-96
 491 01ce 4F       		.byte	79
 492 01cf 04       		.byte	4
 493 01d0 50       		.byte	80
 494 01d1 18       		.byte	24
 495 01d2 52       		.byte	82
 496 01d3 80       		.byte	-128
 497 01d4 54       		.byte	84
 498 01d5 05       		.byte	5
 499 01d6 58       		.byte	88
 500 01d7 04       		.byte	4
 501 01d8 59       		.byte	89
 502 01d9 04       		.byte	4
 503 01da 5A       		.byte	90
 504 01db 04       		.byte	4
 505 01dc 5B       		.byte	91
 506 01dd 04       		.byte	4
 507 01de 5C       		.byte	92
 508 01df 04       		.byte	4
 509 01e0 5D       		.byte	93
 510 01e1 44       		.byte	68
 511 01e2 5F       		.byte	95
 512 01e3 01       		.byte	1
 513 01e4 60       		.byte	96
ARM GAS  C:\Users\monis\AppData\Local\Temp\ccCEFM3E.s 			page 10


 514 01e5 40       		.byte	64
 515 01e6 62       		.byte	98
 516 01e7 C0       		.byte	-64
 517 01e8 64       		.byte	100
 518 01e9 40       		.byte	64
 519 01ea 65       		.byte	101
 520 01eb 40       		.byte	64
 521 01ec 66       		.byte	102
 522 01ed C0       		.byte	-64
 523 01ee 68       		.byte	104
 524 01ef C0       		.byte	-64
 525 01f0 6A       		.byte	106
 526 01f1 C0       		.byte	-64
 527 01f2 6C       		.byte	108
 528 01f3 C0       		.byte	-64
 529 01f4 6E       		.byte	110
 530 01f5 C0       		.byte	-64
 531 01f6 09       		.byte	9
 532 01f7 02       		.byte	2
 533 01f8 0A       		.byte	10
 534 01f9 05       		.byte	5
 535 01fa 10       		.byte	16
 536 01fb 20       		.byte	32
 537 01fc 19       		.byte	25
 538 01fd 48       		.byte	72
 539 01fe 1A       		.byte	26
 540 01ff 45       		.byte	69
 541 0200 22       		.byte	34
 542 0201 04       		.byte	4
 543 0202 29       		.byte	41
 544 0203 40       		.byte	64
 545 0204 38       		.byte	56
 546 0205 08       		.byte	8
 547 0206 42       		.byte	66
 548 0207 01       		.byte	1
 549 0208 48       		.byte	72
 550 0209 28       		.byte	40
 551 020a 49       		.byte	73
 552 020b 01       		.byte	1
 553 020c 50       		.byte	80
 554 020d 0C       		.byte	12
 555 020e 59       		.byte	89
 556 020f 01       		.byte	1
 557 0210 5A       		.byte	90
 558 0211 48       		.byte	72
 559 0212 71       		.byte	113
 560 0213 02       		.byte	2
 561 0214 C2       		.byte	-62
 562 0215 0B       		.byte	11
 563 0216 C4       		.byte	-60
 564 0217 04       		.byte	4
 565 0218 CA       		.byte	-54
 566 0219 08       		.byte	8
 567 021a CE       		.byte	-50
 568 021b 02       		.byte	2
 569 021c D0       		.byte	-48
 570 021d 08       		.byte	8
ARM GAS  C:\Users\monis\AppData\Local\Temp\ccCEFM3E.s 			page 11


 571 021e D2       		.byte	-46
 572 021f 04       		.byte	4
 573 0220 D6       		.byte	-42
 574 0221 0B       		.byte	11
 575 0222 8A       		.byte	-118
 576 0223 04       		.byte	4
 577 0224 8F       		.byte	-113
 578 0225 01       		.byte	1
 579 0226 94       		.byte	-108
 580 0227 01       		.byte	1
 581 0228 9A       		.byte	-102
 582 0229 07       		.byte	7
 583 022a A7       		.byte	-89
 584 022b 01       		.byte	1
 585 022c AE       		.byte	-82
 586 022d 08       		.byte	8
 587 022e B0       		.byte	-80
 588 022f 01       		.byte	1
 589 0230 B2       		.byte	-78
 590 0231 02       		.byte	2
 591 0232 B4       		.byte	-76
 592 0233 08       		.byte	8
 593 0234 B5       		.byte	-75
 594 0235 01       		.byte	1
 595 0236 B6       		.byte	-74
 596 0237 04       		.byte	4
 597 0238 BF       		.byte	-65
 598 0239 10       		.byte	16
 599 023a C0       		.byte	-64
 600 023b 20       		.byte	32
 601 023c C1       		.byte	-63
 602 023d 05       		.byte	5
 603 023e C5       		.byte	-59
 604 023f D1       		.byte	-47
 605 0240 C6       		.byte	-58
 606 0241 02       		.byte	2
 607 0242 C8       		.byte	-56
 608 0243 07       		.byte	7
 609 0244 C9       		.byte	-55
 610 0245 FF       		.byte	-1
 611 0246 CA       		.byte	-54
 612 0247 FF       		.byte	-1
 613 0248 CB       		.byte	-53
 614 0249 FF       		.byte	-1
 615 024a CD       		.byte	-51
 616 024b A0       		.byte	-96
 617 024c CF       		.byte	-49
 618 024d 04       		.byte	4
 619 024e D0       		.byte	-48
 620 024f 18       		.byte	24
 621 0250 D2       		.byte	-46
 622 0251 80       		.byte	-128
 623 0252 D4       		.byte	-44
 624 0253 05       		.byte	5
 625 0254 D8       		.byte	-40
 626 0255 04       		.byte	4
 627 0256 D9       		.byte	-39
ARM GAS  C:\Users\monis\AppData\Local\Temp\ccCEFM3E.s 			page 12


 628 0257 04       		.byte	4
 629 0258 DA       		.byte	-38
 630 0259 04       		.byte	4
 631 025a DB       		.byte	-37
 632 025b 04       		.byte	4
 633 025c DC       		.byte	-36
 634 025d 02       		.byte	2
 635 025e DD       		.byte	-35
 636 025f 22       		.byte	34
 637 0260 DF       		.byte	-33
 638 0261 01       		.byte	1
 639 0262 E0       		.byte	-32
 640 0263 40       		.byte	64
 641 0264 E2       		.byte	-30
 642 0265 C0       		.byte	-64
 643 0266 E4       		.byte	-28
 644 0267 40       		.byte	64
 645 0268 E5       		.byte	-27
 646 0269 40       		.byte	64
 647 026a E6       		.byte	-26
 648 026b C0       		.byte	-64
 649 026c E8       		.byte	-24
 650 026d C0       		.byte	-64
 651 026e EA       		.byte	-22
 652 026f C0       		.byte	-64
 653 0270 EC       		.byte	-20
 654 0271 C0       		.byte	-64
 655 0272 EE       		.byte	-18
 656 0273 C0       		.byte	-64
 657 0274 05       		.byte	5
 658 0275 10       		.byte	16
 659 0276 0E       		.byte	14
 660 0277 20       		.byte	32
 661 0278 0F       		.byte	15
 662 0279 08       		.byte	8
 663 027a 17       		.byte	23
 664 027b 80       		.byte	-128
 665 027c 1C       		.byte	28
 666 027d 02       		.byte	2
 667 027e 1D       		.byte	29
 668 027f 30       		.byte	48
 669 0280 1E       		.byte	30
 670 0281 60       		.byte	96
 671 0282 1F       		.byte	31
 672 0283 10       		.byte	16
 673 0284 27       		.byte	39
 674 0285 08       		.byte	8
 675 0286 2F       		.byte	47
 676 0287 10       		.byte	16
 677 0288 3F       		.byte	63
 678 0289 80       		.byte	-128
 679 028a 45       		.byte	69
 680 028b 20       		.byte	32
 681 028c 4F       		.byte	79
 682 028d 89       		.byte	-119
 683 028e 57       		.byte	87
 684 028f 40       		.byte	64
ARM GAS  C:\Users\monis\AppData\Local\Temp\ccCEFM3E.s 			page 13


 685 0290 5E       		.byte	94
 686 0291 40       		.byte	64
 687 0292 5F       		.byte	95
 688 0293 09       		.byte	9
 689 0294 77       		.byte	119
 690 0295 80       		.byte	-128
 691 0296 84       		.byte	-124
 692 0297 01       		.byte	1
 693 0298 C0       		.byte	-64
 694 0299 40       		.byte	64
 695 029a C2       		.byte	-62
 696 029b 60       		.byte	96
 697 029c C4       		.byte	-60
 698 029d 80       		.byte	-128
 699 029e CA       		.byte	-54
 700 029f 40       		.byte	64
 701 02a0 CE       		.byte	-50
 702 02a1 10       		.byte	16
 703 02a2 D0       		.byte	-48
 704 02a3 20       		.byte	32
 705 02a4 D2       		.byte	-46
 706 02a5 10       		.byte	16
 707 02a6 D6       		.byte	-42
 708 02a7 D0       		.byte	-48
 709 02a8 E4       		.byte	-28
 710 02a9 02       		.byte	2
 711 02aa EC       		.byte	-20
 712 02ab 20       		.byte	32
 713 02ac EE       		.byte	-18
 714 02ad 08       		.byte	8
 715 02ae 03       		.byte	3
 716 02af 0F       		.byte	15
 717 02b0 04       		.byte	4
 718 02b1 7B       		.byte	123
 719 02b2 05       		.byte	5
 720 02b3 94       		.byte	-108
 721 02b4 06       		.byte	6
 722 02b5 04       		.byte	4
 723 02b6 07       		.byte	7
 724 02b7 60       		.byte	96
 725 02b8 09       		.byte	9
 726 02b9 FD       		.byte	-3
 727 02ba 0A       		.byte	10
 728 02bb 80       		.byte	-128
 729 02bc 0B       		.byte	11
 730 02bd 02       		.byte	2
 731 02be 0C       		.byte	12
 732 02bf 40       		.byte	64
 733 02c0 0D       		.byte	13
 734 02c1 73       		.byte	115
 735 02c2 0E       		.byte	14
 736 02c3 0F       		.byte	15
 737 02c4 11       		.byte	17
 738 02c5 30       		.byte	48
 739 02c6 12       		.byte	18
 740 02c7 70       		.byte	112
 741 02c8 13       		.byte	19
ARM GAS  C:\Users\monis\AppData\Local\Temp\ccCEFM3E.s 			page 14


 742 02c9 C9       		.byte	-55
 743 02ca 15       		.byte	21
 744 02cb 9E       		.byte	-98
 745 02cc 17       		.byte	23
 746 02cd 60       		.byte	96
 747 02ce 18       		.byte	24
 748 02cf 1C       		.byte	28
 749 02d0 1A       		.byte	26
 750 02d1 22       		.byte	34
 751 02d2 1C       		.byte	28
 752 02d3 0C       		.byte	12
 753 02d4 1E       		.byte	30
 754 02d5 41       		.byte	65
 755 02d6 28       		.byte	40
 756 02d7 18       		.byte	24
 757 02d8 2A       		.byte	42
 758 02d9 21       		.byte	33
 759 02da 2C       		.byte	44
 760 02db 77       		.byte	119
 761 02dc 2D       		.byte	45
 762 02dd CF       		.byte	-49
 763 02de 2F       		.byte	47
 764 02df 30       		.byte	48
 765 02e0 30       		.byte	48
 766 02e1 F0       		.byte	-16
 767 02e2 34       		.byte	52
 768 02e3 0F       		.byte	15
 769 02e4 35       		.byte	53
 770 02e5 FF       		.byte	-1
 771 02e6 3F       		.byte	63
 772 02e7 10       		.byte	16
 773 02e8 40       		.byte	64
 774 02e9 36       		.byte	54
 775 02ea 41       		.byte	65
 776 02eb 04       		.byte	4
 777 02ec 49       		.byte	73
 778 02ed FF       		.byte	-1
 779 02ee 4A       		.byte	74
 780 02ef FF       		.byte	-1
 781 02f0 4B       		.byte	75
 782 02f1 FF       		.byte	-1
 783 02f2 4D       		.byte	77
 784 02f3 A0       		.byte	-96
 785 02f4 4F       		.byte	79
 786 02f5 01       		.byte	1
 787 02f6 50       		.byte	80
 788 02f7 18       		.byte	24
 789 02f8 58       		.byte	88
 790 02f9 04       		.byte	4
 791 02fa 59       		.byte	89
 792 02fb 04       		.byte	4
 793 02fc 5A       		.byte	90
 794 02fd 04       		.byte	4
 795 02fe 5C       		.byte	92
 796 02ff 06       		.byte	6
 797 0300 5D       		.byte	93
 798 0301 06       		.byte	6
ARM GAS  C:\Users\monis\AppData\Local\Temp\ccCEFM3E.s 			page 15


 799 0302 5F       		.byte	95
 800 0303 01       		.byte	1
 801 0304 60       		.byte	96
 802 0305 40       		.byte	64
 803 0306 62       		.byte	98
 804 0307 80       		.byte	-128
 805 0308 64       		.byte	100
 806 0309 40       		.byte	64
 807 030a 65       		.byte	101
 808 030b 40       		.byte	64
 809 030c 66       		.byte	102
 810 030d 80       		.byte	-128
 811 030e 68       		.byte	104
 812 030f 40       		.byte	64
 813 0310 6A       		.byte	106
 814 0311 80       		.byte	-128
 815 0312 6C       		.byte	108
 816 0313 40       		.byte	64
 817 0314 6D       		.byte	109
 818 0315 20       		.byte	32
 819 0316 6E       		.byte	110
 820 0317 80       		.byte	-128
 821 0318 80       		.byte	-128
 822 0319 08       		.byte	8
 823 031a 82       		.byte	-126
 824 031b 03       		.byte	3
 825 031c 88       		.byte	-120
 826 031d 02       		.byte	2
 827 031e 8C       		.byte	-116
 828 031f 08       		.byte	8
 829 0320 8D       		.byte	-115
 830 0321 08       		.byte	8
 831 0322 91       		.byte	-111
 832 0323 06       		.byte	6
 833 0324 95       		.byte	-107
 834 0325 06       		.byte	6
 835 0326 99       		.byte	-103
 836 0327 08       		.byte	8
 837 0328 9B       		.byte	-101
 838 0329 10       		.byte	16
 839 032a A1       		.byte	-95
 840 032b 03       		.byte	3
 841 032c A4       		.byte	-92
 842 032d 08       		.byte	8
 843 032e A5       		.byte	-91
 844 032f 05       		.byte	5
 845 0330 A6       		.byte	-90
 846 0331 04       		.byte	4
 847 0332 A8       		.byte	-88
 848 0333 04       		.byte	4
 849 0334 B0       		.byte	-80
 850 0335 02       		.byte	2
 851 0336 B1       		.byte	-79
 852 0337 07       		.byte	7
 853 0338 B2       		.byte	-78
 854 0339 01       		.byte	1
 855 033a B3       		.byte	-77
ARM GAS  C:\Users\monis\AppData\Local\Temp\ccCEFM3E.s 			page 16


 856 033b 10       		.byte	16
 857 033c B4       		.byte	-76
 858 033d 08       		.byte	8
 859 033e B6       		.byte	-74
 860 033f 04       		.byte	4
 861 0340 B7       		.byte	-73
 862 0341 08       		.byte	8
 863 0342 B8       		.byte	-72
 864 0343 20       		.byte	32
 865 0344 B9       		.byte	-71
 866 0345 82       		.byte	-126
 867 0346 BE       		.byte	-66
 868 0347 51       		.byte	81
 869 0348 C0       		.byte	-64
 870 0349 32       		.byte	50
 871 034a C1       		.byte	-63
 872 034b 04       		.byte	4
 873 034c C5       		.byte	-59
 874 034d 43       		.byte	67
 875 034e C6       		.byte	-58
 876 034f C2       		.byte	-62
 877 0350 C7       		.byte	-57
 878 0351 0E       		.byte	14
 879 0352 C8       		.byte	-56
 880 0353 1F       		.byte	31
 881 0354 C9       		.byte	-55
 882 0355 FF       		.byte	-1
 883 0356 CA       		.byte	-54
 884 0357 FF       		.byte	-1
 885 0358 CB       		.byte	-53
 886 0359 FF       		.byte	-1
 887 035a CD       		.byte	-51
 888 035b AF       		.byte	-81
 889 035c CE       		.byte	-50
 890 035d 07       		.byte	7
 891 035e CF       		.byte	-49
 892 035f 01       		.byte	1
 893 0360 D0       		.byte	-48
 894 0361 18       		.byte	24
 895 0362 D4       		.byte	-44
 896 0363 0F       		.byte	15
 897 0364 D8       		.byte	-40
 898 0365 04       		.byte	4
 899 0366 D9       		.byte	-39
 900 0367 04       		.byte	4
 901 0368 DA       		.byte	-38
 902 0369 04       		.byte	4
 903 036a DB       		.byte	-37
 904 036b 04       		.byte	4
 905 036c DC       		.byte	-36
 906 036d 66       		.byte	102
 907 036e DD       		.byte	-35
 908 036f 66       		.byte	102
 909 0370 DF       		.byte	-33
 910 0371 05       		.byte	5
 911 0372 E0       		.byte	-32
 912 0373 40       		.byte	64
ARM GAS  C:\Users\monis\AppData\Local\Temp\ccCEFM3E.s 			page 17


 913 0374 E2       		.byte	-30
 914 0375 80       		.byte	-128
 915 0376 E4       		.byte	-28
 916 0377 40       		.byte	64
 917 0378 E5       		.byte	-27
 918 0379 40       		.byte	64
 919 037a E6       		.byte	-26
 920 037b 80       		.byte	-128
 921 037c E8       		.byte	-24
 922 037d 40       		.byte	64
 923 037e EA       		.byte	-22
 924 037f 80       		.byte	-128
 925 0380 EC       		.byte	-20
 926 0381 40       		.byte	64
 927 0382 ED       		.byte	-19
 928 0383 20       		.byte	32
 929 0384 EE       		.byte	-18
 930 0385 80       		.byte	-128
 931 0386 02       		.byte	2
 932 0387 43       		.byte	67
 933 0388 03       		.byte	3
 934 0389 08       		.byte	8
 935 038a 06       		.byte	6
 936 038b 20       		.byte	32
 937 038c 07       		.byte	7
 938 038d 05       		.byte	5
 939 038e 0D       		.byte	13
 940 038f 02       		.byte	2
 941 0390 0E       		.byte	14
 942 0391 08       		.byte	8
 943 0392 0F       		.byte	15
 944 0393 02       		.byte	2
 945 0394 10       		.byte	16
 946 0395 20       		.byte	32
 947 0396 13       		.byte	19
 948 0397 10       		.byte	16
 949 0398 15       		.byte	21
 950 0399 20       		.byte	32
 951 039a 16       		.byte	22
 952 039b 01       		.byte	1
 953 039c 18       		.byte	24
 954 039d 08       		.byte	8
 955 039e 19       		.byte	25
 956 039f 01       		.byte	1
 957 03a0 1A       		.byte	26
 958 03a1 04       		.byte	4
 959 03a2 1B       		.byte	27
 960 03a3 48       		.byte	72
 961 03a4 1D       		.byte	29
 962 03a5 02       		.byte	2
 963 03a6 1E       		.byte	30
 964 03a7 08       		.byte	8
 965 03a8 1F       		.byte	31
 966 03a9 02       		.byte	2
 967 03aa 22       		.byte	34
 968 03ab 02       		.byte	2
 969 03ac 23       		.byte	35
ARM GAS  C:\Users\monis\AppData\Local\Temp\ccCEFM3E.s 			page 18


 970 03ad 51       		.byte	81
 971 03ae 27       		.byte	39
 972 03af 04       		.byte	4
 973 03b0 2A       		.byte	42
 974 03b1 01       		.byte	1
 975 03b2 2B       		.byte	43
 976 03b3 10       		.byte	16
 977 03b4 2C       		.byte	44
 978 03b5 01       		.byte	1
 979 03b6 2E       		.byte	46
 980 03b7 40       		.byte	64
 981 03b8 30       		.byte	48
 982 03b9 21       		.byte	33
 983 03ba 32       		.byte	50
 984 03bb 08       		.byte	8
 985 03bc 36       		.byte	54
 986 03bd 0C       		.byte	12
 987 03be 37       		.byte	55
 988 03bf 01       		.byte	1
 989 03c0 3A       		.byte	58
 990 03c1 40       		.byte	64
 991 03c2 3D       		.byte	61
 992 03c3 22       		.byte	34
 993 03c4 3E       		.byte	62
 994 03c5 20       		.byte	32
 995 03c6 3F       		.byte	63
 996 03c7 64       		.byte	100
 997 03c8 40       		.byte	64
 998 03c9 20       		.byte	32
 999 03ca 42       		.byte	66
 1000 03cb 04       		.byte	4
 1001 03cc 43       		.byte	67
 1002 03cd 02       		.byte	2
 1003 03ce 44       		.byte	68
 1004 03cf 30       		.byte	48
 1005 03d0 45       		.byte	69
 1006 03d1 03       		.byte	3
 1007 03d2 48       		.byte	72
 1008 03d3 A0       		.byte	-96
 1009 03d4 4C       		.byte	76
 1010 03d5 04       		.byte	4
 1011 03d6 51       		.byte	81
 1012 03d7 08       		.byte	8
 1013 03d8 52       		.byte	82
 1014 03d9 D0       		.byte	-48
 1015 03da 59       		.byte	89
 1016 03db 11       		.byte	17
 1017 03dc 5A       		.byte	90
 1018 03dd 80       		.byte	-128
 1019 03de 5B       		.byte	91
 1020 03df 08       		.byte	8
 1021 03e0 61       		.byte	97
 1022 03e1 08       		.byte	8
 1023 03e2 62       		.byte	98
 1024 03e3 10       		.byte	16
 1025 03e4 7A       		.byte	122
 1026 03e5 02       		.byte	2
ARM GAS  C:\Users\monis\AppData\Local\Temp\ccCEFM3E.s 			page 19


 1027 03e6 8D       		.byte	-115
 1028 03e7 10       		.byte	16
 1029 03e8 8E       		.byte	-114
 1030 03e9 80       		.byte	-128
 1031 03ea C0       		.byte	-64
 1032 03eb EB       		.byte	-21
 1033 03ec C2       		.byte	-62
 1034 03ed D0       		.byte	-48
 1035 03ee C4       		.byte	-60
 1036 03ef C6       		.byte	-58
 1037 03f0 CA       		.byte	-54
 1038 03f1 13       		.byte	19
 1039 03f2 CC       		.byte	-52
 1040 03f3 C7       		.byte	-57
 1041 03f4 CE       		.byte	-50
 1042 03f5 F8       		.byte	-8
 1043 03f6 D0       		.byte	-48
 1044 03f7 C7       		.byte	-57
 1045 03f8 D2       		.byte	-46
 1046 03f9 20       		.byte	32
 1047 03fa D6       		.byte	-42
 1048 03fb 0F       		.byte	15
 1049 03fc D8       		.byte	-40
 1050 03fd 06       		.byte	6
 1051 03fe DE       		.byte	-34
 1052 03ff 08       		.byte	8
 1053 0400 00       		.byte	0
 1054 0401 18       		.byte	24
 1055 0402 02       		.byte	2
 1056 0403 04       		.byte	4
 1057 0404 06       		.byte	6
 1058 0405 01       		.byte	1
 1059 0406 0A       		.byte	10
 1060 0407 20       		.byte	32
 1061 0408 0B       		.byte	11
 1062 0409 08       		.byte	8
 1063 040a 0E       		.byte	14
 1064 040b 60       		.byte	96
 1065 040c 10       		.byte	16
 1066 040d 01       		.byte	1
 1067 040e 11       		.byte	17
 1068 040f 05       		.byte	5
 1069 0410 14       		.byte	20
 1070 0411 20       		.byte	32
 1071 0412 1A       		.byte	26
 1072 0413 1E       		.byte	30
 1073 0414 1E       		.byte	30
 1074 0415 01       		.byte	1
 1075 0416 1F       		.byte	31
 1076 0417 03       		.byte	3
 1077 0418 20       		.byte	32
 1078 0419 10       		.byte	16
 1079 041a 22       		.byte	34
 1080 041b 02       		.byte	2
 1081 041c 23       		.byte	35
 1082 041d 04       		.byte	4
 1083 041e 24       		.byte	36
ARM GAS  C:\Users\monis\AppData\Local\Temp\ccCEFM3E.s 			page 20


 1084 041f 16       		.byte	22
 1085 0420 26       		.byte	38
 1086 0421 08       		.byte	8
 1087 0422 28       		.byte	40
 1088 0423 18       		.byte	24
 1089 0424 2A       		.byte	42
 1090 0425 02       		.byte	2
 1091 0426 2C       		.byte	44
 1092 0427 0E       		.byte	14
 1093 0428 2D       		.byte	45
 1094 0429 04       		.byte	4
 1095 042a 30       		.byte	48
 1096 042b 1E       		.byte	30
 1097 042c 31       		.byte	49
 1098 042d 02       		.byte	2
 1099 042e 32       		.byte	50
 1100 042f 20       		.byte	32
 1101 0430 33       		.byte	51
 1102 0431 04       		.byte	4
 1103 0432 34       		.byte	52
 1104 0433 40       		.byte	64
 1105 0434 35       		.byte	53
 1106 0435 08       		.byte	8
 1107 0436 36       		.byte	54
 1108 0437 01       		.byte	1
 1109 0438 37       		.byte	55
 1110 0439 01       		.byte	1
 1111 043a 3E       		.byte	62
 1112 043b 44       		.byte	68
 1113 043c 3F       		.byte	63
 1114 043d 44       		.byte	68
 1115 043e 52       		.byte	82
 1116 043f 80       		.byte	-128
 1117 0440 54       		.byte	84
 1118 0441 0F       		.byte	15
 1119 0442 58       		.byte	88
 1120 0443 04       		.byte	4
 1121 0444 59       		.byte	89
 1122 0445 04       		.byte	4
 1123 0446 5B       		.byte	91
 1124 0447 04       		.byte	4
 1125 0448 5C       		.byte	92
 1126 0449 66       		.byte	102
 1127 044a 5D       		.byte	93
 1128 044b 60       		.byte	96
 1129 044c 5F       		.byte	95
 1130 044d 01       		.byte	1
 1131 044e 82       		.byte	-126
 1132 044f 01       		.byte	1
 1133 0450 84       		.byte	-124
 1134 0451 FE       		.byte	-2
 1135 0452 85       		.byte	-123
 1136 0453 1F       		.byte	31
 1137 0454 86       		.byte	-122
 1138 0455 01       		.byte	1
 1139 0456 8C       		.byte	-116
 1140 0457 96       		.byte	-106
ARM GAS  C:\Users\monis\AppData\Local\Temp\ccCEFM3E.s 			page 21


 1141 0458 8D       		.byte	-115
 1142 0459 07       		.byte	7
 1143 045a 8E       		.byte	-114
 1144 045b 68       		.byte	104
 1145 045c 90       		.byte	-112
 1146 045d 7F       		.byte	127
 1147 045e 91       		.byte	-111
 1148 045f 05       		.byte	5
 1149 0460 93       		.byte	-109
 1150 0461 1A       		.byte	26
 1151 0462 95       		.byte	-107
 1152 0463 1A       		.byte	26
 1153 0464 97       		.byte	-105
 1154 0465 05       		.byte	5
 1155 0466 98       		.byte	-104
 1156 0467 C5       		.byte	-59
 1157 0468 9A       		.byte	-102
 1158 0469 3A       		.byte	58
 1159 046a 9C       		.byte	-100
 1160 046b A3       		.byte	-93
 1161 046c 9E       		.byte	-98
 1162 046d 5C       		.byte	92
 1163 046e A3       		.byte	-93
 1164 046f 20       		.byte	32
 1165 0470 A5       		.byte	-91
 1166 0471 13       		.byte	19
 1167 0472 A7       		.byte	-89
 1168 0473 0C       		.byte	12
 1169 0474 A8       		.byte	-88
 1170 0475 0E       		.byte	14
 1171 0476 AA       		.byte	-86
 1172 0477 F0       		.byte	-16
 1173 0478 AB       		.byte	-85
 1174 0479 40       		.byte	64
 1175 047a AD       		.byte	-83
 1176 047b 1C       		.byte	28
 1177 047c AF       		.byte	-81
 1178 047d 03       		.byte	3
 1179 047e B1       		.byte	-79
 1180 047f 30       		.byte	48
 1181 0480 B5       		.byte	-75
 1182 0481 0F       		.byte	15
 1183 0482 B6       		.byte	-74
 1184 0483 FF       		.byte	-1
 1185 0484 B7       		.byte	-73
 1186 0485 40       		.byte	64
 1187 0486 BE       		.byte	-66
 1188 0487 40       		.byte	64
 1189 0488 D8       		.byte	-40
 1190 0489 04       		.byte	4
 1191 048a D9       		.byte	-39
 1192 048b 04       		.byte	4
 1193 048c DC       		.byte	-36
 1194 048d 60       		.byte	96
 1195 048e DF       		.byte	-33
 1196 048f 01       		.byte	1
 1197 0490 00       		.byte	0
ARM GAS  C:\Users\monis\AppData\Local\Temp\ccCEFM3E.s 			page 22


 1198 0491 40       		.byte	64
 1199 0492 01       		.byte	1
 1200 0493 02       		.byte	2
 1201 0494 02       		.byte	2
 1202 0495 04       		.byte	4
 1203 0496 03       		.byte	3
 1204 0497 10       		.byte	16
 1205 0498 04       		.byte	4
 1206 0499 08       		.byte	8
 1207 049a 07       		.byte	7
 1208 049b 41       		.byte	65
 1209 049c 08       		.byte	8
 1210 049d 48       		.byte	72
 1211 049e 09       		.byte	9
 1212 049f 02       		.byte	2
 1213 04a0 0B       		.byte	11
 1214 04a1 05       		.byte	5
 1215 04a2 0E       		.byte	14
 1216 04a3 08       		.byte	8
 1217 04a4 0F       		.byte	15
 1218 04a5 42       		.byte	66
 1219 04a6 12       		.byte	18
 1220 04a7 A8       		.byte	-88
 1221 04a8 13       		.byte	19
 1222 04a9 40       		.byte	64
 1223 04aa 15       		.byte	21
 1224 04ab 20       		.byte	32
 1225 04ac 16       		.byte	22
 1226 04ad 08       		.byte	8
 1227 04ae 19       		.byte	25
 1228 04af A2       		.byte	-94
 1229 04b0 1A       		.byte	26
 1230 04b1 60       		.byte	96
 1231 04b2 1B       		.byte	27
 1232 04b3 01       		.byte	1
 1233 04b4 1F       		.byte	31
 1234 04b5 80       		.byte	-128
 1235 04b6 21       		.byte	33
 1236 04b7 12       		.byte	18
 1237 04b8 22       		.byte	34
 1238 04b9 41       		.byte	65
 1239 04ba 23       		.byte	35
 1240 04bb 24       		.byte	36
 1241 04bc 24       		.byte	36
 1242 04bd 4C       		.byte	76
 1243 04be 25       		.byte	37
 1244 04bf 10       		.byte	16
 1245 04c0 26       		.byte	38
 1246 04c1 A0       		.byte	-96
 1247 04c2 27       		.byte	39
 1248 04c3 41       		.byte	65
 1249 04c4 28       		.byte	40
 1250 04c5 48       		.byte	72
 1251 04c6 29       		.byte	41
 1252 04c7 20       		.byte	32
 1253 04c8 2B       		.byte	43
 1254 04c9 02       		.byte	2
ARM GAS  C:\Users\monis\AppData\Local\Temp\ccCEFM3E.s 			page 23


 1255 04ca 2C       		.byte	44
 1256 04cb 04       		.byte	4
 1257 04cc 2E       		.byte	46
 1258 04cd 48       		.byte	72
 1259 04ce 2F       		.byte	47
 1260 04cf 80       		.byte	-128
 1261 04d0 30       		.byte	48
 1262 04d1 90       		.byte	-112
 1263 04d2 32       		.byte	50
 1264 04d3 11       		.byte	17
 1265 04d4 36       		.byte	54
 1266 04d5 04       		.byte	4
 1267 04d6 37       		.byte	55
 1268 04d7 01       		.byte	1
 1269 04d8 3A       		.byte	58
 1270 04d9 20       		.byte	32
 1271 04da 3C       		.byte	60
 1272 04db 04       		.byte	4
 1273 04dc 3F       		.byte	63
 1274 04dd C0       		.byte	-64
 1275 04de 58       		.byte	88
 1276 04df 02       		.byte	2
 1277 04e0 59       		.byte	89
 1278 04e1 80       		.byte	-128
 1279 04e2 5B       		.byte	91
 1280 04e3 28       		.byte	40
 1281 04e4 72       		.byte	114
 1282 04e5 80       		.byte	-128
 1283 04e6 80       		.byte	-128
 1284 04e7 02       		.byte	2
 1285 04e8 82       		.byte	-126
 1286 04e9 20       		.byte	32
 1287 04ea 83       		.byte	-125
 1288 04eb 12       		.byte	18
 1289 04ec 84       		.byte	-124
 1290 04ed 04       		.byte	4
 1291 04ee 8A       		.byte	-118
 1292 04ef 20       		.byte	32
 1293 04f0 8E       		.byte	-114
 1294 04f1 84       		.byte	-124
 1295 04f2 8F       		.byte	-113
 1296 04f3 48       		.byte	72
 1297 04f4 93       		.byte	-109
 1298 04f5 41       		.byte	65
 1299 04f6 95       		.byte	-107
 1300 04f7 20       		.byte	32
 1301 04f8 96       		.byte	-106
 1302 04f9 C0       		.byte	-64
 1303 04fa 97       		.byte	-105
 1304 04fb 04       		.byte	4
 1305 04fc 9C       		.byte	-100
 1306 04fd 10       		.byte	16
 1307 04fe 9F       		.byte	-97
 1308 04ff 01       		.byte	1
 1309 0500 A0       		.byte	-96
 1310 0501 80       		.byte	-128
 1311 0502 A2       		.byte	-94
ARM GAS  C:\Users\monis\AppData\Local\Temp\ccCEFM3E.s 			page 24


 1312 0503 0C       		.byte	12
 1313 0504 A3       		.byte	-93
 1314 0505 02       		.byte	2
 1315 0506 A5       		.byte	-91
 1316 0507 10       		.byte	16
 1317 0508 A7       		.byte	-89
 1318 0509 01       		.byte	1
 1319 050a B7       		.byte	-73
 1320 050b 48       		.byte	72
 1321 050c C0       		.byte	-64
 1322 050d BF       		.byte	-65
 1323 050e C2       		.byte	-62
 1324 050f DF       		.byte	-33
 1325 0510 C4       		.byte	-60
 1326 0511 4F       		.byte	79
 1327 0512 CA       		.byte	-54
 1328 0513 F9       		.byte	-7
 1329 0514 CC       		.byte	-52
 1330 0515 C9       		.byte	-55
 1331 0516 CE       		.byte	-50
 1332 0517 54       		.byte	84
 1333 0518 D6       		.byte	-42
 1334 0519 0F       		.byte	15
 1335 051a E2       		.byte	-30
 1336 051b 08       		.byte	8
 1337 051c E4       		.byte	-28
 1338 051d 02       		.byte	2
 1339 051e EC       		.byte	-20
 1340 051f 20       		.byte	32
 1341 0520 EE       		.byte	-18
 1342 0521 08       		.byte	8
 1343 0522 33       		.byte	51
 1344 0523 22       		.byte	34
 1345 0524 35       		.byte	53
 1346 0525 02       		.byte	2
 1347 0526 37       		.byte	55
 1348 0527 40       		.byte	64
 1349 0528 39       		.byte	57
 1350 0529 40       		.byte	64
 1351 052a 5B       		.byte	91
 1352 052b 10       		.byte	16
 1353 052c 8F       		.byte	-113
 1354 052d 12       		.byte	18
 1355 052e CC       		.byte	-52
 1356 052f F0       		.byte	-16
 1357 0530 CE       		.byte	-50
 1358 0531 10       		.byte	16
 1359 0532 D4       		.byte	-44
 1360 0533 80       		.byte	-128
 1361 0534 30       		.byte	48
 1362 0535 20       		.byte	32
 1363 0536 63       		.byte	99
 1364 0537 04       		.byte	4
 1365 0538 9D       		.byte	-99
 1366 0539 02       		.byte	2
 1367 053a 9F       		.byte	-97
 1368 053b 40       		.byte	64
ARM GAS  C:\Users\monis\AppData\Local\Temp\ccCEFM3E.s 			page 25


 1369 053c A7       		.byte	-89
 1370 053d 20       		.byte	32
 1371 053e B5       		.byte	-75
 1372 053f 40       		.byte	64
 1373 0540 CC       		.byte	-52
 1374 0541 10       		.byte	16
 1375 0542 D8       		.byte	-40
 1376 0543 40       		.byte	64
 1377 0544 88       		.byte	-120
 1378 0545 20       		.byte	32
 1379 0546 97       		.byte	-105
 1380 0547 04       		.byte	4
 1381 0548 9D       		.byte	-99
 1382 0549 02       		.byte	2
 1383 054a 9F       		.byte	-97
 1384 054b 40       		.byte	64
 1385 054c A4       		.byte	-92
 1386 054d 20       		.byte	32
 1387 054e A7       		.byte	-89
 1388 054f 20       		.byte	32
 1389 0550 94       		.byte	-108
 1390 0551 04       		.byte	4
 1391 0552 9D       		.byte	-99
 1392 0553 02       		.byte	2
 1393 0554 A7       		.byte	-89
 1394 0555 20       		.byte	32
 1395 0556 A8       		.byte	-88
 1396 0557 04       		.byte	4
 1397 0558 AB       		.byte	-85
 1398 0559 40       		.byte	64
 1399 055a AF       		.byte	-81
 1400 055b 04       		.byte	4
 1401 055c E8       		.byte	-24
 1402 055d 20       		.byte	32
 1403 055e EA       		.byte	-22
 1404 055f 40       		.byte	64
 1405 0560 EE       		.byte	-18
 1406 0561 80       		.byte	-128
 1407 0562 7F       		.byte	127
 1408 0563 01       		.byte	1
 1409 0564 DE       		.byte	-34
 1410 0565 04       		.byte	4
 1411 0566 B7       		.byte	-73
 1412 0567 01       		.byte	1
 1413 0568 E8       		.byte	-24
 1414 0569 02       		.byte	2
 1415 056a 00       		.byte	0
 1416 056b 80       		.byte	-128
 1417 056c 03       		.byte	3
 1418 056d 01       		.byte	1
 1419 056e 1A       		.byte	26
 1420 056f 80       		.byte	-128
 1421 0570 88       		.byte	-120
 1422 0571 40       		.byte	64
 1423 0572 C0       		.byte	-64
 1424 0573 02       		.byte	2
 1425 0574 C6       		.byte	-58
ARM GAS  C:\Users\monis\AppData\Local\Temp\ccCEFM3E.s 			page 26


 1426 0575 08       		.byte	8
 1427 0576 E6       		.byte	-26
 1428 0577 04       		.byte	4
 1429 0578 46       		.byte	70
 1430 0579 08       		.byte	8
 1431 057a AA       		.byte	-86
 1432 057b 40       		.byte	64
 1433 057c AF       		.byte	-81
 1434 057d 01       		.byte	1
 1435 057e D0       		.byte	-48
 1436 057f 04       		.byte	4
 1437 0580 20       		.byte	32
 1438 0581 80       		.byte	-128
 1439 0582 94       		.byte	-108
 1440 0583 04       		.byte	4
 1441 0584 9D       		.byte	-99
 1442 0585 02       		.byte	2
 1443 0586 A7       		.byte	-89
 1444 0587 20       		.byte	32
 1445 0588 C8       		.byte	-56
 1446 0589 40       		.byte	64
 1447 058a 1A       		.byte	26
 1448 058b 02       		.byte	2
 1449 058c 20       		.byte	32
 1450 058d 04       		.byte	4
 1451 058e 63       		.byte	99
 1452 058f 02       		.byte	2
 1453 0590 85       		.byte	-123
 1454 0591 02       		.byte	2
 1455 0592 86       		.byte	-122
 1456 0593 01       		.byte	1
 1457 0594 87       		.byte	-121
 1458 0595 01       		.byte	1
 1459 0596 94       		.byte	-108
 1460 0597 04       		.byte	4
 1461 0598 9D       		.byte	-99
 1462 0599 02       		.byte	2
 1463 059a AF       		.byte	-81
 1464 059b 20       		.byte	32
 1465 059c B0       		.byte	-80
 1466 059d 40       		.byte	64
 1467 059e C6       		.byte	-58
 1468 059f 40       		.byte	64
 1469 05a0 C8       		.byte	-56
 1470 05a1 10       		.byte	16
 1471 05a2 D6       		.byte	-42
 1472 05a3 40       		.byte	64
 1473 05a4 E4       		.byte	-28
 1474 05a5 40       		.byte	64
 1475 05a6 E6       		.byte	-26
 1476 05a7 10       		.byte	16
 1477 05a8 EE       		.byte	-18
 1478 05a9 10       		.byte	16
 1479 05aa 1F       		.byte	31
 1480 05ab 80       		.byte	-128
 1481 05ac 34       		.byte	52
 1482 05ad 01       		.byte	1
ARM GAS  C:\Users\monis\AppData\Local\Temp\ccCEFM3E.s 			page 27


 1483 05ae 9E       		.byte	-98
 1484 05af 08       		.byte	8
 1485 05b0 C6       		.byte	-58
 1486 05b1 01       		.byte	1
 1487 05b2 CC       		.byte	-52
 1488 05b3 01       		.byte	1
 1489 05b4 11       		.byte	17
 1490 05b5 01       		.byte	1
 1491 05b6 17       		.byte	23
 1492 05b7 08       		.byte	8
 1493 05b8 86       		.byte	-122
 1494 05b9 08       		.byte	8
 1495 05ba 87       		.byte	-121
 1496 05bb 08       		.byte	8
 1497 05bc 89       		.byte	-119
 1498 05bd 01       		.byte	1
 1499 05be 9E       		.byte	-98
 1500 05bf 08       		.byte	8
 1501 05c0 AF       		.byte	-81
 1502 05c1 80       		.byte	-128
 1503 05c2 B0       		.byte	-80
 1504 05c3 01       		.byte	1
 1505 05c4 C4       		.byte	-60
 1506 05c5 0C       		.byte	12
 1507 05c6 E6       		.byte	-26
 1508 05c7 01       		.byte	1
 1509 05c8 EC       		.byte	-20
 1510 05c9 04       		.byte	4
 1511 05ca 00       		.byte	0
 1512 05cb 11       		.byte	17
 1513 05cc 08       		.byte	8
 1514 05cd 01       		.byte	1
 1515 05ce 0E       		.byte	14
 1516 05cf 10       		.byte	16
 1517 05d0 10       		.byte	16
 1518 05d1 44       		.byte	68
 1519 05d2 1A       		.byte	26
 1520 05d3 04       		.byte	4
 1521 05d4 1C       		.byte	28
 1522 05d5 40       		.byte	64
 1523 05d6 00       		.byte	0
 1524 05d7 FF       		.byte	-1
 1525 05d8 01       		.byte	1
 1526 05d9 0F       		.byte	15
 1527 05da 00       		.byte	0
 1528 05db 00       		.byte	0
 1529 05dc 00       		.byte	0
 1530 05dd 21       		.byte	33
 1531 05de 21       		.byte	33
 1532 05df 00       		.byte	0
 1533 05e0 20       		.byte	32
 1534 05e1 00       		.byte	0
 1535 05e2 5E       		.byte	94
 1536 05e3 00       		.byte	0
 1537 05e4 C0       		.byte	-64
 1538 05e5 10       		.byte	16
 1539 05e6 10       		.byte	16
ARM GAS  C:\Users\monis\AppData\Local\Temp\ccCEFM3E.s 			page 28


 1540 05e7 00       		.byte	0
 1541 05e8 10       		.byte	16
 1542 05e9 00       		.byte	0
 1543 05ea 00       		.byte	0
 1544 05eb 00       		.byte	0
 1545 05ec 00       		.byte	0
 1546 05ed 0B       		.byte	11
 1547 05ee 0B       		.byte	11
 1548 05ef 00       		.byte	0
 1549 05f0 00       		.byte	0
 1550 05f1 00       		.byte	0
 1551 05f2 00       		.byte	0
 1552 05f3 00       		.byte	0
 1553 05f4 00       		.byte	0
 1554 05f5 7F       		.byte	127
 1555 05f6 7F       		.byte	127
 1556 05f7 00       		.byte	0
 1557 05f8 00       		.byte	0
 1558 05f9 00       		.byte	0
 1559 05fa 00       		.byte	0
 1560 05fb 00       		.byte	0
 1561 05fc 00       		.byte	0
 1562 05fd 20       		.byte	32
 1563 05fe 20       		.byte	32
 1564 05ff 00       		.byte	0
 1565 0600 20       		.byte	32
 1566 0601 00       		.byte	0
 1567 0602 80       		.byte	-128
 1568 0603 00       		.byte	0
 1569 0604 00       		.byte	0
 1570 0605 01       		.byte	1
 1571 0606 01       		.byte	1
 1572 0607 00       		.byte	0
 1573 0608 01       		.byte	1
 1574 0609 00       		.byte	0
 1575 060a 00       		.byte	0
 1576 060b 00       		.byte	0
 1577 060c 00       		.byte	0
 1578 060d 00       		.byte	0
 1579 060e 00       		.byte	0
 1580 060f 00       		.byte	0
 1581 0610 00       		.byte	0
 1582 0611 00       		.byte	0
 1583 0612 20       		.byte	32
 1584 0613 00       		.byte	0
 1585 0614 01       		.byte	1
 1586 0615 00       		.byte	0
 1587 0616 18       		.byte	24
 1588 0617 01       		.byte	1
 1589              		.section	.cywolatch,"a",%progbits
 1590              		.align	2
 1591              		.type	cy_meta_wonvl, %object
 1592              		.size	cy_meta_wonvl, 4
 1593              	cy_meta_wonvl:
 1594 0000 BC       		.byte	-68
 1595 0001 90       		.byte	-112
 1596 0002 AC       		.byte	-84
ARM GAS  C:\Users\monis\AppData\Local\Temp\ccCEFM3E.s 			page 29


 1597 0003 AF       		.byte	-81
 1598              		.section	.cycustnvl,"a",%progbits
 1599              		.align	2
 1600              		.type	cy_meta_custnvl, %object
 1601              		.size	cy_meta_custnvl, 4
 1602              	cy_meta_custnvl:
 1603 0000 00       		.byte	0
 1604 0001 00       		.byte	0
 1605 0002 40       		.byte	64
 1606 0003 05       		.byte	5
 1607              		.section	.cymeta,"a",%progbits
 1608              		.align	2
 1609              		.type	cy_metadata, %object
 1610              		.size	cy_metadata, 12
 1611              	cy_metadata:
 1612 0000 00       		.byte	0
 1613 0001 01       		.byte	1
 1614 0002 2E       		.byte	46
 1615 0003 12       		.byte	18
 1616 0004 30       		.byte	48
 1617 0005 69       		.byte	105
 1618 0006 00       		.byte	0
 1619 0007 01       		.byte	1
 1620 0008 00       		.byte	0
 1621 0009 00       		.byte	0
 1622 000a 00       		.byte	0
 1623 000b 00       		.byte	0
 1624              		.section	.cyflashprotect,"a",%progbits
 1625              		.align	2
 1626              		.type	cy_meta_flashprotect, %object
 1627              		.size	cy_meta_flashprotect, 256
 1628              	cy_meta_flashprotect:
 1629 0000 00000000 		.space	256
 1629      00000000 
 1629      00000000 
 1629      00000000 
 1629      00000000 
 1630              		.text
 1631              	.Letext0:
 1632              		.file 1 "c:\\program files (x86)\\cypress\\psoc creator\\4.1\\psoc creator\\import\\gnu\\arm\\5.4.
 1633              		.file 2 "c:\\program files (x86)\\cypress\\psoc creator\\4.1\\psoc creator\\import\\gnu\\arm\\5.4.
 1634              		.file 3 "Generated_Source\\PSoC5\\cymetadata.c"
 1635              		.section	.debug_info,"",%progbits
 1636              	.Ldebug_info0:
 1637 0000 33010000 		.4byte	0x133
 1638 0004 0400     		.2byte	0x4
 1639 0006 00000000 		.4byte	.Ldebug_abbrev0
 1640 000a 04       		.byte	0x4
 1641 000b 01       		.uleb128 0x1
 1642 000c 32000000 		.4byte	.LASF17
 1643 0010 0C       		.byte	0xc
 1644 0011 B8010000 		.4byte	.LASF18
 1645 0015 5F010000 		.4byte	.LASF19
 1646 0019 00000000 		.4byte	.Ldebug_line0
 1647 001d 02       		.uleb128 0x2
 1648 001e 01       		.byte	0x1
 1649 001f 06       		.byte	0x6
ARM GAS  C:\Users\monis\AppData\Local\Temp\ccCEFM3E.s 			page 30


 1650 0020 AC010000 		.4byte	.LASF0
 1651 0024 03       		.uleb128 0x3
 1652 0025 0E000000 		.4byte	.LASF9
 1653 0029 01       		.byte	0x1
 1654 002a 1D       		.byte	0x1d
 1655 002b 2F000000 		.4byte	0x2f
 1656 002f 02       		.uleb128 0x2
 1657 0030 01       		.byte	0x1
 1658 0031 08       		.byte	0x8
 1659 0032 24000000 		.4byte	.LASF1
 1660 0036 02       		.uleb128 0x2
 1661 0037 02       		.byte	0x2
 1662 0038 05       		.byte	0x5
 1663 0039 99010000 		.4byte	.LASF2
 1664 003d 02       		.uleb128 0x2
 1665 003e 02       		.byte	0x2
 1666 003f 07       		.byte	0x7
 1667 0040 D2000000 		.4byte	.LASF3
 1668 0044 02       		.uleb128 0x2
 1669 0045 04       		.byte	0x4
 1670 0046 05       		.byte	0x5
 1671 0047 A3010000 		.4byte	.LASF4
 1672 004b 02       		.uleb128 0x2
 1673 004c 04       		.byte	0x4
 1674 004d 07       		.byte	0x7
 1675 004e C0000000 		.4byte	.LASF5
 1676 0052 02       		.uleb128 0x2
 1677 0053 08       		.byte	0x8
 1678 0054 05       		.byte	0x5
 1679 0055 00000000 		.4byte	.LASF6
 1680 0059 02       		.uleb128 0x2
 1681 005a 08       		.byte	0x8
 1682 005b 07       		.byte	0x7
 1683 005c 14010000 		.4byte	.LASF7
 1684 0060 04       		.uleb128 0x4
 1685 0061 04       		.byte	0x4
 1686 0062 05       		.byte	0x5
 1687 0063 696E7400 		.ascii	"int\000"
 1688 0067 02       		.uleb128 0x2
 1689 0068 04       		.byte	0x4
 1690 0069 07       		.byte	0x7
 1691 006a 07010000 		.4byte	.LASF8
 1692 006e 03       		.uleb128 0x3
 1693 006f 2B010000 		.4byte	.LASF10
 1694 0073 02       		.byte	0x2
 1695 0074 18       		.byte	0x18
 1696 0075 24000000 		.4byte	0x24
 1697 0079 05       		.uleb128 0x5
 1698 007a 91000000 		.4byte	0x91
 1699 007e 8A000000 		.4byte	0x8a
 1700 0082 06       		.uleb128 0x6
 1701 0083 8A000000 		.4byte	0x8a
 1702 0087 1706     		.2byte	0x617
 1703 0089 00       		.byte	0
 1704 008a 02       		.uleb128 0x2
 1705 008b 04       		.byte	0x4
 1706 008c 07       		.byte	0x7
ARM GAS  C:\Users\monis\AppData\Local\Temp\ccCEFM3E.s 			page 31


 1707 008d 56010000 		.4byte	.LASF11
 1708 0091 07       		.uleb128 0x7
 1709 0092 6E000000 		.4byte	0x6e
 1710 0096 08       		.uleb128 0x8
 1711 0097 F5000000 		.4byte	.LASF12
 1712 009b 03       		.byte	0x3
 1713 009c 1F       		.byte	0x1f
 1714 009d A7000000 		.4byte	0xa7
 1715 00a1 05       		.uleb128 0x5
 1716 00a2 03       		.byte	0x3
 1717 00a3 00000000 		.4byte	cy_meta_configecc
 1718 00a7 07       		.uleb128 0x7
 1719 00a8 79000000 		.4byte	0x79
 1720 00ac 05       		.uleb128 0x5
 1721 00ad 91000000 		.4byte	0x91
 1722 00b1 BC000000 		.4byte	0xbc
 1723 00b5 09       		.uleb128 0x9
 1724 00b6 8A000000 		.4byte	0x8a
 1725 00ba 03       		.byte	0x3
 1726 00bb 00       		.byte	0
 1727 00bc 08       		.uleb128 0x8
 1728 00bd E5000000 		.4byte	.LASF13
 1729 00c1 03       		.byte	0x3
 1730 00c2 EF       		.byte	0xef
 1731 00c3 CD000000 		.4byte	0xcd
 1732 00c7 05       		.uleb128 0x5
 1733 00c8 03       		.byte	0x3
 1734 00c9 00000000 		.4byte	cy_meta_custnvl
 1735 00cd 07       		.uleb128 0x7
 1736 00ce AC000000 		.4byte	0xac
 1737 00d2 08       		.uleb128 0x8
 1738 00d3 48010000 		.4byte	.LASF14
 1739 00d7 03       		.byte	0x3
 1740 00d8 FD       		.byte	0xfd
 1741 00d9 E3000000 		.4byte	0xe3
 1742 00dd 05       		.uleb128 0x5
 1743 00de 03       		.byte	0x3
 1744 00df 00000000 		.4byte	cy_meta_wonvl
 1745 00e3 07       		.uleb128 0x7
 1746 00e4 AC000000 		.4byte	0xac
 1747 00e8 05       		.uleb128 0x5
 1748 00e9 91000000 		.4byte	0x91
 1749 00ed F8000000 		.4byte	0xf8
 1750 00f1 09       		.uleb128 0x9
 1751 00f2 8A000000 		.4byte	0x8a
 1752 00f6 FF       		.byte	0xff
 1753 00f7 00       		.byte	0
 1754 00f8 0A       		.uleb128 0xa
 1755 00f9 33010000 		.4byte	.LASF15
 1756 00fd 03       		.byte	0x3
 1757 00fe 0B01     		.2byte	0x10b
 1758 0100 0A010000 		.4byte	0x10a
 1759 0104 05       		.uleb128 0x5
 1760 0105 03       		.byte	0x3
 1761 0106 00000000 		.4byte	cy_meta_flashprotect
 1762 010a 07       		.uleb128 0x7
 1763 010b E8000000 		.4byte	0xe8
ARM GAS  C:\Users\monis\AppData\Local\Temp\ccCEFM3E.s 			page 32


 1764 010f 05       		.uleb128 0x5
 1765 0110 91000000 		.4byte	0x91
 1766 0114 1F010000 		.4byte	0x11f
 1767 0118 09       		.uleb128 0x9
 1768 0119 8A000000 		.4byte	0x8a
 1769 011d 0B       		.byte	0xb
 1770 011e 00       		.byte	0
 1771 011f 0A       		.uleb128 0xa
 1772 0120 18000000 		.4byte	.LASF16
 1773 0124 03       		.byte	0x3
 1774 0125 3801     		.2byte	0x138
 1775 0127 31010000 		.4byte	0x131
 1776 012b 05       		.uleb128 0x5
 1777 012c 03       		.byte	0x3
 1778 012d 00000000 		.4byte	cy_metadata
 1779 0131 07       		.uleb128 0x7
 1780 0132 0F010000 		.4byte	0x10f
 1781 0136 00       		.byte	0
 1782              		.section	.debug_abbrev,"",%progbits
 1783              	.Ldebug_abbrev0:
 1784 0000 01       		.uleb128 0x1
 1785 0001 11       		.uleb128 0x11
 1786 0002 01       		.byte	0x1
 1787 0003 25       		.uleb128 0x25
 1788 0004 0E       		.uleb128 0xe
 1789 0005 13       		.uleb128 0x13
 1790 0006 0B       		.uleb128 0xb
 1791 0007 03       		.uleb128 0x3
 1792 0008 0E       		.uleb128 0xe
 1793 0009 1B       		.uleb128 0x1b
 1794 000a 0E       		.uleb128 0xe
 1795 000b 10       		.uleb128 0x10
 1796 000c 17       		.uleb128 0x17
 1797 000d 00       		.byte	0
 1798 000e 00       		.byte	0
 1799 000f 02       		.uleb128 0x2
 1800 0010 24       		.uleb128 0x24
 1801 0011 00       		.byte	0
 1802 0012 0B       		.uleb128 0xb
 1803 0013 0B       		.uleb128 0xb
 1804 0014 3E       		.uleb128 0x3e
 1805 0015 0B       		.uleb128 0xb
 1806 0016 03       		.uleb128 0x3
 1807 0017 0E       		.uleb128 0xe
 1808 0018 00       		.byte	0
 1809 0019 00       		.byte	0
 1810 001a 03       		.uleb128 0x3
 1811 001b 16       		.uleb128 0x16
 1812 001c 00       		.byte	0
 1813 001d 03       		.uleb128 0x3
 1814 001e 0E       		.uleb128 0xe
 1815 001f 3A       		.uleb128 0x3a
 1816 0020 0B       		.uleb128 0xb
 1817 0021 3B       		.uleb128 0x3b
 1818 0022 0B       		.uleb128 0xb
 1819 0023 49       		.uleb128 0x49
 1820 0024 13       		.uleb128 0x13
ARM GAS  C:\Users\monis\AppData\Local\Temp\ccCEFM3E.s 			page 33


 1821 0025 00       		.byte	0
 1822 0026 00       		.byte	0
 1823 0027 04       		.uleb128 0x4
 1824 0028 24       		.uleb128 0x24
 1825 0029 00       		.byte	0
 1826 002a 0B       		.uleb128 0xb
 1827 002b 0B       		.uleb128 0xb
 1828 002c 3E       		.uleb128 0x3e
 1829 002d 0B       		.uleb128 0xb
 1830 002e 03       		.uleb128 0x3
 1831 002f 08       		.uleb128 0x8
 1832 0030 00       		.byte	0
 1833 0031 00       		.byte	0
 1834 0032 05       		.uleb128 0x5
 1835 0033 01       		.uleb128 0x1
 1836 0034 01       		.byte	0x1
 1837 0035 49       		.uleb128 0x49
 1838 0036 13       		.uleb128 0x13
 1839 0037 01       		.uleb128 0x1
 1840 0038 13       		.uleb128 0x13
 1841 0039 00       		.byte	0
 1842 003a 00       		.byte	0
 1843 003b 06       		.uleb128 0x6
 1844 003c 21       		.uleb128 0x21
 1845 003d 00       		.byte	0
 1846 003e 49       		.uleb128 0x49
 1847 003f 13       		.uleb128 0x13
 1848 0040 2F       		.uleb128 0x2f
 1849 0041 05       		.uleb128 0x5
 1850 0042 00       		.byte	0
 1851 0043 00       		.byte	0
 1852 0044 07       		.uleb128 0x7
 1853 0045 26       		.uleb128 0x26
 1854 0046 00       		.byte	0
 1855 0047 49       		.uleb128 0x49
 1856 0048 13       		.uleb128 0x13
 1857 0049 00       		.byte	0
 1858 004a 00       		.byte	0
 1859 004b 08       		.uleb128 0x8
 1860 004c 34       		.uleb128 0x34
 1861 004d 00       		.byte	0
 1862 004e 03       		.uleb128 0x3
 1863 004f 0E       		.uleb128 0xe
 1864 0050 3A       		.uleb128 0x3a
 1865 0051 0B       		.uleb128 0xb
 1866 0052 3B       		.uleb128 0x3b
 1867 0053 0B       		.uleb128 0xb
 1868 0054 49       		.uleb128 0x49
 1869 0055 13       		.uleb128 0x13
 1870 0056 3F       		.uleb128 0x3f
 1871 0057 19       		.uleb128 0x19
 1872 0058 02       		.uleb128 0x2
 1873 0059 18       		.uleb128 0x18
 1874 005a 00       		.byte	0
 1875 005b 00       		.byte	0
 1876 005c 09       		.uleb128 0x9
 1877 005d 21       		.uleb128 0x21
ARM GAS  C:\Users\monis\AppData\Local\Temp\ccCEFM3E.s 			page 34


 1878 005e 00       		.byte	0
 1879 005f 49       		.uleb128 0x49
 1880 0060 13       		.uleb128 0x13
 1881 0061 2F       		.uleb128 0x2f
 1882 0062 0B       		.uleb128 0xb
 1883 0063 00       		.byte	0
 1884 0064 00       		.byte	0
 1885 0065 0A       		.uleb128 0xa
 1886 0066 34       		.uleb128 0x34
 1887 0067 00       		.byte	0
 1888 0068 03       		.uleb128 0x3
 1889 0069 0E       		.uleb128 0xe
 1890 006a 3A       		.uleb128 0x3a
 1891 006b 0B       		.uleb128 0xb
 1892 006c 3B       		.uleb128 0x3b
 1893 006d 05       		.uleb128 0x5
 1894 006e 49       		.uleb128 0x49
 1895 006f 13       		.uleb128 0x13
 1896 0070 3F       		.uleb128 0x3f
 1897 0071 19       		.uleb128 0x19
 1898 0072 02       		.uleb128 0x2
 1899 0073 18       		.uleb128 0x18
 1900 0074 00       		.byte	0
 1901 0075 00       		.byte	0
 1902 0076 00       		.byte	0
 1903              		.section	.debug_aranges,"",%progbits
 1904 0000 14000000 		.4byte	0x14
 1905 0004 0200     		.2byte	0x2
 1906 0006 00000000 		.4byte	.Ldebug_info0
 1907 000a 04       		.byte	0x4
 1908 000b 00       		.byte	0
 1909 000c 0000     		.2byte	0
 1910 000e 0000     		.2byte	0
 1911 0010 00000000 		.4byte	0
 1912 0014 00000000 		.4byte	0
 1913              		.section	.debug_line,"",%progbits
 1914              	.Ldebug_line0:
 1915 0000 3D010000 		.section	.debug_str,"MS",%progbits,1
 1915      02003701 
 1915      00000201 
 1915      FB0E0D00 
 1915      01010101 
 1916              	.LASF6:
 1917 0000 6C6F6E67 		.ascii	"long long int\000"
 1917      206C6F6E 
 1917      6720696E 
 1917      7400
 1918              	.LASF9:
 1919 000e 5F5F7569 		.ascii	"__uint8_t\000"
 1919      6E74385F 
 1919      7400
 1920              	.LASF16:
 1921 0018 63795F6D 		.ascii	"cy_metadata\000"
 1921      65746164 
 1921      61746100 
 1922              	.LASF1:
 1923 0024 756E7369 		.ascii	"unsigned char\000"
ARM GAS  C:\Users\monis\AppData\Local\Temp\ccCEFM3E.s 			page 35


 1923      676E6564 
 1923      20636861 
 1923      7200
 1924              	.LASF17:
 1925 0032 474E5520 		.ascii	"GNU C11 5.4.1 20160609 (release) [ARM/embedded-5-br"
 1925      43313120 
 1925      352E342E 
 1925      31203230 
 1925      31363036 
 1926 0065 616E6368 		.ascii	"anch revision 237715] -mcpu=cortex-m3 -mthumb -g -O"
 1926      20726576 
 1926      6973696F 
 1926      6E203233 
 1926      37373135 
 1927 0098 67202D66 		.ascii	"g -ffunction-sections -ffat-lto-objects\000"
 1927      66756E63 
 1927      74696F6E 
 1927      2D736563 
 1927      74696F6E 
 1928              	.LASF5:
 1929 00c0 6C6F6E67 		.ascii	"long unsigned int\000"
 1929      20756E73 
 1929      69676E65 
 1929      6420696E 
 1929      7400
 1930              	.LASF3:
 1931 00d2 73686F72 		.ascii	"short unsigned int\000"
 1931      7420756E 
 1931      7369676E 
 1931      65642069 
 1931      6E7400
 1932              	.LASF13:
 1933 00e5 63795F6D 		.ascii	"cy_meta_custnvl\000"
 1933      6574615F 
 1933      63757374 
 1933      6E766C00 
 1934              	.LASF12:
 1935 00f5 63795F6D 		.ascii	"cy_meta_configecc\000"
 1935      6574615F 
 1935      636F6E66 
 1935      69676563 
 1935      6300
 1936              	.LASF8:
 1937 0107 756E7369 		.ascii	"unsigned int\000"
 1937      676E6564 
 1937      20696E74 
 1937      00
 1938              	.LASF7:
 1939 0114 6C6F6E67 		.ascii	"long long unsigned int\000"
 1939      206C6F6E 
 1939      6720756E 
 1939      7369676E 
 1939      65642069 
 1940              	.LASF10:
 1941 012b 75696E74 		.ascii	"uint8_t\000"
 1941      385F7400 
 1942              	.LASF15:
ARM GAS  C:\Users\monis\AppData\Local\Temp\ccCEFM3E.s 			page 36


 1943 0133 63795F6D 		.ascii	"cy_meta_flashprotect\000"
 1943      6574615F 
 1943      666C6173 
 1943      6870726F 
 1943      74656374 
 1944              	.LASF14:
 1945 0148 63795F6D 		.ascii	"cy_meta_wonvl\000"
 1945      6574615F 
 1945      776F6E76 
 1945      6C00
 1946              	.LASF11:
 1947 0156 73697A65 		.ascii	"sizetype\000"
 1947      74797065 
 1947      00
 1948              	.LASF19:
 1949 015f 433A5C55 		.ascii	"C:\\Users\\monis\\Documents\\Academics\\SA\\Lab 6\\"
 1949      73657273 
 1949      5C6D6F6E 
 1949      69735C44 
 1949      6F63756D 
 1950 018b 4C616236 		.ascii	"Lab6_v3.cydsn\000"
 1950      5F76332E 
 1950      63796473 
 1950      6E00
 1951              	.LASF2:
 1952 0199 73686F72 		.ascii	"short int\000"
 1952      7420696E 
 1952      7400
 1953              	.LASF4:
 1954 01a3 6C6F6E67 		.ascii	"long int\000"
 1954      20696E74 
 1954      00
 1955              	.LASF0:
 1956 01ac 7369676E 		.ascii	"signed char\000"
 1956      65642063 
 1956      68617200 
 1957              	.LASF18:
 1958 01b8 47656E65 		.ascii	"Generated_Source\\PSoC5\\cymetadata.c\000"
 1958      72617465 
 1958      645F536F 
 1958      75726365 
 1958      5C50536F 
 1959              		.ident	"GCC: (GNU Tools for ARM Embedded Processors) 5.4.1 20160609 (release) [ARM/embedded-5-bran
