--------------- Build Started: 09/21/2017 18:30:05 Project: Design01, Configuration: ARM GCC 5.4-2016-q2-update Debug ---------------
The code generation step is up to date.
arm-none-eabi-gcc.exe -mcpu=cortex-m3 -mthumb -I. -IGenerated_Source\PSoC5 -Wa,-alh=.\CortexM3\ARM_GCC_541\Debug/main.lst -g -D DEBUG -D CY_CORE_ID=0 -Wall -ffunction-sections -ffat-lto-objects -Og -c main.c -o .\CortexM3\ARM_GCC_541\Debug\main.o
main.c: In function 'main':
main.c:28:34: warning: unused variable 'k' [-Wunused-variable]
     int prevvalue=1,prevvalue2=1,k=0;
                                  ^
main.c:28:21: warning: unused variable 'prevvalue2' [-Wunused-variable]
     int prevvalue=1,prevvalue2=1,k=0;
                     ^
main.c:28:9: warning: unused variable 'prevvalue' [-Wunused-variable]
     int prevvalue=1,prevvalue2=1,k=0;
         ^
main.c:54:9: warning: 'filtered' is used uninitialized in this function [-Wuninitialized]
         VDAC8_2_SetValue(filtered);
         ^
arm-none-eabi-ar.exe -rs .\CortexM3\ARM_GCC_541\Debug\Design01.a .\CortexM3\ARM_GCC_541\Debug\PGA_1.o .\CortexM3\ARM_GCC_541\Debug\PGA_1_PM.o .\CortexM3\ARM_GCC_541\Debug\LCD_Char_1.o .\CortexM3\ARM_GCC_541\Debug\LCD_Char_1_PM.o .\CortexM3\ARM_GCC_541\Debug\LCD_Char_1_LCDPort.o .\CortexM3\ARM_GCC_541\Debug\CyDmac.o .\CortexM3\ARM_GCC_541\Debug\CyFlash.o .\CortexM3\ARM_GCC_541\Debug\CyLib.o .\CortexM3\ARM_GCC_541\Debug\cyPm.o .\CortexM3\ARM_GCC_541\Debug\CySpc.o .\CortexM3\ARM_GCC_541\Debug\cyutils.o .\CortexM3\ARM_GCC_541\Debug\p3_4.o .\CortexM3\ARM_GCC_541\Debug\p3_5.o .\CortexM3\ARM_GCC_541\Debug\p3_7.o .\CortexM3\ARM_GCC_541\Debug\Opamp_1.o .\CortexM3\ARM_GCC_541\Debug\Opamp_1_PM.o .\CortexM3\ARM_GCC_541\Debug\ADC_SAR_1.o .\CortexM3\ARM_GCC_541\Debug\ADC_SAR_1_INT.o .\CortexM3\ARM_GCC_541\Debug\ADC_SAR_1_PM.o .\CortexM3\ARM_GCC_541\Debug\VDAC8_1.o .\CortexM3\ARM_GCC_541\Debug\VDAC8_1_PM.o .\CortexM3\ARM_GCC_541\Debug\ADC_SAR_1_IRQ.o .\CortexM3\ARM_GCC_541\Debug\ADC_SAR_1_theACLK.o .\CortexM3\ARM_GCC_541\Debug\VDAC8_2.o .\CortexM3\ARM_GCC_541\Debug\VDAC8_2_PM.o .\CortexM3\ARM_GCC_541\Debug\p0_3.o .\CortexM3\ARM_GCC_541\Debug\p0_2.o .\CortexM3\ARM_GCC_541\Debug\p0_4.o .\CortexM3\ARM_GCC_541\Debug\p3_0.o .\CortexM3\ARM_GCC_541\Debug\p0_5.o .\CortexM3\ARM_GCC_541\Debug\CyBootAsmGnu.o
arm-none-eabi-ar.exe: creating .\CortexM3\ARM_GCC_541\Debug\Design01.a
arm-none-eabi-gcc.exe -Wl,--start-group -o "C:\Users\monis\Documents\Academics\SA\Lab 1\microphone\Design01.cydsn\CortexM3\ARM_GCC_541\Debug\Design01.elf" .\CortexM3\ARM_GCC_541\Debug\main.o .\CortexM3\ARM_GCC_541\Debug\cyfitter_cfg.o .\CortexM3\ARM_GCC_541\Debug\cymetadata.o .\CortexM3\ARM_GCC_541\Debug\Cm3Start.o .\CortexM3\ARM_GCC_541\Debug\Design01.a "C:\Program Files (x86)\Cypress\PSoC Creator\4.1\PSoC Creator\psoc\content\cycomponentlibrary\CyComponentLibrary.cylib\CortexM3\ARM_GCC_541\Debug\CyComponentLibrary.a" -mcpu=cortex-m3 -mthumb -L Generated_Source\PSoC5 -Wl,-Map,.\CortexM3\ARM_GCC_541\Debug/Design01.map -T Generated_Source\PSoC5\cm3gcc.ld -specs=nano.specs -Wl,--gc-sections -g -ffunction-sections -Og -ffat-lto-objects -Wl,--end-group
cyelftool.exe -C "C:\Users\monis\Documents\Academics\SA\Lab 1\microphone\Design01.cydsn\CortexM3\ARM_GCC_541\Debug\Design01.elf" --flash_row_size 256 --flash_size 262144 --flash_offset 0x00000000
cyelftool.exe -S "C:\Users\monis\Documents\Academics\SA\Lab 1\microphone\Design01.cydsn\CortexM3\ARM_GCC_541\Debug\Design01.elf"
Flash used: 3638 of 262144 bytes (1.4 %).
SRAM used: 2537 of 65536 bytes (3.9 %). Stack: 2048 bytes. Heap: 128 bytes.
--------------- Build Succeeded: 09/21/2017 18:30:06 ---------------
