Loading plugins phase: Elapsed time ==> 0s.213ms
<CYPRESSTAG name="CyDsfit arguments...">
cydsfit arguments: -.fdsnotice -.fdswarpdepfile=warp_dependencies.txt -.fdselabdepfile=elab_dependencies.txt -.fdsbldfile=generated_files.txt -.fdsreffile=referenced_files.txt -p C:\Users\monis\Documents\Academics\SA\Lab 1\microphone\Design01.cydsn\Design01.cyprj -d CY8C5868AXI-LP035 -s C:\Users\monis\Documents\Academics\SA\Lab 1\microphone\Design01.cydsn\Generated_Source\PSoC5 -- -yv2 -q10 -ygs -o2 -v3 -.fftcfgtype=LE
</CYPRESSTAG>
<CYPRESSTAG name="Design elaboration results...">
ADD: fit.M0029: information: Voltage Reference Information: Vref '1.024V' is connected to terminal 'vminus' of '\ADC_SAR_1:ADC_SAR\' but no direct hardware connection exists.
 * C:\Program Files (x86)\Cypress\PSoC Creator\4.1\PSoC Creator\psoc\content\CyComponentLibrary\CyComponentLibrary.cylib\ADC_SAR_v3_0\PSoC5\ADC_SAR_v3_0.cysch (Instance:ADC_SAR)
 * C:\Users\monis\Documents\Academics\SA\Lab 1\microphone\Design01.cydsn\TopDesign\TopDesign.cysch (Instance:vRef_1)

</CYPRESSTAG>
Elaboration phase: Elapsed time ==> 1s.359ms
<CYPRESSTAG name="HDL generation results...">
</CYPRESSTAG>
HDL generation phase: Elapsed time ==> 0s.075ms
<CYPRESSTAG name="Synthesis results...">

     | | | | | | |
   _________________
  -|               |-
  -|               |-
  -|               |-
  -|    CYPRESS    |-
  -|               |-
  -|               |-   Warp Verilog Synthesis Compiler: Version 6.3 IR 41
  -|               |-   Copyright (C) 1991-2001 Cypress Semiconductor
   |_______________|
     | | | | | | |

======================================================================
Compiling:  Design01.v
Program  :   C:\Program Files (x86)\Cypress\PSoC Creator\4.1\PSoC Creator\warp\bin\warp.exe
Options  :    -yv2 -q10 -ygs -o2 -v3 -.fftcfgtype=LE -ya -.fftprj=C:\Users\monis\Documents\Academics\SA\Lab 1\microphone\Design01.cydsn\Design01.cyprj -dcpsoc3 Design01.v -verilog
======================================================================

======================================================================
Compiling:  Design01.v
Program  :   C:\Program Files (x86)\Cypress\PSoC Creator\4.1\PSoC Creator\warp\bin\warp.exe
Options  :    -yv2 -q10 -ygs -o2 -v3 -.fftcfgtype=LE -ya -.fftprj=C:\Users\monis\Documents\Academics\SA\Lab 1\microphone\Design01.cydsn\Design01.cyprj -dcpsoc3 Design01.v -verilog
======================================================================

======================================================================
Compiling:  Design01.v
Program  :   vlogfe
Options  :    -yv2 -q10 -ygs -o2 -v3 -.fftcfgtype=LE -ya -.fftprj=C:\Users\monis\Documents\Academics\SA\Lab 1\microphone\Design01.cydsn\Design01.cyprj -dcpsoc3 -verilog Design01.v
======================================================================

vlogfe V6.3 IR 41:  Verilog parser
Thu Sep 21 16:07:21 2017


======================================================================
Compiling:  Design01.v
Program  :   vpp
Options  :    -yv2 -q10 Design01.v
======================================================================

vpp V6.3 IR 41:  Verilog Pre-Processor
Thu Sep 21 16:07:21 2017

Flattening file 'C:\Program Files (x86)\Cypress\PSoC Creator\4.1\PSoC Creator\psoc\content\CyPrimitives\cyprimitives.cylib\ZeroTerminal\ZeroTerminal.v'
Flattening file 'C:\Program Files (x86)\Cypress\PSoC Creator\4.1\PSoC Creator\psoc\content\CyPrimitives\cyprimitives.cylib\cy_analog_virtualmux_v1_0\cy_analog_virtualmux_v1_0.v'
Flattening file 'C:\Program Files (x86)\Cypress\PSoC Creator\4.1\PSoC Creator\psoc\content\CyPrimitives\cyprimitives.cylib\cy_vref_v1_70\cy_vref_v1_70.v'
Flattening file 'C:\Program Files (x86)\Cypress\PSoC Creator\4.1\PSoC Creator\psoc\content\CyPrimitives\cyprimitives.cylib\cy_virtualmux_v1_0\cy_virtualmux_v1_0.v'
Flattening file 'C:\Program Files (x86)\Cypress\PSoC Creator\4.1\PSoC Creator\psoc\content\CyPrimitives\cyprimitives.cylib\cy_vref_v1_60\cy_vref_v1_60.v'
Flattening file 'C:\Program Files (x86)\Cypress\PSoC Creator\4.1\PSoC Creator\psoc\content\CyPrimitives\cyprimitives.cylib\or_v1_0\or_v1_0.v'
Flattening file 'C:\Program Files (x86)\Cypress\PSoC Creator\4.1\PSoC Creator\psoc\content\CyPrimitives\cyprimitives.cylib\cy_constant_v1_0\cy_constant_v1_0.v'

vpp:  No errors.

Library 'work' => directory 'lcpsoc3'
General_symbol_table
General_symbol_table
Linking 'C:\Program Files (x86)\Cypress\PSoC Creator\4.1\PSoC Creator\warp\lib\common\std.vhd'.
Linking 'C:\Program Files (x86)\Cypress\PSoC Creator\4.1\PSoC Creator\warp\lib\common\cypress.vhd'.
Linking 'C:\Program Files (x86)\Cypress\PSoC Creator\4.1\PSoC Creator\warp\lib\common\work\cypress.vif'.
Linking 'C:\Program Files (x86)\Cypress\PSoC Creator\4.1\PSoC Creator\warp\lib\ieee\work\stdlogic.vif'.
Linking 'C:\Program Files (x86)\Cypress\PSoC Creator\4.1\PSoC Creator\warp\lib\common\stdlogic\lpmpkg.vif'.
Linking 'C:\Program Files (x86)\Cypress\PSoC Creator\4.1\PSoC Creator\warp\lib\common\stdlogic\rtlpkg.vif'.
Linking 'C:\Program Files (x86)\Cypress\PSoC Creator\4.1\PSoC Creator\warp\lib\common\stdlogic\mod_cnst.vif'.
Linking 'C:\Program Files (x86)\Cypress\PSoC Creator\4.1\PSoC Creator\warp\lib\common\stdlogic\mod_mthv.vif'.
Linking 'C:\Program Files (x86)\Cypress\PSoC Creator\4.1\PSoC Creator\warp\lib\common\stdlogic\mod_genv.vif'.
Using control file 'Design01.ctl'.

vlogfe:  No errors.


======================================================================
Compiling:  Design01.v
Program  :   tovif
Options  :    -yv2 -q10 -ygs -o2 -v3 -.fftcfgtype=LE -ya -.fftprj=C:\Users\monis\Documents\Academics\SA\Lab 1\microphone\Design01.cydsn\Design01.cyprj -dcpsoc3 -verilog Design01.v
======================================================================

tovif V6.3 IR 41:  High-level synthesis
Thu Sep 21 16:07:21 2017

Linking 'C:\Program Files (x86)\Cypress\PSoC Creator\4.1\PSoC Creator\warp\lib\common\std.vhd'.
Linking 'C:\Program Files (x86)\Cypress\PSoC Creator\4.1\PSoC Creator\warp\lib\common\cypress.vhd'.
Linking 'C:\Program Files (x86)\Cypress\PSoC Creator\4.1\PSoC Creator\warp\lib\common\work\cypress.vif'.
Linking 'C:\Program Files (x86)\Cypress\PSoC Creator\4.1\PSoC Creator\warp\lib\ieee\work\stdlogic.vif'.
Linking 'C:\Program Files (x86)\Cypress\PSoC Creator\4.1\PSoC Creator\warp\lib\common\stdlogic\lpmpkg.vif'.
Linking 'C:\Program Files (x86)\Cypress\PSoC Creator\4.1\PSoC Creator\warp\lib\common\stdlogic\rtlpkg.vif'.
Linking 'C:\Program Files (x86)\Cypress\PSoC Creator\4.1\PSoC Creator\warp\lib\common\stdlogic\mod_cnst.vif'.
Linking 'C:\Program Files (x86)\Cypress\PSoC Creator\4.1\PSoC Creator\warp\lib\common\stdlogic\mod_mthv.vif'.
Linking 'C:\Program Files (x86)\Cypress\PSoC Creator\4.1\PSoC Creator\warp\lib\common\stdlogic\mod_genv.vif'.
Linking 'C:\Users\monis\Documents\Academics\SA\Lab 1\microphone\Design01.cydsn\codegentemp\Design01.ctl'.
Linking 'C:\Program Files (x86)\Cypress\PSoC Creator\4.1\PSoC Creator\psoc\content\CyPrimitives\cyprimitives.cylib\ZeroTerminal\ZeroTerminal.v'.
Linking 'C:\Users\monis\Documents\Academics\SA\Lab 1\microphone\Design01.cydsn\codegentemp\Design01.v'.
Linking 'C:\Program Files (x86)\Cypress\PSoC Creator\4.1\PSoC Creator\psoc\content\CyPrimitives\cyprimitives.cylib\cy_analog_virtualmux_v1_0\cy_analog_virtualmux_v1_0.v'.
Linking 'C:\Program Files (x86)\Cypress\PSoC Creator\4.1\PSoC Creator\psoc\content\CyPrimitives\cyprimitives.cylib\cy_vref_v1_70\cy_vref_v1_70.v'.
Linking 'C:\Program Files (x86)\Cypress\PSoC Creator\4.1\PSoC Creator\psoc\content\CyPrimitives\cyprimitives.cylib\cy_virtualmux_v1_0\cy_virtualmux_v1_0.v'.
Linking 'C:\Program Files (x86)\Cypress\PSoC Creator\4.1\PSoC Creator\psoc\content\CyPrimitives\cyprimitives.cylib\cy_vref_v1_60\cy_vref_v1_60.v'.
Linking 'C:\Program Files (x86)\Cypress\PSoC Creator\4.1\PSoC Creator\psoc\content\CyPrimitives\cyprimitives.cylib\or_v1_0\or_v1_0.v'.
Linking 'C:\Program Files (x86)\Cypress\PSoC Creator\4.1\PSoC Creator\psoc\content\CyPrimitives\cyprimitives.cylib\cy_constant_v1_0\cy_constant_v1_0.v'.

tovif:  No errors.


======================================================================
Compiling:  Design01.v
Program  :   topld
Options  :    -yv2 -q10 -ygs -o2 -v3 -.fftcfgtype=LE -ya -.fftprj=C:\Users\monis\Documents\Academics\SA\Lab 1\microphone\Design01.cydsn\Design01.cyprj -dcpsoc3 -verilog Design01.v
======================================================================

topld V6.3 IR 41:  Synthesis and optimization
Thu Sep 21 16:07:22 2017

Linking 'C:\Program Files (x86)\Cypress\PSoC Creator\4.1\PSoC Creator\warp\lib\common\std.vhd'.
Linking 'C:\Program Files (x86)\Cypress\PSoC Creator\4.1\PSoC Creator\warp\lib\common\cypress.vhd'.
Linking 'C:\Program Files (x86)\Cypress\PSoC Creator\4.1\PSoC Creator\warp\lib\common\work\cypress.vif'.
Linking 'C:\Program Files (x86)\Cypress\PSoC Creator\4.1\PSoC Creator\warp\lib\ieee\work\stdlogic.vif'.
Linking 'C:\Program Files (x86)\Cypress\PSoC Creator\4.1\PSoC Creator\warp\lib\common\stdlogic\lpmpkg.vif'.
Linking 'C:\Program Files (x86)\Cypress\PSoC Creator\4.1\PSoC Creator\warp\lib\common\stdlogic\rtlpkg.vif'.
Linking 'C:\Program Files (x86)\Cypress\PSoC Creator\4.1\PSoC Creator\warp\lib\common\stdlogic\mod_cnst.vif'.
Linking 'C:\Program Files (x86)\Cypress\PSoC Creator\4.1\PSoC Creator\warp\lib\common\stdlogic\mod_mthv.vif'.
Linking 'C:\Program Files (x86)\Cypress\PSoC Creator\4.1\PSoC Creator\warp\lib\common\stdlogic\mod_genv.vif'.
Linking 'C:\Users\monis\Documents\Academics\SA\Lab 1\microphone\Design01.cydsn\codegentemp\Design01.ctl'.
Linking 'C:\Program Files (x86)\Cypress\PSoC Creator\4.1\PSoC Creator\psoc\content\CyPrimitives\cyprimitives.cylib\ZeroTerminal\ZeroTerminal.v'.
Linking 'C:\Users\monis\Documents\Academics\SA\Lab 1\microphone\Design01.cydsn\codegentemp\Design01.v'.
Linking 'C:\Program Files (x86)\Cypress\PSoC Creator\4.1\PSoC Creator\psoc\content\CyPrimitives\cyprimitives.cylib\cy_analog_virtualmux_v1_0\cy_analog_virtualmux_v1_0.v'.
Linking 'C:\Program Files (x86)\Cypress\PSoC Creator\4.1\PSoC Creator\psoc\content\CyPrimitives\cyprimitives.cylib\cy_vref_v1_70\cy_vref_v1_70.v'.
Linking 'C:\Program Files (x86)\Cypress\PSoC Creator\4.1\PSoC Creator\psoc\content\CyPrimitives\cyprimitives.cylib\cy_virtualmux_v1_0\cy_virtualmux_v1_0.v'.
Linking 'C:\Program Files (x86)\Cypress\PSoC Creator\4.1\PSoC Creator\psoc\content\CyPrimitives\cyprimitives.cylib\cy_vref_v1_60\cy_vref_v1_60.v'.
Linking 'C:\Program Files (x86)\Cypress\PSoC Creator\4.1\PSoC Creator\psoc\content\CyPrimitives\cyprimitives.cylib\or_v1_0\or_v1_0.v'.
Linking 'C:\Program Files (x86)\Cypress\PSoC Creator\4.1\PSoC Creator\psoc\content\CyPrimitives\cyprimitives.cylib\cy_constant_v1_0\cy_constant_v1_0.v'.
Linking 'C:\Program Files (x86)\Cypress\PSoC Creator\4.1\PSoC Creator\warp\lib\lcpsoc3\stdlogic\cpsoc3.vif'.

----------------------------------------------------------
Detecting unused logic.
----------------------------------------------------------



------------------------------------------------------
Alias Detection
------------------------------------------------------
Aliasing \PGA_1:Net_40\ to \PGA_1:Net_37\
Aliasing \PGA_1:Net_38\ to \PGA_1:Net_37\
Aliasing \PGA_1:Net_39\ to \PGA_1:Net_37\
Aliasing \LCD_Char_1:tmpOE__LCDPort_net_5\ to \LCD_Char_1:tmpOE__LCDPort_net_6\
Aliasing \LCD_Char_1:tmpOE__LCDPort_net_4\ to \LCD_Char_1:tmpOE__LCDPort_net_6\
Aliasing \LCD_Char_1:tmpOE__LCDPort_net_3\ to \LCD_Char_1:tmpOE__LCDPort_net_6\
Aliasing \LCD_Char_1:tmpOE__LCDPort_net_2\ to \LCD_Char_1:tmpOE__LCDPort_net_6\
Aliasing \LCD_Char_1:tmpOE__LCDPort_net_1\ to \LCD_Char_1:tmpOE__LCDPort_net_6\
Aliasing \LCD_Char_1:tmpOE__LCDPort_net_0\ to \LCD_Char_1:tmpOE__LCDPort_net_6\
Aliasing zero to \PGA_1:Net_37\
Aliasing one to \LCD_Char_1:tmpOE__LCDPort_net_6\
Aliasing tmpOE__p3_4_net_0 to \LCD_Char_1:tmpOE__LCDPort_net_6\
Aliasing tmpOE__p3_5_net_0 to \LCD_Char_1:tmpOE__LCDPort_net_6\
Aliasing tmpOE__p0_3_net_0 to \LCD_Char_1:tmpOE__LCDPort_net_6\
Aliasing \ADC_SAR_1:vp_ctl_0\ to \PGA_1:Net_37\
Aliasing \ADC_SAR_1:vp_ctl_2\ to \PGA_1:Net_37\
Aliasing \ADC_SAR_1:vn_ctl_1\ to \PGA_1:Net_37\
Aliasing \ADC_SAR_1:vn_ctl_3\ to \PGA_1:Net_37\
Aliasing \ADC_SAR_1:vp_ctl_1\ to \PGA_1:Net_37\
Aliasing \ADC_SAR_1:vp_ctl_3\ to \PGA_1:Net_37\
Aliasing \ADC_SAR_1:vn_ctl_0\ to \PGA_1:Net_37\
Aliasing \ADC_SAR_1:vn_ctl_2\ to \PGA_1:Net_37\
Aliasing \ADC_SAR_1:soc\ to \PGA_1:Net_37\
Aliasing \ADC_SAR_1:Net_381\ to \PGA_1:Net_37\
Aliasing \VDAC8_1:Net_83\ to \PGA_1:Net_37\
Aliasing \VDAC8_1:Net_81\ to \PGA_1:Net_37\
Aliasing \VDAC8_1:Net_82\ to \PGA_1:Net_37\
Aliasing tmpOE__p0_2_net_0 to \LCD_Char_1:tmpOE__LCDPort_net_6\
Aliasing tmpOE__p0_4_net_0 to \LCD_Char_1:tmpOE__LCDPort_net_6\
Aliasing \VDAC8_2:Net_83\ to \PGA_1:Net_37\
Aliasing \VDAC8_2:Net_81\ to \PGA_1:Net_37\
Aliasing \VDAC8_2:Net_82\ to \PGA_1:Net_37\
Aliasing tmpOE__p3_0_net_0 to \LCD_Char_1:tmpOE__LCDPort_net_6\
Aliasing tmpOE__p3_7_net_0 to \LCD_Char_1:tmpOE__LCDPort_net_6\
Aliasing tmpOE__p0_5_net_0 to \LCD_Char_1:tmpOE__LCDPort_net_6\
Removing Lhs of wire \PGA_1:Net_40\[4] = \PGA_1:Net_37\[3]
Removing Lhs of wire \PGA_1:Net_38\[5] = \PGA_1:Net_37\[3]
Removing Lhs of wire \PGA_1:Net_39\[6] = \PGA_1:Net_37\[3]
Removing Lhs of wire \LCD_Char_1:tmpOE__LCDPort_net_5\[15] = \LCD_Char_1:tmpOE__LCDPort_net_6\[14]
Removing Lhs of wire \LCD_Char_1:tmpOE__LCDPort_net_4\[16] = \LCD_Char_1:tmpOE__LCDPort_net_6\[14]
Removing Lhs of wire \LCD_Char_1:tmpOE__LCDPort_net_3\[17] = \LCD_Char_1:tmpOE__LCDPort_net_6\[14]
Removing Lhs of wire \LCD_Char_1:tmpOE__LCDPort_net_2\[18] = \LCD_Char_1:tmpOE__LCDPort_net_6\[14]
Removing Lhs of wire \LCD_Char_1:tmpOE__LCDPort_net_1\[19] = \LCD_Char_1:tmpOE__LCDPort_net_6\[14]
Removing Lhs of wire \LCD_Char_1:tmpOE__LCDPort_net_0\[20] = \LCD_Char_1:tmpOE__LCDPort_net_6\[14]
Removing Rhs of wire zero[21] = \PGA_1:Net_37\[3]
Removing Rhs of wire one[37] = \LCD_Char_1:tmpOE__LCDPort_net_6\[14]
Removing Lhs of wire tmpOE__p3_4_net_0[40] = one[37]
Removing Lhs of wire tmpOE__p3_5_net_0[47] = one[37]
Removing Lhs of wire tmpOE__p0_3_net_0[54] = one[37]
Removing Lhs of wire \ADC_SAR_1:vp_ctl_0\[79] = zero[21]
Removing Lhs of wire \ADC_SAR_1:vp_ctl_2\[80] = zero[21]
Removing Lhs of wire \ADC_SAR_1:vn_ctl_1\[81] = zero[21]
Removing Lhs of wire \ADC_SAR_1:vn_ctl_3\[82] = zero[21]
Removing Lhs of wire \ADC_SAR_1:vp_ctl_1\[83] = zero[21]
Removing Lhs of wire \ADC_SAR_1:vp_ctl_3\[84] = zero[21]
Removing Lhs of wire \ADC_SAR_1:vn_ctl_0\[85] = zero[21]
Removing Lhs of wire \ADC_SAR_1:vn_ctl_2\[86] = zero[21]
Removing Rhs of wire \ADC_SAR_1:Net_188\[89] = \ADC_SAR_1:Net_221\[90]
Removing Lhs of wire \ADC_SAR_1:soc\[95] = zero[21]
Removing Lhs of wire \ADC_SAR_1:Net_381\[120] = zero[21]
Removing Lhs of wire \VDAC8_1:Net_83\[122] = zero[21]
Removing Lhs of wire \VDAC8_1:Net_81\[123] = zero[21]
Removing Lhs of wire \VDAC8_1:Net_82\[124] = zero[21]
Removing Lhs of wire tmpOE__p0_2_net_0[129] = one[37]
Removing Lhs of wire tmpOE__p0_4_net_0[136] = one[37]
Removing Lhs of wire \VDAC8_2:Net_83\[142] = zero[21]
Removing Lhs of wire \VDAC8_2:Net_81\[143] = zero[21]
Removing Lhs of wire \VDAC8_2:Net_82\[144] = zero[21]
Removing Lhs of wire tmpOE__p3_0_net_0[148] = one[37]
Removing Lhs of wire tmpOE__p3_7_net_0[155] = one[37]
Removing Lhs of wire tmpOE__p0_5_net_0[161] = one[37]

------------------------------------------------------
Aliased 0 equations, 36 wires.
------------------------------------------------------

----------------------------------------------------------
Circuit simplification
----------------------------------------------------------

Substituting virtuals - pass 1:

Note:  Expanding virtual equation for 'zero' (cost = 0):
zero <=  ('0') ;


Substituting virtuals - pass 2:


----------------------------------------------------------
Circuit simplification results:

	Expanded 1 signals.
	Turned 0 signals into soft nodes.
	Maximum default expansion cost was set at 3.
----------------------------------------------------------

------------------------------------------------------
Alias Detection
------------------------------------------------------
Removing Lhs of wire \ADC_SAR_1:Net_188\[89] = \ADC_SAR_1:Net_376\[88]

------------------------------------------------------
Aliased 0 equations, 1 wires.
------------------------------------------------------

----------------------------------------------------------
Circuit simplification
----------------------------------------------------------

Eliminating unused logic - pass 1:


Eliminating unused logic - pass 2:


Substituting virtuals - pass 1:


----------------------------------------------------------
Circuit simplification results:

	Expanded 0 signals.
	Turned 0 signals into soft nodes.
	Maximum default expansion cost was set at 3.
----------------------------------------------------------

topld:  No errors.

CYPRESS_DIR    : C:\Program Files (x86)\Cypress\PSoC Creator\4.1\PSoC Creator\warp
Warp Program   : C:\Program Files (x86)\Cypress\PSoC Creator\4.1\PSoC Creator\warp\bin\warp.exe
Warp Arguments : -yv2 -q10 -ygs -o2 -v3 -.fftcfgtype=LE -ya "-.fftprj=C:\Users\monis\Documents\Academics\SA\Lab 1\microphone\Design01.cydsn\Design01.cyprj" -dcpsoc3 Design01.v -verilog
</CYPRESSTAG>
Warp synthesis phase: Elapsed time ==> 1s.875ms
<CYPRESSTAG name="Fitter results...">
<CYPRESSTAG name="Fitter startup details...">
cyp3fit: V4.1.0.3210, Family: PSoC3, Started at: Thursday, 21 September 2017 16:07:22
Options: -yv2 -q10 -ygs -o2 -v3 -.fftcfgtype=LE -ya -.fftprj=C:\Users\monis\Documents\Academics\SA\Lab 1\microphone\Design01.cydsn\Design01.cyprj -d CY8C5868AXI-LP035 Design01.v -verilog
</CYPRESSTAG>
<CYPRESSTAG name="Design parsing">
Design parsing phase: Elapsed time ==> 0s.050ms
</CYPRESSTAG>
<CYPRESSTAG name="Tech Mapping">
<CYPRESSTAG name="Initial Mapping" icon="FILE_RPT_TECHM">
<CYPRESSTAG name="Global Clock Selection" icon="FILE_RPT_TECHM">
    Digital Clock 0: Automatic-assigning  clock 'ADC_SAR_1_theACLK'. Fanout=1, Signal=\ADC_SAR_1:Net_376\
</CYPRESSTAG>
<CYPRESSTAG name="UDB Clock/Enable Remapping Results">
</CYPRESSTAG>
Info: plm.M0038: The pin named p3_7(0) at location P3[7] prevents usage of special purposes: OpAmp:out. (App=cydsfit)

Removing unused cells resulting from optimization
Done removing unused cells.
<CYPRESSTAG name="Duplicate Macrocell detection">
</CYPRESSTAG>
</CYPRESSTAG>
<CYPRESSTAG name="Duplicate Macrocell detection">
</CYPRESSTAG>
<CYPRESSTAG name="Design Equations" icon="FILE_RPT_EQUATION">

------------------------------------------------------------
Design Equations
------------------------------------------------------------
    <CYPRESSTAG name="Pin listing">

    ------------------------------------------------------------
    Pin listing
    ------------------------------------------------------------

    Pin : Name = \LCD_Char_1:LCDPort(0)\
        Attributes:
            In Group/Port: True
            In Sync Option: AUTO
            Out Sync Option: NOSYNC
            Interrupt generated: False
            Interrupt mode: NONE
            Drive mode: CMOS_OUT
            VTrip: EITHER
            Slew: FAST
            Input Sync needed: False
            Output Sync needed: False
            SC shield enabled: False
            POR State: ANY
            LCD Mode: COMMON
            Register Mode: RegComb
            CaSense Mode: NEITHER
            Treat as pin: False
            Is OE Registered: False
            Uses Analog: False
            Can contain Digital: True
            Is SIO: False
            SIO Output Buf: NONREGULATED
            SIO Input Buf: SINGLE_ENDED
            SIO HiFreq: LOW
            SIO Hyst: DISABLED
            SIO Vtrip: MULTIPLIER_0_5
            SIO Multiplier Index: 0
            SIO RefSel: VCC_IO
            Required Capabilities: DIGITAL
            Initial Value: 0
            IO Voltage: 0
        PORT MAP (
            pa_out => \LCD_Char_1:LCDPort(0)\__PA ,
            pad => \LCD_Char_1:LCDPort(0)_PAD\ );
        Properties:
        {
        }

    Pin : Name = \LCD_Char_1:LCDPort(1)\
        Attributes:
            In Group/Port: True
            In Sync Option: AUTO
            Out Sync Option: NOSYNC
            Interrupt generated: False
            Interrupt mode: NONE
            Drive mode: CMOS_OUT
            VTrip: EITHER
            Slew: FAST
            Input Sync needed: False
            Output Sync needed: False
            SC shield enabled: False
            POR State: ANY
            LCD Mode: COMMON
            Register Mode: RegComb
            CaSense Mode: NEITHER
            Treat as pin: False
            Is OE Registered: False
            Uses Analog: False
            Can contain Digital: True
            Is SIO: False
            SIO Output Buf: NONREGULATED
            SIO Input Buf: SINGLE_ENDED
            SIO HiFreq: LOW
            SIO Hyst: DISABLED
            SIO Vtrip: MULTIPLIER_0_5
            SIO Multiplier Index: 0
            SIO RefSel: VCC_IO
            Required Capabilities: DIGITAL
            Initial Value: 0
            IO Voltage: 0
        PORT MAP (
            pa_out => \LCD_Char_1:LCDPort(1)\__PA ,
            pad => \LCD_Char_1:LCDPort(1)_PAD\ );
        Properties:
        {
        }

    Pin : Name = \LCD_Char_1:LCDPort(2)\
        Attributes:
            In Group/Port: True
            In Sync Option: AUTO
            Out Sync Option: NOSYNC
            Interrupt generated: False
            Interrupt mode: NONE
            Drive mode: CMOS_OUT
            VTrip: EITHER
            Slew: FAST
            Input Sync needed: False
            Output Sync needed: False
            SC shield enabled: False
            POR State: ANY
            LCD Mode: COMMON
            Register Mode: RegComb
            CaSense Mode: NEITHER
            Treat as pin: False
            Is OE Registered: False
            Uses Analog: False
            Can contain Digital: True
            Is SIO: False
            SIO Output Buf: NONREGULATED
            SIO Input Buf: SINGLE_ENDED
            SIO HiFreq: LOW
            SIO Hyst: DISABLED
            SIO Vtrip: MULTIPLIER_0_5
            SIO Multiplier Index: 0
            SIO RefSel: VCC_IO
            Required Capabilities: DIGITAL
            Initial Value: 0
            IO Voltage: 0
        PORT MAP (
            pa_out => \LCD_Char_1:LCDPort(2)\__PA ,
            pad => \LCD_Char_1:LCDPort(2)_PAD\ );
        Properties:
        {
        }

    Pin : Name = \LCD_Char_1:LCDPort(3)\
        Attributes:
            In Group/Port: True
            In Sync Option: AUTO
            Out Sync Option: NOSYNC
            Interrupt generated: False
            Interrupt mode: NONE
            Drive mode: CMOS_OUT
            VTrip: EITHER
            Slew: FAST
            Input Sync needed: False
            Output Sync needed: False
            SC shield enabled: False
            POR State: ANY
            LCD Mode: COMMON
            Register Mode: RegComb
            CaSense Mode: NEITHER
            Treat as pin: False
            Is OE Registered: False
            Uses Analog: False
            Can contain Digital: True
            Is SIO: False
            SIO Output Buf: NONREGULATED
            SIO Input Buf: SINGLE_ENDED
            SIO HiFreq: LOW
            SIO Hyst: DISABLED
            SIO Vtrip: MULTIPLIER_0_5
            SIO Multiplier Index: 0
            SIO RefSel: VCC_IO
            Required Capabilities: DIGITAL
            Initial Value: 0
            IO Voltage: 0
        PORT MAP (
            pa_out => \LCD_Char_1:LCDPort(3)\__PA ,
            pad => \LCD_Char_1:LCDPort(3)_PAD\ );
        Properties:
        {
        }

    Pin : Name = \LCD_Char_1:LCDPort(4)\
        Attributes:
            In Group/Port: True
            In Sync Option: AUTO
            Out Sync Option: NOSYNC
            Interrupt generated: False
            Interrupt mode: NONE
            Drive mode: CMOS_OUT
            VTrip: EITHER
            Slew: FAST
            Input Sync needed: False
            Output Sync needed: False
            SC shield enabled: False
            POR State: ANY
            LCD Mode: COMMON
            Register Mode: RegComb
            CaSense Mode: NEITHER
            Treat as pin: False
            Is OE Registered: False
            Uses Analog: False
            Can contain Digital: True
            Is SIO: False
            SIO Output Buf: NONREGULATED
            SIO Input Buf: SINGLE_ENDED
            SIO HiFreq: LOW
            SIO Hyst: DISABLED
            SIO Vtrip: MULTIPLIER_0_5
            SIO Multiplier Index: 0
            SIO RefSel: VCC_IO
            Required Capabilities: DIGITAL
            Initial Value: 0
            IO Voltage: 0
        PORT MAP (
            pa_out => \LCD_Char_1:LCDPort(4)\__PA ,
            pad => \LCD_Char_1:LCDPort(4)_PAD\ );
        Properties:
        {
        }

    Pin : Name = \LCD_Char_1:LCDPort(5)\
        Attributes:
            In Group/Port: True
            In Sync Option: AUTO
            Out Sync Option: NOSYNC
            Interrupt generated: False
            Interrupt mode: NONE
            Drive mode: CMOS_OUT
            VTrip: EITHER
            Slew: FAST
            Input Sync needed: False
            Output Sync needed: False
            SC shield enabled: False
            POR State: ANY
            LCD Mode: COMMON
            Register Mode: RegComb
            CaSense Mode: NEITHER
            Treat as pin: False
            Is OE Registered: False
            Uses Analog: False
            Can contain Digital: True
            Is SIO: False
            SIO Output Buf: NONREGULATED
            SIO Input Buf: SINGLE_ENDED
            SIO HiFreq: LOW
            SIO Hyst: DISABLED
            SIO Vtrip: MULTIPLIER_0_5
            SIO Multiplier Index: 0
            SIO RefSel: VCC_IO
            Required Capabilities: DIGITAL
            Initial Value: 0
            IO Voltage: 0
        PORT MAP (
            pa_out => \LCD_Char_1:LCDPort(5)\__PA ,
            pad => \LCD_Char_1:LCDPort(5)_PAD\ );
        Properties:
        {
        }

    Pin : Name = \LCD_Char_1:LCDPort(6)\
        Attributes:
            In Group/Port: True
            In Sync Option: AUTO
            Out Sync Option: NOSYNC
            Interrupt generated: False
            Interrupt mode: NONE
            Drive mode: CMOS_OUT
            VTrip: EITHER
            Slew: FAST
            Input Sync needed: False
            Output Sync needed: False
            SC shield enabled: False
            POR State: ANY
            LCD Mode: COMMON
            Register Mode: RegComb
            CaSense Mode: NEITHER
            Treat as pin: False
            Is OE Registered: False
            Uses Analog: False
            Can contain Digital: True
            Is SIO: False
            SIO Output Buf: NONREGULATED
            SIO Input Buf: SINGLE_ENDED
            SIO HiFreq: LOW
            SIO Hyst: DISABLED
            SIO Vtrip: MULTIPLIER_0_5
            SIO Multiplier Index: 0
            SIO RefSel: VCC_IO
            Required Capabilities: DIGITAL
            Initial Value: 0
            IO Voltage: 0
        PORT MAP (
            pa_out => \LCD_Char_1:LCDPort(6)\__PA ,
            pad => \LCD_Char_1:LCDPort(6)_PAD\ );
        Properties:
        {
        }

    Pin : Name = p3_4(0)
        Attributes:
            In Group/Port: True
            In Sync Option: AUTO
            Out Sync Option: AUTO
            Interrupt generated: False
            Interrupt mode: NONE
            Drive mode: HI_Z_ANALOG
            VTrip: EITHER
            Slew: FAST
            Input Sync needed: False
            Output Sync needed: False
            SC shield enabled: False
            POR State: ANY
            LCD Mode: COMMON
            Register Mode: RegComb
            CaSense Mode: NEITHER
            Treat as pin: True
            Is OE Registered: False
            Uses Analog: True
            Can contain Digital: False
            Is SIO: False
            SIO Output Buf: NONREGULATED
            SIO Input Buf: SINGLE_ENDED
            SIO HiFreq: LOW
            SIO Hyst: DISABLED
            SIO Vtrip: MULTIPLIER_0_5
            SIO Multiplier Index: 0
            SIO RefSel: VCC_IO
            Required Capabilities: ANALOG
            Initial Value: 0
            IO Voltage: 0
        PORT MAP (
            pa_out => p3_4(0)__PA ,
            analog_term => Net_1 ,
            annotation => Net_18 ,
            pad => p3_4(0)_PAD );
        Properties:
        {
        }

    Pin : Name = p3_5(0)
        Attributes:
            In Group/Port: True
            In Sync Option: AUTO
            Out Sync Option: AUTO
            Interrupt generated: False
            Interrupt mode: NONE
            Drive mode: HI_Z_ANALOG
            VTrip: EITHER
            Slew: FAST
            Input Sync needed: False
            Output Sync needed: False
            SC shield enabled: False
            POR State: ANY
            LCD Mode: COMMON
            Register Mode: RegComb
            CaSense Mode: NEITHER
            Treat as pin: True
            Is OE Registered: False
            Uses Analog: True
            Can contain Digital: False
            Is SIO: False
            SIO Output Buf: NONREGULATED
            SIO Input Buf: SINGLE_ENDED
            SIO HiFreq: LOW
            SIO Hyst: DISABLED
            SIO Vtrip: MULTIPLIER_0_5
            SIO Multiplier Index: 0
            SIO RefSel: VCC_IO
            Required Capabilities: ANALOG
            Initial Value: 0
            IO Voltage: 0
        PORT MAP (
            pa_out => p3_5(0)__PA ,
            analog_term => Net_2 ,
            annotation => Net_9 ,
            pad => p3_5(0)_PAD );
        Properties:
        {
        }

    Pin : Name = p0_3(0)
        Attributes:
            In Group/Port: True
            In Sync Option: AUTO
            Out Sync Option: AUTO
            Interrupt generated: False
            Interrupt mode: NONE
            Drive mode: HI_Z_ANALOG
            VTrip: EITHER
            Slew: FAST
            Input Sync needed: False
            Output Sync needed: False
            SC shield enabled: False
            POR State: ANY
            LCD Mode: COMMON
            Register Mode: RegComb
            CaSense Mode: NEITHER
            Treat as pin: True
            Is OE Registered: False
            Uses Analog: True
            Can contain Digital: False
            Is SIO: False
            SIO Output Buf: NONREGULATED
            SIO Input Buf: SINGLE_ENDED
            SIO HiFreq: LOW
            SIO Hyst: DISABLED
            SIO Vtrip: MULTIPLIER_0_5
            SIO Multiplier Index: 0
            SIO RefSel: VCC_IO
            Required Capabilities: ANALOG
            Initial Value: 0
            IO Voltage: 0
        PORT MAP (
            pa_out => p0_3(0)__PA ,
            analog_term => Net_82 ,
            pad => p0_3(0)_PAD );
        Properties:
        {
        }

    Pin : Name = p0_2(0)
        Attributes:
            In Group/Port: True
            In Sync Option: AUTO
            Out Sync Option: NOSYNC
            Interrupt generated: False
            Interrupt mode: NONE
            Drive mode: CMOS_OUT
            VTrip: EITHER
            Slew: FAST
            Input Sync needed: False
            Output Sync needed: False
            SC shield enabled: False
            POR State: ANY
            LCD Mode: COMMON
            Register Mode: RegComb
            CaSense Mode: NEITHER
            Treat as pin: True
            Is OE Registered: False
            Uses Analog: False
            Can contain Digital: True
            Is SIO: False
            SIO Output Buf: NONREGULATED
            SIO Input Buf: SINGLE_ENDED
            SIO HiFreq: LOW
            SIO Hyst: DISABLED
            SIO Vtrip: MULTIPLIER_0_5
            SIO Multiplier Index: 0
            SIO RefSel: VCC_IO
            Required Capabilities: DIGITAL, ROUTABLE
            Initial Value: 0
            IO Voltage: 0
        PORT MAP (
            pa_out => p0_2(0)__PA ,
            pin_input => Net_79 ,
            pad => p0_2(0)_PAD );
        Properties:
        {
        }

    Pin : Name = p0_4(0)
        Attributes:
            In Group/Port: True
            In Sync Option: AUTO
            Out Sync Option: AUTO
            Interrupt generated: False
            Interrupt mode: NONE
            Drive mode: HI_Z_ANALOG
            VTrip: EITHER
            Slew: FAST
            Input Sync needed: False
            Output Sync needed: False
            SC shield enabled: False
            POR State: ANY
            LCD Mode: COMMON
            Register Mode: RegComb
            CaSense Mode: NEITHER
            Treat as pin: True
            Is OE Registered: False
            Uses Analog: True
            Can contain Digital: False
            Is SIO: False
            SIO Output Buf: NONREGULATED
            SIO Input Buf: SINGLE_ENDED
            SIO HiFreq: LOW
            SIO Hyst: DISABLED
            SIO Vtrip: MULTIPLIER_0_5
            SIO Multiplier Index: 0
            SIO RefSel: VCC_IO
            Required Capabilities: ANALOG
            Initial Value: 0
            IO Voltage: 0
        PORT MAP (
            pa_out => p0_4(0)__PA ,
            analog_term => Net_49 ,
            pad => p0_4(0)_PAD );
        Properties:
        {
        }

    Pin : Name = p3_0(0)
        Attributes:
            In Group/Port: True
            In Sync Option: AUTO
            Out Sync Option: NOSYNC
            Interrupt generated: False
            Interrupt mode: NONE
            Drive mode: CMOS_OUT
            VTrip: EITHER
            Slew: FAST
            Input Sync needed: False
            Output Sync needed: False
            SC shield enabled: False
            POR State: ANY
            LCD Mode: COMMON
            Register Mode: RegComb
            CaSense Mode: NEITHER
            Treat as pin: True
            Is OE Registered: False
            Uses Analog: False
            Can contain Digital: True
            Is SIO: False
            SIO Output Buf: NONREGULATED
            SIO Input Buf: SINGLE_ENDED
            SIO HiFreq: LOW
            SIO Hyst: DISABLED
            SIO Vtrip: MULTIPLIER_0_5
            SIO Multiplier Index: 0
            SIO RefSel: VCC_IO
            Required Capabilities: DIGITAL
            Initial Value: 1
            IO Voltage: 0
        PORT MAP (
            pa_out => p3_0(0)__PA ,
            pad => p3_0(0)_PAD );
        Properties:
        {
        }

    Pin : Name = p3_7(0)
        Attributes:
            In Group/Port: True
            In Sync Option: AUTO
            Out Sync Option: AUTO
            Interrupt generated: False
            Interrupt mode: NONE
            Drive mode: HI_Z_ANALOG
            VTrip: EITHER
            Slew: FAST
            Input Sync needed: False
            Output Sync needed: False
            SC shield enabled: False
            POR State: ANY
            LCD Mode: COMMON
            Register Mode: RegComb
            CaSense Mode: NEITHER
            Treat as pin: True
            Is OE Registered: False
            Uses Analog: True
            Can contain Digital: False
            Is SIO: False
            SIO Output Buf: NONREGULATED
            SIO Input Buf: SINGLE_ENDED
            SIO HiFreq: LOW
            SIO Hyst: DISABLED
            SIO Vtrip: MULTIPLIER_0_5
            SIO Multiplier Index: 0
            SIO RefSel: VCC_IO
            Required Capabilities: ANALOG
            Initial Value: 0
            IO Voltage: 0
        PORT MAP (
            pa_out => p3_7(0)__PA ,
            analog_term => Net_96 ,
            pad => p3_7(0)_PAD );
        Properties:
        {
        }

    Pin : Name = p0_5(0)
        Attributes:
            In Group/Port: True
            In Sync Option: AUTO
            Out Sync Option: NOSYNC
            Interrupt generated: False
            Interrupt mode: NONE
            Drive mode: CMOS_OUT
            VTrip: EITHER
            Slew: FAST
            Input Sync needed: False
            Output Sync needed: False
            SC shield enabled: False
            POR State: ANY
            LCD Mode: COMMON
            Register Mode: RegComb
            CaSense Mode: NEITHER
            Treat as pin: True
            Is OE Registered: False
            Uses Analog: False
            Can contain Digital: True
            Is SIO: False
            SIO Output Buf: NONREGULATED
            SIO Input Buf: SINGLE_ENDED
            SIO HiFreq: LOW
            SIO Hyst: DISABLED
            SIO Vtrip: MULTIPLIER_0_5
            SIO Multiplier Index: 0
            SIO RefSel: VCC_IO
            Required Capabilities: DIGITAL, ROUTABLE
            Initial Value: 0
            IO Voltage: 0
        PORT MAP (
            pa_out => p0_5(0)__PA ,
            pin_input => Net_104 ,
            pad => p0_5(0)_PAD );
        Properties:
        {
        }
    </CYPRESSTAG>
    <CYPRESSTAG name="Macrocell listing" icon="FILE_RPT_EQUATION">
    </CYPRESSTAG>
    <CYPRESSTAG name="Datapath listing">
    </CYPRESSTAG>
    <CYPRESSTAG name="Status register listing">
    </CYPRESSTAG>
    <CYPRESSTAG name="StatusI register listing">
    </CYPRESSTAG>
    <CYPRESSTAG name="Sync listing">
    </CYPRESSTAG>
    <CYPRESSTAG name="Control register listing">
    </CYPRESSTAG>
    <CYPRESSTAG name="Count7 listing">
    </CYPRESSTAG>
    <CYPRESSTAG name="DRQ listing">
    </CYPRESSTAG>
    <CYPRESSTAG name="Interrupt listing">

    ------------------------------------------------------------
    Interrupt listing
    ------------------------------------------------------------

    interrupt: Name =\ADC_SAR_1:IRQ\
        PORT MAP (
            interrupt => Net_79 );
        Properties:
        {
            int_type = "10"
            is_nmi = 0
        }
    </CYPRESSTAG>
</CYPRESSTAG>
<CYPRESSTAG name="Technology mapping summary" expanded>

------------------------------------------------------------
Technology mapping summary
------------------------------------------------------------

Resource Type                 : Used : Free :  Max :  % Used
============================================================
Digital Clocks                :    1 :    7 :    8 : 12.50 %
Analog Clocks                 :    0 :    4 :    4 :  0.00 %
CapSense Buffers              :    0 :    2 :    2 :  0.00 %
Digital Filter Block          :    0 :    1 :    1 :  0.00 %
Interrupts                    :    1 :   31 :   32 :  3.13 %
IO                            :   18 :   54 :   72 : 25.00 %
Segment LCD                   :    0 :    1 :    1 :  0.00 %
CAN 2.0b                      :    0 :    1 :    1 :  0.00 %
I2C                           :    0 :    1 :    1 :  0.00 %
USB                           :    0 :    1 :    1 :  0.00 %
DMA Channels                  :    0 :   24 :   24 :  0.00 %
Timer                         :    0 :    4 :    4 :  0.00 %
UDB                           :      :      :      :        
  Macrocells                  :    0 :  192 :  192 :  0.00 %
  Unique P-terms              :    0 :  384 :  384 :  0.00 %
  Total P-terms               :    0 :      :      :        
  Datapath Cells              :    0 :   24 :   24 :  0.00 %
  Status Cells                :    0 :   24 :   24 :  0.00 %
  Control Cells               :    0 :   24 :   24 :  0.00 %
Opamp                         :    1 :    3 :    4 : 25.00 %
Comparator                    :    1 :    3 :    4 : 25.00 %
Delta-Sigma ADC               :    0 :    1 :    1 :  0.00 %
LPF                           :    0 :    2 :    2 :  0.00 %
SAR ADC                       :    1 :    1 :    2 : 50.00 %
Analog (SC/CT) Blocks         :    1 :    3 :    4 : 25.00 %
DAC                           :      :      :      :        
  VIDAC                       :    2 :    2 :    4 : 50.00 %
</CYPRESSTAG>
Technology Mapping: Elapsed time ==> 0s.100ms
Tech Mapping phase: Elapsed time ==> 0s.222ms
</CYPRESSTAG>
<CYPRESSTAG name="Analog Placement">
Initial Analog Placement Results:
IO_0@[IOP=(2)][IoId=(0)] : \LCD_Char_1:LCDPort(0)\ (fixed)
IO_1@[IOP=(2)][IoId=(1)] : \LCD_Char_1:LCDPort(1)\ (fixed)
IO_2@[IOP=(2)][IoId=(2)] : \LCD_Char_1:LCDPort(2)\ (fixed)
IO_3@[IOP=(2)][IoId=(3)] : \LCD_Char_1:LCDPort(3)\ (fixed)
IO_4@[IOP=(2)][IoId=(4)] : \LCD_Char_1:LCDPort(4)\ (fixed)
IO_5@[IOP=(2)][IoId=(5)] : \LCD_Char_1:LCDPort(5)\ (fixed)
IO_6@[IOP=(2)][IoId=(6)] : \LCD_Char_1:LCDPort(6)\ (fixed)
IO_2@[IOP=(0)][IoId=(2)] : p0_2(0) (fixed)
IO_3@[IOP=(0)][IoId=(3)] : p0_3(0) (fixed)
IO_4@[IOP=(0)][IoId=(4)] : p0_4(0) (fixed)
IO_5@[IOP=(0)][IoId=(5)] : p0_5(0) (fixed)
IO_0@[IOP=(3)][IoId=(0)] : p3_0(0) (fixed)
IO_4@[IOP=(3)][IoId=(4)] : p3_4(0) (fixed)
IO_5@[IOP=(3)][IoId=(5)] : p3_5(0) (fixed)
IO_7@[IOP=(3)][IoId=(7)] : p3_7(0) (fixed)
SAR[0]@[FFB(SAR,0)] : \ADC_SAR_1:ADC_SAR\
Vref[3]@[FFB(Vref,3)] : \ADC_SAR_1:vRef_1024\
OpAmp[2]@[FFB(OpAmp,2)] : \Opamp_1:ABuf\ (OPAMP-GPIO)
SC[3]@[FFB(SC,3)] : \PGA_1:SC\
VIDAC[1]@[FFB(VIDAC,1)] : \VDAC8_1:viDAC8\
VIDAC[3]@[FFB(VIDAC,3)] : \VDAC8_2:viDAC8\
Comparator[0]@[FFB(Comparator,0)] : autoVrefComparator_0
Vref[10]@[FFB(Vref,10)] : vRef_1__auto_enable
IO_0@[IOP=(0)][IoId=(0)] : Dedicated_Output (OPAMP-GPIO)
Log: apr.M0058: The analog placement iterative improvement is 37% done. (App=cydsfit)
Log: apr.M0058: The analog placement iterative improvement is 61% done. (App=cydsfit)
Analog Placement Results:
IO_0@[IOP=(2)][IoId=(0)] : \LCD_Char_1:LCDPort(0)\ (fixed)
IO_1@[IOP=(2)][IoId=(1)] : \LCD_Char_1:LCDPort(1)\ (fixed)
IO_2@[IOP=(2)][IoId=(2)] : \LCD_Char_1:LCDPort(2)\ (fixed)
IO_3@[IOP=(2)][IoId=(3)] : \LCD_Char_1:LCDPort(3)\ (fixed)
IO_4@[IOP=(2)][IoId=(4)] : \LCD_Char_1:LCDPort(4)\ (fixed)
IO_5@[IOP=(2)][IoId=(5)] : \LCD_Char_1:LCDPort(5)\ (fixed)
IO_6@[IOP=(2)][IoId=(6)] : \LCD_Char_1:LCDPort(6)\ (fixed)
IO_2@[IOP=(0)][IoId=(2)] : p0_2(0) (fixed)
IO_3@[IOP=(0)][IoId=(3)] : p0_3(0) (fixed)
IO_4@[IOP=(0)][IoId=(4)] : p0_4(0) (fixed)
IO_5@[IOP=(0)][IoId=(5)] : p0_5(0) (fixed)
IO_0@[IOP=(3)][IoId=(0)] : p3_0(0) (fixed)
IO_4@[IOP=(3)][IoId=(4)] : p3_4(0) (fixed)
IO_5@[IOP=(3)][IoId=(5)] : p3_5(0) (fixed)
IO_7@[IOP=(3)][IoId=(7)] : p3_7(0) (fixed)
SAR[1]@[FFB(SAR,1)] : \ADC_SAR_1:ADC_SAR\
Vref[3]@[FFB(Vref,3)] : \ADC_SAR_1:vRef_1024\
OpAmp[2]@[FFB(OpAmp,2)] : \Opamp_1:ABuf\ (OPAMP-GPIO)
SC[3]@[FFB(SC,3)] : \PGA_1:SC\
VIDAC[0]@[FFB(VIDAC,0)] : \VDAC8_1:viDAC8\
VIDAC[2]@[FFB(VIDAC,2)] : \VDAC8_2:viDAC8\
Comparator[2]@[FFB(Comparator,2)] : autoVrefComparator_0
Vref[10]@[FFB(Vref,10)] : vRef_1__auto_enable
IO_0@[IOP=(0)][IoId=(0)] : Dedicated_Output (OPAMP-GPIO)

Analog Placement phase: Elapsed time ==> 2s.467ms
</CYPRESSTAG>
<CYPRESSTAG name="Analog Routing">
Net "Net_96" overuses wire "AGR[6]"
Net "Net_19__auto_enable" overuses wire "AGR[6]"
Net "\ADC_SAR_1:Net_233\" overuses wire "AGR[6]"
Net "Net_2" overuses wire "SIO Ref[1] Sw__1b"
Net "Net_2" overuses wire "SIO Ref[1] Sw__0b"
Net "Net_2" overuses wire "AGL[4]"
Net "Net_49" overuses wire "AGL[4]"
Net "__vref_1024_master__" overuses wire "AGR[6]"
Analog Routing phase: Elapsed time ==> 0s.051ms
</CYPRESSTAG>
<CYPRESSTAG name="Analog Code Generation">
Info: apr.M0060: Comparator 'Comparator[2]@[FFB(Comparator,2)]' is powered up by analog subsystem to support an auto-enabled vref. (App=cydsfit)
============ Analog Final Answer Routes ============
Dump of CyAnalogRoutingResultsDB
Map of net to items {
  Net: Net_96 {
    p3_7
    agr7_x_p3_7
    agr7
    agr7_x_sar_1_vplus
    sar_1_vplus
    agr2_x_sar_1_vplus
    agr2
    agr2_x_sc_3_vout
    sc_3_vout
  }
  Net: Net_19__auto_enable {
    common_vref_1024
    comp_13_vref_1024
    comp_1_vminus_x_comp_13_vref_1024
    comp_1_vminus
    agr6_x_comp_1_vminus
    agr6
    agr6_x_sar_1_vminus
    sar_1_vminus
    comp_02_vref_1024
    comp_02_vref_1024_x_comp_2_vminus
    comp_2_vminus
  }
  Net: \ADC_SAR_1:Net_209\ {
  }
  Net: \ADC_SAR_1:Net_233\ {
    common_vref_1024
    comp_13_vref_1024
    comp_1_vminus_x_comp_13_vref_1024
    comp_1_vminus
    agr6_x_comp_1_vminus
    agr6
    agr6_x_sar_1_vminus
    sar_1_vminus
    comp_02_vref_1024
    comp_02_vref_1024_x_comp_2_vminus
    comp_2_vminus
    sar_1_vref_1024
    sar_1_vref_x_sar_1_vref_1024
    sar_1_vref
    opamp_02_vref_1024
    opamp_02_vref_1024_x_opamp_2_vplus
    opamp_2_vplus
  }
  Net: \ADC_SAR_1:Net_255\ {
  }
  Net: Net_2 {
    p3_5
    agr5_x_p3_5
    agr5
    agl5_x_agr5
    agl5
    agl5_x_opamp_2_vminus
    opamp_2_vminus
    opamp_2_vminus_x_p0_0
    p0_0
    agr5_x_sc_3_vref
    sc_3_vref
  }
  Net: Net_1 {
    p3_4
    agr4_x_p3_4
    agr4
    agr4_x_sc_3_vin
    sc_3_vin
  }
  Net: Net_49 {
    p0_4
    agl4_x_p0_4
    agl4
    agl4_x_dsm_0_vplus
    dsm_0_vplus
    agl1_x_dsm_0_vplus
    agl1
    agl1_x_vidac_0_vout
    vidac_0_vout
  }
  Net: \VDAC8_1:Net_77\ {
  }
  Net: Net_82 {
    p0_3
    amuxbusl_x_p0_3
    amuxbusl
    amuxbusl_x_vidac_2_vout
    vidac_2_vout
  }
  Net: \VDAC8_2:Net_77\ {
  }
  Net: __vref_1024_master__ {
    common_vref_1024
    comp_13_vref_1024
    comp_1_vminus_x_comp_13_vref_1024
    comp_1_vminus
    agr6_x_comp_1_vminus
    agr6
    agr6_x_sar_1_vminus
    sar_1_vminus
    comp_02_vref_1024
    comp_02_vref_1024_x_comp_2_vminus
    comp_2_vminus
    sar_1_vref_1024
    sar_1_vref_x_sar_1_vref_1024
    sar_1_vref
    opamp_02_vref_1024
    opamp_02_vref_1024_x_opamp_2_vplus
    opamp_2_vplus
  }
}
Map of item to net {
  p3_7                                             -> Net_96
  agr7_x_p3_7                                      -> Net_96
  agr7                                             -> Net_96
  agr7_x_sar_1_vplus                               -> Net_96
  sar_1_vplus                                      -> Net_96
  agr2_x_sar_1_vplus                               -> Net_96
  agr2                                             -> Net_96
  agr2_x_sc_3_vout                                 -> Net_96
  sc_3_vout                                        -> Net_96
  common_vref_1024                                 -> Net_19__auto_enable
  comp_13_vref_1024                                -> Net_19__auto_enable
  comp_1_vminus_x_comp_13_vref_1024                -> Net_19__auto_enable
  comp_1_vminus                                    -> Net_19__auto_enable
  agr6_x_comp_1_vminus                             -> Net_19__auto_enable
  agr6                                             -> Net_19__auto_enable
  agr6_x_sar_1_vminus                              -> Net_19__auto_enable
  sar_1_vminus                                     -> Net_19__auto_enable
  comp_02_vref_1024                                -> Net_19__auto_enable
  comp_02_vref_1024_x_comp_2_vminus                -> Net_19__auto_enable
  comp_2_vminus                                    -> Net_19__auto_enable
  sar_1_vref_1024                                  -> \ADC_SAR_1:Net_233\
  sar_1_vref_x_sar_1_vref_1024                     -> \ADC_SAR_1:Net_233\
  sar_1_vref                                       -> \ADC_SAR_1:Net_233\
  opamp_02_vref_1024                               -> \ADC_SAR_1:Net_233\
  opamp_02_vref_1024_x_opamp_2_vplus               -> \ADC_SAR_1:Net_233\
  opamp_2_vplus                                    -> \ADC_SAR_1:Net_233\
  p3_5                                             -> Net_2
  agr5_x_p3_5                                      -> Net_2
  agr5                                             -> Net_2
  agl5_x_agr5                                      -> Net_2
  agl5                                             -> Net_2
  agl5_x_opamp_2_vminus                            -> Net_2
  opamp_2_vminus                                   -> Net_2
  opamp_2_vminus_x_p0_0                            -> Net_2
  p0_0                                             -> Net_2
  agr5_x_sc_3_vref                                 -> Net_2
  sc_3_vref                                        -> Net_2
  p3_4                                             -> Net_1
  agr4_x_p3_4                                      -> Net_1
  agr4                                             -> Net_1
  agr4_x_sc_3_vin                                  -> Net_1
  sc_3_vin                                         -> Net_1
  p0_4                                             -> Net_49
  agl4_x_p0_4                                      -> Net_49
  agl4                                             -> Net_49
  agl4_x_dsm_0_vplus                               -> Net_49
  dsm_0_vplus                                      -> Net_49
  agl1_x_dsm_0_vplus                               -> Net_49
  agl1                                             -> Net_49
  agl1_x_vidac_0_vout                              -> Net_49
  vidac_0_vout                                     -> Net_49
  p0_3                                             -> Net_82
  amuxbusl_x_p0_3                                  -> Net_82
  amuxbusl                                         -> Net_82
  amuxbusl_x_vidac_2_vout                          -> Net_82
  vidac_2_vout                                     -> Net_82
}
Mux Info {
}
Dump of CyP35AnalogRoutingResultsDB
IsVddaHalfUsedForComp = False
IsVddaHalfUsedForSar0 = False
IsVddaHalfUsedForSar1 = False
Analog Code Generation phase: Elapsed time ==> 0s.397ms
</CYPRESSTAG>
<CYPRESSTAG name="Digital Placement">
<CYPRESSTAG name="Detailed placement messages">
I2659: No Constrained paths were found. The placer will run in non-timing driven mode.
I2076: Total run-time: 1.0 sec.

</CYPRESSTAG>
<CYPRESSTAG name="PLD Packing">
<CYPRESSTAG name="PLD Packing Summary">
No PLDs were packed.
</CYPRESSTAG>
PLD Packing: Elapsed time ==> 0s.000ms
</CYPRESSTAG>
<CYPRESSTAG name="Partitioning">
<CYPRESSTAG name="Initial Partitioning Summary">
Initial Partitioning Summary not displayed at this verbose level.</CYPRESSTAG>
<CYPRESSTAG name="Final Partitioning Summary">
Final Partitioning Summary not displayed at this verbose level.</CYPRESSTAG>
Partitioning: Elapsed time ==> 0s.059ms
</CYPRESSTAG>
<CYPRESSTAG name="Final Placement Summary">

------------------------------------------------------------
Final Placement Summary
------------------------------------------------------------

       Resource Type :      Count : Avg Inputs : Avg Outputs
    ========================================================
                 UDB :          0 :       0.00 :       0.00
<CYPRESSTAG name="Final Placement Details">
<CYPRESSTAG name="Component Details">

------------------------------------------------------------
Component Placement Details
------------------------------------------------------------
UDB [UDB=(0,0)] is empty.
UDB [UDB=(0,1)] is empty.
UDB [UDB=(0,2)] is empty.
UDB [UDB=(0,3)] is empty.
UDB [UDB=(0,4)] is empty.
UDB [UDB=(0,5)] is empty.
UDB [UDB=(1,0)] is empty.
UDB [UDB=(1,1)] is empty.
UDB [UDB=(1,2)] is empty.
UDB [UDB=(1,3)] is empty.
UDB [UDB=(1,4)] is empty.
UDB [UDB=(1,5)] is empty.
UDB [UDB=(2,0)] is empty.
UDB [UDB=(2,1)] is empty.
UDB [UDB=(2,2)] is empty.
UDB [UDB=(2,3)] is empty.
UDB [UDB=(2,4)] is empty.
UDB [UDB=(2,5)] is empty.
UDB [UDB=(3,0)] is empty.
UDB [UDB=(3,1)] is empty.
UDB [UDB=(3,2)] is empty.
UDB [UDB=(3,3)] is empty.
UDB [UDB=(3,4)] is empty.
UDB [UDB=(3,5)] is empty.
Intr container @ [IntrContainer=(0)]: 
  Intr@ [IntrContainer=(0)][IntrId=(0)] 
    interrupt: Name =\ADC_SAR_1:IRQ\
        PORT MAP (
            interrupt => Net_79 );
        Properties:
        {
            int_type = "10"
            is_nmi = 0
        }
Drq container @ [DrqContainer=(0)]: empty
Port 0 contains the following IO cells:
[IoId=0]: 
Pin : Name = Dedicated_Output
    Attributes:
        In Group/Port: False
        In Sync Option: AUTO
        Out Sync Option: AUTO
        Interrupt generated: False
        Interrupt mode: NONE
        Drive mode: HI_Z_ANALOG
        VTrip: EITHER
        Slew: FAST
        Input Sync needed: False
        Output Sync needed: False
        SC shield enabled: False
        POR State: ANY
        LCD Mode: COMMON
        Register Mode: RegComb
        CaSense Mode: NEITHER
        Treat as pin: True
        Is OE Registered: False
        Uses Analog: True
        Can contain Digital: False
        Is SIO: False
        SIO Output Buf: NONREGULATED
        SIO Input Buf: SINGLE_ENDED
        SIO HiFreq: LOW
        SIO Hyst: DISABLED
        SIO Vtrip: MULTIPLIER_0_5
        SIO Multiplier Index: 0
        SIO RefSel: VCC_IO
        Required Capabilities: ANALOG
        Initial Value: 0
        IO Voltage: 0
    PORT MAP (
        pa_out => Dedicated_Output__PA ,
        analog_term => Net_2 );
    Properties:
    {
    }

[IoId=2]: 
Pin : Name = p0_2(0)
    Attributes:
        In Group/Port: True
        In Sync Option: AUTO
        Out Sync Option: NOSYNC
        Interrupt generated: False
        Interrupt mode: NONE
        Drive mode: CMOS_OUT
        VTrip: EITHER
        Slew: FAST
        Input Sync needed: False
        Output Sync needed: False
        SC shield enabled: False
        POR State: ANY
        LCD Mode: COMMON
        Register Mode: RegComb
        CaSense Mode: NEITHER
        Treat as pin: True
        Is OE Registered: False
        Uses Analog: False
        Can contain Digital: True
        Is SIO: False
        SIO Output Buf: NONREGULATED
        SIO Input Buf: SINGLE_ENDED
        SIO HiFreq: LOW
        SIO Hyst: DISABLED
        SIO Vtrip: MULTIPLIER_0_5
        SIO Multiplier Index: 0
        SIO RefSel: VCC_IO
        Required Capabilities: DIGITAL, ROUTABLE
        Initial Value: 0
        IO Voltage: 0
    PORT MAP (
        pa_out => p0_2(0)__PA ,
        pin_input => Net_79 ,
        pad => p0_2(0)_PAD );
    Properties:
    {
    }

[IoId=3]: 
Pin : Name = p0_3(0)
    Attributes:
        In Group/Port: True
        In Sync Option: AUTO
        Out Sync Option: AUTO
        Interrupt generated: False
        Interrupt mode: NONE
        Drive mode: HI_Z_ANALOG
        VTrip: EITHER
        Slew: FAST
        Input Sync needed: False
        Output Sync needed: False
        SC shield enabled: False
        POR State: ANY
        LCD Mode: COMMON
        Register Mode: RegComb
        CaSense Mode: NEITHER
        Treat as pin: True
        Is OE Registered: False
        Uses Analog: True
        Can contain Digital: False
        Is SIO: False
        SIO Output Buf: NONREGULATED
        SIO Input Buf: SINGLE_ENDED
        SIO HiFreq: LOW
        SIO Hyst: DISABLED
        SIO Vtrip: MULTIPLIER_0_5
        SIO Multiplier Index: 0
        SIO RefSel: VCC_IO
        Required Capabilities: ANALOG
        Initial Value: 0
        IO Voltage: 0
    PORT MAP (
        pa_out => p0_3(0)__PA ,
        analog_term => Net_82 ,
        pad => p0_3(0)_PAD );
    Properties:
    {
    }

[IoId=4]: 
Pin : Name = p0_4(0)
    Attributes:
        In Group/Port: True
        In Sync Option: AUTO
        Out Sync Option: AUTO
        Interrupt generated: False
        Interrupt mode: NONE
        Drive mode: HI_Z_ANALOG
        VTrip: EITHER
        Slew: FAST
        Input Sync needed: False
        Output Sync needed: False
        SC shield enabled: False
        POR State: ANY
        LCD Mode: COMMON
        Register Mode: RegComb
        CaSense Mode: NEITHER
        Treat as pin: True
        Is OE Registered: False
        Uses Analog: True
        Can contain Digital: False
        Is SIO: False
        SIO Output Buf: NONREGULATED
        SIO Input Buf: SINGLE_ENDED
        SIO HiFreq: LOW
        SIO Hyst: DISABLED
        SIO Vtrip: MULTIPLIER_0_5
        SIO Multiplier Index: 0
        SIO RefSel: VCC_IO
        Required Capabilities: ANALOG
        Initial Value: 0
        IO Voltage: 0
    PORT MAP (
        pa_out => p0_4(0)__PA ,
        analog_term => Net_49 ,
        pad => p0_4(0)_PAD );
    Properties:
    {
    }

[IoId=5]: 
Pin : Name = p0_5(0)
    Attributes:
        In Group/Port: True
        In Sync Option: AUTO
        Out Sync Option: NOSYNC
        Interrupt generated: False
        Interrupt mode: NONE
        Drive mode: CMOS_OUT
        VTrip: EITHER
        Slew: FAST
        Input Sync needed: False
        Output Sync needed: False
        SC shield enabled: False
        POR State: ANY
        LCD Mode: COMMON
        Register Mode: RegComb
        CaSense Mode: NEITHER
        Treat as pin: True
        Is OE Registered: False
        Uses Analog: False
        Can contain Digital: True
        Is SIO: False
        SIO Output Buf: NONREGULATED
        SIO Input Buf: SINGLE_ENDED
        SIO HiFreq: LOW
        SIO Hyst: DISABLED
        SIO Vtrip: MULTIPLIER_0_5
        SIO Multiplier Index: 0
        SIO RefSel: VCC_IO
        Required Capabilities: DIGITAL, ROUTABLE
        Initial Value: 0
        IO Voltage: 0
    PORT MAP (
        pa_out => p0_5(0)__PA ,
        pin_input => Net_104 ,
        pad => p0_5(0)_PAD );
    Properties:
    {
    }

Port 1 contains the following IO cells:
Port 2 contains the following IO cells:
[IoId=0]: 
Pin : Name = \LCD_Char_1:LCDPort(0)\
    Attributes:
        In Group/Port: True
        In Sync Option: AUTO
        Out Sync Option: NOSYNC
        Interrupt generated: False
        Interrupt mode: NONE
        Drive mode: CMOS_OUT
        VTrip: EITHER
        Slew: FAST
        Input Sync needed: False
        Output Sync needed: False
        SC shield enabled: False
        POR State: ANY
        LCD Mode: COMMON
        Register Mode: RegComb
        CaSense Mode: NEITHER
        Treat as pin: False
        Is OE Registered: False
        Uses Analog: False
        Can contain Digital: True
        Is SIO: False
        SIO Output Buf: NONREGULATED
        SIO Input Buf: SINGLE_ENDED
        SIO HiFreq: LOW
        SIO Hyst: DISABLED
        SIO Vtrip: MULTIPLIER_0_5
        SIO Multiplier Index: 0
        SIO RefSel: VCC_IO
        Required Capabilities: DIGITAL
        Initial Value: 0
        IO Voltage: 0
    PORT MAP (
        pa_out => \LCD_Char_1:LCDPort(0)\__PA ,
        pad => \LCD_Char_1:LCDPort(0)_PAD\ );
    Properties:
    {
    }

[IoId=1]: 
Pin : Name = \LCD_Char_1:LCDPort(1)\
    Attributes:
        In Group/Port: True
        In Sync Option: AUTO
        Out Sync Option: NOSYNC
        Interrupt generated: False
        Interrupt mode: NONE
        Drive mode: CMOS_OUT
        VTrip: EITHER
        Slew: FAST
        Input Sync needed: False
        Output Sync needed: False
        SC shield enabled: False
        POR State: ANY
        LCD Mode: COMMON
        Register Mode: RegComb
        CaSense Mode: NEITHER
        Treat as pin: False
        Is OE Registered: False
        Uses Analog: False
        Can contain Digital: True
        Is SIO: False
        SIO Output Buf: NONREGULATED
        SIO Input Buf: SINGLE_ENDED
        SIO HiFreq: LOW
        SIO Hyst: DISABLED
        SIO Vtrip: MULTIPLIER_0_5
        SIO Multiplier Index: 0
        SIO RefSel: VCC_IO
        Required Capabilities: DIGITAL
        Initial Value: 0
        IO Voltage: 0
    PORT MAP (
        pa_out => \LCD_Char_1:LCDPort(1)\__PA ,
        pad => \LCD_Char_1:LCDPort(1)_PAD\ );
    Properties:
    {
    }

[IoId=2]: 
Pin : Name = \LCD_Char_1:LCDPort(2)\
    Attributes:
        In Group/Port: True
        In Sync Option: AUTO
        Out Sync Option: NOSYNC
        Interrupt generated: False
        Interrupt mode: NONE
        Drive mode: CMOS_OUT
        VTrip: EITHER
        Slew: FAST
        Input Sync needed: False
        Output Sync needed: False
        SC shield enabled: False
        POR State: ANY
        LCD Mode: COMMON
        Register Mode: RegComb
        CaSense Mode: NEITHER
        Treat as pin: False
        Is OE Registered: False
        Uses Analog: False
        Can contain Digital: True
        Is SIO: False
        SIO Output Buf: NONREGULATED
        SIO Input Buf: SINGLE_ENDED
        SIO HiFreq: LOW
        SIO Hyst: DISABLED
        SIO Vtrip: MULTIPLIER_0_5
        SIO Multiplier Index: 0
        SIO RefSel: VCC_IO
        Required Capabilities: DIGITAL
        Initial Value: 0
        IO Voltage: 0
    PORT MAP (
        pa_out => \LCD_Char_1:LCDPort(2)\__PA ,
        pad => \LCD_Char_1:LCDPort(2)_PAD\ );
    Properties:
    {
    }

[IoId=3]: 
Pin : Name = \LCD_Char_1:LCDPort(3)\
    Attributes:
        In Group/Port: True
        In Sync Option: AUTO
        Out Sync Option: NOSYNC
        Interrupt generated: False
        Interrupt mode: NONE
        Drive mode: CMOS_OUT
        VTrip: EITHER
        Slew: FAST
        Input Sync needed: False
        Output Sync needed: False
        SC shield enabled: False
        POR State: ANY
        LCD Mode: COMMON
        Register Mode: RegComb
        CaSense Mode: NEITHER
        Treat as pin: False
        Is OE Registered: False
        Uses Analog: False
        Can contain Digital: True
        Is SIO: False
        SIO Output Buf: NONREGULATED
        SIO Input Buf: SINGLE_ENDED
        SIO HiFreq: LOW
        SIO Hyst: DISABLED
        SIO Vtrip: MULTIPLIER_0_5
        SIO Multiplier Index: 0
        SIO RefSel: VCC_IO
        Required Capabilities: DIGITAL
        Initial Value: 0
        IO Voltage: 0
    PORT MAP (
        pa_out => \LCD_Char_1:LCDPort(3)\__PA ,
        pad => \LCD_Char_1:LCDPort(3)_PAD\ );
    Properties:
    {
    }

[IoId=4]: 
Pin : Name = \LCD_Char_1:LCDPort(4)\
    Attributes:
        In Group/Port: True
        In Sync Option: AUTO
        Out Sync Option: NOSYNC
        Interrupt generated: False
        Interrupt mode: NONE
        Drive mode: CMOS_OUT
        VTrip: EITHER
        Slew: FAST
        Input Sync needed: False
        Output Sync needed: False
        SC shield enabled: False
        POR State: ANY
        LCD Mode: COMMON
        Register Mode: RegComb
        CaSense Mode: NEITHER
        Treat as pin: False
        Is OE Registered: False
        Uses Analog: False
        Can contain Digital: True
        Is SIO: False
        SIO Output Buf: NONREGULATED
        SIO Input Buf: SINGLE_ENDED
        SIO HiFreq: LOW
        SIO Hyst: DISABLED
        SIO Vtrip: MULTIPLIER_0_5
        SIO Multiplier Index: 0
        SIO RefSel: VCC_IO
        Required Capabilities: DIGITAL
        Initial Value: 0
        IO Voltage: 0
    PORT MAP (
        pa_out => \LCD_Char_1:LCDPort(4)\__PA ,
        pad => \LCD_Char_1:LCDPort(4)_PAD\ );
    Properties:
    {
    }

[IoId=5]: 
Pin : Name = \LCD_Char_1:LCDPort(5)\
    Attributes:
        In Group/Port: True
        In Sync Option: AUTO
        Out Sync Option: NOSYNC
        Interrupt generated: False
        Interrupt mode: NONE
        Drive mode: CMOS_OUT
        VTrip: EITHER
        Slew: FAST
        Input Sync needed: False
        Output Sync needed: False
        SC shield enabled: False
        POR State: ANY
        LCD Mode: COMMON
        Register Mode: RegComb
        CaSense Mode: NEITHER
        Treat as pin: False
        Is OE Registered: False
        Uses Analog: False
        Can contain Digital: True
        Is SIO: False
        SIO Output Buf: NONREGULATED
        SIO Input Buf: SINGLE_ENDED
        SIO HiFreq: LOW
        SIO Hyst: DISABLED
        SIO Vtrip: MULTIPLIER_0_5
        SIO Multiplier Index: 0
        SIO RefSel: VCC_IO
        Required Capabilities: DIGITAL
        Initial Value: 0
        IO Voltage: 0
    PORT MAP (
        pa_out => \LCD_Char_1:LCDPort(5)\__PA ,
        pad => \LCD_Char_1:LCDPort(5)_PAD\ );
    Properties:
    {
    }

[IoId=6]: 
Pin : Name = \LCD_Char_1:LCDPort(6)\
    Attributes:
        In Group/Port: True
        In Sync Option: AUTO
        Out Sync Option: NOSYNC
        Interrupt generated: False
        Interrupt mode: NONE
        Drive mode: CMOS_OUT
        VTrip: EITHER
        Slew: FAST
        Input Sync needed: False
        Output Sync needed: False
        SC shield enabled: False
        POR State: ANY
        LCD Mode: COMMON
        Register Mode: RegComb
        CaSense Mode: NEITHER
        Treat as pin: False
        Is OE Registered: False
        Uses Analog: False
        Can contain Digital: True
        Is SIO: False
        SIO Output Buf: NONREGULATED
        SIO Input Buf: SINGLE_ENDED
        SIO HiFreq: LOW
        SIO Hyst: DISABLED
        SIO Vtrip: MULTIPLIER_0_5
        SIO Multiplier Index: 0
        SIO RefSel: VCC_IO
        Required Capabilities: DIGITAL
        Initial Value: 0
        IO Voltage: 0
    PORT MAP (
        pa_out => \LCD_Char_1:LCDPort(6)\__PA ,
        pad => \LCD_Char_1:LCDPort(6)_PAD\ );
    Properties:
    {
    }

Port 3 contains the following IO cells:
[IoId=0]: 
Pin : Name = p3_0(0)
    Attributes:
        In Group/Port: True
        In Sync Option: AUTO
        Out Sync Option: NOSYNC
        Interrupt generated: False
        Interrupt mode: NONE
        Drive mode: CMOS_OUT
        VTrip: EITHER
        Slew: FAST
        Input Sync needed: False
        Output Sync needed: False
        SC shield enabled: False
        POR State: ANY
        LCD Mode: COMMON
        Register Mode: RegComb
        CaSense Mode: NEITHER
        Treat as pin: True
        Is OE Registered: False
        Uses Analog: False
        Can contain Digital: True
        Is SIO: False
        SIO Output Buf: NONREGULATED
        SIO Input Buf: SINGLE_ENDED
        SIO HiFreq: LOW
        SIO Hyst: DISABLED
        SIO Vtrip: MULTIPLIER_0_5
        SIO Multiplier Index: 0
        SIO RefSel: VCC_IO
        Required Capabilities: DIGITAL
        Initial Value: 1
        IO Voltage: 0
    PORT MAP (
        pa_out => p3_0(0)__PA ,
        pad => p3_0(0)_PAD );
    Properties:
    {
    }

[IoId=4]: 
Pin : Name = p3_4(0)
    Attributes:
        In Group/Port: True
        In Sync Option: AUTO
        Out Sync Option: AUTO
        Interrupt generated: False
        Interrupt mode: NONE
        Drive mode: HI_Z_ANALOG
        VTrip: EITHER
        Slew: FAST
        Input Sync needed: False
        Output Sync needed: False
        SC shield enabled: False
        POR State: ANY
        LCD Mode: COMMON
        Register Mode: RegComb
        CaSense Mode: NEITHER
        Treat as pin: True
        Is OE Registered: False
        Uses Analog: True
        Can contain Digital: False
        Is SIO: False
        SIO Output Buf: NONREGULATED
        SIO Input Buf: SINGLE_ENDED
        SIO HiFreq: LOW
        SIO Hyst: DISABLED
        SIO Vtrip: MULTIPLIER_0_5
        SIO Multiplier Index: 0
        SIO RefSel: VCC_IO
        Required Capabilities: ANALOG
        Initial Value: 0
        IO Voltage: 0
    PORT MAP (
        pa_out => p3_4(0)__PA ,
        analog_term => Net_1 ,
        annotation => Net_18 ,
        pad => p3_4(0)_PAD );
    Properties:
    {
    }

[IoId=5]: 
Pin : Name = p3_5(0)
    Attributes:
        In Group/Port: True
        In Sync Option: AUTO
        Out Sync Option: AUTO
        Interrupt generated: False
        Interrupt mode: NONE
        Drive mode: HI_Z_ANALOG
        VTrip: EITHER
        Slew: FAST
        Input Sync needed: False
        Output Sync needed: False
        SC shield enabled: False
        POR State: ANY
        LCD Mode: COMMON
        Register Mode: RegComb
        CaSense Mode: NEITHER
        Treat as pin: True
        Is OE Registered: False
        Uses Analog: True
        Can contain Digital: False
        Is SIO: False
        SIO Output Buf: NONREGULATED
        SIO Input Buf: SINGLE_ENDED
        SIO HiFreq: LOW
        SIO Hyst: DISABLED
        SIO Vtrip: MULTIPLIER_0_5
        SIO Multiplier Index: 0
        SIO RefSel: VCC_IO
        Required Capabilities: ANALOG
        Initial Value: 0
        IO Voltage: 0
    PORT MAP (
        pa_out => p3_5(0)__PA ,
        analog_term => Net_2 ,
        annotation => Net_9 ,
        pad => p3_5(0)_PAD );
    Properties:
    {
    }

[IoId=7]: 
Pin : Name = p3_7(0)
    Attributes:
        In Group/Port: True
        In Sync Option: AUTO
        Out Sync Option: AUTO
        Interrupt generated: False
        Interrupt mode: NONE
        Drive mode: HI_Z_ANALOG
        VTrip: EITHER
        Slew: FAST
        Input Sync needed: False
        Output Sync needed: False
        SC shield enabled: False
        POR State: ANY
        LCD Mode: COMMON
        Register Mode: RegComb
        CaSense Mode: NEITHER
        Treat as pin: True
        Is OE Registered: False
        Uses Analog: True
        Can contain Digital: False
        Is SIO: False
        SIO Output Buf: NONREGULATED
        SIO Input Buf: SINGLE_ENDED
        SIO HiFreq: LOW
        SIO Hyst: DISABLED
        SIO Vtrip: MULTIPLIER_0_5
        SIO Multiplier Index: 0
        SIO RefSel: VCC_IO
        Required Capabilities: ANALOG
        Initial Value: 0
        IO Voltage: 0
    PORT MAP (
        pa_out => p3_7(0)__PA ,
        analog_term => Net_96 ,
        pad => p3_7(0)_PAD );
    Properties:
    {
    }

Port 4 contains the following IO cells:
Port 5 contains the following IO cells:
Port 6 contains the following IO cells:
Port 12 contains the following IO cells:
Port 15 contains the following IO cells:
ARM group 0: empty
CAN group 0: empty
Cache group 0: empty
CapSense group 0: empty
Clock group 0: 
    Clock Block @ F(Clock,0): 
    clockblockcell: Name =ClockBlock
        PORT MAP (
            imo => ClockBlock_IMO ,
            pllout => ClockBlock_PLL_OUT ,
            ilo => ClockBlock_ILO ,
            clk_100k => ClockBlock_100k ,
            clk_1k => ClockBlock_1k ,
            clk_32k => ClockBlock_32k ,
            xtal => ClockBlock_XTAL ,
            clk_32k_xtal => ClockBlock_XTAL_32KHZ ,
            clk_sync => ClockBlock_MASTER_CLK ,
            clk_bus_glb => ClockBlock_BUS_CLK ,
            clk_bus => ClockBlock_BUS_CLK_local ,
            dclk_glb_0 => \ADC_SAR_1:Net_376\ ,
            dclk_0 => \ADC_SAR_1:Net_376_local\ );
        Properties:
        {
        }
Comparator group 0: 
    Comparator Block @ F(Comparator,2): 
    comparatorcell: Name =autoVrefComparator_0
        PORT MAP (
            vminus => Net_19__auto_enable );
        Properties:
        {
        }
DFB group 0: empty
DSM group 0: empty
Decimator group 0: empty
EMIF group 0: empty
I2C group 0: empty
LCD group 0: empty
LVD group 0: empty
PICU group 0: empty
PM group 0: empty
SC group 0: 
    SC Block @ F(SC,3): 
    sccell: Name =\PGA_1:SC\
        PORT MAP (
            vref => Net_2 ,
            vin => Net_1 ,
            modout => \PGA_1:Net_41\ ,
            vout => Net_96 );
        Properties:
        {
            cy_registers = ""
        }
SPC group 0: empty
Timer group 0: empty
USB group 0: empty
VIDAC group 0: 
    VIDAC Block @ F(VIDAC,0): 
    vidaccell: Name =\VDAC8_1:viDAC8\
        PORT MAP (
            vout => Net_49 ,
            iout => \VDAC8_1:Net_77\ );
        Properties:
        {
            cy_registers = ""
            is_all_if_any = 0
            reg_data = 0
        }
    VIDAC Block @ F(VIDAC,2): 
    vidaccell: Name =\VDAC8_2:viDAC8\
        PORT MAP (
            vout => Net_82 ,
            iout => \VDAC8_2:Net_77\ );
        Properties:
        {
            cy_registers = ""
            is_all_if_any = 0
            reg_data = 0
        }
OpAmp group 0: 
    Opamp Block @ F(OpAmp,2): 
    abufcell: Name =\Opamp_1:ABuf\
        PORT MAP (
            vplus => \ADC_SAR_1:Net_233\ ,
            vminus => Net_2 ,
            vout => Net_2 );
        Properties:
        {
            cy_registers = ""
        }
CsAbuf group 0: empty
Vref group 0: 
    Vref Block @ F(Vref,3): 
    vrefcell: Name =\ADC_SAR_1:vRef_1024\
        PORT MAP (
            vout => \ADC_SAR_1:Net_233\ );
        Properties:
        {
            autoenable = 1
            guid = "89B398AD-36A8-4627-9212-707F2986319E"
            ignoresleep = 0
            name = "1.024V"
        }
    Vref Block @ F(Vref,10): 
    vrefcell: Name =vRef_1__auto_enable
        PORT MAP (
            vout => Net_19__auto_enable );
        Properties:
        {
            autoenable = 1
            guid = "89B398AD-36A8-4627-9212-707F2986319E"
            ignoresleep = 0
            name = "1.024V"
        }
LPF group 0: empty
SAR group 0: 
    SAR Block @ F(SAR,1): 
    sarcell: Name =\ADC_SAR_1:ADC_SAR\
        PORT MAP (
            vplus => Net_96 ,
            vminus => Net_19__auto_enable ,
            ext_pin => \ADC_SAR_1:Net_209\ ,
            vrefhi_out => \ADC_SAR_1:Net_255\ ,
            vref => \ADC_SAR_1:Net_233\ ,
            clk_udb => \ADC_SAR_1:Net_376_local\ ,
            irq => \ADC_SAR_1:Net_252\ ,
            next => Net_104 ,
            data_out_udb_11 => \ADC_SAR_1:Net_207_11\ ,
            data_out_udb_10 => \ADC_SAR_1:Net_207_10\ ,
            data_out_udb_9 => \ADC_SAR_1:Net_207_9\ ,
            data_out_udb_8 => \ADC_SAR_1:Net_207_8\ ,
            data_out_udb_7 => \ADC_SAR_1:Net_207_7\ ,
            data_out_udb_6 => \ADC_SAR_1:Net_207_6\ ,
            data_out_udb_5 => \ADC_SAR_1:Net_207_5\ ,
            data_out_udb_4 => \ADC_SAR_1:Net_207_4\ ,
            data_out_udb_3 => \ADC_SAR_1:Net_207_3\ ,
            data_out_udb_2 => \ADC_SAR_1:Net_207_2\ ,
            data_out_udb_1 => \ADC_SAR_1:Net_207_1\ ,
            data_out_udb_0 => \ADC_SAR_1:Net_207_0\ ,
            eof_udb => Net_79 );
        Properties:
        {
            cy_registers = ""
        }
ANAIF group 0: empty
PHUB group 0: empty
</CYPRESSTAG>
<CYPRESSTAG name="Port Configuration Details">

------------------------------------------------------------
Port Configuration report
------------------------------------------------------------
     |     |       | Interrupt |                  |                         | 
Port | Pin | Fixed |      Type |       Drive Mode |                    Name | Connections
-----+-----+-------+-----------+------------------+-------------------------+---------------
   0 |   0 |       |      NONE |      HI_Z_ANALOG |        Dedicated_Output | Analog(Net_2)
     |   2 |     * |      NONE |         CMOS_OUT |                 p0_2(0) | In(Net_79)
     |   3 |     * |      NONE |      HI_Z_ANALOG |                 p0_3(0) | Analog(Net_82)
     |   4 |     * |      NONE |      HI_Z_ANALOG |                 p0_4(0) | Analog(Net_49)
     |   5 |     * |      NONE |         CMOS_OUT |                 p0_5(0) | In(Net_104)
-----+-----+-------+-----------+------------------+-------------------------+---------------
   2 |   0 |     * |      NONE |         CMOS_OUT | \LCD_Char_1:LCDPort(0)\ | 
     |   1 |     * |      NONE |         CMOS_OUT | \LCD_Char_1:LCDPort(1)\ | 
     |   2 |     * |      NONE |         CMOS_OUT | \LCD_Char_1:LCDPort(2)\ | 
     |   3 |     * |      NONE |         CMOS_OUT | \LCD_Char_1:LCDPort(3)\ | 
     |   4 |     * |      NONE |         CMOS_OUT | \LCD_Char_1:LCDPort(4)\ | 
     |   5 |     * |      NONE |         CMOS_OUT | \LCD_Char_1:LCDPort(5)\ | 
     |   6 |     * |      NONE |         CMOS_OUT | \LCD_Char_1:LCDPort(6)\ | 
-----+-----+-------+-----------+------------------+-------------------------+---------------
   3 |   0 |     * |      NONE |         CMOS_OUT |                 p3_0(0) | 
     |   4 |     * |      NONE |      HI_Z_ANALOG |                 p3_4(0) | Analog(Net_1)
     |   5 |     * |      NONE |      HI_Z_ANALOG |                 p3_5(0) | Analog(Net_2)
     |   7 |     * |      NONE |      HI_Z_ANALOG |                 p3_7(0) | Analog(Net_96)
--------------------------------------------------------------------------------------------
</CYPRESSTAG>
</CYPRESSTAG>
</CYPRESSTAG>
Digital component placer commit/Report: Elapsed time ==> 0s.025ms
Digital Placement phase: Elapsed time ==> 1s.746ms
</CYPRESSTAG>
<CYPRESSTAG name="Digital Routing">
"C:\Program Files (x86)\Cypress\PSoC Creator\4.1\PSoC Creator\bin/sjrouter.exe" --xml-path "C:\Program Files (x86)\Cypress\PSoC Creator\4.1\PSoC Creator\dev\psoc5/psoc5lp/route_arch-rrg.cydata" --vh2-path "Design01_r.vh2" --pcf-path "Design01.pco" --des-name "Design01" --dsf-path "Design01.dsf" --sdc-path "Design01.sdc" --lib-path "Design01_r.lib"
Routing successful.
Digital Routing phase: Elapsed time ==> 1s.316ms
</CYPRESSTAG>
<CYPRESSTAG name="Bitstream Generation">
Bitstream Generation phase: Elapsed time ==> 0s.332ms
</CYPRESSTAG>
<CYPRESSTAG name="Bitstream Verification">
Bitstream Verification phase: Elapsed time ==> 0s.163ms
</CYPRESSTAG>
<CYPRESSTAG name="Static timing analysis">
Timing report is in Design01_timing.html.
Static timing analysis phase: Elapsed time ==> 0s.310ms
</CYPRESSTAG>
<CYPRESSTAG name="Data reporting">
Data reporting phase: Elapsed time ==> 0s.159ms
</CYPRESSTAG>
<CYPRESSTAG name="Database update...">
Design database save phase: Elapsed time ==> 0s.191ms
</CYPRESSTAG>
cydsfit: Elapsed time ==> 7s.471ms
</CYPRESSTAG>
Fitter phase: Elapsed time ==> 7s.501ms
API generation phase: Elapsed time ==> 3s.758ms
Dependency generation phase: Elapsed time ==> 0s.038ms
Cleanup phase: Elapsed time ==> 0s.001ms
