ARM GAS  C:\Users\monis\AppData\Local\Temp\cc0slXFh.s 			page 1


   1              		.syntax unified
   2              		.cpu cortex-m3
   3              		.fpu softvfp
   4              		.eabi_attribute 20, 1
   5              		.eabi_attribute 21, 1
   6              		.eabi_attribute 23, 3
   7              		.eabi_attribute 24, 1
   8              		.eabi_attribute 25, 1
   9              		.eabi_attribute 26, 1
  10              		.eabi_attribute 30, 1
  11              		.eabi_attribute 34, 1
  12              		.eabi_attribute 18, 4
  13              		.thumb
  14              		.syntax unified
  15              		.file	"cymetadata.c"
  16              		.text
  17              	.Ltext0:
  18              		.cfi_sections	.debug_frame
  19              		.global	cy_metadata
  20              		.global	cy_meta_flashprotect
  21              		.global	cy_meta_wonvl
  22              		.global	cy_meta_custnvl
  23              		.global	cy_meta_configecc
  24              		.section	.cyconfigecc,"a",%progbits
  25              		.align	2
  26              		.type	cy_meta_configecc, %object
  27              		.size	cy_meta_configecc, 1136
  28              	cy_meta_configecc:
  29 0000 01       		.byte	1
  30 0001 52       		.byte	82
  31 0002 00       		.byte	0
  32 0003 40       		.byte	64
  33 0004 02       		.byte	2
  34 0005 5B       		.byte	91
  35 0006 00       		.byte	0
  36 0007 40       		.byte	64
  37 0008 02       		.byte	2
  38 0009 64       		.byte	100
  39 000a 00       		.byte	0
  40 000b 40       		.byte	64
  41 000c 01       		.byte	1
  42 000d 65       		.byte	101
  43 000e 00       		.byte	0
  44 000f 40       		.byte	64
  45 0010 46       		.byte	70
  46 0011 00       		.byte	0
  47 0012 01       		.byte	1
  48 0013 40       		.byte	64
  49 0014 27       		.byte	39
  50 0015 01       		.byte	1
  51 0016 01       		.byte	1
  52 0017 40       		.byte	64
  53 0018 55       		.byte	85
  54 0019 02       		.byte	2
  55 001a 01       		.byte	1
  56 001b 40       		.byte	64
  57 001c 33       		.byte	51
ARM GAS  C:\Users\monis\AppData\Local\Temp\cc0slXFh.s 			page 2


  58 001d 03       		.byte	3
  59 001e 01       		.byte	1
  60 001f 40       		.byte	64
  61 0020 27       		.byte	39
  62 0021 04       		.byte	4
  63 0022 01       		.byte	1
  64 0023 40       		.byte	64
  65 0024 2E       		.byte	46
  66 0025 05       		.byte	5
  67 0026 01       		.byte	1
  68 0027 40       		.byte	64
  69 0028 01       		.byte	1
  70 0029 07       		.byte	7
  71 002a 01       		.byte	1
  72 002b 40       		.byte	64
  73 002c 01       		.byte	1
  74 002d 09       		.byte	9
  75 002e 01       		.byte	1
  76 002f 40       		.byte	64
  77 0030 41       		.byte	65
  78 0031 14       		.byte	20
  79 0032 01       		.byte	1
  80 0033 40       		.byte	64
  81 0034 24       		.byte	36
  82 0035 15       		.byte	21
  83 0036 01       		.byte	1
  84 0037 40       		.byte	64
  85 0038 03       		.byte	3
  86 0039 1B       		.byte	27
  87 003a 01       		.byte	1
  88 003b 40       		.byte	64
  89 003c 03       		.byte	3
  90 003d 40       		.byte	64
  91 003e 01       		.byte	1
  92 003f 40       		.byte	64
  93 0040 07       		.byte	7
  94 0041 41       		.byte	65
  95 0042 01       		.byte	1
  96 0043 40       		.byte	64
  97 0044 04       		.byte	4
  98 0045 42       		.byte	66
  99 0046 01       		.byte	1
 100 0047 40       		.byte	64
 101 0048 04       		.byte	4
 102 0049 43       		.byte	67
 103 004a 01       		.byte	1
 104 004b 40       		.byte	64
 105 004c 02       		.byte	2
 106 004d 46       		.byte	70
 107 004e 01       		.byte	1
 108 004f 40       		.byte	64
 109 0050 03       		.byte	3
 110 0051 47       		.byte	71
 111 0052 01       		.byte	1
 112 0053 40       		.byte	64
 113 0054 04       		.byte	4
 114 0055 48       		.byte	72
ARM GAS  C:\Users\monis\AppData\Local\Temp\cc0slXFh.s 			page 3


 115 0056 01       		.byte	1
 116 0057 40       		.byte	64
 117 0058 0C       		.byte	12
 118 0059 49       		.byte	73
 119 005a 01       		.byte	1
 120 005b 40       		.byte	64
 121 005c 05       		.byte	5
 122 005d 4C       		.byte	76
 123 005e 01       		.byte	1
 124 005f 40       		.byte	64
 125 0060 05       		.byte	5
 126 0061 4D       		.byte	77
 127 0062 01       		.byte	1
 128 0063 40       		.byte	64
 129 0064 05       		.byte	5
 130 0065 50       		.byte	80
 131 0066 01       		.byte	1
 132 0067 40       		.byte	64
 133 0068 01       		.byte	1
 134 0069 51       		.byte	81
 135 006a 01       		.byte	1
 136 006b 40       		.byte	64
 137 006c 19       		.byte	25
 138 006d 80       		.byte	-128
 139 006e 27       		.byte	39
 140 006f 84       		.byte	-124
 141 0070 2F       		.byte	47
 142 0071 84       		.byte	-124
 143 0072 84       		.byte	-124
 144 0073 6F       		.byte	111
 145 0074 85       		.byte	-123
 146 0075 0F       		.byte	15
 147 0076 85       		.byte	-123
 148 0077 0D       		.byte	13
 149 0078 00       		.byte	0
 150 0079 73       		.byte	115
 151 007a 01       		.byte	1
 152 007b 01       		.byte	1
 153 007c 03       		.byte	3
 154 007d F2       		.byte	-14
 155 007e 04       		.byte	4
 156 007f 9E       		.byte	-98
 157 0080 05       		.byte	5
 158 0081 C1       		.byte	-63
 159 0082 06       		.byte	6
 160 0083 60       		.byte	96
 161 0084 07       		.byte	7
 162 0085 12       		.byte	18
 163 0086 0C       		.byte	12
 164 0087 FD       		.byte	-3
 165 0088 0D       		.byte	13
 166 0089 B7       		.byte	-73
 167 008a 0E       		.byte	14
 168 008b 02       		.byte	2
 169 008c 0F       		.byte	15
 170 008d 40       		.byte	64
 171 008e 11       		.byte	17
ARM GAS  C:\Users\monis\AppData\Local\Temp\cc0slXFh.s 			page 4


 172 008f 84       		.byte	-124
 173 0090 13       		.byte	19
 174 0091 10       		.byte	16
 175 0092 16       		.byte	22
 176 0093 0F       		.byte	15
 177 0094 17       		.byte	23
 178 0095 07       		.byte	7
 179 0096 19       		.byte	25
 180 0097 C0       		.byte	-64
 181 0098 1B       		.byte	27
 182 0099 24       		.byte	36
 183 009a 1C       		.byte	28
 184 009b 94       		.byte	-108
 185 009c 1E       		.byte	30
 186 009d 60       		.byte	96
 187 009e 21       		.byte	33
 188 009f 77       		.byte	119
 189 00a0 24       		.byte	36
 190 00a1 CF       		.byte	-49
 191 00a2 26       		.byte	38
 192 00a3 30       		.byte	48
 193 00a4 27       		.byte	39
 194 00a5 08       		.byte	8
 195 00a6 2C       		.byte	44
 196 00a7 30       		.byte	48
 197 00a8 2E       		.byte	46
 198 00a9 C9       		.byte	-55
 199 00aa 32       		.byte	50
 200 00ab FF       		.byte	-1
 201 00ac 33       		.byte	51
 202 00ad 0F       		.byte	15
 203 00ae 35       		.byte	53
 204 00af F0       		.byte	-16
 205 00b0 3E       		.byte	62
 206 00b1 04       		.byte	4
 207 00b2 58       		.byte	88
 208 00b3 04       		.byte	4
 209 00b4 59       		.byte	89
 210 00b5 04       		.byte	4
 211 00b6 5F       		.byte	95
 212 00b7 01       		.byte	1
 213 00b8 80       		.byte	-128
 214 00b9 10       		.byte	16
 215 00ba 81       		.byte	-127
 216 00bb 02       		.byte	2
 217 00bc 82       		.byte	-126
 218 00bd 60       		.byte	96
 219 00be 83       		.byte	-125
 220 00bf 04       		.byte	4
 221 00c0 84       		.byte	-124
 222 00c1 0C       		.byte	12
 223 00c2 86       		.byte	-122
 224 00c3 02       		.byte	2
 225 00c4 8E       		.byte	-114
 226 00c5 0F       		.byte	15
 227 00c6 91       		.byte	-111
 228 00c7 04       		.byte	4
ARM GAS  C:\Users\monis\AppData\Local\Temp\cc0slXFh.s 			page 5


 229 00c8 93       		.byte	-109
 230 00c9 02       		.byte	2
 231 00ca 94       		.byte	-108
 232 00cb 10       		.byte	16
 233 00cc 96       		.byte	-106
 234 00cd 20       		.byte	32
 235 00ce 98       		.byte	-104
 236 00cf 10       		.byte	16
 237 00d0 99       		.byte	-103
 238 00d1 02       		.byte	2
 239 00d2 9A       		.byte	-102
 240 00d3 A0       		.byte	-96
 241 00d4 9B       		.byte	-101
 242 00d5 0C       		.byte	12
 243 00d6 9C       		.byte	-100
 244 00d7 28       		.byte	40
 245 00d8 9E       		.byte	-98
 246 00d9 11       		.byte	17
 247 00da A0       		.byte	-96
 248 00db 07       		.byte	7
 249 00dc A1       		.byte	-95
 250 00dd 02       		.byte	2
 251 00de A3       		.byte	-93
 252 00df 14       		.byte	20
 253 00e0 A4       		.byte	-92
 254 00e1 0C       		.byte	12
 255 00e2 A6       		.byte	-90
 256 00e3 01       		.byte	1
 257 00e4 A7       		.byte	-89
 258 00e5 01       		.byte	1
 259 00e6 AC       		.byte	-84
 260 00e7 0B       		.byte	11
 261 00e8 AE       		.byte	-82
 262 00e9 04       		.byte	4
 263 00ea B0       		.byte	-80
 264 00eb 30       		.byte	48
 265 00ec B1       		.byte	-79
 266 00ed 08       		.byte	8
 267 00ee B2       		.byte	-78
 268 00ef 40       		.byte	64
 269 00f0 B3       		.byte	-77
 270 00f1 10       		.byte	16
 271 00f2 B4       		.byte	-76
 272 00f3 0F       		.byte	15
 273 00f4 B5       		.byte	-75
 274 00f5 01       		.byte	1
 275 00f6 B6       		.byte	-74
 276 00f7 80       		.byte	-128
 277 00f8 B7       		.byte	-73
 278 00f9 06       		.byte	6
 279 00fa BA       		.byte	-70
 280 00fb 02       		.byte	2
 281 00fc BB       		.byte	-69
 282 00fd 80       		.byte	-128
 283 00fe D8       		.byte	-40
 284 00ff 04       		.byte	4
 285 0100 D9       		.byte	-39
ARM GAS  C:\Users\monis\AppData\Local\Temp\cc0slXFh.s 			page 6


 286 0101 04       		.byte	4
 287 0102 DF       		.byte	-33
 288 0103 01       		.byte	1
 289 0104 00       		.byte	0
 290 0105 04       		.byte	4
 291 0106 01       		.byte	1
 292 0107 02       		.byte	2
 293 0108 02       		.byte	2
 294 0109 43       		.byte	67
 295 010a 04       		.byte	4
 296 010b 05       		.byte	5
 297 010c 07       		.byte	7
 298 010d 01       		.byte	1
 299 010e 09       		.byte	9
 300 010f 08       		.byte	8
 301 0110 0B       		.byte	11
 302 0111 03       		.byte	3
 303 0112 0D       		.byte	13
 304 0113 20       		.byte	32
 305 0114 0E       		.byte	14
 306 0115 20       		.byte	32
 307 0116 0F       		.byte	15
 308 0117 01       		.byte	1
 309 0118 11       		.byte	17
 310 0119 80       		.byte	-128
 311 011a 12       		.byte	18
 312 011b 20       		.byte	32
 313 011c 16       		.byte	22
 314 011d 41       		.byte	65
 315 011e 17       		.byte	23
 316 011f 08       		.byte	8
 317 0120 19       		.byte	25
 318 0121 04       		.byte	4
 319 0122 1C       		.byte	28
 320 0123 85       		.byte	-123
 321 0124 1E       		.byte	30
 322 0125 20       		.byte	32
 323 0126 1F       		.byte	31
 324 0127 11       		.byte	17
 325 0128 21       		.byte	33
 326 0129 08       		.byte	8
 327 012a 22       		.byte	34
 328 012b 20       		.byte	32
 329 012c 23       		.byte	35
 330 012d 18       		.byte	24
 331 012e 25       		.byte	37
 332 012f 61       		.byte	97
 333 0130 27       		.byte	39
 334 0131 11       		.byte	17
 335 0132 29       		.byte	41
 336 0133 06       		.byte	6
 337 0134 2C       		.byte	44
 338 0135 10       		.byte	16
 339 0136 2F       		.byte	47
 340 0137 80       		.byte	-128
 341 0138 31       		.byte	49
 342 0139 08       		.byte	8
ARM GAS  C:\Users\monis\AppData\Local\Temp\cc0slXFh.s 			page 7


 343 013a 32       		.byte	50
 344 013b 20       		.byte	32
 345 013c 33       		.byte	51
 346 013d 01       		.byte	1
 347 013e 37       		.byte	55
 348 013f 11       		.byte	17
 349 0140 38       		.byte	56
 350 0141 04       		.byte	4
 351 0142 3B       		.byte	59
 352 0143 42       		.byte	66
 353 0144 3D       		.byte	61
 354 0145 02       		.byte	2
 355 0146 C0       		.byte	-64
 356 0147 BD       		.byte	-67
 357 0148 C2       		.byte	-62
 358 0149 E5       		.byte	-27
 359 014a C4       		.byte	-60
 360 014b B5       		.byte	-75
 361 014c CA       		.byte	-54
 362 014d C3       		.byte	-61
 363 014e CC       		.byte	-52
 364 014f A7       		.byte	-89
 365 0150 CE       		.byte	-50
 366 0151 8B       		.byte	-117
 367 0152 2A       		.byte	42
 368 0153 01       		.byte	1
 369 0154 36       		.byte	54
 370 0155 01       		.byte	1
 371 0156 40       		.byte	64
 372 0157 56       		.byte	86
 373 0158 41       		.byte	65
 374 0159 03       		.byte	3
 375 015a 49       		.byte	73
 376 015b FF       		.byte	-1
 377 015c 4A       		.byte	74
 378 015d FF       		.byte	-1
 379 015e 4B       		.byte	75
 380 015f FF       		.byte	-1
 381 0160 4D       		.byte	77
 382 0161 A0       		.byte	-96
 383 0162 4F       		.byte	79
 384 0163 01       		.byte	1
 385 0164 50       		.byte	80
 386 0165 18       		.byte	24
 387 0166 58       		.byte	88
 388 0167 04       		.byte	4
 389 0168 5A       		.byte	90
 390 0169 04       		.byte	4
 391 016a 5F       		.byte	95
 392 016b 01       		.byte	1
 393 016c 60       		.byte	96
 394 016d 40       		.byte	64
 395 016e 62       		.byte	98
 396 016f 80       		.byte	-128
 397 0170 64       		.byte	100
 398 0171 40       		.byte	64
 399 0172 65       		.byte	101
ARM GAS  C:\Users\monis\AppData\Local\Temp\cc0slXFh.s 			page 8


 400 0173 40       		.byte	64
 401 0174 66       		.byte	102
 402 0175 80       		.byte	-128
 403 0176 68       		.byte	104
 404 0177 40       		.byte	64
 405 0178 6A       		.byte	106
 406 0179 80       		.byte	-128
 407 017a 6C       		.byte	108
 408 017b 40       		.byte	64
 409 017c 6D       		.byte	109
 410 017d 20       		.byte	32
 411 017e 6E       		.byte	110
 412 017f 80       		.byte	-128
 413 0180 80       		.byte	-128
 414 0181 37       		.byte	55
 415 0182 81       		.byte	-127
 416 0183 06       		.byte	6
 417 0184 83       		.byte	-125
 418 0185 18       		.byte	24
 419 0186 86       		.byte	-122
 420 0187 90       		.byte	-112
 421 0188 88       		.byte	-120
 422 0189 6A       		.byte	106
 423 018a 89       		.byte	-119
 424 018b 14       		.byte	20
 425 018c 8A       		.byte	-118
 426 018d 10       		.byte	16
 427 018e 8B       		.byte	-117
 428 018f 0A       		.byte	10
 429 0190 8C       		.byte	-116
 430 0191 60       		.byte	96
 431 0192 8D       		.byte	-115
 432 0193 1E       		.byte	30
 433 0194 91       		.byte	-111
 434 0195 0A       		.byte	10
 435 0196 92       		.byte	-110
 436 0197 80       		.byte	-128
 437 0198 93       		.byte	-109
 438 0199 14       		.byte	20
 439 019a 94       		.byte	-108
 440 019b 5C       		.byte	92
 441 019c 96       		.byte	-106
 442 019d 20       		.byte	32
 443 019e 99       		.byte	-103
 444 019f 18       		.byte	24
 445 01a0 9B       		.byte	-101
 446 01a1 06       		.byte	6
 447 01a2 9C       		.byte	-100
 448 01a3 20       		.byte	32
 449 01a4 9E       		.byte	-98
 450 01a5 40       		.byte	64
 451 01a6 A0       		.byte	-96
 452 01a7 01       		.byte	1
 453 01a8 A1       		.byte	-95
 454 01a9 0E       		.byte	14
 455 01aa A4       		.byte	-92
 456 01ab 7C       		.byte	124
ARM GAS  C:\Users\monis\AppData\Local\Temp\cc0slXFh.s 			page 9


 457 01ac A7       		.byte	-89
 458 01ad 01       		.byte	1
 459 01ae A8       		.byte	-88
 460 01af 80       		.byte	-128
 461 01b0 AC       		.byte	-84
 462 01b1 01       		.byte	1
 463 01b2 B0       		.byte	-80
 464 01b3 0E       		.byte	14
 465 01b4 B1       		.byte	-79
 466 01b5 1E       		.byte	30
 467 01b6 B2       		.byte	-78
 468 01b7 70       		.byte	112
 469 01b8 B3       		.byte	-77
 470 01b9 01       		.byte	1
 471 01ba B4       		.byte	-76
 472 01bb 01       		.byte	1
 473 01bc B6       		.byte	-74
 474 01bd 80       		.byte	-128
 475 01be B8       		.byte	-72
 476 01bf 22       		.byte	34
 477 01c0 BE       		.byte	-66
 478 01c1 50       		.byte	80
 479 01c2 C0       		.byte	-64
 480 01c3 12       		.byte	18
 481 01c4 C1       		.byte	-63
 482 01c5 03       		.byte	3
 483 01c6 C5       		.byte	-59
 484 01c7 3E       		.byte	62
 485 01c8 C6       		.byte	-58
 486 01c9 C0       		.byte	-64
 487 01ca C7       		.byte	-57
 488 01cb 24       		.byte	36
 489 01cc C8       		.byte	-56
 490 01cd 3B       		.byte	59
 491 01ce C9       		.byte	-55
 492 01cf FF       		.byte	-1
 493 01d0 CA       		.byte	-54
 494 01d1 FF       		.byte	-1
 495 01d2 CB       		.byte	-53
 496 01d3 FF       		.byte	-1
 497 01d4 CD       		.byte	-51
 498 01d5 AF       		.byte	-81
 499 01d6 CE       		.byte	-50
 500 01d7 07       		.byte	7
 501 01d8 CF       		.byte	-49
 502 01d9 01       		.byte	1
 503 01da D0       		.byte	-48
 504 01db 18       		.byte	24
 505 01dc D2       		.byte	-46
 506 01dd 80       		.byte	-128
 507 01de D8       		.byte	-40
 508 01df 04       		.byte	4
 509 01e0 D9       		.byte	-39
 510 01e1 04       		.byte	4
 511 01e2 DA       		.byte	-38
 512 01e3 04       		.byte	4
 513 01e4 DB       		.byte	-37
ARM GAS  C:\Users\monis\AppData\Local\Temp\cc0slXFh.s 			page 10


 514 01e5 04       		.byte	4
 515 01e6 DF       		.byte	-33
 516 01e7 01       		.byte	1
 517 01e8 E0       		.byte	-32
 518 01e9 40       		.byte	64
 519 01ea E2       		.byte	-30
 520 01eb 80       		.byte	-128
 521 01ec E4       		.byte	-28
 522 01ed 40       		.byte	64
 523 01ee E5       		.byte	-27
 524 01ef 40       		.byte	64
 525 01f0 E6       		.byte	-26
 526 01f1 80       		.byte	-128
 527 01f2 E8       		.byte	-24
 528 01f3 40       		.byte	64
 529 01f4 EA       		.byte	-22
 530 01f5 80       		.byte	-128
 531 01f6 EC       		.byte	-20
 532 01f7 40       		.byte	64
 533 01f8 ED       		.byte	-19
 534 01f9 20       		.byte	32
 535 01fa EE       		.byte	-18
 536 01fb 80       		.byte	-128
 537 01fc 00       		.byte	0
 538 01fd 80       		.byte	-128
 539 01fe 01       		.byte	1
 540 01ff 0A       		.byte	10
 541 0200 03       		.byte	3
 542 0201 04       		.byte	4
 543 0202 09       		.byte	9
 544 0203 42       		.byte	66
 545 0204 0B       		.byte	11
 546 0205 20       		.byte	32
 547 0206 10       		.byte	16
 548 0207 82       		.byte	-126
 549 0208 12       		.byte	18
 550 0209 28       		.byte	40
 551 020a 17       		.byte	23
 552 020b 20       		.byte	32
 553 020c 18       		.byte	24
 554 020d 04       		.byte	4
 555 020e 19       		.byte	25
 556 020f 0A       		.byte	10
 557 0210 1A       		.byte	26
 558 0211 01       		.byte	1
 559 0212 1B       		.byte	27
 560 0213 50       		.byte	80
 561 0214 1F       		.byte	31
 562 0215 80       		.byte	-128
 563 0216 22       		.byte	34
 564 0217 0A       		.byte	10
 565 0218 23       		.byte	35
 566 0219 40       		.byte	64
 567 021a 29       		.byte	41
 568 021b 0A       		.byte	10
 569 021c 32       		.byte	50
 570 021d 20       		.byte	32
ARM GAS  C:\Users\monis\AppData\Local\Temp\cc0slXFh.s 			page 11


 571 021e 33       		.byte	51
 572 021f 01       		.byte	1
 573 0220 36       		.byte	54
 574 0221 03       		.byte	3
 575 0222 3B       		.byte	59
 576 0223 62       		.byte	98
 577 0224 40       		.byte	64
 578 0225 04       		.byte	4
 579 0226 41       		.byte	65
 580 0227 08       		.byte	8
 581 0228 42       		.byte	66
 582 0229 01       		.byte	1
 583 022a 45       		.byte	69
 584 022b 08       		.byte	8
 585 022c 48       		.byte	72
 586 022d 80       		.byte	-128
 587 022e 49       		.byte	73
 588 022f 04       		.byte	4
 589 0230 4F       		.byte	79
 590 0231 A0       		.byte	-96
 591 0232 50       		.byte	80
 592 0233 0A       		.byte	10
 593 0234 51       		.byte	81
 594 0235 01       		.byte	1
 595 0236 52       		.byte	82
 596 0237 11       		.byte	17
 597 0238 71       		.byte	113
 598 0239 02       		.byte	2
 599 023a 83       		.byte	-125
 600 023b 20       		.byte	32
 601 023c 85       		.byte	-123
 602 023d 21       		.byte	33
 603 023e 93       		.byte	-109
 604 023f 32       		.byte	50
 605 0240 97       		.byte	-105
 606 0241 40       		.byte	64
 607 0242 9B       		.byte	-101
 608 0243 01       		.byte	1
 609 0244 9C       		.byte	-100
 610 0245 10       		.byte	16
 611 0246 9D       		.byte	-99
 612 0247 02       		.byte	2
 613 0248 A0       		.byte	-96
 614 0249 40       		.byte	64
 615 024a A1       		.byte	-95
 616 024b 48       		.byte	72
 617 024c A2       		.byte	-94
 618 024d 20       		.byte	32
 619 024e A6       		.byte	-90
 620 024f 02       		.byte	2
 621 0250 A7       		.byte	-89
 622 0251 80       		.byte	-128
 623 0252 C0       		.byte	-64
 624 0253 0F       		.byte	15
 625 0254 C2       		.byte	-62
 626 0255 0D       		.byte	13
 627 0256 C4       		.byte	-60
ARM GAS  C:\Users\monis\AppData\Local\Temp\cc0slXFh.s 			page 12


 628 0257 4F       		.byte	79
 629 0258 CA       		.byte	-54
 630 0259 03       		.byte	3
 631 025a CC       		.byte	-52
 632 025b 05       		.byte	5
 633 025c CE       		.byte	-50
 634 025d 0D       		.byte	13
 635 025e D0       		.byte	-48
 636 025f 4E       		.byte	78
 637 0260 D2       		.byte	-46
 638 0261 30       		.byte	48
 639 0262 00       		.byte	0
 640 0263 02       		.byte	2
 641 0264 09       		.byte	9
 642 0265 02       		.byte	2
 643 0266 0C       		.byte	12
 644 0267 08       		.byte	8
 645 0268 0E       		.byte	14
 646 0269 02       		.byte	2
 647 026a 10       		.byte	16
 648 026b 01       		.byte	1
 649 026c 11       		.byte	17
 650 026d 02       		.byte	2
 651 026e 17       		.byte	23
 652 026f 08       		.byte	8
 653 0270 1F       		.byte	31
 654 0271 04       		.byte	4
 655 0272 20       		.byte	32
 656 0273 08       		.byte	8
 657 0274 22       		.byte	34
 658 0275 04       		.byte	4
 659 0276 23       		.byte	35
 660 0277 01       		.byte	1
 661 0278 24       		.byte	36
 662 0279 04       		.byte	4
 663 027a 2A       		.byte	42
 664 027b 01       		.byte	1
 665 027c 2B       		.byte	43
 666 027d 02       		.byte	2
 667 027e 30       		.byte	48
 668 027f 01       		.byte	1
 669 0280 31       		.byte	49
 670 0281 08       		.byte	8
 671 0282 32       		.byte	50
 672 0283 08       		.byte	8
 673 0284 33       		.byte	51
 674 0285 02       		.byte	2
 675 0286 34       		.byte	52
 676 0287 04       		.byte	4
 677 0288 35       		.byte	53
 678 0289 04       		.byte	4
 679 028a 36       		.byte	54
 680 028b 02       		.byte	2
 681 028c 37       		.byte	55
 682 028d 01       		.byte	1
 683 028e 38       		.byte	56
 684 028f 08       		.byte	8
ARM GAS  C:\Users\monis\AppData\Local\Temp\cc0slXFh.s 			page 13


 685 0290 3E       		.byte	62
 686 0291 51       		.byte	81
 687 0292 3F       		.byte	63
 688 0293 04       		.byte	4
 689 0294 54       		.byte	84
 690 0295 0F       		.byte	15
 691 0296 58       		.byte	88
 692 0297 04       		.byte	4
 693 0298 59       		.byte	89
 694 0299 04       		.byte	4
 695 029a 5B       		.byte	91
 696 029b 04       		.byte	4
 697 029c 5F       		.byte	95
 698 029d 05       		.byte	5
 699 029e 90       		.byte	-112
 700 029f 01       		.byte	1
 701 02a0 96       		.byte	-106
 702 02a1 01       		.byte	1
 703 02a2 9A       		.byte	-102
 704 02a3 01       		.byte	1
 705 02a4 B0       		.byte	-80
 706 02a5 01       		.byte	1
 707 02a6 BE       		.byte	-66
 708 02a7 01       		.byte	1
 709 02a8 D4       		.byte	-44
 710 02a9 0F       		.byte	15
 711 02aa D8       		.byte	-40
 712 02ab 04       		.byte	4
 713 02ac DB       		.byte	-37
 714 02ad 04       		.byte	4
 715 02ae DF       		.byte	-33
 716 02af 01       		.byte	1
 717 02b0 00       		.byte	0
 718 02b1 01       		.byte	1
 719 02b2 02       		.byte	2
 720 02b3 01       		.byte	1
 721 02b4 09       		.byte	9
 722 02b5 02       		.byte	2
 723 02b6 0D       		.byte	13
 724 02b7 02       		.byte	2
 725 02b8 0F       		.byte	15
 726 02b9 18       		.byte	24
 727 02ba 10       		.byte	16
 728 02bb 88       		.byte	-120
 729 02bc 12       		.byte	18
 730 02bd 20       		.byte	32
 731 02be 1A       		.byte	26
 732 02bf 45       		.byte	69
 733 02c0 1B       		.byte	27
 734 02c1 04       		.byte	4
 735 02c2 1E       		.byte	30
 736 02c3 80       		.byte	-128
 737 02c4 20       		.byte	32
 738 02c5 01       		.byte	1
 739 02c6 21       		.byte	33
 740 02c7 02       		.byte	2
 741 02c8 22       		.byte	34
ARM GAS  C:\Users\monis\AppData\Local\Temp\cc0slXFh.s 			page 14


 742 02c9 20       		.byte	32
 743 02ca 23       		.byte	35
 744 02cb 20       		.byte	32
 745 02cc 2A       		.byte	42
 746 02cd 01       		.byte	1
 747 02ce 2B       		.byte	43
 748 02cf 04       		.byte	4
 749 02d0 30       		.byte	48
 750 02d1 88       		.byte	-120
 751 02d2 31       		.byte	49
 752 02d3 02       		.byte	2
 753 02d4 3B       		.byte	59
 754 02d5 10       		.byte	16
 755 02d6 59       		.byte	89
 756 02d7 20       		.byte	32
 757 02d8 5A       		.byte	90
 758 02d9 45       		.byte	69
 759 02da 5C       		.byte	92
 760 02db 08       		.byte	8
 761 02dc 5E       		.byte	94
 762 02dd 82       		.byte	-126
 763 02de 5F       		.byte	95
 764 02df 20       		.byte	32
 765 02e0 61       		.byte	97
 766 02e1 04       		.byte	4
 767 02e2 62       		.byte	98
 768 02e3 10       		.byte	16
 769 02e4 78       		.byte	120
 770 02e5 08       		.byte	8
 771 02e6 93       		.byte	-109
 772 02e7 10       		.byte	16
 773 02e8 98       		.byte	-104
 774 02e9 08       		.byte	8
 775 02ea 99       		.byte	-103
 776 02eb 24       		.byte	36
 777 02ec 9A       		.byte	-102
 778 02ed 11       		.byte	17
 779 02ee A0       		.byte	-96
 780 02ef 88       		.byte	-120
 781 02f0 A2       		.byte	-94
 782 02f1 01       		.byte	1
 783 02f2 AA       		.byte	-86
 784 02f3 02       		.byte	2
 785 02f4 AB       		.byte	-85
 786 02f5 04       		.byte	4
 787 02f6 AC       		.byte	-84
 788 02f7 18       		.byte	24
 789 02f8 AD       		.byte	-83
 790 02f9 02       		.byte	2
 791 02fa C0       		.byte	-64
 792 02fb 09       		.byte	9
 793 02fc C2       		.byte	-62
 794 02fd 78       		.byte	120
 795 02fe C4       		.byte	-60
 796 02ff 0E       		.byte	14
 797 0300 CA       		.byte	-54
 798 0301 05       		.byte	5
ARM GAS  C:\Users\monis\AppData\Local\Temp\cc0slXFh.s 			page 15


 799 0302 CC       		.byte	-52
 800 0303 0B       		.byte	11
 801 0304 CE       		.byte	-50
 802 0305 04       		.byte	4
 803 0306 D6       		.byte	-42
 804 0307 FF       		.byte	-1
 805 0308 D8       		.byte	-40
 806 0309 06       		.byte	6
 807 030a DE       		.byte	-34
 808 030b 02       		.byte	2
 809 030c EE       		.byte	-18
 810 030d 04       		.byte	4
 811 030e EE       		.byte	-18
 812 030f 04       		.byte	4
 813 0310 40       		.byte	64
 814 0311 30       		.byte	48
 815 0312 41       		.byte	65
 816 0313 02       		.byte	2
 817 0314 49       		.byte	73
 818 0315 FF       		.byte	-1
 819 0316 4A       		.byte	74
 820 0317 FF       		.byte	-1
 821 0318 4B       		.byte	75
 822 0319 FF       		.byte	-1
 823 031a 4D       		.byte	77
 824 031b A0       		.byte	-96
 825 031c 4F       		.byte	79
 826 031d 04       		.byte	4
 827 031e 50       		.byte	80
 828 031f 18       		.byte	24
 829 0320 5A       		.byte	90
 830 0321 04       		.byte	4
 831 0322 5D       		.byte	93
 832 0323 01       		.byte	1
 833 0324 5F       		.byte	95
 834 0325 01       		.byte	1
 835 0326 60       		.byte	96
 836 0327 40       		.byte	64
 837 0328 62       		.byte	98
 838 0329 C0       		.byte	-64
 839 032a 64       		.byte	100
 840 032b 40       		.byte	64
 841 032c 65       		.byte	101
 842 032d 40       		.byte	64
 843 032e 66       		.byte	102
 844 032f C0       		.byte	-64
 845 0330 68       		.byte	104
 846 0331 C0       		.byte	-64
 847 0332 6A       		.byte	106
 848 0333 C0       		.byte	-64
 849 0334 6C       		.byte	108
 850 0335 C0       		.byte	-64
 851 0336 6E       		.byte	110
 852 0337 C0       		.byte	-64
 853 0338 83       		.byte	-125
 854 0339 03       		.byte	3
 855 033a 8A       		.byte	-118
ARM GAS  C:\Users\monis\AppData\Local\Temp\cc0slXFh.s 			page 16


 856 033b 02       		.byte	2
 857 033c 8B       		.byte	-117
 858 033d 02       		.byte	2
 859 033e 9E       		.byte	-98
 860 033f 04       		.byte	4
 861 0340 A6       		.byte	-90
 862 0341 02       		.byte	2
 863 0342 AD       		.byte	-83
 864 0343 01       		.byte	1
 865 0344 AE       		.byte	-82
 866 0345 01       		.byte	1
 867 0346 B0       		.byte	-80
 868 0347 04       		.byte	4
 869 0348 B2       		.byte	-78
 870 0349 01       		.byte	1
 871 034a B3       		.byte	-77
 872 034b 02       		.byte	2
 873 034c B4       		.byte	-76
 874 034d 02       		.byte	2
 875 034e B7       		.byte	-73
 876 034f 01       		.byte	1
 877 0350 BE       		.byte	-66
 878 0351 10       		.byte	16
 879 0352 C0       		.byte	-64
 880 0353 30       		.byte	48
 881 0354 C1       		.byte	-63
 882 0355 02       		.byte	2
 883 0356 C5       		.byte	-59
 884 0357 D0       		.byte	-48
 885 0358 C6       		.byte	-58
 886 0359 20       		.byte	32
 887 035a C7       		.byte	-57
 888 035b 10       		.byte	16
 889 035c C8       		.byte	-56
 890 035d 2A       		.byte	42
 891 035e C9       		.byte	-55
 892 035f FF       		.byte	-1
 893 0360 CA       		.byte	-54
 894 0361 FF       		.byte	-1
 895 0362 CB       		.byte	-53
 896 0363 FF       		.byte	-1
 897 0364 CD       		.byte	-51
 898 0365 AF       		.byte	-81
 899 0366 CE       		.byte	-50
 900 0367 0F       		.byte	15
 901 0368 CF       		.byte	-49
 902 0369 04       		.byte	4
 903 036a D0       		.byte	-48
 904 036b 18       		.byte	24
 905 036c D2       		.byte	-46
 906 036d 80       		.byte	-128
 907 036e D4       		.byte	-44
 908 036f 05       		.byte	5
 909 0370 D6       		.byte	-42
 910 0371 04       		.byte	4
 911 0372 D8       		.byte	-40
 912 0373 04       		.byte	4
ARM GAS  C:\Users\monis\AppData\Local\Temp\cc0slXFh.s 			page 17


 913 0374 D9       		.byte	-39
 914 0375 04       		.byte	4
 915 0376 DA       		.byte	-38
 916 0377 04       		.byte	4
 917 0378 DB       		.byte	-37
 918 0379 04       		.byte	4
 919 037a DC       		.byte	-36
 920 037b 11       		.byte	17
 921 037c DD       		.byte	-35
 922 037d 11       		.byte	17
 923 037e DF       		.byte	-33
 924 037f 01       		.byte	1
 925 0380 E0       		.byte	-32
 926 0381 40       		.byte	64
 927 0382 E2       		.byte	-30
 928 0383 C0       		.byte	-64
 929 0384 E4       		.byte	-28
 930 0385 40       		.byte	64
 931 0386 E5       		.byte	-27
 932 0387 40       		.byte	64
 933 0388 E6       		.byte	-26
 934 0389 C0       		.byte	-64
 935 038a E8       		.byte	-24
 936 038b C0       		.byte	-64
 937 038c EA       		.byte	-22
 938 038d C0       		.byte	-64
 939 038e EC       		.byte	-20
 940 038f C0       		.byte	-64
 941 0390 EE       		.byte	-18
 942 0391 C0       		.byte	-64
 943 0392 04       		.byte	4
 944 0393 10       		.byte	16
 945 0394 0F       		.byte	15
 946 0395 02       		.byte	2
 947 0396 16       		.byte	22
 948 0397 20       		.byte	32
 949 0398 17       		.byte	23
 950 0399 40       		.byte	64
 951 039a 1C       		.byte	28
 952 039b 10       		.byte	16
 953 039c 1D       		.byte	29
 954 039d 08       		.byte	8
 955 039e 1E       		.byte	30
 956 039f 08       		.byte	8
 957 03a0 1F       		.byte	31
 958 03a1 01       		.byte	1
 959 03a2 26       		.byte	38
 960 03a3 40       		.byte	64
 961 03a4 27       		.byte	39
 962 03a5 20       		.byte	32
 963 03a6 2F       		.byte	47
 964 03a7 01       		.byte	1
 965 03a8 3C       		.byte	60
 966 03a9 10       		.byte	16
 967 03aa 3F       		.byte	63
 968 03ab 02       		.byte	2
 969 03ac 40       		.byte	64
ARM GAS  C:\Users\monis\AppData\Local\Temp\cc0slXFh.s 			page 18


 970 03ad 10       		.byte	16
 971 03ae 41       		.byte	65
 972 03af 20       		.byte	32
 973 03b0 45       		.byte	69
 974 03b1 28       		.byte	40
 975 03b2 4F       		.byte	79
 976 03b3 01       		.byte	1
 977 03b4 55       		.byte	85
 978 03b5 20       		.byte	32
 979 03b6 56       		.byte	86
 980 03b7 20       		.byte	32
 981 03b8 57       		.byte	87
 982 03b9 01       		.byte	1
 983 03ba 5E       		.byte	94
 984 03bb 88       		.byte	-120
 985 03bc 5F       		.byte	95
 986 03bd 01       		.byte	1
 987 03be 67       		.byte	103
 988 03bf 80       		.byte	-128
 989 03c0 77       		.byte	119
 990 03c1 40       		.byte	64
 991 03c2 87       		.byte	-121
 992 03c3 60       		.byte	96
 993 03c4 C0       		.byte	-64
 994 03c5 40       		.byte	64
 995 03c6 C2       		.byte	-62
 996 03c7 80       		.byte	-128
 997 03c8 C4       		.byte	-60
 998 03c9 A0       		.byte	-96
 999 03ca CA       		.byte	-54
 1000 03cb 10       		.byte	16
 1001 03cc CE       		.byte	-50
 1002 03cd A0       		.byte	-96
 1003 03ce D0       		.byte	-48
 1004 03cf 66       		.byte	102
 1005 03d0 D6       		.byte	-42
 1006 03d1 D0       		.byte	-48
 1007 03d2 D8       		.byte	-40
 1008 03d3 80       		.byte	-128
 1009 03d4 E4       		.byte	-28
 1010 03d5 02       		.byte	2
 1011 03d6 EC       		.byte	-20
 1012 03d7 20       		.byte	32
 1013 03d8 EE       		.byte	-18
 1014 03d9 08       		.byte	8
 1015 03da E4       		.byte	-28
 1016 03db 02       		.byte	2
 1017 03dc EC       		.byte	-20
 1018 03dd 20       		.byte	32
 1019 03de EE       		.byte	-18
 1020 03df 08       		.byte	8
 1021 03e0 33       		.byte	51
 1022 03e1 22       		.byte	34
 1023 03e2 36       		.byte	54
 1024 03e3 80       		.byte	-128
 1025 03e4 CC       		.byte	-52
 1026 03e5 70       		.byte	112
ARM GAS  C:\Users\monis\AppData\Local\Temp\cc0slXFh.s 			page 19


 1027 03e6 01       		.byte	1
 1028 03e7 20       		.byte	32
 1029 03e8 04       		.byte	4
 1030 03e9 01       		.byte	1
 1031 03ea 80       		.byte	-128
 1032 03eb 01       		.byte	1
 1033 03ec A6       		.byte	-90
 1034 03ed 80       		.byte	-128
 1035 03ee A7       		.byte	-89
 1036 03ef 22       		.byte	34
 1037 03f0 C0       		.byte	-64
 1038 03f1 60       		.byte	96
 1039 03f2 E0       		.byte	-32
 1040 03f3 80       		.byte	-128
 1041 03f4 A6       		.byte	-90
 1042 03f5 80       		.byte	-128
 1043 03f6 A7       		.byte	-89
 1044 03f7 22       		.byte	34
 1045 03f8 AD       		.byte	-83
 1046 03f9 20       		.byte	32
 1047 03fa EC       		.byte	-20
 1048 03fb 40       		.byte	64
 1049 03fc A6       		.byte	-90
 1050 03fd 80       		.byte	-128
 1051 03fe A7       		.byte	-89
 1052 03ff 02       		.byte	2
 1053 0400 AB       		.byte	-85
 1054 0401 20       		.byte	32
 1055 0402 EE       		.byte	-18
 1056 0403 20       		.byte	32
 1057 0404 1B       		.byte	27
 1058 0405 04       		.byte	4
 1059 0406 C6       		.byte	-58
 1060 0407 08       		.byte	8
 1061 0408 44       		.byte	68
 1062 0409 01       		.byte	1
 1063 040a AB       		.byte	-85
 1064 040b 04       		.byte	4
 1065 040c D0       		.byte	-48
 1066 040d 04       		.byte	4
 1067 040e 25       		.byte	37
 1068 040f 02       		.byte	2
 1069 0410 A6       		.byte	-90
 1070 0411 80       		.byte	-128
 1071 0412 A7       		.byte	-89
 1072 0413 02       		.byte	2
 1073 0414 C8       		.byte	-56
 1074 0415 80       		.byte	-128
 1075 0416 1A       		.byte	26
 1076 0417 02       		.byte	2
 1077 0418 63       		.byte	99
 1078 0419 04       		.byte	4
 1079 041a 86       		.byte	-122
 1080 041b 01       		.byte	1
 1081 041c 87       		.byte	-121
 1082 041d 06       		.byte	6
 1083 041e A7       		.byte	-89
ARM GAS  C:\Users\monis\AppData\Local\Temp\cc0slXFh.s 			page 20


 1084 041f 02       		.byte	2
 1085 0420 AE       		.byte	-82
 1086 0421 80       		.byte	-128
 1087 0422 B1       		.byte	-79
 1088 0423 02       		.byte	2
 1089 0424 C6       		.byte	-58
 1090 0425 40       		.byte	64
 1091 0426 D8       		.byte	-40
 1092 0427 40       		.byte	64
 1093 0428 E2       		.byte	-30
 1094 0429 50       		.byte	80
 1095 042a E4       		.byte	-28
 1096 042b 40       		.byte	64
 1097 042c EE       		.byte	-18
 1098 042d 10       		.byte	16
 1099 042e 1F       		.byte	31
 1100 042f 80       		.byte	-128
 1101 0430 37       		.byte	55
 1102 0431 02       		.byte	2
 1103 0432 9C       		.byte	-100
 1104 0433 01       		.byte	1
 1105 0434 C6       		.byte	-58
 1106 0435 01       		.byte	1
 1107 0436 CC       		.byte	-52
 1108 0437 01       		.byte	1
 1109 0438 87       		.byte	-121
 1110 0439 02       		.byte	2
 1111 043a 9F       		.byte	-97
 1112 043b 02       		.byte	2
 1113 043c AF       		.byte	-81
 1114 043d 80       		.byte	-128
 1115 043e B0       		.byte	-80
 1116 043f 01       		.byte	1
 1117 0440 EC       		.byte	-20
 1118 0441 04       		.byte	4
 1119 0442 00       		.byte	0
 1120 0443 01       		.byte	1
 1121 0444 08       		.byte	8
 1122 0445 01       		.byte	1
 1123 0446 0A       		.byte	10
 1124 0447 01       		.byte	1
 1125 0448 10       		.byte	16
 1126 0449 02       		.byte	2
 1127 044a 1A       		.byte	26
 1128 044b 02       		.byte	2
 1129 044c 00       		.byte	0
 1130 044d 3F       		.byte	63
 1131 044e 00       		.byte	0
 1132 044f 00       		.byte	0
 1133 0450 06       		.byte	6
 1134 0451 01       		.byte	1
 1135 0452 01       		.byte	1
 1136 0453 00       		.byte	0
 1137 0454 00       		.byte	0
 1138 0455 00       		.byte	0
 1139 0456 40       		.byte	64
 1140 0457 00       		.byte	0
ARM GAS  C:\Users\monis\AppData\Local\Temp\cc0slXFh.s 			page 21


 1141 0458 00       		.byte	0
 1142 0459 0B       		.byte	11
 1143 045a 0B       		.byte	11
 1144 045b 00       		.byte	0
 1145 045c 00       		.byte	0
 1146 045d 00       		.byte	0
 1147 045e 00       		.byte	0
 1148 045f 00       		.byte	0
 1149 0460 00       		.byte	0
 1150 0461 7F       		.byte	127
 1151 0462 7F       		.byte	127
 1152 0463 00       		.byte	0
 1153 0464 00       		.byte	0
 1154 0465 00       		.byte	0
 1155 0466 00       		.byte	0
 1156 0467 00       		.byte	0
 1157 0468 00       		.byte	0
 1158 0469 81       		.byte	-127
 1159 046a 81       		.byte	-127
 1160 046b 00       		.byte	0
 1161 046c 80       		.byte	-128
 1162 046d 00       		.byte	0
 1163 046e 70       		.byte	112
 1164 046f 00       		.byte	0
 1165              		.section	.cywolatch,"a",%progbits
 1166              		.align	2
 1167              		.type	cy_meta_wonvl, %object
 1168              		.size	cy_meta_wonvl, 4
 1169              	cy_meta_wonvl:
 1170 0000 BC       		.byte	-68
 1171 0001 90       		.byte	-112
 1172 0002 AC       		.byte	-84
 1173 0003 AF       		.byte	-81
 1174              		.section	.cycustnvl,"a",%progbits
 1175              		.align	2
 1176              		.type	cy_meta_custnvl, %object
 1177              		.size	cy_meta_custnvl, 4
 1178              	cy_meta_custnvl:
 1179 0000 00       		.byte	0
 1180 0001 00       		.byte	0
 1181 0002 40       		.byte	64
 1182 0003 05       		.byte	5
 1183              		.section	.cymeta,"a",%progbits
 1184              		.align	2
 1185              		.type	cy_metadata, %object
 1186              		.size	cy_metadata, 12
 1187              	cy_metadata:
 1188 0000 00       		.byte	0
 1189 0001 01       		.byte	1
 1190 0002 2E       		.byte	46
 1191 0003 12       		.byte	18
 1192 0004 30       		.byte	48
 1193 0005 69       		.byte	105
 1194 0006 00       		.byte	0
 1195 0007 01       		.byte	1
 1196 0008 00       		.byte	0
 1197 0009 00       		.byte	0
ARM GAS  C:\Users\monis\AppData\Local\Temp\cc0slXFh.s 			page 22


 1198 000a 00       		.byte	0
 1199 000b 00       		.byte	0
 1200              		.section	.cyflashprotect,"a",%progbits
 1201              		.align	2
 1202              		.type	cy_meta_flashprotect, %object
 1203              		.size	cy_meta_flashprotect, 256
 1204              	cy_meta_flashprotect:
 1205 0000 00000000 		.space	256
 1205      00000000 
 1205      00000000 
 1205      00000000 
 1205      00000000 
 1206              		.text
 1207              	.Letext0:
 1208              		.file 1 "c:\\program files (x86)\\cypress\\psoc creator\\4.1\\psoc creator\\import\\gnu\\arm\\5.4.
 1209              		.file 2 "c:\\program files (x86)\\cypress\\psoc creator\\4.1\\psoc creator\\import\\gnu\\arm\\5.4.
 1210              		.file 3 "Generated_Source\\PSoC5\\cymetadata.c"
 1211              		.section	.debug_info,"",%progbits
 1212              	.Ldebug_info0:
 1213 0000 32010000 		.4byte	0x132
 1214 0004 0400     		.2byte	0x4
 1215 0006 00000000 		.4byte	.Ldebug_abbrev0
 1216 000a 04       		.byte	0x4
 1217 000b 01       		.uleb128 0x1
 1218 000c 24000000 		.4byte	.LASF17
 1219 0010 0C       		.byte	0xc
 1220 0011 D4010000 		.4byte	.LASF18
 1221 0015 69010000 		.4byte	.LASF19
 1222 0019 00000000 		.4byte	.Ldebug_line0
 1223 001d 02       		.uleb128 0x2
 1224 001e 01       		.byte	0x1
 1225 001f 06       		.byte	0x6
 1226 0020 C8010000 		.4byte	.LASF0
 1227 0024 03       		.uleb128 0x3
 1228 0025 00000000 		.4byte	.LASF9
 1229 0029 01       		.byte	0x1
 1230 002a 1D       		.byte	0x1d
 1231 002b 2F000000 		.4byte	0x2f
 1232 002f 02       		.uleb128 0x2
 1233 0030 01       		.byte	0x1
 1234 0031 08       		.byte	0x8
 1235 0032 16000000 		.4byte	.LASF1
 1236 0036 02       		.uleb128 0x2
 1237 0037 02       		.byte	0x2
 1238 0038 05       		.byte	0x5
 1239 0039 5F010000 		.4byte	.LASF2
 1240 003d 02       		.uleb128 0x2
 1241 003e 02       		.byte	0x2
 1242 003f 07       		.byte	0x7
 1243 0040 C4000000 		.4byte	.LASF3
 1244 0044 02       		.uleb128 0x2
 1245 0045 04       		.byte	0x4
 1246 0046 05       		.byte	0x5
 1247 0047 BF010000 		.4byte	.LASF4
 1248 004b 02       		.uleb128 0x2
 1249 004c 04       		.byte	0x4
 1250 004d 07       		.byte	0x7
ARM GAS  C:\Users\monis\AppData\Local\Temp\cc0slXFh.s 			page 23


 1251 004e B2000000 		.4byte	.LASF5
 1252 0052 02       		.uleb128 0x2
 1253 0053 08       		.byte	0x8
 1254 0054 05       		.byte	0x5
 1255 0055 51010000 		.4byte	.LASF6
 1256 0059 02       		.uleb128 0x2
 1257 005a 08       		.byte	0x8
 1258 005b 07       		.byte	0x7
 1259 005c 06010000 		.4byte	.LASF7
 1260 0060 04       		.uleb128 0x4
 1261 0061 04       		.byte	0x4
 1262 0062 05       		.byte	0x5
 1263 0063 696E7400 		.ascii	"int\000"
 1264 0067 02       		.uleb128 0x2
 1265 0068 04       		.byte	0x4
 1266 0069 07       		.byte	0x7
 1267 006a F9000000 		.4byte	.LASF8
 1268 006e 03       		.uleb128 0x3
 1269 006f 1D010000 		.4byte	.LASF10
 1270 0073 02       		.byte	0x2
 1271 0074 18       		.byte	0x18
 1272 0075 24000000 		.4byte	0x24
 1273 0079 05       		.uleb128 0x5
 1274 007a 91000000 		.4byte	0x91
 1275 007e 8A000000 		.4byte	0x8a
 1276 0082 06       		.uleb128 0x6
 1277 0083 8A000000 		.4byte	0x8a
 1278 0087 6F04     		.2byte	0x46f
 1279 0089 00       		.byte	0
 1280 008a 02       		.uleb128 0x2
 1281 008b 04       		.byte	0x4
 1282 008c 07       		.byte	0x7
 1283 008d 48010000 		.4byte	.LASF11
 1284 0091 07       		.uleb128 0x7
 1285 0092 6E000000 		.4byte	0x6e
 1286 0096 08       		.uleb128 0x8
 1287 0097 E7000000 		.4byte	.LASF12
 1288 009b 03       		.byte	0x3
 1289 009c 1F       		.byte	0x1f
 1290 009d A7000000 		.4byte	0xa7
 1291 00a1 05       		.uleb128 0x5
 1292 00a2 03       		.byte	0x3
 1293 00a3 00000000 		.4byte	cy_meta_configecc
 1294 00a7 07       		.uleb128 0x7
 1295 00a8 79000000 		.4byte	0x79
 1296 00ac 05       		.uleb128 0x5
 1297 00ad 91000000 		.4byte	0x91
 1298 00b1 BC000000 		.4byte	0xbc
 1299 00b5 09       		.uleb128 0x9
 1300 00b6 8A000000 		.4byte	0x8a
 1301 00ba 03       		.byte	0x3
 1302 00bb 00       		.byte	0
 1303 00bc 08       		.uleb128 0x8
 1304 00bd D7000000 		.4byte	.LASF13
 1305 00c1 03       		.byte	0x3
 1306 00c2 BA       		.byte	0xba
 1307 00c3 CD000000 		.4byte	0xcd
ARM GAS  C:\Users\monis\AppData\Local\Temp\cc0slXFh.s 			page 24


 1308 00c7 05       		.uleb128 0x5
 1309 00c8 03       		.byte	0x3
 1310 00c9 00000000 		.4byte	cy_meta_custnvl
 1311 00cd 07       		.uleb128 0x7
 1312 00ce AC000000 		.4byte	0xac
 1313 00d2 08       		.uleb128 0x8
 1314 00d3 3A010000 		.4byte	.LASF14
 1315 00d7 03       		.byte	0x3
 1316 00d8 C8       		.byte	0xc8
 1317 00d9 E3000000 		.4byte	0xe3
 1318 00dd 05       		.uleb128 0x5
 1319 00de 03       		.byte	0x3
 1320 00df 00000000 		.4byte	cy_meta_wonvl
 1321 00e3 07       		.uleb128 0x7
 1322 00e4 AC000000 		.4byte	0xac
 1323 00e8 05       		.uleb128 0x5
 1324 00e9 91000000 		.4byte	0x91
 1325 00ed F8000000 		.4byte	0xf8
 1326 00f1 09       		.uleb128 0x9
 1327 00f2 8A000000 		.4byte	0x8a
 1328 00f6 FF       		.byte	0xff
 1329 00f7 00       		.byte	0
 1330 00f8 08       		.uleb128 0x8
 1331 00f9 25010000 		.4byte	.LASF15
 1332 00fd 03       		.byte	0x3
 1333 00fe D6       		.byte	0xd6
 1334 00ff 09010000 		.4byte	0x109
 1335 0103 05       		.uleb128 0x5
 1336 0104 03       		.byte	0x3
 1337 0105 00000000 		.4byte	cy_meta_flashprotect
 1338 0109 07       		.uleb128 0x7
 1339 010a E8000000 		.4byte	0xe8
 1340 010e 05       		.uleb128 0x5
 1341 010f 91000000 		.4byte	0x91
 1342 0113 1E010000 		.4byte	0x11e
 1343 0117 09       		.uleb128 0x9
 1344 0118 8A000000 		.4byte	0x8a
 1345 011c 0B       		.byte	0xb
 1346 011d 00       		.byte	0
 1347 011e 0A       		.uleb128 0xa
 1348 011f 0A000000 		.4byte	.LASF16
 1349 0123 03       		.byte	0x3
 1350 0124 0301     		.2byte	0x103
 1351 0126 30010000 		.4byte	0x130
 1352 012a 05       		.uleb128 0x5
 1353 012b 03       		.byte	0x3
 1354 012c 00000000 		.4byte	cy_metadata
 1355 0130 07       		.uleb128 0x7
 1356 0131 0E010000 		.4byte	0x10e
 1357 0135 00       		.byte	0
 1358              		.section	.debug_abbrev,"",%progbits
 1359              	.Ldebug_abbrev0:
 1360 0000 01       		.uleb128 0x1
 1361 0001 11       		.uleb128 0x11
 1362 0002 01       		.byte	0x1
 1363 0003 25       		.uleb128 0x25
 1364 0004 0E       		.uleb128 0xe
ARM GAS  C:\Users\monis\AppData\Local\Temp\cc0slXFh.s 			page 25


 1365 0005 13       		.uleb128 0x13
 1366 0006 0B       		.uleb128 0xb
 1367 0007 03       		.uleb128 0x3
 1368 0008 0E       		.uleb128 0xe
 1369 0009 1B       		.uleb128 0x1b
 1370 000a 0E       		.uleb128 0xe
 1371 000b 10       		.uleb128 0x10
 1372 000c 17       		.uleb128 0x17
 1373 000d 00       		.byte	0
 1374 000e 00       		.byte	0
 1375 000f 02       		.uleb128 0x2
 1376 0010 24       		.uleb128 0x24
 1377 0011 00       		.byte	0
 1378 0012 0B       		.uleb128 0xb
 1379 0013 0B       		.uleb128 0xb
 1380 0014 3E       		.uleb128 0x3e
 1381 0015 0B       		.uleb128 0xb
 1382 0016 03       		.uleb128 0x3
 1383 0017 0E       		.uleb128 0xe
 1384 0018 00       		.byte	0
 1385 0019 00       		.byte	0
 1386 001a 03       		.uleb128 0x3
 1387 001b 16       		.uleb128 0x16
 1388 001c 00       		.byte	0
 1389 001d 03       		.uleb128 0x3
 1390 001e 0E       		.uleb128 0xe
 1391 001f 3A       		.uleb128 0x3a
 1392 0020 0B       		.uleb128 0xb
 1393 0021 3B       		.uleb128 0x3b
 1394 0022 0B       		.uleb128 0xb
 1395 0023 49       		.uleb128 0x49
 1396 0024 13       		.uleb128 0x13
 1397 0025 00       		.byte	0
 1398 0026 00       		.byte	0
 1399 0027 04       		.uleb128 0x4
 1400 0028 24       		.uleb128 0x24
 1401 0029 00       		.byte	0
 1402 002a 0B       		.uleb128 0xb
 1403 002b 0B       		.uleb128 0xb
 1404 002c 3E       		.uleb128 0x3e
 1405 002d 0B       		.uleb128 0xb
 1406 002e 03       		.uleb128 0x3
 1407 002f 08       		.uleb128 0x8
 1408 0030 00       		.byte	0
 1409 0031 00       		.byte	0
 1410 0032 05       		.uleb128 0x5
 1411 0033 01       		.uleb128 0x1
 1412 0034 01       		.byte	0x1
 1413 0035 49       		.uleb128 0x49
 1414 0036 13       		.uleb128 0x13
 1415 0037 01       		.uleb128 0x1
 1416 0038 13       		.uleb128 0x13
 1417 0039 00       		.byte	0
 1418 003a 00       		.byte	0
 1419 003b 06       		.uleb128 0x6
 1420 003c 21       		.uleb128 0x21
 1421 003d 00       		.byte	0
ARM GAS  C:\Users\monis\AppData\Local\Temp\cc0slXFh.s 			page 26


 1422 003e 49       		.uleb128 0x49
 1423 003f 13       		.uleb128 0x13
 1424 0040 2F       		.uleb128 0x2f
 1425 0041 05       		.uleb128 0x5
 1426 0042 00       		.byte	0
 1427 0043 00       		.byte	0
 1428 0044 07       		.uleb128 0x7
 1429 0045 26       		.uleb128 0x26
 1430 0046 00       		.byte	0
 1431 0047 49       		.uleb128 0x49
 1432 0048 13       		.uleb128 0x13
 1433 0049 00       		.byte	0
 1434 004a 00       		.byte	0
 1435 004b 08       		.uleb128 0x8
 1436 004c 34       		.uleb128 0x34
 1437 004d 00       		.byte	0
 1438 004e 03       		.uleb128 0x3
 1439 004f 0E       		.uleb128 0xe
 1440 0050 3A       		.uleb128 0x3a
 1441 0051 0B       		.uleb128 0xb
 1442 0052 3B       		.uleb128 0x3b
 1443 0053 0B       		.uleb128 0xb
 1444 0054 49       		.uleb128 0x49
 1445 0055 13       		.uleb128 0x13
 1446 0056 3F       		.uleb128 0x3f
 1447 0057 19       		.uleb128 0x19
 1448 0058 02       		.uleb128 0x2
 1449 0059 18       		.uleb128 0x18
 1450 005a 00       		.byte	0
 1451 005b 00       		.byte	0
 1452 005c 09       		.uleb128 0x9
 1453 005d 21       		.uleb128 0x21
 1454 005e 00       		.byte	0
 1455 005f 49       		.uleb128 0x49
 1456 0060 13       		.uleb128 0x13
 1457 0061 2F       		.uleb128 0x2f
 1458 0062 0B       		.uleb128 0xb
 1459 0063 00       		.byte	0
 1460 0064 00       		.byte	0
 1461 0065 0A       		.uleb128 0xa
 1462 0066 34       		.uleb128 0x34
 1463 0067 00       		.byte	0
 1464 0068 03       		.uleb128 0x3
 1465 0069 0E       		.uleb128 0xe
 1466 006a 3A       		.uleb128 0x3a
 1467 006b 0B       		.uleb128 0xb
 1468 006c 3B       		.uleb128 0x3b
 1469 006d 05       		.uleb128 0x5
 1470 006e 49       		.uleb128 0x49
 1471 006f 13       		.uleb128 0x13
 1472 0070 3F       		.uleb128 0x3f
 1473 0071 19       		.uleb128 0x19
 1474 0072 02       		.uleb128 0x2
 1475 0073 18       		.uleb128 0x18
 1476 0074 00       		.byte	0
 1477 0075 00       		.byte	0
 1478 0076 00       		.byte	0
ARM GAS  C:\Users\monis\AppData\Local\Temp\cc0slXFh.s 			page 27


 1479              		.section	.debug_aranges,"",%progbits
 1480 0000 14000000 		.4byte	0x14
 1481 0004 0200     		.2byte	0x2
 1482 0006 00000000 		.4byte	.Ldebug_info0
 1483 000a 04       		.byte	0x4
 1484 000b 00       		.byte	0
 1485 000c 0000     		.2byte	0
 1486 000e 0000     		.2byte	0
 1487 0010 00000000 		.4byte	0
 1488 0014 00000000 		.4byte	0
 1489              		.section	.debug_line,"",%progbits
 1490              	.Ldebug_line0:
 1491 0000 3D010000 		.section	.debug_str,"MS",%progbits,1
 1491      02003701 
 1491      00000201 
 1491      FB0E0D00 
 1491      01010101 
 1492              	.LASF9:
 1493 0000 5F5F7569 		.ascii	"__uint8_t\000"
 1493      6E74385F 
 1493      7400
 1494              	.LASF16:
 1495 000a 63795F6D 		.ascii	"cy_metadata\000"
 1495      65746164 
 1495      61746100 
 1496              	.LASF1:
 1497 0016 756E7369 		.ascii	"unsigned char\000"
 1497      676E6564 
 1497      20636861 
 1497      7200
 1498              	.LASF17:
 1499 0024 474E5520 		.ascii	"GNU C11 5.4.1 20160609 (release) [ARM/embedded-5-br"
 1499      43313120 
 1499      352E342E 
 1499      31203230 
 1499      31363036 
 1500 0057 616E6368 		.ascii	"anch revision 237715] -mcpu=cortex-m3 -mthumb -g -O"
 1500      20726576 
 1500      6973696F 
 1500      6E203233 
 1500      37373135 
 1501 008a 67202D66 		.ascii	"g -ffunction-sections -ffat-lto-objects\000"
 1501      66756E63 
 1501      74696F6E 
 1501      2D736563 
 1501      74696F6E 
 1502              	.LASF5:
 1503 00b2 6C6F6E67 		.ascii	"long unsigned int\000"
 1503      20756E73 
 1503      69676E65 
 1503      6420696E 
 1503      7400
 1504              	.LASF3:
 1505 00c4 73686F72 		.ascii	"short unsigned int\000"
 1505      7420756E 
 1505      7369676E 
 1505      65642069 
ARM GAS  C:\Users\monis\AppData\Local\Temp\cc0slXFh.s 			page 28


 1505      6E7400
 1506              	.LASF13:
 1507 00d7 63795F6D 		.ascii	"cy_meta_custnvl\000"
 1507      6574615F 
 1507      63757374 
 1507      6E766C00 
 1508              	.LASF12:
 1509 00e7 63795F6D 		.ascii	"cy_meta_configecc\000"
 1509      6574615F 
 1509      636F6E66 
 1509      69676563 
 1509      6300
 1510              	.LASF8:
 1511 00f9 756E7369 		.ascii	"unsigned int\000"
 1511      676E6564 
 1511      20696E74 
 1511      00
 1512              	.LASF7:
 1513 0106 6C6F6E67 		.ascii	"long long unsigned int\000"
 1513      206C6F6E 
 1513      6720756E 
 1513      7369676E 
 1513      65642069 
 1514              	.LASF10:
 1515 011d 75696E74 		.ascii	"uint8_t\000"
 1515      385F7400 
 1516              	.LASF15:
 1517 0125 63795F6D 		.ascii	"cy_meta_flashprotect\000"
 1517      6574615F 
 1517      666C6173 
 1517      6870726F 
 1517      74656374 
 1518              	.LASF14:
 1519 013a 63795F6D 		.ascii	"cy_meta_wonvl\000"
 1519      6574615F 
 1519      776F6E76 
 1519      6C00
 1520              	.LASF11:
 1521 0148 73697A65 		.ascii	"sizetype\000"
 1521      74797065 
 1521      00
 1522              	.LASF6:
 1523 0151 6C6F6E67 		.ascii	"long long int\000"
 1523      206C6F6E 
 1523      6720696E 
 1523      7400
 1524              	.LASF2:
 1525 015f 73686F72 		.ascii	"short int\000"
 1525      7420696E 
 1525      7400
 1526              	.LASF19:
 1527 0169 433A5C55 		.ascii	"C:\\Users\\monis\\Documents\\Academics\\SA\\Lab 5\\"
 1527      73657273 
 1527      5C6D6F6E 
 1527      69735C44 
 1527      6F63756D 
 1528 0195 4D6F746F 		.ascii	"Motorspeedcontrol\\Motorspeedcontrol.cydsn\000"
ARM GAS  C:\Users\monis\AppData\Local\Temp\cc0slXFh.s 			page 29


 1528      72737065 
 1528      6564636F 
 1528      6E74726F 
 1528      6C5C4D6F 
 1529              	.LASF4:
 1530 01bf 6C6F6E67 		.ascii	"long int\000"
 1530      20696E74 
 1530      00
 1531              	.LASF0:
 1532 01c8 7369676E 		.ascii	"signed char\000"
 1532      65642063 
 1532      68617200 
 1533              	.LASF18:
 1534 01d4 47656E65 		.ascii	"Generated_Source\\PSoC5\\cymetadata.c\000"
 1534      72617465 
 1534      645F536F 
 1534      75726365 
 1534      5C50536F 
 1535              		.ident	"GCC: (GNU Tools for ARM Embedded Processors) 5.4.1 20160609 (release) [ARM/embedded-5-bran
