ARM GAS  C:\Users\monis\AppData\Local\Temp\ccMIjAme.s 			page 1


   1              		.syntax unified
   2              		.cpu cortex-m3
   3              		.fpu softvfp
   4              		.eabi_attribute 20, 1
   5              		.eabi_attribute 21, 1
   6              		.eabi_attribute 23, 3
   7              		.eabi_attribute 24, 1
   8              		.eabi_attribute 25, 1
   9              		.eabi_attribute 26, 1
  10              		.eabi_attribute 30, 1
  11              		.eabi_attribute 34, 1
  12              		.eabi_attribute 18, 4
  13              		.thumb
  14              		.syntax unified
  15              		.file	"cymetadata.c"
  16              		.text
  17              	.Ltext0:
  18              		.cfi_sections	.debug_frame
  19              		.global	cy_metadata
  20              		.global	cy_meta_flashprotect
  21              		.global	cy_meta_wonvl
  22              		.global	cy_meta_custnvl
  23              		.global	cy_meta_configecc
  24              		.section	.cyconfigecc,"a",%progbits
  25              		.align	2
  26              		.type	cy_meta_configecc, %object
  27              		.size	cy_meta_configecc, 1096
  28              	cy_meta_configecc:
  29 0000 01       		.byte	1
  30 0001 52       		.byte	82
  31 0002 00       		.byte	0
  32 0003 40       		.byte	64
  33 0004 02       		.byte	2
  34 0005 5B       		.byte	91
  35 0006 00       		.byte	0
  36 0007 40       		.byte	64
  37 0008 02       		.byte	2
  38 0009 64       		.byte	100
  39 000a 00       		.byte	0
  40 000b 40       		.byte	64
  41 000c 01       		.byte	1
  42 000d 65       		.byte	101
  43 000e 00       		.byte	0
  44 000f 40       		.byte	64
  45 0010 46       		.byte	70
  46 0011 00       		.byte	0
  47 0012 01       		.byte	1
  48 0013 40       		.byte	64
  49 0014 26       		.byte	38
  50 0015 01       		.byte	1
  51 0016 01       		.byte	1
  52 0017 40       		.byte	64
  53 0018 19       		.byte	25
  54 0019 02       		.byte	2
  55 001a 01       		.byte	1
  56 001b 40       		.byte	64
  57 001c 32       		.byte	50
ARM GAS  C:\Users\monis\AppData\Local\Temp\ccMIjAme.s 			page 2


  58 001d 03       		.byte	3
  59 001e 01       		.byte	1
  60 001f 40       		.byte	64
  61 0020 28       		.byte	40
  62 0021 04       		.byte	4
  63 0022 01       		.byte	1
  64 0023 40       		.byte	64
  65 0024 2D       		.byte	45
  66 0025 05       		.byte	5
  67 0026 01       		.byte	1
  68 0027 40       		.byte	64
  69 0028 01       		.byte	1
  70 0029 07       		.byte	7
  71 002a 01       		.byte	1
  72 002b 40       		.byte	64
  73 002c 01       		.byte	1
  74 002d 09       		.byte	9
  75 002e 01       		.byte	1
  76 002f 40       		.byte	64
  77 0030 2D       		.byte	45
  78 0031 14       		.byte	20
  79 0032 01       		.byte	1
  80 0033 40       		.byte	64
  81 0034 21       		.byte	33
  82 0035 15       		.byte	21
  83 0036 01       		.byte	1
  84 0037 40       		.byte	64
  85 0038 02       		.byte	2
  86 0039 1B       		.byte	27
  87 003a 01       		.byte	1
  88 003b 40       		.byte	64
  89 003c 03       		.byte	3
  90 003d 40       		.byte	64
  91 003e 01       		.byte	1
  92 003f 40       		.byte	64
  93 0040 06       		.byte	6
  94 0041 41       		.byte	65
  95 0042 01       		.byte	1
  96 0043 40       		.byte	64
  97 0044 04       		.byte	4
  98 0045 42       		.byte	66
  99 0046 01       		.byte	1
 100 0047 40       		.byte	64
 101 0048 03       		.byte	3
 102 0049 43       		.byte	67
 103 004a 01       		.byte	1
 104 004b 40       		.byte	64
 105 004c 02       		.byte	2
 106 004d 46       		.byte	70
 107 004e 01       		.byte	1
 108 004f 40       		.byte	64
 109 0050 03       		.byte	3
 110 0051 47       		.byte	71
 111 0052 01       		.byte	1
 112 0053 40       		.byte	64
 113 0054 03       		.byte	3
 114 0055 48       		.byte	72
ARM GAS  C:\Users\monis\AppData\Local\Temp\ccMIjAme.s 			page 3


 115 0056 01       		.byte	1
 116 0057 40       		.byte	64
 117 0058 0D       		.byte	13
 118 0059 49       		.byte	73
 119 005a 01       		.byte	1
 120 005b 40       		.byte	64
 121 005c 05       		.byte	5
 122 005d 4C       		.byte	76
 123 005e 01       		.byte	1
 124 005f 40       		.byte	64
 125 0060 06       		.byte	6
 126 0061 4D       		.byte	77
 127 0062 01       		.byte	1
 128 0063 40       		.byte	64
 129 0064 05       		.byte	5
 130 0065 50       		.byte	80
 131 0066 01       		.byte	1
 132 0067 40       		.byte	64
 133 0068 01       		.byte	1
 134 0069 51       		.byte	81
 135 006a 01       		.byte	1
 136 006b 40       		.byte	64
 137 006c 18       		.byte	24
 138 006d 80       		.byte	-128
 139 006e 27       		.byte	39
 140 006f 84       		.byte	-124
 141 0070 2F       		.byte	47
 142 0071 84       		.byte	-124
 143 0072 84       		.byte	-124
 144 0073 6F       		.byte	111
 145 0074 85       		.byte	-123
 146 0075 0F       		.byte	15
 147 0076 85       		.byte	-123
 148 0077 6B       		.byte	107
 149 0078 01       		.byte	1
 150 0079 BB       		.byte	-69
 151 007a 02       		.byte	2
 152 007b 07       		.byte	7
 153 007c 03       		.byte	3
 154 007d 44       		.byte	68
 155 007e 04       		.byte	4
 156 007f 04       		.byte	4
 157 0080 05       		.byte	5
 158 0081 CC       		.byte	-52
 159 0082 07       		.byte	7
 160 0083 12       		.byte	18
 161 0084 08       		.byte	8
 162 0085 21       		.byte	33
 163 0086 09       		.byte	9
 164 0087 CC       		.byte	-52
 165 0088 0A       		.byte	10
 166 0089 12       		.byte	18
 167 008a 0B       		.byte	11
 168 008b 21       		.byte	33
 169 008c 0C       		.byte	12
 170 008d 10       		.byte	16
 171 008e 0E       		.byte	14
ARM GAS  C:\Users\monis\AppData\Local\Temp\ccMIjAme.s 			page 4


 172 008f 20       		.byte	32
 173 0090 10       		.byte	16
 174 0091 07       		.byte	7
 175 0092 16       		.byte	22
 176 0093 08       		.byte	8
 177 0094 18       		.byte	24
 178 0095 10       		.byte	16
 179 0096 19       		.byte	25
 180 0097 08       		.byte	8
 181 0098 1A       		.byte	26
 182 0099 A0       		.byte	-96
 183 009a 1B       		.byte	27
 184 009b F1       		.byte	-15
 185 009c 1C       		.byte	28
 186 009d 10       		.byte	16
 187 009e 1E       		.byte	30
 188 009f 60       		.byte	96
 189 00a0 20       		.byte	32
 190 00a1 07       		.byte	7
 191 00a2 25       		.byte	37
 192 00a3 80       		.byte	-128
 193 00a4 26       		.byte	38
 194 00a5 04       		.byte	4
 195 00a6 27       		.byte	39
 196 00a7 1F       		.byte	31
 197 00a8 28       		.byte	40
 198 00a9 01       		.byte	1
 199 00aa 2A       		.byte	42
 200 00ab 02       		.byte	2
 201 00ac 2D       		.byte	45
 202 00ad 77       		.byte	119
 203 00ae 30       		.byte	48
 204 00af 40       		.byte	64
 205 00b0 32       		.byte	50
 206 00b1 30       		.byte	48
 207 00b2 33       		.byte	51
 208 00b3 F0       		.byte	-16
 209 00b4 34       		.byte	52
 210 00b5 0F       		.byte	15
 211 00b6 35       		.byte	53
 212 00b7 0F       		.byte	15
 213 00b8 36       		.byte	54
 214 00b9 80       		.byte	-128
 215 00ba 3A       		.byte	58
 216 00bb 08       		.byte	8
 217 00bc 58       		.byte	88
 218 00bd 04       		.byte	4
 219 00be 59       		.byte	89
 220 00bf 04       		.byte	4
 221 00c0 5C       		.byte	92
 222 00c1 11       		.byte	17
 223 00c2 5F       		.byte	95
 224 00c3 01       		.byte	1
 225 00c4 84       		.byte	-124
 226 00c5 94       		.byte	-108
 227 00c6 86       		.byte	-122
 228 00c7 60       		.byte	96
ARM GAS  C:\Users\monis\AppData\Local\Temp\ccMIjAme.s 			page 5


 229 00c8 88       		.byte	-120
 230 00c9 CF       		.byte	-49
 231 00ca 8A       		.byte	-118
 232 00cb 30       		.byte	48
 233 00cc 8D       		.byte	-115
 234 00cd 02       		.byte	2
 235 00ce 8F       		.byte	-113
 236 00cf 04       		.byte	4
 237 00d0 90       		.byte	-112
 238 00d1 73       		.byte	115
 239 00d2 91       		.byte	-111
 240 00d3 02       		.byte	2
 241 00d4 93       		.byte	-109
 242 00d5 0C       		.byte	12
 243 00d6 94       		.byte	-108
 244 00d7 9E       		.byte	-98
 245 00d8 96       		.byte	-106
 246 00d9 60       		.byte	96
 247 00da 99       		.byte	-103
 248 00db 04       		.byte	4
 249 00dc 9A       		.byte	-102
 250 00dd 0F       		.byte	15
 251 00de 9B       		.byte	-101
 252 00df 02       		.byte	2
 253 00e0 A0       		.byte	-96
 254 00e1 FD       		.byte	-3
 255 00e2 A1       		.byte	-95
 256 00e3 02       		.byte	2
 257 00e4 A2       		.byte	-94
 258 00e5 02       		.byte	2
 259 00e6 A3       		.byte	-93
 260 00e7 14       		.byte	20
 261 00e8 A8       		.byte	-88
 262 00e9 30       		.byte	48
 263 00ea AA       		.byte	-86
 264 00eb C9       		.byte	-55
 265 00ec AB       		.byte	-85
 266 00ed 01       		.byte	1
 267 00ee B1       		.byte	-79
 268 00ef 08       		.byte	8
 269 00f0 B2       		.byte	-78
 270 00f1 FF       		.byte	-1
 271 00f2 B3       		.byte	-77
 272 00f3 06       		.byte	6
 273 00f4 B5       		.byte	-75
 274 00f5 01       		.byte	1
 275 00f6 B7       		.byte	-73
 276 00f7 10       		.byte	16
 277 00f8 BB       		.byte	-69
 278 00f9 08       		.byte	8
 279 00fa BE       		.byte	-66
 280 00fb 04       		.byte	4
 281 00fc D8       		.byte	-40
 282 00fd 04       		.byte	4
 283 00fe D9       		.byte	-39
 284 00ff 04       		.byte	4
 285 0100 DC       		.byte	-36
ARM GAS  C:\Users\monis\AppData\Local\Temp\ccMIjAme.s 			page 6


 286 0101 10       		.byte	16
 287 0102 DF       		.byte	-33
 288 0103 01       		.byte	1
 289 0104 01       		.byte	1
 290 0105 02       		.byte	2
 291 0106 03       		.byte	3
 292 0107 1A       		.byte	26
 293 0108 05       		.byte	5
 294 0109 08       		.byte	8
 295 010a 07       		.byte	7
 296 010b 08       		.byte	8
 297 010c 09       		.byte	9
 298 010d 18       		.byte	24
 299 010e 0A       		.byte	10
 300 010f 42       		.byte	66
 301 0110 0C       		.byte	12
 302 0111 01       		.byte	1
 303 0112 0E       		.byte	14
 304 0113 44       		.byte	68
 305 0114 0F       		.byte	15
 306 0115 10       		.byte	16
 307 0116 10       		.byte	16
 308 0117 40       		.byte	64
 309 0118 13       		.byte	19
 310 0119 14       		.byte	20
 311 011a 14       		.byte	20
 312 011b 40       		.byte	64
 313 011c 15       		.byte	21
 314 011d 02       		.byte	2
 315 011e 17       		.byte	23
 316 011f 20       		.byte	32
 317 0120 19       		.byte	25
 318 0121 18       		.byte	24
 319 0122 1A       		.byte	26
 320 0123 06       		.byte	6
 321 0124 1B       		.byte	27
 322 0125 0A       		.byte	10
 323 0126 1D       		.byte	29
 324 0127 08       		.byte	8
 325 0128 23       		.byte	35
 326 0129 1C       		.byte	28
 327 012a 24       		.byte	36
 328 012b 40       		.byte	64
 329 012c 25       		.byte	37
 330 012d 14       		.byte	20
 331 012e 27       		.byte	39
 332 012f 32       		.byte	50
 333 0130 28       		.byte	40
 334 0131 01       		.byte	1
 335 0132 29       		.byte	41
 336 0133 08       		.byte	8
 337 0134 2E       		.byte	46
 338 0135 1C       		.byte	28
 339 0136 2F       		.byte	47
 340 0137 80       		.byte	-128
 341 0138 33       		.byte	51
 342 0139 10       		.byte	16
ARM GAS  C:\Users\monis\AppData\Local\Temp\ccMIjAme.s 			page 7


 343 013a 37       		.byte	55
 344 013b 22       		.byte	34
 345 013c 39       		.byte	57
 346 013d 02       		.byte	2
 347 013e 3B       		.byte	59
 348 013f 14       		.byte	20
 349 0140 3C       		.byte	60
 350 0141 40       		.byte	64
 351 0142 81       		.byte	-127
 352 0143 12       		.byte	18
 353 0144 C0       		.byte	-64
 354 0145 6F       		.byte	111
 355 0146 C2       		.byte	-62
 356 0147 7F       		.byte	127
 357 0148 C4       		.byte	-60
 358 0149 5E       		.byte	94
 359 014a CA       		.byte	-54
 360 014b AA       		.byte	-86
 361 014c CC       		.byte	-52
 362 014d A4       		.byte	-92
 363 014e CE       		.byte	-50
 364 014f 17       		.byte	23
 365 0150 02       		.byte	2
 366 0151 01       		.byte	1
 367 0152 36       		.byte	54
 368 0153 01       		.byte	1
 369 0154 40       		.byte	64
 370 0155 56       		.byte	86
 371 0156 41       		.byte	65
 372 0157 02       		.byte	2
 373 0158 49       		.byte	73
 374 0159 FF       		.byte	-1
 375 015a 4A       		.byte	74
 376 015b FF       		.byte	-1
 377 015c 4B       		.byte	75
 378 015d FF       		.byte	-1
 379 015e 4D       		.byte	77
 380 015f A0       		.byte	-96
 381 0160 4F       		.byte	79
 382 0161 01       		.byte	1
 383 0162 50       		.byte	80
 384 0163 18       		.byte	24
 385 0164 58       		.byte	88
 386 0165 04       		.byte	4
 387 0166 5A       		.byte	90
 388 0167 04       		.byte	4
 389 0168 5C       		.byte	92
 390 0169 01       		.byte	1
 391 016a 5D       		.byte	93
 392 016b 01       		.byte	1
 393 016c 5F       		.byte	95
 394 016d 01       		.byte	1
 395 016e 60       		.byte	96
 396 016f 40       		.byte	64
 397 0170 62       		.byte	98
 398 0171 80       		.byte	-128
 399 0172 64       		.byte	100
ARM GAS  C:\Users\monis\AppData\Local\Temp\ccMIjAme.s 			page 8


 400 0173 40       		.byte	64
 401 0174 65       		.byte	101
 402 0175 40       		.byte	64
 403 0176 66       		.byte	102
 404 0177 80       		.byte	-128
 405 0178 68       		.byte	104
 406 0179 40       		.byte	64
 407 017a 6A       		.byte	106
 408 017b 80       		.byte	-128
 409 017c 6C       		.byte	108
 410 017d 40       		.byte	64
 411 017e 6D       		.byte	109
 412 017f 20       		.byte	32
 413 0180 6E       		.byte	110
 414 0181 80       		.byte	-128
 415 0182 01       		.byte	1
 416 0183 0A       		.byte	10
 417 0184 03       		.byte	3
 418 0185 08       		.byte	8
 419 0186 07       		.byte	7
 420 0187 40       		.byte	64
 421 0188 09       		.byte	9
 422 0189 08       		.byte	8
 423 018a 0A       		.byte	10
 424 018b 0A       		.byte	10
 425 018c 0B       		.byte	11
 426 018d 45       		.byte	69
 427 018e 10       		.byte	16
 428 018f 82       		.byte	-126
 429 0190 11       		.byte	17
 430 0191 08       		.byte	8
 431 0192 13       		.byte	19
 432 0193 10       		.byte	16
 433 0194 18       		.byte	24
 434 0195 04       		.byte	4
 435 0196 19       		.byte	25
 436 0197 4A       		.byte	74
 437 0198 1A       		.byte	26
 438 0199 C0       		.byte	-64
 439 019a 1B       		.byte	27
 440 019b 50       		.byte	80
 441 019c 1F       		.byte	31
 442 019d 80       		.byte	-128
 443 019e 20       		.byte	32
 444 019f 02       		.byte	2
 445 01a0 21       		.byte	33
 446 01a1 09       		.byte	9
 447 01a2 22       		.byte	34
 448 01a3 01       		.byte	1
 449 01a4 29       		.byte	41
 450 01a5 08       		.byte	8
 451 01a6 2B       		.byte	43
 452 01a7 0A       		.byte	10
 453 01a8 32       		.byte	50
 454 01a9 45       		.byte	69
 455 01aa 33       		.byte	51
 456 01ab 10       		.byte	16
ARM GAS  C:\Users\monis\AppData\Local\Temp\ccMIjAme.s 			page 9


 457 01ac 3B       		.byte	59
 458 01ad 10       		.byte	16
 459 01ae 40       		.byte	64
 460 01af 04       		.byte	4
 461 01b0 46       		.byte	70
 462 01b1 08       		.byte	8
 463 01b2 48       		.byte	72
 464 01b3 80       		.byte	-128
 465 01b4 49       		.byte	73
 466 01b5 54       		.byte	84
 467 01b6 4F       		.byte	79
 468 01b7 A0       		.byte	-96
 469 01b8 50       		.byte	80
 470 01b9 0A       		.byte	10
 471 01ba 52       		.byte	82
 472 01bb 11       		.byte	17
 473 01bc 53       		.byte	83
 474 01bd 02       		.byte	2
 475 01be 73       		.byte	115
 476 01bf 40       		.byte	64
 477 01c0 8F       		.byte	-113
 478 01c1 40       		.byte	64
 479 01c2 93       		.byte	-109
 480 01c3 14       		.byte	20
 481 01c4 95       		.byte	-107
 482 01c5 02       		.byte	2
 483 01c6 96       		.byte	-106
 484 01c7 50       		.byte	80
 485 01c8 99       		.byte	-103
 486 01c9 10       		.byte	16
 487 01ca 9A       		.byte	-102
 488 01cb 08       		.byte	8
 489 01cc 9B       		.byte	-101
 490 01cd 10       		.byte	16
 491 01ce A1       		.byte	-95
 492 01cf 04       		.byte	4
 493 01d0 A3       		.byte	-93
 494 01d1 08       		.byte	8
 495 01d2 A7       		.byte	-89
 496 01d3 80       		.byte	-128
 497 01d4 C0       		.byte	-64
 498 01d5 1E       		.byte	30
 499 01d6 C2       		.byte	-62
 500 01d7 0F       		.byte	15
 501 01d8 C4       		.byte	-60
 502 01d9 0F       		.byte	15
 503 01da CA       		.byte	-54
 504 01db 0E       		.byte	14
 505 01dc CC       		.byte	-52
 506 01dd 0F       		.byte	15
 507 01de CE       		.byte	-50
 508 01df 04       		.byte	4
 509 01e0 D0       		.byte	-48
 510 01e1 24       		.byte	36
 511 01e2 D2       		.byte	-46
 512 01e3 3C       		.byte	60
 513 01e4 E0       		.byte	-32
ARM GAS  C:\Users\monis\AppData\Local\Temp\ccMIjAme.s 			page 10


 514 01e5 10       		.byte	16
 515 01e6 00       		.byte	0
 516 01e7 04       		.byte	4
 517 01e8 07       		.byte	7
 518 01e9 02       		.byte	2
 519 01ea 08       		.byte	8
 520 01eb 01       		.byte	1
 521 01ec 09       		.byte	9
 522 01ed 02       		.byte	2
 523 01ee 0C       		.byte	12
 524 01ef 08       		.byte	8
 525 01f0 0E       		.byte	14
 526 01f1 04       		.byte	4
 527 01f2 17       		.byte	23
 528 01f3 04       		.byte	4
 529 01f4 1F       		.byte	31
 530 01f5 01       		.byte	1
 531 01f6 20       		.byte	32
 532 01f7 08       		.byte	8
 533 01f8 22       		.byte	34
 534 01f9 02       		.byte	2
 535 01fa 24       		.byte	36
 536 01fb 02       		.byte	2
 537 01fc 2A       		.byte	42
 538 01fd 01       		.byte	1
 539 01fe 2B       		.byte	43
 540 01ff 02       		.byte	2
 541 0200 30       		.byte	48
 542 0201 01       		.byte	1
 543 0202 31       		.byte	49
 544 0203 02       		.byte	2
 545 0204 32       		.byte	50
 546 0205 08       		.byte	8
 547 0206 33       		.byte	51
 548 0207 04       		.byte	4
 549 0208 34       		.byte	52
 550 0209 04       		.byte	4
 551 020a 35       		.byte	53
 552 020b 01       		.byte	1
 553 020c 36       		.byte	54
 554 020d 02       		.byte	2
 555 020e 38       		.byte	56
 556 020f 08       		.byte	8
 557 0210 3E       		.byte	62
 558 0211 51       		.byte	81
 559 0212 3F       		.byte	63
 560 0213 01       		.byte	1
 561 0214 54       		.byte	84
 562 0215 0F       		.byte	15
 563 0216 58       		.byte	88
 564 0217 04       		.byte	4
 565 0218 59       		.byte	89
 566 0219 04       		.byte	4
 567 021a 5B       		.byte	91
 568 021b 04       		.byte	4
 569 021c 5C       		.byte	92
 570 021d 11       		.byte	17
ARM GAS  C:\Users\monis\AppData\Local\Temp\ccMIjAme.s 			page 11


 571 021e 5D       		.byte	93
 572 021f 10       		.byte	16
 573 0220 5F       		.byte	95
 574 0221 05       		.byte	5
 575 0222 88       		.byte	-120
 576 0223 01       		.byte	1
 577 0224 9A       		.byte	-102
 578 0225 01       		.byte	1
 579 0226 A4       		.byte	-92
 580 0227 01       		.byte	1
 581 0228 B2       		.byte	-78
 582 0229 01       		.byte	1
 583 022a BE       		.byte	-66
 584 022b 04       		.byte	4
 585 022c D4       		.byte	-44
 586 022d 0F       		.byte	15
 587 022e D8       		.byte	-40
 588 022f 04       		.byte	4
 589 0230 DB       		.byte	-37
 590 0231 04       		.byte	4
 591 0232 DD       		.byte	-35
 592 0233 10       		.byte	16
 593 0234 DF       		.byte	-33
 594 0235 01       		.byte	1
 595 0236 00       		.byte	0
 596 0237 12       		.byte	18
 597 0238 02       		.byte	2
 598 0239 01       		.byte	1
 599 023a 06       		.byte	6
 600 023b 08       		.byte	8
 601 023c 0F       		.byte	15
 602 023d 08       		.byte	8
 603 023e 10       		.byte	16
 604 023f 88       		.byte	-120
 605 0240 12       		.byte	18
 606 0241 20       		.byte	32
 607 0242 15       		.byte	21
 608 0243 08       		.byte	8
 609 0244 1A       		.byte	26
 610 0245 46       		.byte	70
 611 0246 1B       		.byte	27
 612 0247 04       		.byte	4
 613 0248 1E       		.byte	30
 614 0249 20       		.byte	32
 615 024a 20       		.byte	32
 616 024b 10       		.byte	16
 617 024c 21       		.byte	33
 618 024d 04       		.byte	4
 619 024e 22       		.byte	34
 620 024f 20       		.byte	32
 621 0250 23       		.byte	35
 622 0251 80       		.byte	-128
 623 0252 2B       		.byte	43
 624 0253 04       		.byte	4
 625 0254 30       		.byte	48
 626 0255 88       		.byte	-120
 627 0256 38       		.byte	56
ARM GAS  C:\Users\monis\AppData\Local\Temp\ccMIjAme.s 			page 12


 628 0257 10       		.byte	16
 629 0258 3A       		.byte	58
 630 0259 08       		.byte	8
 631 025a 5A       		.byte	90
 632 025b 46       		.byte	70
 633 025c 5B       		.byte	91
 634 025d 10       		.byte	16
 635 025e 5C       		.byte	92
 636 025f 08       		.byte	8
 637 0260 5E       		.byte	94
 638 0261 20       		.byte	32
 639 0262 5F       		.byte	95
 640 0263 81       		.byte	-127
 641 0264 61       		.byte	97
 642 0265 04       		.byte	4
 643 0266 62       		.byte	98
 644 0267 10       		.byte	16
 645 0268 78       		.byte	120
 646 0269 08       		.byte	8
 647 026a 80       		.byte	-128
 648 026b 80       		.byte	-128
 649 026c 83       		.byte	-125
 650 026d 10       		.byte	16
 651 026e 93       		.byte	-109
 652 026f 01       		.byte	1
 653 0270 98       		.byte	-104
 654 0271 08       		.byte	8
 655 0272 99       		.byte	-103
 656 0273 04       		.byte	4
 657 0274 9A       		.byte	-102
 658 0275 19       		.byte	25
 659 0276 A0       		.byte	-96
 660 0277 89       		.byte	-119
 661 0278 AA       		.byte	-86
 662 0279 10       		.byte	16
 663 027a AC       		.byte	-84
 664 027b 08       		.byte	8
 665 027c AD       		.byte	-83
 666 027d 02       		.byte	2
 667 027e C0       		.byte	-64
 668 027f 4B       		.byte	75
 669 0280 C2       		.byte	-62
 670 0281 40       		.byte	64
 671 0282 C4       		.byte	-60
 672 0283 2E       		.byte	46
 673 0284 CA       		.byte	-54
 674 0285 04       		.byte	4
 675 0286 CC       		.byte	-52
 676 0287 0A       		.byte	10
 677 0288 CE       		.byte	-50
 678 0289 06       		.byte	6
 679 028a D6       		.byte	-42
 680 028b FF       		.byte	-1
 681 028c D8       		.byte	-40
 682 028d 06       		.byte	6
 683 028e DE       		.byte	-34
 684 028f 02       		.byte	2
ARM GAS  C:\Users\monis\AppData\Local\Temp\ccMIjAme.s 			page 13


 685 0290 EE       		.byte	-18
 686 0291 04       		.byte	4
 687 0292 EE       		.byte	-18
 688 0293 04       		.byte	4
 689 0294 8E       		.byte	-114
 690 0295 0C       		.byte	12
 691 0296 8F       		.byte	-113
 692 0297 03       		.byte	3
 693 0298 94       		.byte	-108
 694 0299 01       		.byte	1
 695 029a 99       		.byte	-103
 696 029b 01       		.byte	1
 697 029c 9C       		.byte	-100
 698 029d 04       		.byte	4
 699 029e AA       		.byte	-86
 700 029f 03       		.byte	3
 701 02a0 AE       		.byte	-82
 702 02a1 01       		.byte	1
 703 02a2 B0       		.byte	-80
 704 02a3 04       		.byte	4
 705 02a4 B2       		.byte	-78
 706 02a5 02       		.byte	2
 707 02a6 B3       		.byte	-77
 708 02a7 02       		.byte	2
 709 02a8 B4       		.byte	-76
 710 02a9 01       		.byte	1
 711 02aa B6       		.byte	-74
 712 02ab 08       		.byte	8
 713 02ac B7       		.byte	-73
 714 02ad 01       		.byte	1
 715 02ae BE       		.byte	-66
 716 02af 11       		.byte	17
 717 02b0 BF       		.byte	-65
 718 02b1 40       		.byte	64
 719 02b2 C0       		.byte	-64
 720 02b3 25       		.byte	37
 721 02b4 C5       		.byte	-59
 722 02b5 0C       		.byte	12
 723 02b6 C6       		.byte	-58
 724 02b7 22       		.byte	34
 725 02b8 C7       		.byte	-57
 726 02b9 5E       		.byte	94
 727 02ba C8       		.byte	-56
 728 02bb 3D       		.byte	61
 729 02bc C9       		.byte	-55
 730 02bd FF       		.byte	-1
 731 02be CA       		.byte	-54
 732 02bf FF       		.byte	-1
 733 02c0 CB       		.byte	-53
 734 02c1 FF       		.byte	-1
 735 02c2 CD       		.byte	-51
 736 02c3 A0       		.byte	-96
 737 02c4 CF       		.byte	-49
 738 02c5 01       		.byte	1
 739 02c6 D0       		.byte	-48
 740 02c7 18       		.byte	24
 741 02c8 D2       		.byte	-46
ARM GAS  C:\Users\monis\AppData\Local\Temp\ccMIjAme.s 			page 14


 742 02c9 80       		.byte	-128
 743 02ca D4       		.byte	-44
 744 02cb 0B       		.byte	11
 745 02cc D8       		.byte	-40
 746 02cd 04       		.byte	4
 747 02ce D9       		.byte	-39
 748 02cf 04       		.byte	4
 749 02d0 DA       		.byte	-38
 750 02d1 04       		.byte	4
 751 02d2 DB       		.byte	-37
 752 02d3 04       		.byte	4
 753 02d4 DF       		.byte	-33
 754 02d5 01       		.byte	1
 755 02d6 E0       		.byte	-32
 756 02d7 40       		.byte	64
 757 02d8 E2       		.byte	-30
 758 02d9 80       		.byte	-128
 759 02da E4       		.byte	-28
 760 02db 40       		.byte	64
 761 02dc E5       		.byte	-27
 762 02dd 40       		.byte	64
 763 02de E6       		.byte	-26
 764 02df 80       		.byte	-128
 765 02e0 E8       		.byte	-24
 766 02e1 40       		.byte	64
 767 02e2 EA       		.byte	-22
 768 02e3 50       		.byte	80
 769 02e4 EB       		.byte	-21
 770 02e5 A8       		.byte	-88
 771 02e6 EC       		.byte	-20
 772 02e7 40       		.byte	64
 773 02e8 ED       		.byte	-19
 774 02e9 20       		.byte	32
 775 02ea EE       		.byte	-18
 776 02eb 50       		.byte	80
 777 02ec EF       		.byte	-17
 778 02ed A8       		.byte	-88
 779 02ee 06       		.byte	6
 780 02ef 01       		.byte	1
 781 02f0 0E       		.byte	14
 782 02f1 22       		.byte	34
 783 02f2 17       		.byte	23
 784 02f3 60       		.byte	96
 785 02f4 1D       		.byte	29
 786 02f5 20       		.byte	32
 787 02f6 1E       		.byte	30
 788 02f7 62       		.byte	98
 789 02f8 27       		.byte	39
 790 02f9 12       		.byte	18
 791 02fa 37       		.byte	55
 792 02fb 10       		.byte	16
 793 02fc 3F       		.byte	63
 794 02fd 80       		.byte	-128
 795 02fe 45       		.byte	69
 796 02ff 20       		.byte	32
 797 0300 4F       		.byte	79
 798 0301 84       		.byte	-124
ARM GAS  C:\Users\monis\AppData\Local\Temp\ccMIjAme.s 			page 15


 799 0302 56       		.byte	86
 800 0303 09       		.byte	9
 801 0304 57       		.byte	87
 802 0305 50       		.byte	80
 803 0306 5E       		.byte	94
 804 0307 40       		.byte	64
 805 0308 5F       		.byte	95
 806 0309 12       		.byte	18
 807 030a 63       		.byte	99
 808 030b 30       		.byte	48
 809 030c 66       		.byte	102
 810 030d 08       		.byte	8
 811 030e 67       		.byte	103
 812 030f 04       		.byte	4
 813 0310 77       		.byte	119
 814 0311 40       		.byte	64
 815 0312 8E       		.byte	-114
 816 0313 01       		.byte	1
 817 0314 9B       		.byte	-101
 818 0315 20       		.byte	32
 819 0316 AB       		.byte	-85
 820 0317 20       		.byte	32
 821 0318 C0       		.byte	-64
 822 0319 80       		.byte	-128
 823 031a C2       		.byte	-62
 824 031b A0       		.byte	-96
 825 031c C4       		.byte	-60
 826 031d C0       		.byte	-64
 827 031e CC       		.byte	-52
 828 031f 20       		.byte	32
 829 0320 CE       		.byte	-50
 830 0321 10       		.byte	16
 831 0322 D0       		.byte	-48
 832 0323 20       		.byte	32
 833 0324 D2       		.byte	-46
 834 0325 10       		.byte	16
 835 0326 D6       		.byte	-42
 836 0327 B0       		.byte	-80
 837 0328 D8       		.byte	-40
 838 0329 60       		.byte	96
 839 032a E2       		.byte	-30
 840 032b 10       		.byte	16
 841 032c E4       		.byte	-28
 842 032d 82       		.byte	-126
 843 032e EE       		.byte	-18
 844 032f 08       		.byte	8
 845 0330 E4       		.byte	-28
 846 0331 82       		.byte	-126
 847 0332 EE       		.byte	-18
 848 0333 08       		.byte	8
 849 0334 33       		.byte	51
 850 0335 20       		.byte	32
 851 0336 36       		.byte	54
 852 0337 80       		.byte	-128
 853 0338 CC       		.byte	-52
 854 0339 30       		.byte	48
 855 033a 02       		.byte	2
ARM GAS  C:\Users\monis\AppData\Local\Temp\ccMIjAme.s 			page 16


 856 033b 04       		.byte	4
 857 033c 04       		.byte	4
 858 033d 08       		.byte	8
 859 033e 8C       		.byte	-116
 860 033f 04       		.byte	4
 861 0340 A6       		.byte	-90
 862 0341 80       		.byte	-128
 863 0342 A7       		.byte	-89
 864 0343 20       		.byte	32
 865 0344 C0       		.byte	-64
 866 0345 60       		.byte	96
 867 0346 A6       		.byte	-90
 868 0347 80       		.byte	-128
 869 0348 A7       		.byte	-89
 870 0349 20       		.byte	32
 871 034a AA       		.byte	-86
 872 034b 04       		.byte	4
 873 034c E8       		.byte	-24
 874 034d 80       		.byte	-128
 875 034e A6       		.byte	-90
 876 034f 80       		.byte	-128
 877 0350 AB       		.byte	-85
 878 0351 20       		.byte	32
 879 0352 EE       		.byte	-18
 880 0353 20       		.byte	32
 881 0354 1B       		.byte	27
 882 0355 04       		.byte	4
 883 0356 C6       		.byte	-58
 884 0357 08       		.byte	8
 885 0358 46       		.byte	70
 886 0359 08       		.byte	8
 887 035a AB       		.byte	-85
 888 035b 04       		.byte	4
 889 035c D0       		.byte	-48
 890 035d 04       		.byte	4
 891 035e 27       		.byte	39
 892 035f 80       		.byte	-128
 893 0360 A6       		.byte	-90
 894 0361 80       		.byte	-128
 895 0362 C8       		.byte	-56
 896 0363 80       		.byte	-128
 897 0364 1A       		.byte	26
 898 0365 02       		.byte	2
 899 0366 1F       		.byte	31
 900 0367 40       		.byte	64
 901 0368 5F       		.byte	95
 902 0369 02       		.byte	2
 903 036a 86       		.byte	-122
 904 036b 01       		.byte	1
 905 036c 8B       		.byte	-117
 906 036d 40       		.byte	64
 907 036e 8F       		.byte	-113
 908 036f 02       		.byte	2
 909 0370 AB       		.byte	-85
 910 0371 80       		.byte	-128
 911 0372 AE       		.byte	-82
 912 0373 80       		.byte	-128
ARM GAS  C:\Users\monis\AppData\Local\Temp\ccMIjAme.s 			page 17


 913 0374 C6       		.byte	-58
 914 0375 C0       		.byte	-64
 915 0376 D6       		.byte	-42
 916 0377 80       		.byte	-128
 917 0378 E4       		.byte	-28
 918 0379 40       		.byte	64
 919 037a E8       		.byte	-24
 920 037b 80       		.byte	-128
 921 037c EE       		.byte	-18
 922 037d 10       		.byte	16
 923 037e 1F       		.byte	31
 924 037f 80       		.byte	-128
 925 0380 36       		.byte	54
 926 0381 08       		.byte	8
 927 0382 9E       		.byte	-98
 928 0383 08       		.byte	8
 929 0384 C6       		.byte	-58
 930 0385 01       		.byte	1
 931 0386 CC       		.byte	-52
 932 0387 01       		.byte	1
 933 0388 86       		.byte	-122
 934 0389 08       		.byte	8
 935 038a 8A       		.byte	-118
 936 038b 08       		.byte	8
 937 038c 9E       		.byte	-98
 938 038d 08       		.byte	8
 939 038e A6       		.byte	-90
 940 038f 08       		.byte	8
 941 0390 AF       		.byte	-81
 942 0391 80       		.byte	-128
 943 0392 E4       		.byte	-28
 944 0393 01       		.byte	1
 945 0394 00       		.byte	0
 946 0395 02       		.byte	2
 947 0396 08       		.byte	8
 948 0397 02       		.byte	2
 949 0398 0A       		.byte	10
 950 0399 02       		.byte	2
 951 039a 10       		.byte	16
 952 039b 01       		.byte	1
 953 039c 1A       		.byte	26
 954 039d 01       		.byte	1
 955 039e 00       		.byte	0
 956 039f 0F       		.byte	15
 957 03a0 37       		.byte	55
 958 03a1 00       		.byte	0
 959 03a2 00       		.byte	0
 960 03a3 00       		.byte	0
 961 03a4 00       		.byte	0
 962 03a5 00       		.byte	0
 963 03a6 90       		.byte	-112
 964 03a7 00       		.byte	0
 965 03a8 60       		.byte	96
 966 03a9 14       		.byte	20
 967 03aa 00       		.byte	0
 968 03ab 0A       		.byte	10
 969 03ac 00       		.byte	0
ARM GAS  C:\Users\monis\AppData\Local\Temp\ccMIjAme.s 			page 18


 970 03ad 00       		.byte	0
 971 03ae 00       		.byte	0
 972 03af 00       		.byte	0
 973 03b0 00       		.byte	0
 974 03b1 1E       		.byte	30
 975 03b2 80       		.byte	-128
 976 03b3 00       		.byte	0
 977 03b4 80       		.byte	-128
 978 03b5 18       		.byte	24
 979 03b6 00       		.byte	0
 980 03b7 06       		.byte	6
 981 03b8 7C       		.byte	124
 982 03b9 0A       		.byte	10
 983 03ba 00       		.byte	0
 984 03bb 14       		.byte	20
 985 03bc 6A       		.byte	106
 986 03bd 0E       		.byte	14
 987 03be 10       		.byte	16
 988 03bf 00       		.byte	0
 989 03c0 01       		.byte	1
 990 03c1 00       		.byte	0
 991 03c2 00       		.byte	0
 992 03c3 00       		.byte	0
 993 03c4 20       		.byte	32
 994 03c5 00       		.byte	0
 995 03c6 40       		.byte	64
 996 03c7 01       		.byte	1
 997 03c8 5C       		.byte	92
 998 03c9 06       		.byte	6
 999 03ca 20       		.byte	32
 1000 03cb 18       		.byte	24
 1001 03cc 01       		.byte	1
 1002 03cd 00       		.byte	0
 1003 03ce 00       		.byte	0
 1004 03cf 20       		.byte	32
 1005 03d0 0E       		.byte	14
 1006 03d1 1E       		.byte	30
 1007 03d2 70       		.byte	112
 1008 03d3 01       		.byte	1
 1009 03d4 01       		.byte	1
 1010 03d5 00       		.byte	0
 1011 03d6 80       		.byte	-128
 1012 03d7 20       		.byte	32
 1013 03d8 22       		.byte	34
 1014 03d9 00       		.byte	0
 1015 03da 00       		.byte	0
 1016 03db 00       		.byte	0
 1017 03dc 00       		.byte	0
 1018 03dd 00       		.byte	0
 1019 03de 50       		.byte	80
 1020 03df 00       		.byte	0
 1021 03e0 52       		.byte	82
 1022 03e1 06       		.byte	6
 1023 03e2 00       		.byte	0
 1024 03e3 00       		.byte	0
 1025 03e4 00       		.byte	0
 1026 03e5 2E       		.byte	46
ARM GAS  C:\Users\monis\AppData\Local\Temp\ccMIjAme.s 			page 19


 1027 03e6 C0       		.byte	-64
 1028 03e7 34       		.byte	52
 1029 03e8 3B       		.byte	59
 1030 03e9 FF       		.byte	-1
 1031 03ea FF       		.byte	-1
 1032 03eb FF       		.byte	-1
 1033 03ec 00       		.byte	0
 1034 03ed AF       		.byte	-81
 1035 03ee 07       		.byte	7
 1036 03ef 01       		.byte	1
 1037 03f0 18       		.byte	24
 1038 03f1 00       		.byte	0
 1039 03f2 80       		.byte	-128
 1040 03f3 00       		.byte	0
 1041 03f4 00       		.byte	0
 1042 03f5 00       		.byte	0
 1043 03f6 00       		.byte	0
 1044 03f7 00       		.byte	0
 1045 03f8 04       		.byte	4
 1046 03f9 04       		.byte	4
 1047 03fa 04       		.byte	4
 1048 03fb 04       		.byte	4
 1049 03fc 11       		.byte	17
 1050 03fd 11       		.byte	17
 1051 03fe 00       		.byte	0
 1052 03ff 01       		.byte	1
 1053 0400 40       		.byte	64
 1054 0401 00       		.byte	0
 1055 0402 80       		.byte	-128
 1056 0403 00       		.byte	0
 1057 0404 40       		.byte	64
 1058 0405 40       		.byte	64
 1059 0406 80       		.byte	-128
 1060 0407 00       		.byte	0
 1061 0408 40       		.byte	64
 1062 0409 00       		.byte	0
 1063 040a 80       		.byte	-128
 1064 040b 00       		.byte	0
 1065 040c 40       		.byte	64
 1066 040d 20       		.byte	32
 1067 040e 80       		.byte	-128
 1068 040f 00       		.byte	0
 1069 0410 00       		.byte	0
 1070 0411 00       		.byte	0
 1071 0412 00       		.byte	0
 1072 0413 00       		.byte	0
 1073 0414 00       		.byte	0
 1074 0415 00       		.byte	0
 1075 0416 00       		.byte	0
 1076 0417 00       		.byte	0
 1077 0418 00       		.byte	0
 1078 0419 00       		.byte	0
 1079 041a 00       		.byte	0
 1080 041b 00       		.byte	0
 1081 041c 00       		.byte	0
 1082 041d 00       		.byte	0
 1083 041e 00       		.byte	0
ARM GAS  C:\Users\monis\AppData\Local\Temp\ccMIjAme.s 			page 20


 1084 041f 00       		.byte	0
 1085 0420 06       		.byte	6
 1086 0421 01       		.byte	1
 1087 0422 01       		.byte	1
 1088 0423 00       		.byte	0
 1089 0424 00       		.byte	0
 1090 0425 00       		.byte	0
 1091 0426 00       		.byte	0
 1092 0427 00       		.byte	0
 1093 0428 00       		.byte	0
 1094 0429 0B       		.byte	11
 1095 042a 0B       		.byte	11
 1096 042b 00       		.byte	0
 1097 042c 00       		.byte	0
 1098 042d 00       		.byte	0
 1099 042e 00       		.byte	0
 1100 042f 00       		.byte	0
 1101 0430 00       		.byte	0
 1102 0431 7F       		.byte	127
 1103 0432 7F       		.byte	127
 1104 0433 00       		.byte	0
 1105 0434 00       		.byte	0
 1106 0435 00       		.byte	0
 1107 0436 00       		.byte	0
 1108 0437 00       		.byte	0
 1109 0438 00       		.byte	0
 1110 0439 81       		.byte	-127
 1111 043a 81       		.byte	-127
 1112 043b 00       		.byte	0
 1113 043c 80       		.byte	-128
 1114 043d 00       		.byte	0
 1115 043e 02       		.byte	2
 1116 043f 00       		.byte	0
 1117 0440 00       		.byte	0
 1118 0441 00       		.byte	0
 1119 0442 00       		.byte	0
 1120 0443 00       		.byte	0
 1121 0444 00       		.byte	0
 1122 0445 00       		.byte	0
 1123 0446 20       		.byte	32
 1124 0447 00       		.byte	0
 1125              		.section	.cywolatch,"a",%progbits
 1126              		.align	2
 1127              		.type	cy_meta_wonvl, %object
 1128              		.size	cy_meta_wonvl, 4
 1129              	cy_meta_wonvl:
 1130 0000 BC       		.byte	-68
 1131 0001 90       		.byte	-112
 1132 0002 AC       		.byte	-84
 1133 0003 AF       		.byte	-81
 1134              		.section	.cycustnvl,"a",%progbits
 1135              		.align	2
 1136              		.type	cy_meta_custnvl, %object
 1137              		.size	cy_meta_custnvl, 4
 1138              	cy_meta_custnvl:
 1139 0000 00       		.byte	0
 1140 0001 00       		.byte	0
ARM GAS  C:\Users\monis\AppData\Local\Temp\ccMIjAme.s 			page 21


 1141 0002 40       		.byte	64
 1142 0003 05       		.byte	5
 1143              		.section	.cymeta,"a",%progbits
 1144              		.align	2
 1145              		.type	cy_metadata, %object
 1146              		.size	cy_metadata, 12
 1147              	cy_metadata:
 1148 0000 00       		.byte	0
 1149 0001 01       		.byte	1
 1150 0002 2E       		.byte	46
 1151 0003 12       		.byte	18
 1152 0004 30       		.byte	48
 1153 0005 69       		.byte	105
 1154 0006 00       		.byte	0
 1155 0007 01       		.byte	1
 1156 0008 00       		.byte	0
 1157 0009 00       		.byte	0
 1158 000a 00       		.byte	0
 1159 000b 00       		.byte	0
 1160              		.section	.cyflashprotect,"a",%progbits
 1161              		.align	2
 1162              		.type	cy_meta_flashprotect, %object
 1163              		.size	cy_meta_flashprotect, 256
 1164              	cy_meta_flashprotect:
 1165 0000 00000000 		.space	256
 1165      00000000 
 1165      00000000 
 1165      00000000 
 1165      00000000 
 1166              		.text
 1167              	.Letext0:
 1168              		.file 1 "c:\\program files (x86)\\cypress\\psoc creator\\4.1\\psoc creator\\import\\gnu\\arm\\5.4.
 1169              		.file 2 "c:\\program files (x86)\\cypress\\psoc creator\\4.1\\psoc creator\\import\\gnu\\arm\\5.4.
 1170              		.file 3 "Generated_Source\\PSoC5\\cymetadata.c"
 1171              		.section	.debug_info,"",%progbits
 1172              	.Ldebug_info0:
 1173 0000 31010000 		.4byte	0x131
 1174 0004 0400     		.2byte	0x4
 1175 0006 00000000 		.4byte	.Ldebug_abbrev0
 1176 000a 04       		.byte	0x4
 1177 000b 01       		.uleb128 0x1
 1178 000c 24000000 		.4byte	.LASF17
 1179 0010 0C       		.byte	0xc
 1180 0011 CF010000 		.4byte	.LASF18
 1181 0015 69010000 		.4byte	.LASF19
 1182 0019 00000000 		.4byte	.Ldebug_line0
 1183 001d 02       		.uleb128 0x2
 1184 001e 01       		.byte	0x1
 1185 001f 06       		.byte	0x6
 1186 0020 C3010000 		.4byte	.LASF0
 1187 0024 03       		.uleb128 0x3
 1188 0025 00000000 		.4byte	.LASF9
 1189 0029 01       		.byte	0x1
 1190 002a 1D       		.byte	0x1d
 1191 002b 2F000000 		.4byte	0x2f
 1192 002f 02       		.uleb128 0x2
 1193 0030 01       		.byte	0x1
ARM GAS  C:\Users\monis\AppData\Local\Temp\ccMIjAme.s 			page 22


 1194 0031 08       		.byte	0x8
 1195 0032 16000000 		.4byte	.LASF1
 1196 0036 02       		.uleb128 0x2
 1197 0037 02       		.byte	0x2
 1198 0038 05       		.byte	0x5
 1199 0039 5F010000 		.4byte	.LASF2
 1200 003d 02       		.uleb128 0x2
 1201 003e 02       		.byte	0x2
 1202 003f 07       		.byte	0x7
 1203 0040 C4000000 		.4byte	.LASF3
 1204 0044 02       		.uleb128 0x2
 1205 0045 04       		.byte	0x4
 1206 0046 05       		.byte	0x5
 1207 0047 BA010000 		.4byte	.LASF4
 1208 004b 02       		.uleb128 0x2
 1209 004c 04       		.byte	0x4
 1210 004d 07       		.byte	0x7
 1211 004e B2000000 		.4byte	.LASF5
 1212 0052 02       		.uleb128 0x2
 1213 0053 08       		.byte	0x8
 1214 0054 05       		.byte	0x5
 1215 0055 51010000 		.4byte	.LASF6
 1216 0059 02       		.uleb128 0x2
 1217 005a 08       		.byte	0x8
 1218 005b 07       		.byte	0x7
 1219 005c 06010000 		.4byte	.LASF7
 1220 0060 04       		.uleb128 0x4
 1221 0061 04       		.byte	0x4
 1222 0062 05       		.byte	0x5
 1223 0063 696E7400 		.ascii	"int\000"
 1224 0067 02       		.uleb128 0x2
 1225 0068 04       		.byte	0x4
 1226 0069 07       		.byte	0x7
 1227 006a F9000000 		.4byte	.LASF8
 1228 006e 03       		.uleb128 0x3
 1229 006f 1D010000 		.4byte	.LASF10
 1230 0073 02       		.byte	0x2
 1231 0074 18       		.byte	0x18
 1232 0075 24000000 		.4byte	0x24
 1233 0079 05       		.uleb128 0x5
 1234 007a 91000000 		.4byte	0x91
 1235 007e 8A000000 		.4byte	0x8a
 1236 0082 06       		.uleb128 0x6
 1237 0083 8A000000 		.4byte	0x8a
 1238 0087 4704     		.2byte	0x447
 1239 0089 00       		.byte	0
 1240 008a 02       		.uleb128 0x2
 1241 008b 04       		.byte	0x4
 1242 008c 07       		.byte	0x7
 1243 008d 48010000 		.4byte	.LASF11
 1244 0091 07       		.uleb128 0x7
 1245 0092 6E000000 		.4byte	0x6e
 1246 0096 08       		.uleb128 0x8
 1247 0097 E7000000 		.4byte	.LASF12
 1248 009b 03       		.byte	0x3
 1249 009c 1F       		.byte	0x1f
 1250 009d A7000000 		.4byte	0xa7
ARM GAS  C:\Users\monis\AppData\Local\Temp\ccMIjAme.s 			page 23


 1251 00a1 05       		.uleb128 0x5
 1252 00a2 03       		.byte	0x3
 1253 00a3 00000000 		.4byte	cy_meta_configecc
 1254 00a7 07       		.uleb128 0x7
 1255 00a8 79000000 		.4byte	0x79
 1256 00ac 05       		.uleb128 0x5
 1257 00ad 91000000 		.4byte	0x91
 1258 00b1 BC000000 		.4byte	0xbc
 1259 00b5 09       		.uleb128 0x9
 1260 00b6 8A000000 		.4byte	0x8a
 1261 00ba 03       		.byte	0x3
 1262 00bb 00       		.byte	0
 1263 00bc 08       		.uleb128 0x8
 1264 00bd D7000000 		.4byte	.LASF13
 1265 00c1 03       		.byte	0x3
 1266 00c2 B5       		.byte	0xb5
 1267 00c3 CD000000 		.4byte	0xcd
 1268 00c7 05       		.uleb128 0x5
 1269 00c8 03       		.byte	0x3
 1270 00c9 00000000 		.4byte	cy_meta_custnvl
 1271 00cd 07       		.uleb128 0x7
 1272 00ce AC000000 		.4byte	0xac
 1273 00d2 08       		.uleb128 0x8
 1274 00d3 3A010000 		.4byte	.LASF14
 1275 00d7 03       		.byte	0x3
 1276 00d8 C3       		.byte	0xc3
 1277 00d9 E3000000 		.4byte	0xe3
 1278 00dd 05       		.uleb128 0x5
 1279 00de 03       		.byte	0x3
 1280 00df 00000000 		.4byte	cy_meta_wonvl
 1281 00e3 07       		.uleb128 0x7
 1282 00e4 AC000000 		.4byte	0xac
 1283 00e8 05       		.uleb128 0x5
 1284 00e9 91000000 		.4byte	0x91
 1285 00ed F8000000 		.4byte	0xf8
 1286 00f1 09       		.uleb128 0x9
 1287 00f2 8A000000 		.4byte	0x8a
 1288 00f6 FF       		.byte	0xff
 1289 00f7 00       		.byte	0
 1290 00f8 08       		.uleb128 0x8
 1291 00f9 25010000 		.4byte	.LASF15
 1292 00fd 03       		.byte	0x3
 1293 00fe D1       		.byte	0xd1
 1294 00ff 09010000 		.4byte	0x109
 1295 0103 05       		.uleb128 0x5
 1296 0104 03       		.byte	0x3
 1297 0105 00000000 		.4byte	cy_meta_flashprotect
 1298 0109 07       		.uleb128 0x7
 1299 010a E8000000 		.4byte	0xe8
 1300 010e 05       		.uleb128 0x5
 1301 010f 91000000 		.4byte	0x91
 1302 0113 1E010000 		.4byte	0x11e
 1303 0117 09       		.uleb128 0x9
 1304 0118 8A000000 		.4byte	0x8a
 1305 011c 0B       		.byte	0xb
 1306 011d 00       		.byte	0
 1307 011e 08       		.uleb128 0x8
ARM GAS  C:\Users\monis\AppData\Local\Temp\ccMIjAme.s 			page 24


 1308 011f 0A000000 		.4byte	.LASF16
 1309 0123 03       		.byte	0x3
 1310 0124 FE       		.byte	0xfe
 1311 0125 2F010000 		.4byte	0x12f
 1312 0129 05       		.uleb128 0x5
 1313 012a 03       		.byte	0x3
 1314 012b 00000000 		.4byte	cy_metadata
 1315 012f 07       		.uleb128 0x7
 1316 0130 0E010000 		.4byte	0x10e
 1317 0134 00       		.byte	0
 1318              		.section	.debug_abbrev,"",%progbits
 1319              	.Ldebug_abbrev0:
 1320 0000 01       		.uleb128 0x1
 1321 0001 11       		.uleb128 0x11
 1322 0002 01       		.byte	0x1
 1323 0003 25       		.uleb128 0x25
 1324 0004 0E       		.uleb128 0xe
 1325 0005 13       		.uleb128 0x13
 1326 0006 0B       		.uleb128 0xb
 1327 0007 03       		.uleb128 0x3
 1328 0008 0E       		.uleb128 0xe
 1329 0009 1B       		.uleb128 0x1b
 1330 000a 0E       		.uleb128 0xe
 1331 000b 10       		.uleb128 0x10
 1332 000c 17       		.uleb128 0x17
 1333 000d 00       		.byte	0
 1334 000e 00       		.byte	0
 1335 000f 02       		.uleb128 0x2
 1336 0010 24       		.uleb128 0x24
 1337 0011 00       		.byte	0
 1338 0012 0B       		.uleb128 0xb
 1339 0013 0B       		.uleb128 0xb
 1340 0014 3E       		.uleb128 0x3e
 1341 0015 0B       		.uleb128 0xb
 1342 0016 03       		.uleb128 0x3
 1343 0017 0E       		.uleb128 0xe
 1344 0018 00       		.byte	0
 1345 0019 00       		.byte	0
 1346 001a 03       		.uleb128 0x3
 1347 001b 16       		.uleb128 0x16
 1348 001c 00       		.byte	0
 1349 001d 03       		.uleb128 0x3
 1350 001e 0E       		.uleb128 0xe
 1351 001f 3A       		.uleb128 0x3a
 1352 0020 0B       		.uleb128 0xb
 1353 0021 3B       		.uleb128 0x3b
 1354 0022 0B       		.uleb128 0xb
 1355 0023 49       		.uleb128 0x49
 1356 0024 13       		.uleb128 0x13
 1357 0025 00       		.byte	0
 1358 0026 00       		.byte	0
 1359 0027 04       		.uleb128 0x4
 1360 0028 24       		.uleb128 0x24
 1361 0029 00       		.byte	0
 1362 002a 0B       		.uleb128 0xb
 1363 002b 0B       		.uleb128 0xb
 1364 002c 3E       		.uleb128 0x3e
ARM GAS  C:\Users\monis\AppData\Local\Temp\ccMIjAme.s 			page 25


 1365 002d 0B       		.uleb128 0xb
 1366 002e 03       		.uleb128 0x3
 1367 002f 08       		.uleb128 0x8
 1368 0030 00       		.byte	0
 1369 0031 00       		.byte	0
 1370 0032 05       		.uleb128 0x5
 1371 0033 01       		.uleb128 0x1
 1372 0034 01       		.byte	0x1
 1373 0035 49       		.uleb128 0x49
 1374 0036 13       		.uleb128 0x13
 1375 0037 01       		.uleb128 0x1
 1376 0038 13       		.uleb128 0x13
 1377 0039 00       		.byte	0
 1378 003a 00       		.byte	0
 1379 003b 06       		.uleb128 0x6
 1380 003c 21       		.uleb128 0x21
 1381 003d 00       		.byte	0
 1382 003e 49       		.uleb128 0x49
 1383 003f 13       		.uleb128 0x13
 1384 0040 2F       		.uleb128 0x2f
 1385 0041 05       		.uleb128 0x5
 1386 0042 00       		.byte	0
 1387 0043 00       		.byte	0
 1388 0044 07       		.uleb128 0x7
 1389 0045 26       		.uleb128 0x26
 1390 0046 00       		.byte	0
 1391 0047 49       		.uleb128 0x49
 1392 0048 13       		.uleb128 0x13
 1393 0049 00       		.byte	0
 1394 004a 00       		.byte	0
 1395 004b 08       		.uleb128 0x8
 1396 004c 34       		.uleb128 0x34
 1397 004d 00       		.byte	0
 1398 004e 03       		.uleb128 0x3
 1399 004f 0E       		.uleb128 0xe
 1400 0050 3A       		.uleb128 0x3a
 1401 0051 0B       		.uleb128 0xb
 1402 0052 3B       		.uleb128 0x3b
 1403 0053 0B       		.uleb128 0xb
 1404 0054 49       		.uleb128 0x49
 1405 0055 13       		.uleb128 0x13
 1406 0056 3F       		.uleb128 0x3f
 1407 0057 19       		.uleb128 0x19
 1408 0058 02       		.uleb128 0x2
 1409 0059 18       		.uleb128 0x18
 1410 005a 00       		.byte	0
 1411 005b 00       		.byte	0
 1412 005c 09       		.uleb128 0x9
 1413 005d 21       		.uleb128 0x21
 1414 005e 00       		.byte	0
 1415 005f 49       		.uleb128 0x49
 1416 0060 13       		.uleb128 0x13
 1417 0061 2F       		.uleb128 0x2f
 1418 0062 0B       		.uleb128 0xb
 1419 0063 00       		.byte	0
 1420 0064 00       		.byte	0
 1421 0065 00       		.byte	0
ARM GAS  C:\Users\monis\AppData\Local\Temp\ccMIjAme.s 			page 26


 1422              		.section	.debug_aranges,"",%progbits
 1423 0000 14000000 		.4byte	0x14
 1424 0004 0200     		.2byte	0x2
 1425 0006 00000000 		.4byte	.Ldebug_info0
 1426 000a 04       		.byte	0x4
 1427 000b 00       		.byte	0
 1428 000c 0000     		.2byte	0
 1429 000e 0000     		.2byte	0
 1430 0010 00000000 		.4byte	0
 1431 0014 00000000 		.4byte	0
 1432              		.section	.debug_line,"",%progbits
 1433              	.Ldebug_line0:
 1434 0000 3D010000 		.section	.debug_str,"MS",%progbits,1
 1434      02003701 
 1434      00000201 
 1434      FB0E0D00 
 1434      01010101 
 1435              	.LASF9:
 1436 0000 5F5F7569 		.ascii	"__uint8_t\000"
 1436      6E74385F 
 1436      7400
 1437              	.LASF16:
 1438 000a 63795F6D 		.ascii	"cy_metadata\000"
 1438      65746164 
 1438      61746100 
 1439              	.LASF1:
 1440 0016 756E7369 		.ascii	"unsigned char\000"
 1440      676E6564 
 1440      20636861 
 1440      7200
 1441              	.LASF17:
 1442 0024 474E5520 		.ascii	"GNU C11 5.4.1 20160609 (release) [ARM/embedded-5-br"
 1442      43313120 
 1442      352E342E 
 1442      31203230 
 1442      31363036 
 1443 0057 616E6368 		.ascii	"anch revision 237715] -mcpu=cortex-m3 -mthumb -g -O"
 1443      20726576 
 1443      6973696F 
 1443      6E203233 
 1443      37373135 
 1444 008a 67202D66 		.ascii	"g -ffunction-sections -ffat-lto-objects\000"
 1444      66756E63 
 1444      74696F6E 
 1444      2D736563 
 1444      74696F6E 
 1445              	.LASF5:
 1446 00b2 6C6F6E67 		.ascii	"long unsigned int\000"
 1446      20756E73 
 1446      69676E65 
 1446      6420696E 
 1446      7400
 1447              	.LASF3:
 1448 00c4 73686F72 		.ascii	"short unsigned int\000"
 1448      7420756E 
 1448      7369676E 
 1448      65642069 
ARM GAS  C:\Users\monis\AppData\Local\Temp\ccMIjAme.s 			page 27


 1448      6E7400
 1449              	.LASF13:
 1450 00d7 63795F6D 		.ascii	"cy_meta_custnvl\000"
 1450      6574615F 
 1450      63757374 
 1450      6E766C00 
 1451              	.LASF12:
 1452 00e7 63795F6D 		.ascii	"cy_meta_configecc\000"
 1452      6574615F 
 1452      636F6E66 
 1452      69676563 
 1452      6300
 1453              	.LASF8:
 1454 00f9 756E7369 		.ascii	"unsigned int\000"
 1454      676E6564 
 1454      20696E74 
 1454      00
 1455              	.LASF7:
 1456 0106 6C6F6E67 		.ascii	"long long unsigned int\000"
 1456      206C6F6E 
 1456      6720756E 
 1456      7369676E 
 1456      65642069 
 1457              	.LASF10:
 1458 011d 75696E74 		.ascii	"uint8_t\000"
 1458      385F7400 
 1459              	.LASF15:
 1460 0125 63795F6D 		.ascii	"cy_meta_flashprotect\000"
 1460      6574615F 
 1460      666C6173 
 1460      6870726F 
 1460      74656374 
 1461              	.LASF14:
 1462 013a 63795F6D 		.ascii	"cy_meta_wonvl\000"
 1462      6574615F 
 1462      776F6E76 
 1462      6C00
 1463              	.LASF11:
 1464 0148 73697A65 		.ascii	"sizetype\000"
 1464      74797065 
 1464      00
 1465              	.LASF6:
 1466 0151 6C6F6E67 		.ascii	"long long int\000"
 1466      206C6F6E 
 1466      6720696E 
 1466      7400
 1467              	.LASF2:
 1468 015f 73686F72 		.ascii	"short int\000"
 1468      7420696E 
 1468      7400
 1469              	.LASF19:
 1470 0169 433A5C55 		.ascii	"C:\\Users\\monis\\Documents\\Academics\\SA\\Lab 4\\"
 1470      73657273 
 1470      5C6D6F6E 
 1470      69735C44 
 1470      6F63756D 
 1471 0195 4C414234 		.ascii	"LAB4.Bundle01\\DCBRUSHLESSMOTOR.cydsn\000"
ARM GAS  C:\Users\monis\AppData\Local\Temp\ccMIjAme.s 			page 28


 1471      2E42756E 
 1471      646C6530 
 1471      315C4443 
 1471      42525553 
 1472              	.LASF4:
 1473 01ba 6C6F6E67 		.ascii	"long int\000"
 1473      20696E74 
 1473      00
 1474              	.LASF0:
 1475 01c3 7369676E 		.ascii	"signed char\000"
 1475      65642063 
 1475      68617200 
 1476              	.LASF18:
 1477 01cf 47656E65 		.ascii	"Generated_Source\\PSoC5\\cymetadata.c\000"
 1477      72617465 
 1477      645F536F 
 1477      75726365 
 1477      5C50536F 
 1478              		.ident	"GCC: (GNU Tools for ARM Embedded Processors) 5.4.1 20160609 (release) [ARM/embedded-5-bran
