ARM GAS  C:\Users\monis\AppData\Local\Temp\ccYnYKe0.s 			page 1


   1              		.syntax unified
   2              		.cpu cortex-m3
   3              		.fpu softvfp
   4              		.eabi_attribute 20, 1
   5              		.eabi_attribute 21, 1
   6              		.eabi_attribute 23, 3
   7              		.eabi_attribute 24, 1
   8              		.eabi_attribute 25, 1
   9              		.eabi_attribute 26, 1
  10              		.eabi_attribute 30, 1
  11              		.eabi_attribute 34, 1
  12              		.eabi_attribute 18, 4
  13              		.thumb
  14              		.syntax unified
  15              		.file	"main.c"
  16              		.text
  17              	.Ltext0:
  18              		.cfi_sections	.debug_frame
  19              		.section	.text.LCD,"ax",%progbits
  20              		.align	2
  21              		.global	LCD
  22              		.thumb
  23              		.thumb_func
  24              		.type	LCD, %function
  25              	LCD:
  26              	.LFB63:
  27              		.file 1 "main.c"
   1:main.c        **** /* ========================================
   2:main.c        ****  *
   3:main.c        ****  * ECEN 5053 -  Lab 4
   4:main.c        ****  * Maria Toscano and Monish Nene
   5:main.c        ****  *
   6:main.c        ****  * CONFIDENTIAL AND PROPRIETARY INFORMATION
   7:main.c        ****  * WHICH IS THE PROPERTY OF your company.
   8:main.c        ****  *
   9:main.c        ****  * ========================================
  10:main.c        **** */
  11:main.c        **** #include "project.h"
  12:main.c        **** 
  13:main.c        **** 
  14:main.c        **** void LCD() // LCD Display
  15:main.c        **** {    
  28              		.loc 1 15 0
  29              		.cfi_startproc
  30              		@ args = 0, pretend = 0, frame = 0
  31              		@ frame_needed = 0, uses_anonymous_args = 0
  32 0000 10B5     		push	{r4, lr}
  33              		.cfi_def_cfa_offset 8
  34              		.cfi_offset 4, -8
  35              		.cfi_offset 14, -4
  16:main.c        ****            
  17:main.c        ****         LCD_Char_1_Position(0,0);
  36              		.loc 1 17 0
  37 0002 0021     		movs	r1, #0
  38 0004 0846     		mov	r0, r1
  39 0006 FFF7FEFF 		bl	LCD_Char_1_Position
  40              	.LVL0:
ARM GAS  C:\Users\monis\AppData\Local\Temp\ccYnYKe0.s 			page 2


  18:main.c        ****         LCD_Char_1_PrintString("                ");
  41              		.loc 1 18 0
  42 000a 0D4C     		ldr	r4, .L3
  43 000c 2046     		mov	r0, r4
  44 000e FFF7FEFF 		bl	LCD_Char_1_PrintString
  45              	.LVL1:
  19:main.c        ****         LCD_Char_1_Position(0,0);
  46              		.loc 1 19 0
  47 0012 0021     		movs	r1, #0
  48 0014 0846     		mov	r0, r1
  49 0016 FFF7FEFF 		bl	LCD_Char_1_Position
  50              	.LVL2:
  20:main.c        ****         LCD_Char_1_PrintString("DC MOTOR");
  51              		.loc 1 20 0
  52 001a 0A48     		ldr	r0, .L3+4
  53 001c FFF7FEFF 		bl	LCD_Char_1_PrintString
  54              	.LVL3:
  21:main.c        ****         LCD_Char_1_Position(0,9);
  55              		.loc 1 21 0
  56 0020 0921     		movs	r1, #9
  57 0022 0020     		movs	r0, #0
  58 0024 FFF7FEFF 		bl	LCD_Char_1_Position
  59              	.LVL4:
  22:main.c        ****         LCD_Char_1_PrintString("                ");
  60              		.loc 1 22 0
  61 0028 2046     		mov	r0, r4
  62 002a FFF7FEFF 		bl	LCD_Char_1_PrintString
  63              	.LVL5:
  23:main.c        ****         LCD_Char_1_Position(0,9);
  64              		.loc 1 23 0
  65 002e 0921     		movs	r1, #9
  66 0030 0020     		movs	r0, #0
  67 0032 FFF7FEFF 		bl	LCD_Char_1_Position
  68              	.LVL6:
  24:main.c        ****         LCD_Char_1_PrintString("LAB4");
  69              		.loc 1 24 0
  70 0036 0448     		ldr	r0, .L3+8
  71 0038 FFF7FEFF 		bl	LCD_Char_1_PrintString
  72              	.LVL7:
  73 003c 10BD     		pop	{r4, pc}
  74              	.L4:
  75 003e 00BF     		.align	2
  76              	.L3:
  77 0040 00000000 		.word	.LC0
  78 0044 14000000 		.word	.LC1
  79 0048 20000000 		.word	.LC2
  80              		.cfi_endproc
  81              	.LFE63:
  82              		.size	LCD, .-LCD
  83              		.section	.text.LCDvalue,"ax",%progbits
  84              		.align	2
  85              		.global	LCDvalue
  86              		.thumb
  87              		.thumb_func
  88              		.type	LCDvalue, %function
  89              	LCDvalue:
  90              	.LFB64:
ARM GAS  C:\Users\monis\AppData\Local\Temp\ccYnYKe0.s 			page 3


  25:main.c        ****         return;
  26:main.c        **** }
  27:main.c        **** 
  28:main.c        **** void LCDvalue(int value) // LCD Display Degree
  29:main.c        **** {   
  91              		.loc 1 29 0
  92              		.cfi_startproc
  93              		@ args = 0, pretend = 0, frame = 0
  94              		@ frame_needed = 0, uses_anonymous_args = 0
  95              	.LVL8:
  96 0000 10B5     		push	{r4, lr}
  97              		.cfi_def_cfa_offset 8
  98              		.cfi_offset 4, -8
  99              		.cfi_offset 14, -4
 100 0002 0446     		mov	r4, r0
 101              	.LVL9:
  30:main.c        ****    uint32 loop = 0;
  31:main.c        ****        if (loop % 500000 == 0) 
  32:main.c        ****         {
  33:main.c        ****         LCD_Char_1_Position(1,0);
 102              		.loc 1 33 0
 103 0004 0021     		movs	r1, #0
 104 0006 0120     		movs	r0, #1
 105              	.LVL10:
 106 0008 FFF7FEFF 		bl	LCD_Char_1_Position
 107              	.LVL11:
  34:main.c        ****         LCD_Char_1_PrintString("               ");
 108              		.loc 1 34 0
 109 000c 0648     		ldr	r0, .L7
 110 000e FFF7FEFF 		bl	LCD_Char_1_PrintString
 111              	.LVL12:
  35:main.c        ****         LCD_Char_1_Position(1,0);
 112              		.loc 1 35 0
 113 0012 0021     		movs	r1, #0
 114 0014 0120     		movs	r0, #1
 115 0016 FFF7FEFF 		bl	LCD_Char_1_Position
 116              	.LVL13:
  36:main.c        ****         LCD_Char_1_PrintString("PWM=");
 117              		.loc 1 36 0
 118 001a 0448     		ldr	r0, .L7+4
 119 001c FFF7FEFF 		bl	LCD_Char_1_PrintString
 120              	.LVL14:
  37:main.c        ****         LCD_Char_1_PrintU32Number(value);
 121              		.loc 1 37 0
 122 0020 2046     		mov	r0, r4
 123 0022 FFF7FEFF 		bl	LCD_Char_1_PrintU32Number
 124              	.LVL15:
 125 0026 10BD     		pop	{r4, pc}
 126              	.LVL16:
 127              	.L8:
 128              		.align	2
 129              	.L7:
 130 0028 28000000 		.word	.LC3
 131 002c 38000000 		.word	.LC4
 132              		.cfi_endproc
 133              	.LFE64:
 134              		.size	LCDvalue, .-LCDvalue
ARM GAS  C:\Users\monis\AppData\Local\Temp\ccYnYKe0.s 			page 4


 135              		.global	__aeabi_i2d
 136              		.global	__aeabi_ddiv
 137              		.global	__aeabi_d2iz
 138              		.global	__aeabi_dmul
 139              		.global	__aeabi_dadd
 140              		.section	.text.main,"ax",%progbits
 141              		.align	2
 142              		.global	main
 143              		.thumb
 144              		.thumb_func
 145              		.type	main, %function
 146              	main:
 147              	.LFB65:
  38:main.c        ****         } 
  39:main.c        ****         return;
  40:main.c        **** }
  41:main.c        **** /////////////////////////////////////////
  42:main.c        **** //uint32 time = 1; // placeholder to prevent divide by zero
  43:main.c        **** int16 period = 0;
  44:main.c        **** #define COUNTER_TICK_RATE 10000 // 10 kHz //Counter_2 count pin clock setting
  45:main.c        **** #define COUNTSPERREVOFGEAR 300 //64 COUNTER PER REV X 18.75 GEAR RATIO / 4 PULSES OF ENCODER 
  46:main.c        **** #define SECONDS 60
  47:main.c        **** #define DEMO 4
  48:main.c        **** 
  49:main.c        **** /*******************************************************************************/
  50:main.c        **** //////////////////////////////////////////////////////////////////////////////////
  51:main.c        **** int main(void)
  52:main.c        **** {
 148              		.loc 1 52 0
 149              		.cfi_startproc
 150              		@ args = 0, pretend = 0, frame = 0
 151              		@ frame_needed = 0, uses_anonymous_args = 0
 152 0000 2DE9F84F 		push	{r3, r4, r5, r6, r7, r8, r9, r10, fp, lr}
 153              		.cfi_def_cfa_offset 40
 154              		.cfi_offset 3, -40
 155              		.cfi_offset 4, -36
 156              		.cfi_offset 5, -32
 157              		.cfi_offset 6, -28
 158              		.cfi_offset 7, -24
 159              		.cfi_offset 8, -20
 160              		.cfi_offset 9, -16
 161              		.cfi_offset 10, -12
 162              		.cfi_offset 11, -8
 163              		.cfi_offset 14, -4
 164              	.LVL17:
  53:main.c        ****    // CyGlobalIntEnable; /* Enable global interrupts. */
  54:main.c        **** 
  55:main.c        ****     uint8 ADC_Count_Output = 0;
  56:main.c        ****     uint8 ADC_2_Count_Output=0,ADC_2_Count_Output_1=0,ADC_2_Count_Output_2=0,ADC_2_Count_Output_3=0
  57:main.c        ****     int16 quadcountnew = 0;
  58:main.c        ****     int16 quadcount = 0;
  59:main.c        ****     int16 quadcountprevious = 0;    
  60:main.c        ****     int32 loop = 0;
  61:main.c        ****     int16 time = 180;  //mS - time to toggle pin P0_0 - the duration of the for loop - from the sco
  62:main.c        ****     int16 rpm = 0;
  63:main.c        ****     int16 average = 0;
  64:main.c        ****     int16 emfrpm = 0;
ARM GAS  C:\Users\monis\AppData\Local\Temp\ccYnYKe0.s 			page 5


  65:main.c        ****    
  66:main.c        **** 
  67:main.c        ****     
  68:main.c        ****     LCD_Char_1_Start();
 165              		.loc 1 68 0
 166 0004 FFF7FEFF 		bl	LCD_Char_1_Start
 167              	.LVL18:
  69:main.c        ****     LCD();
 168              		.loc 1 69 0
 169 0008 FFF7FEFF 		bl	LCD
 170              	.LVL19:
  70:main.c        ****     CyDelay(1000);     
 171              		.loc 1 70 0
 172 000c 4FF47A70 		mov	r0, #1000
 173 0010 FFF7FEFF 		bl	CyDelay
 174              	.LVL20:
  71:main.c        ****     LCD_Char_1_ClearDisplay();     
 175              		.loc 1 71 0
 176 0014 0120     		movs	r0, #1
 177 0016 FFF7FEFF 		bl	LCD_Char_1_WriteControl
 178              	.LVL21:
  72:main.c        ****     
  73:main.c        ****     ADC_SAR_1_Start();
 179              		.loc 1 73 0
 180 001a FFF7FEFF 		bl	ADC_SAR_1_Start
 181              	.LVL22:
  74:main.c        ****     ADC_SAR_1_StartConvert();  
 182              		.loc 1 74 0
 183 001e FFF7FEFF 		bl	ADC_SAR_1_StartConvert
 184              	.LVL23:
  75:main.c        **** 
  76:main.c        ****     Counter_1_Start(); //creates a pwm from pot
 185              		.loc 1 76 0
 186 0022 FFF7FEFF 		bl	Counter_1_Start
 187              	.LVL24:
  77:main.c        ****     QuadDec_1_Start();  //count encoder edges
 188              		.loc 1 77 0
 189 0026 FFF7FEFF 		bl	QuadDec_1_Start
 190              	.LVL25:
  78:main.c        ****     
  79:main.c        ****     ADC_SAR_2_Start();
 191              		.loc 1 79 0
 192 002a FFF7FEFF 		bl	ADC_SAR_2_Start
 193              	.LVL26:
  80:main.c        ****     ADC_SAR_2_StartConvert();  
 194              		.loc 1 80 0
 195 002e FFF7FEFF 		bl	ADC_SAR_2_StartConvert
 196              	.LVL27:
  60:main.c        ****     int16 time = 180;  //mS - time to toggle pin P0_0 - the duration of the for loop - from the sco
 197              		.loc 1 60 0
 198 0032 0025     		movs	r5, #0
  59:main.c        ****     int32 loop = 0;
 199              		.loc 1 59 0
 200 0034 2E46     		mov	r6, r5
  56:main.c        ****     int16 quadcountnew = 0;
 201              		.loc 1 56 0
 202 0036 A946     		mov	r9, r5
ARM GAS  C:\Users\monis\AppData\Local\Temp\ccYnYKe0.s 			page 6


 203 0038 A846     		mov	r8, r5
 204 003a 2F46     		mov	r7, r5
 205 003c AA46     		mov	r10, r5
 206              	.LVL28:
 207              	.L10:
  81:main.c        ****     
  82:main.c        ****     /* Place your initialization/startup code here (e.g. MyInst_Start()) */
  83:main.c        **** 
  84:main.c        ****     for(;;)
  85:main.c        ****     {   
  86:main.c        ****       loop++;
 208              		.loc 1 86 0
 209 003e 0135     		adds	r5, r5, #1
 210              	.LVL29:
  87:main.c        ****  
  88:main.c        ****         
  89:main.c        ****        // STEP 2 - reading the Pot and creating a PWM with a counter 
  90:main.c        ****            ADC_Count_Output = ADC_SAR_1_GetResult8(); //returns the counts 0-255 based on a potenti
 211              		.loc 1 90 0
 212 0040 FFF7FEFF 		bl	ADC_SAR_1_GetResult8
 213              	.LVL30:
  91:main.c        ****        //  LCDvalue(ADC_Count_Output);
  92:main.c        ****            Counter_1_WriteCompare(ADC_Count_Output); //creates a PWM signal comparing a counter clo
 214              		.loc 1 92 0
 215 0044 C0B2     		uxtb	r0, r0
 216 0046 FFF7FEFF 		bl	Counter_1_WriteCompare
 217              	.LVL31:
  93:main.c        ****         
  94:main.c        ****        // STEP 3 - Speed measurement by encoder
  95:main.c        ****        // motor pins green - vssd, blue - vddd, yellow - A P0_1, white - B P0-2
  96:main.c        ****        // method 2 - read the time between rising edges
  97:main.c        **** 
  98:main.c        ****  
  99:main.c        ****         if (loop % 100000 == 0) 
 218              		.loc 1 99 0
 219 004a 414C     		ldr	r4, .L14+24
 220 004c 84FB0523 		smull	r2, r3, r4, r5
 221 0050 EC17     		asrs	r4, r5, #31
 222 0052 C4EB6334 		rsb	r4, r4, r3, asr #13
 223 0056 3F4B     		ldr	r3, .L14+28
 224 0058 03FB1454 		mls	r4, r3, r4, r5
 225 005c 3CBB     		cbnz	r4, .L11
 100:main.c        ****         {        
 101:main.c        ****           quadcountnew = QuadDec_1_GetCounter();//returned the edges counted - about 304 per revolu
 226              		.loc 1 101 0
 227 005e FFF7FEFF 		bl	QuadDec_1_GetCounter
 228              	.LVL32:
 229 0062 8346     		mov	fp, r0
 230              	.LVL33:
 102:main.c        ****        /*   if(quadcountnew < 0)          
 103:main.c        ****           {
 104:main.c        ****             quadcountnew *= -1;
 105:main.c        ****           }   
 106:main.c        ****         */
 107:main.c        ****             quadcount = quadcountnew - quadcountprevious;//calculate RPM
 231              		.loc 1 107 0
 232 0064 861B     		subs	r6, r0, r6
ARM GAS  C:\Users\monis\AppData\Local\Temp\ccYnYKe0.s 			page 7


 233              	.LVL34:
 234 0066 36B2     		sxth	r6, r6
 235              	.LVL35:
 108:main.c        ****             rpm = (quadcount * 1000 * 60 )/ (300.0 * time) ;    //304 = counts per rev. of gear sha
 236              		.loc 1 108 0
 237 0068 4EF66020 		movw	r0, #60000
 238              	.LVL36:
 239 006c 00FB06F0 		mul	r0, r0, r6
 240 0070 FFF7FEFF 		bl	__aeabi_i2d
 241              	.LVL37:
 242 0074 30A3     		adr	r3, .L14
 243 0076 D3E90023 		ldrd	r2, [r3]
 244 007a FFF7FEFF 		bl	__aeabi_ddiv
 245              	.LVL38:
 246 007e FFF7FEFF 		bl	__aeabi_d2iz
 247              	.LVL39:
 248 0082 06B2     		sxth	r6, r0
 249              	.LVL40:
 109:main.c        ****         
 110:main.c        ****             Pin_0_0_Write( ~ Pin_0_0_Read() ); //toggle pin to get time from scope            
 250              		.loc 1 110 0
 251 0084 FFF7FEFF 		bl	Pin_0_0_Read
 252              	.LVL41:
 253 0088 C043     		mvns	r0, r0
 254 008a C0B2     		uxtb	r0, r0
 255 008c FFF7FEFF 		bl	Pin_0_0_Write
 256              	.LVL42:
 111:main.c        ****             
 112:main.c        ****         LCD_Char_1_Position(0,0);
 257              		.loc 1 112 0
 258 0090 0021     		movs	r1, #0
 259 0092 0846     		mov	r0, r1
 260 0094 FFF7FEFF 		bl	LCD_Char_1_Position
 261              	.LVL43:
 113:main.c        ****         LCD_Char_1_PrintString("Shaftrpm:            ");     
 262              		.loc 1 113 0
 263 0098 2F48     		ldr	r0, .L14+32
 264 009a FFF7FEFF 		bl	LCD_Char_1_PrintString
 265              	.LVL44:
 114:main.c        ****         LCD_Char_1_Position(0,9);        
 266              		.loc 1 114 0
 267 009e 0921     		movs	r1, #9
 268 00a0 0020     		movs	r0, #0
 269 00a2 FFF7FEFF 		bl	LCD_Char_1_Position
 270              	.LVL45:
 115:main.c        ****         LCD_Char_1_PrintU32Number(rpm);
 271              		.loc 1 115 0
 272 00a6 3046     		mov	r0, r6
 273 00a8 FFF7FEFF 		bl	LCD_Char_1_PrintU32Number
 274              	.LVL46:
 116:main.c        ****      
 117:main.c        ****     /*     
 118:main.c        ****         LCD_Char_1_Position(1,0);
 119:main.c        ****         LCD_Char_1_PrintString("quadcount:      ");     
 120:main.c        ****         LCD_Char_1_Position(1,10);        
 121:main.c        ****         LCD_Char_1_PrintU32Number(quadcount); 
 122:main.c        **** */
ARM GAS  C:\Users\monis\AppData\Local\Temp\ccYnYKe0.s 			page 8


 123:main.c        ****         quadcountprevious = quadcountnew;
 275              		.loc 1 123 0
 276 00ac 5E46     		mov	r6, fp
 277              	.LVL47:
 278              	.L11:
 124:main.c        ****         }
 125:main.c        **** 
 126:main.c        ****         //Step 4 - Speed measurement by Back-EMF
 127:main.c        ****         //briefly interrupt the PWM switching on a periodic basis so that you can measure the Back-
 128:main.c        ****       
 129:main.c        ****         if (loop % 100000 == 0) 
 279              		.loc 1 129 0
 280 00ae 002C     		cmp	r4, #0
 281 00b0 C5D1     		bne	.L10
 130:main.c        ****         {           
 131:main.c        ****          Pin_3_0_Write (~ Pin_3_0_Read() ); //toggle pin
 282              		.loc 1 131 0
 283 00b2 FFF7FEFF 		bl	Pin_3_0_Read
 284              	.LVL48:
 285 00b6 C043     		mvns	r0, r0
 286 00b8 C0B2     		uxtb	r0, r0
 287 00ba FFF7FEFF 		bl	Pin_3_0_Write
 288              	.LVL49:
 132:main.c        ****         Counter_1_WriteCompare(0); //interrupt the pwm for
 289              		.loc 1 132 0
 290 00be 0020     		movs	r0, #0
 291 00c0 FFF7FEFF 		bl	Counter_1_WriteCompare
 292              	.LVL50:
 133:main.c        ****         CyDelayUs(1200);  //the longer the delay, the more pulsing we see on the scope on the drain
 293              		.loc 1 133 0
 294 00c4 4FF49660 		mov	r0, #1200
 295 00c8 FFF7FEFF 		bl	CyDelayUs
 296              	.LVL51:
 134:main.c        ****         //Convert the measured voltage to rpm and display the result on the LCD 
 135:main.c        ****         ADC_2_Count_Output = ADC_SAR_2_GetResult8();
 297              		.loc 1 135 0
 298 00cc FFF7FEFF 		bl	ADC_SAR_2_GetResult8
 299              	.LVL52:
 300 00d0 C0B2     		uxtb	r0, r0
 301              	.LVL53:
 136:main.c        ****         ADC_2_Count_Output_5 = 255 - ADC_2_Count_Output;   
 302              		.loc 1 136 0
 303 00d2 C043     		mvns	r0, r0
 304              	.LVL54:
 305 00d4 C0B2     		uxtb	r0, r0
 306              	.LVL55:
 137:main.c        ****         
 138:main.c        ****         average =(ADC_2_Count_Output_5+ADC_2_Count_Output_4+ADC_2_Count_Output_3+ADC_2_Count_Output
 307              		.loc 1 138 0
 308 00d6 4844     		add	r0, r0, r9
 309              	.LVL56:
 310 00d8 4044     		add	r0, r0, r8
 311 00da 3844     		add	r0, r0, r7
 312 00dc 5044     		add	r0, r0, r10
 313 00de FFF7FEFF 		bl	__aeabi_i2d
 314              	.LVL57:
 315 00e2 0022     		movs	r2, #0
ARM GAS  C:\Users\monis\AppData\Local\Temp\ccYnYKe0.s 			page 9


 316 00e4 1D4B     		ldr	r3, .L14+36
 317 00e6 FFF7FEFF 		bl	__aeabi_ddiv
 318              	.LVL58:
 319 00ea FFF7FEFF 		bl	__aeabi_d2iz
 320              	.LVL59:
 321 00ee 00B2     		sxth	r0, r0
 322              	.LVL60:
 139:main.c        ****         ADC_2_Count_Output_1=ADC_2_Count_Output_2;
 140:main.c        ****         ADC_2_Count_Output_2=ADC_2_Count_Output_3;
 141:main.c        ****         ADC_2_Count_Output_3=ADC_2_Count_Output_4;
 142:main.c        ****         ADC_2_Count_Output_4=average;
 323              		.loc 1 142 0
 324 00f0 C4B2     		uxtb	r4, r0
 325              	.LVL61:
 143:main.c        ****   /*      
 144:main.c        ****         LCD_Char_1_Position(1,0);
 145:main.c        ****         LCD_Char_1_PrintString("emf:            ");     
 146:main.c        ****         LCD_Char_1_Position(1,4);        
 147:main.c        ****         LCD_Char_1_PrintU32Number(average);   
 148:main.c        ****    */    
 149:main.c        ****         //calculate RPM from EMF voltage
 150:main.c        ****         //y=0.9528x +12.61
 151:main.c        ****         emfrpm = (0.9528 * average) + 12.61;
 326              		.loc 1 151 0
 327 00f2 FFF7FEFF 		bl	__aeabi_i2d
 328              	.LVL62:
 329 00f6 12A3     		adr	r3, .L14+8
 330 00f8 D3E90023 		ldrd	r2, [r3]
 331 00fc FFF7FEFF 		bl	__aeabi_dmul
 332              	.LVL63:
 333 0100 11A3     		adr	r3, .L14+16
 334 0102 D3E90023 		ldrd	r2, [r3]
 335 0106 FFF7FEFF 		bl	__aeabi_dadd
 336              	.LVL64:
 337 010a FFF7FEFF 		bl	__aeabi_d2iz
 338              	.LVL65:
 339 010e 0FFA80FA 		sxth	r10, r0
 340              	.LVL66:
 152:main.c        ****         
 153:main.c        ****        
 154:main.c        ****         LCD_Char_1_Position(1,0);
 341              		.loc 1 154 0
 342 0112 0021     		movs	r1, #0
 343 0114 0120     		movs	r0, #1
 344 0116 FFF7FEFF 		bl	LCD_Char_1_Position
 345              	.LVL67:
 155:main.c        ****         LCD_Char_1_PrintString("EmfRpm:            ");     
 346              		.loc 1 155 0
 347 011a 1148     		ldr	r0, .L14+40
 348 011c FFF7FEFF 		bl	LCD_Char_1_PrintString
 349              	.LVL68:
 156:main.c        ****         LCD_Char_1_Position(1,7);        
 350              		.loc 1 156 0
 351 0120 0721     		movs	r1, #7
 352 0122 0120     		movs	r0, #1
 353 0124 FFF7FEFF 		bl	LCD_Char_1_Position
 354              	.LVL69:
ARM GAS  C:\Users\monis\AppData\Local\Temp\ccYnYKe0.s 			page 10


 157:main.c        ****         LCD_Char_1_PrintU32Number(emfrpm);   
 355              		.loc 1 157 0
 356 0128 5046     		mov	r0, r10
 357 012a FFF7FEFF 		bl	LCD_Char_1_PrintU32Number
 358              	.LVL70:
 139:main.c        ****         ADC_2_Count_Output_2=ADC_2_Count_Output_3;
 359              		.loc 1 139 0
 360 012e BA46     		mov	r10, r7
 361              	.LVL71:
 140:main.c        ****         ADC_2_Count_Output_3=ADC_2_Count_Output_4;
 362              		.loc 1 140 0
 363 0130 4746     		mov	r7, r8
 364              	.LVL72:
 141:main.c        ****         ADC_2_Count_Output_4=average;
 365              		.loc 1 141 0
 366 0132 C846     		mov	r8, r9
 367              	.LVL73:
 142:main.c        ****   /*      
 368              		.loc 1 142 0
 369 0134 A146     		mov	r9, r4
 370              	.LVL74:
 371 0136 82E7     		b	.L10
 372              	.L15:
 373              		.align	3
 374              	.L14:
 375 0138 00000000 		.word	0
 376 013c 005EEA40 		.word	1089101312
 377 0140 211FF46C 		.word	1827938081
 378 0144 567DEE3F 		.word	1072594262
 379 0148 B81E85EB 		.word	-343597384
 380 014c 51382940 		.word	1076443217
 381 0150 89B5F814 		.word	351843721
 382 0154 A0860100 		.word	100000
 383 0158 40000000 		.word	.LC5
 384 015c 00001440 		.word	1075052544
 385 0160 58000000 		.word	.LC6
 386              		.cfi_endproc
 387              	.LFE65:
 388              		.size	main, .-main
 389              		.global	period
 390              		.section	.rodata.str1.4,"aMS",%progbits,1
 391              		.align	2
 392              	.LC0:
 393 0000 20202020 		.ascii	"                \000"
 393      20202020 
 393      20202020 
 393      20202020 
 393      00
 394 0011 000000   		.space	3
 395              	.LC1:
 396 0014 4443204D 		.ascii	"DC MOTOR\000"
 396      4F544F52 
 396      00
 397 001d 000000   		.space	3
 398              	.LC2:
 399 0020 4C414234 		.ascii	"LAB4\000"
 399      00
ARM GAS  C:\Users\monis\AppData\Local\Temp\ccYnYKe0.s 			page 11


 400 0025 000000   		.space	3
 401              	.LC3:
 402 0028 20202020 		.ascii	"               \000"
 402      20202020 
 402      20202020 
 402      20202000 
 403              	.LC4:
 404 0038 50574D3D 		.ascii	"PWM=\000"
 404      00
 405 003d 000000   		.space	3
 406              	.LC5:
 407 0040 53686166 		.ascii	"Shaftrpm:            \000"
 407      7472706D 
 407      3A202020 
 407      20202020 
 407      20202020 
 408 0056 0000     		.space	2
 409              	.LC6:
 410 0058 456D6652 		.ascii	"EmfRpm:            \000"
 410      706D3A20 
 410      20202020 
 410      20202020 
 410      20202000 
 411              		.bss
 412              		.align	1
 413              		.type	period, %object
 414              		.size	period, 2
 415              	period:
 416 0000 0000     		.space	2
 417              		.text
 418              	.Letext0:
 419              		.file 2 "c:\\program files (x86)\\cypress\\psoc creator\\4.1\\psoc creator\\import\\gnu\\arm\\5.4.
 420              		.file 3 "c:\\program files (x86)\\cypress\\psoc creator\\4.1\\psoc creator\\import\\gnu\\arm\\5.4.
 421              		.file 4 "Generated_Source\\PSoC5/cytypes.h"
 422              		.file 5 "Generated_Source\\PSoC5/core_cm3.h"
 423              		.file 6 "Generated_Source\\PSoC5/LCD_Char_1.h"
 424              		.file 7 "Generated_Source\\PSoC5/CyLib.h"
 425              		.file 8 "Generated_Source\\PSoC5/ADC_SAR_1.h"
 426              		.file 9 "Generated_Source\\PSoC5/Counter_1.h"
 427              		.file 10 "Generated_Source\\PSoC5/QuadDec_1.h"
 428              		.file 11 "Generated_Source\\PSoC5/ADC_SAR_2.h"
 429              		.file 12 "Generated_Source\\PSoC5/Pin_0_0.h"
 430              		.file 13 "Generated_Source\\PSoC5/Pin_3_0.h"
 431              		.section	.debug_info,"",%progbits
 432              	.Ldebug_info0:
 433 0000 CB050000 		.4byte	0x5cb
 434 0004 0400     		.2byte	0x4
 435 0006 00000000 		.4byte	.Ldebug_abbrev0
 436 000a 04       		.byte	0x4
 437 000b 01       		.uleb128 0x1
 438 000c 8F030000 		.4byte	.LASF57
 439 0010 0C       		.byte	0xc
 440 0011 2C030000 		.4byte	.LASF58
 441 0015 10020000 		.4byte	.LASF59
 442 0019 00000000 		.4byte	.Ldebug_ranges0+0
 443 001d 00000000 		.4byte	0
 444 0021 00000000 		.4byte	.Ldebug_line0
ARM GAS  C:\Users\monis\AppData\Local\Temp\ccYnYKe0.s 			page 12


 445 0025 02       		.uleb128 0x2
 446 0026 01       		.byte	0x1
 447 0027 06       		.byte	0x6
 448 0028 FE000000 		.4byte	.LASF0
 449 002c 02       		.uleb128 0x2
 450 002d 01       		.byte	0x1
 451 002e 08       		.byte	0x8
 452 002f BC010000 		.4byte	.LASF1
 453 0033 02       		.uleb128 0x2
 454 0034 02       		.byte	0x2
 455 0035 05       		.byte	0x5
 456 0036 20000000 		.4byte	.LASF2
 457 003a 02       		.uleb128 0x2
 458 003b 02       		.byte	0x2
 459 003c 07       		.byte	0x7
 460 003d B5020000 		.4byte	.LASF3
 461 0041 03       		.uleb128 0x3
 462 0042 5F030000 		.4byte	.LASF9
 463 0046 02       		.byte	0x2
 464 0047 3F       		.byte	0x3f
 465 0048 4C000000 		.4byte	0x4c
 466 004c 02       		.uleb128 0x2
 467 004d 04       		.byte	0x4
 468 004e 05       		.byte	0x5
 469 004f 27010000 		.4byte	.LASF4
 470 0053 02       		.uleb128 0x2
 471 0054 04       		.byte	0x4
 472 0055 07       		.byte	0x7
 473 0056 33030000 		.4byte	.LASF5
 474 005a 02       		.uleb128 0x2
 475 005b 08       		.byte	0x8
 476 005c 05       		.byte	0x5
 477 005d 10010000 		.4byte	.LASF6
 478 0061 02       		.uleb128 0x2
 479 0062 08       		.byte	0x8
 480 0063 07       		.byte	0x7
 481 0064 F9010000 		.4byte	.LASF7
 482 0068 04       		.uleb128 0x4
 483 0069 04       		.byte	0x4
 484 006a 05       		.byte	0x5
 485 006b 696E7400 		.ascii	"int\000"
 486 006f 02       		.uleb128 0x2
 487 0070 04       		.byte	0x4
 488 0071 07       		.byte	0x7
 489 0072 71020000 		.4byte	.LASF8
 490 0076 03       		.uleb128 0x3
 491 0077 10030000 		.4byte	.LASF10
 492 007b 03       		.byte	0x3
 493 007c 2C       		.byte	0x2c
 494 007d 41000000 		.4byte	0x41
 495 0081 05       		.uleb128 0x5
 496 0082 8F000000 		.4byte	.LASF11
 497 0086 04       		.byte	0x4
 498 0087 9201     		.2byte	0x192
 499 0089 2C000000 		.4byte	0x2c
 500 008d 05       		.uleb128 0x5
 501 008e 25030000 		.4byte	.LASF12
ARM GAS  C:\Users\monis\AppData\Local\Temp\ccYnYKe0.s 			page 13


 502 0092 04       		.byte	0x4
 503 0093 9401     		.2byte	0x194
 504 0095 53000000 		.4byte	0x53
 505 0099 05       		.uleb128 0x5
 506 009a 89000000 		.4byte	.LASF13
 507 009e 04       		.byte	0x4
 508 009f 9601     		.2byte	0x196
 509 00a1 33000000 		.4byte	0x33
 510 00a5 05       		.uleb128 0x5
 511 00a6 45030000 		.4byte	.LASF14
 512 00aa 04       		.byte	0x4
 513 00ab 9701     		.2byte	0x197
 514 00ad 4C000000 		.4byte	0x4c
 515 00b1 02       		.uleb128 0x2
 516 00b2 04       		.byte	0x4
 517 00b3 04       		.byte	0x4
 518 00b4 0A010000 		.4byte	.LASF15
 519 00b8 02       		.uleb128 0x2
 520 00b9 08       		.byte	0x8
 521 00ba 04       		.byte	0x4
 522 00bb 7B030000 		.4byte	.LASF16
 523 00bf 02       		.uleb128 0x2
 524 00c0 01       		.byte	0x1
 525 00c1 08       		.byte	0x8
 526 00c2 C8020000 		.4byte	.LASF17
 527 00c6 02       		.uleb128 0x2
 528 00c7 08       		.byte	0x8
 529 00c8 04       		.byte	0x4
 530 00c9 A6010000 		.4byte	.LASF18
 531 00cd 02       		.uleb128 0x2
 532 00ce 04       		.byte	0x4
 533 00cf 07       		.byte	0x7
 534 00d0 46000000 		.4byte	.LASF19
 535 00d4 06       		.uleb128 0x6
 536 00d5 4C434400 		.ascii	"LCD\000"
 537 00d9 01       		.byte	0x1
 538 00da 0E       		.byte	0xe
 539 00db 00000000 		.4byte	.LFB63
 540 00df 4C000000 		.4byte	.LFE63-.LFB63
 541 00e3 01       		.uleb128 0x1
 542 00e4 9C       		.byte	0x9c
 543 00e5 9C010000 		.4byte	0x19c
 544 00e9 07       		.uleb128 0x7
 545 00ea 0A000000 		.4byte	.LVL0
 546 00ee E7040000 		.4byte	0x4e7
 547 00f2 01010000 		.4byte	0x101
 548 00f6 08       		.uleb128 0x8
 549 00f7 01       		.uleb128 0x1
 550 00f8 50       		.byte	0x50
 551 00f9 01       		.uleb128 0x1
 552 00fa 30       		.byte	0x30
 553 00fb 08       		.uleb128 0x8
 554 00fc 01       		.uleb128 0x1
 555 00fd 51       		.byte	0x51
 556 00fe 01       		.uleb128 0x1
 557 00ff 30       		.byte	0x30
 558 0100 00       		.byte	0
ARM GAS  C:\Users\monis\AppData\Local\Temp\ccYnYKe0.s 			page 14


 559 0101 07       		.uleb128 0x7
 560 0102 12000000 		.4byte	.LVL1
 561 0106 F2040000 		.4byte	0x4f2
 562 010a 15010000 		.4byte	0x115
 563 010e 08       		.uleb128 0x8
 564 010f 01       		.uleb128 0x1
 565 0110 50       		.byte	0x50
 566 0111 02       		.uleb128 0x2
 567 0112 74       		.byte	0x74
 568 0113 00       		.sleb128 0
 569 0114 00       		.byte	0
 570 0115 07       		.uleb128 0x7
 571 0116 1A000000 		.4byte	.LVL2
 572 011a E7040000 		.4byte	0x4e7
 573 011e 2D010000 		.4byte	0x12d
 574 0122 08       		.uleb128 0x8
 575 0123 01       		.uleb128 0x1
 576 0124 50       		.byte	0x50
 577 0125 01       		.uleb128 0x1
 578 0126 30       		.byte	0x30
 579 0127 08       		.uleb128 0x8
 580 0128 01       		.uleb128 0x1
 581 0129 51       		.byte	0x51
 582 012a 01       		.uleb128 0x1
 583 012b 30       		.byte	0x30
 584 012c 00       		.byte	0
 585 012d 07       		.uleb128 0x7
 586 012e 20000000 		.4byte	.LVL3
 587 0132 F2040000 		.4byte	0x4f2
 588 0136 44010000 		.4byte	0x144
 589 013a 08       		.uleb128 0x8
 590 013b 01       		.uleb128 0x1
 591 013c 50       		.byte	0x50
 592 013d 05       		.uleb128 0x5
 593 013e 03       		.byte	0x3
 594 013f 14000000 		.4byte	.LC1
 595 0143 00       		.byte	0
 596 0144 07       		.uleb128 0x7
 597 0145 28000000 		.4byte	.LVL4
 598 0149 E7040000 		.4byte	0x4e7
 599 014d 5C010000 		.4byte	0x15c
 600 0151 08       		.uleb128 0x8
 601 0152 01       		.uleb128 0x1
 602 0153 50       		.byte	0x50
 603 0154 01       		.uleb128 0x1
 604 0155 30       		.byte	0x30
 605 0156 08       		.uleb128 0x8
 606 0157 01       		.uleb128 0x1
 607 0158 51       		.byte	0x51
 608 0159 01       		.uleb128 0x1
 609 015a 39       		.byte	0x39
 610 015b 00       		.byte	0
 611 015c 07       		.uleb128 0x7
 612 015d 2E000000 		.4byte	.LVL5
 613 0161 F2040000 		.4byte	0x4f2
 614 0165 70010000 		.4byte	0x170
 615 0169 08       		.uleb128 0x8
ARM GAS  C:\Users\monis\AppData\Local\Temp\ccYnYKe0.s 			page 15


 616 016a 01       		.uleb128 0x1
 617 016b 50       		.byte	0x50
 618 016c 02       		.uleb128 0x2
 619 016d 74       		.byte	0x74
 620 016e 00       		.sleb128 0
 621 016f 00       		.byte	0
 622 0170 07       		.uleb128 0x7
 623 0171 36000000 		.4byte	.LVL6
 624 0175 E7040000 		.4byte	0x4e7
 625 0179 88010000 		.4byte	0x188
 626 017d 08       		.uleb128 0x8
 627 017e 01       		.uleb128 0x1
 628 017f 50       		.byte	0x50
 629 0180 01       		.uleb128 0x1
 630 0181 30       		.byte	0x30
 631 0182 08       		.uleb128 0x8
 632 0183 01       		.uleb128 0x1
 633 0184 51       		.byte	0x51
 634 0185 01       		.uleb128 0x1
 635 0186 39       		.byte	0x39
 636 0187 00       		.byte	0
 637 0188 09       		.uleb128 0x9
 638 0189 3C000000 		.4byte	.LVL7
 639 018d F2040000 		.4byte	0x4f2
 640 0191 08       		.uleb128 0x8
 641 0192 01       		.uleb128 0x1
 642 0193 50       		.byte	0x50
 643 0194 05       		.uleb128 0x5
 644 0195 03       		.byte	0x3
 645 0196 20000000 		.4byte	.LC2
 646 019a 00       		.byte	0
 647 019b 00       		.byte	0
 648 019c 0A       		.uleb128 0xa
 649 019d 1E010000 		.4byte	.LASF60
 650 01a1 01       		.byte	0x1
 651 01a2 1C       		.byte	0x1c
 652 01a3 00000000 		.4byte	.LFB64
 653 01a7 30000000 		.4byte	.LFE64-.LFB64
 654 01ab 01       		.uleb128 0x1
 655 01ac 9C       		.byte	0x9c
 656 01ad 3B020000 		.4byte	0x23b
 657 01b1 0B       		.uleb128 0xb
 658 01b2 83000000 		.4byte	.LASF61
 659 01b6 01       		.byte	0x1
 660 01b7 1C       		.byte	0x1c
 661 01b8 68000000 		.4byte	0x68
 662 01bc 00000000 		.4byte	.LLST0
 663 01c0 0C       		.uleb128 0xc
 664 01c1 76030000 		.4byte	.LASF20
 665 01c5 01       		.byte	0x1
 666 01c6 1E       		.byte	0x1e
 667 01c7 8D000000 		.4byte	0x8d
 668 01cb 00       		.byte	0
 669 01cc 07       		.uleb128 0x7
 670 01cd 0C000000 		.4byte	.LVL11
 671 01d1 E7040000 		.4byte	0x4e7
 672 01d5 E4010000 		.4byte	0x1e4
ARM GAS  C:\Users\monis\AppData\Local\Temp\ccYnYKe0.s 			page 16


 673 01d9 08       		.uleb128 0x8
 674 01da 01       		.uleb128 0x1
 675 01db 50       		.byte	0x50
 676 01dc 01       		.uleb128 0x1
 677 01dd 31       		.byte	0x31
 678 01de 08       		.uleb128 0x8
 679 01df 01       		.uleb128 0x1
 680 01e0 51       		.byte	0x51
 681 01e1 01       		.uleb128 0x1
 682 01e2 30       		.byte	0x30
 683 01e3 00       		.byte	0
 684 01e4 07       		.uleb128 0x7
 685 01e5 12000000 		.4byte	.LVL12
 686 01e9 F2040000 		.4byte	0x4f2
 687 01ed FB010000 		.4byte	0x1fb
 688 01f1 08       		.uleb128 0x8
 689 01f2 01       		.uleb128 0x1
 690 01f3 50       		.byte	0x50
 691 01f4 05       		.uleb128 0x5
 692 01f5 03       		.byte	0x3
 693 01f6 28000000 		.4byte	.LC3
 694 01fa 00       		.byte	0
 695 01fb 07       		.uleb128 0x7
 696 01fc 1A000000 		.4byte	.LVL13
 697 0200 E7040000 		.4byte	0x4e7
 698 0204 13020000 		.4byte	0x213
 699 0208 08       		.uleb128 0x8
 700 0209 01       		.uleb128 0x1
 701 020a 50       		.byte	0x50
 702 020b 01       		.uleb128 0x1
 703 020c 31       		.byte	0x31
 704 020d 08       		.uleb128 0x8
 705 020e 01       		.uleb128 0x1
 706 020f 51       		.byte	0x51
 707 0210 01       		.uleb128 0x1
 708 0211 30       		.byte	0x30
 709 0212 00       		.byte	0
 710 0213 07       		.uleb128 0x7
 711 0214 20000000 		.4byte	.LVL14
 712 0218 F2040000 		.4byte	0x4f2
 713 021c 2A020000 		.4byte	0x22a
 714 0220 08       		.uleb128 0x8
 715 0221 01       		.uleb128 0x1
 716 0222 50       		.byte	0x50
 717 0223 05       		.uleb128 0x5
 718 0224 03       		.byte	0x3
 719 0225 38000000 		.4byte	.LC4
 720 0229 00       		.byte	0
 721 022a 09       		.uleb128 0x9
 722 022b 26000000 		.4byte	.LVL15
 723 022f FD040000 		.4byte	0x4fd
 724 0233 08       		.uleb128 0x8
 725 0234 01       		.uleb128 0x1
 726 0235 50       		.byte	0x50
 727 0236 02       		.uleb128 0x2
 728 0237 74       		.byte	0x74
 729 0238 00       		.sleb128 0
ARM GAS  C:\Users\monis\AppData\Local\Temp\ccYnYKe0.s 			page 17


 730 0239 00       		.byte	0
 731 023a 00       		.byte	0
 732 023b 0D       		.uleb128 0xd
 733 023c 4F000000 		.4byte	.LASF62
 734 0240 01       		.byte	0x1
 735 0241 33       		.byte	0x33
 736 0242 68000000 		.4byte	0x68
 737 0246 00000000 		.4byte	.LFB65
 738 024a 64010000 		.4byte	.LFE65-.LFB65
 739 024e 01       		.uleb128 0x1
 740 024f 9C       		.byte	0x9c
 741 0250 C5040000 		.4byte	0x4c5
 742 0254 0E       		.uleb128 0xe
 743 0255 A4020000 		.4byte	.LASF21
 744 0259 01       		.byte	0x1
 745 025a 37       		.byte	0x37
 746 025b 81000000 		.4byte	0x81
 747 025f 2C000000 		.4byte	.LLST1
 748 0263 0E       		.uleb128 0xe
 749 0264 8C020000 		.4byte	.LASF22
 750 0268 01       		.byte	0x1
 751 0269 38       		.byte	0x38
 752 026a 81000000 		.4byte	0x81
 753 026e 4B000000 		.4byte	.LLST2
 754 0272 0E       		.uleb128 0xe
 755 0273 95000000 		.4byte	.LASF23
 756 0277 01       		.byte	0x1
 757 0278 38       		.byte	0x38
 758 0279 81000000 		.4byte	0x81
 759 027d 78000000 		.4byte	.LLST3
 760 0281 0E       		.uleb128 0xe
 761 0282 AA000000 		.4byte	.LASF24
 762 0286 01       		.byte	0x1
 763 0287 38       		.byte	0x38
 764 0288 81000000 		.4byte	0x81
 765 028c A2000000 		.4byte	.LLST4
 766 0290 0E       		.uleb128 0xe
 767 0291 BF000000 		.4byte	.LASF25
 768 0295 01       		.byte	0x1
 769 0296 38       		.byte	0x38
 770 0297 81000000 		.4byte	0x81
 771 029b CC000000 		.4byte	.LLST5
 772 029f 0E       		.uleb128 0xe
 773 02a0 E9000000 		.4byte	.LASF26
 774 02a4 01       		.byte	0x1
 775 02a5 38       		.byte	0x38
 776 02a6 81000000 		.4byte	0x81
 777 02aa F6000000 		.4byte	.LLST6
 778 02ae 0E       		.uleb128 0xe
 779 02af D4000000 		.4byte	.LASF27
 780 02b3 01       		.byte	0x1
 781 02b4 38       		.byte	0x38
 782 02b5 81000000 		.4byte	0x81
 783 02b9 15010000 		.4byte	.LLST7
 784 02bd 0E       		.uleb128 0xe
 785 02be 18030000 		.4byte	.LASF28
 786 02c2 01       		.byte	0x1
ARM GAS  C:\Users\monis\AppData\Local\Temp\ccYnYKe0.s 			page 18


 787 02c3 39       		.byte	0x39
 788 02c4 99000000 		.4byte	0x99
 789 02c8 3F010000 		.4byte	.LLST8
 790 02cc 0E       		.uleb128 0xe
 791 02cd 2A000000 		.4byte	.LASF29
 792 02d1 01       		.byte	0x1
 793 02d2 3A       		.byte	0x3a
 794 02d3 99000000 		.4byte	0x99
 795 02d7 5E010000 		.4byte	.LLST9
 796 02db 0E       		.uleb128 0xe
 797 02dc 34000000 		.4byte	.LASF30
 798 02e0 01       		.byte	0x1
 799 02e1 3B       		.byte	0x3b
 800 02e2 99000000 		.4byte	0x99
 801 02e6 7D010000 		.4byte	.LLST10
 802 02ea 0E       		.uleb128 0xe
 803 02eb 76030000 		.4byte	.LASF20
 804 02ef 01       		.byte	0x1
 805 02f0 3C       		.byte	0x3c
 806 02f1 A5000000 		.4byte	0xa5
 807 02f5 B2010000 		.4byte	.LLST11
 808 02f9 0C       		.uleb128 0xc
 809 02fa 9F020000 		.4byte	.LASF31
 810 02fe 01       		.byte	0x1
 811 02ff 3D       		.byte	0x3d
 812 0300 99000000 		.4byte	0x99
 813 0304 B4       		.byte	0xb4
 814 0305 0F       		.uleb128 0xf
 815 0306 72706D00 		.ascii	"rpm\000"
 816 030a 01       		.byte	0x1
 817 030b 3E       		.byte	0x3e
 818 030c 99000000 		.4byte	0x99
 819 0310 D1010000 		.4byte	.LLST12
 820 0314 0E       		.uleb128 0xe
 821 0315 25040000 		.4byte	.LASF32
 822 0319 01       		.byte	0x1
 823 031a 3F       		.byte	0x3f
 824 031b 99000000 		.4byte	0x99
 825 031f F0010000 		.4byte	.LLST13
 826 0323 0E       		.uleb128 0xe
 827 0324 88010000 		.4byte	.LASF33
 828 0328 01       		.byte	0x1
 829 0329 40       		.byte	0x40
 830 032a 99000000 		.4byte	0x99
 831 032e 0F020000 		.4byte	.LLST14
 832 0332 10       		.uleb128 0x10
 833 0333 08000000 		.4byte	.LVL18
 834 0337 08050000 		.4byte	0x508
 835 033b 10       		.uleb128 0x10
 836 033c 0C000000 		.4byte	.LVL19
 837 0340 D4000000 		.4byte	0xd4
 838 0344 07       		.uleb128 0x7
 839 0345 14000000 		.4byte	.LVL20
 840 0349 13050000 		.4byte	0x513
 841 034d 59030000 		.4byte	0x359
 842 0351 08       		.uleb128 0x8
 843 0352 01       		.uleb128 0x1
ARM GAS  C:\Users\monis\AppData\Local\Temp\ccYnYKe0.s 			page 19


 844 0353 50       		.byte	0x50
 845 0354 03       		.uleb128 0x3
 846 0355 0A       		.byte	0xa
 847 0356 E803     		.2byte	0x3e8
 848 0358 00       		.byte	0
 849 0359 07       		.uleb128 0x7
 850 035a 1A000000 		.4byte	.LVL21
 851 035e 1E050000 		.4byte	0x51e
 852 0362 6C030000 		.4byte	0x36c
 853 0366 08       		.uleb128 0x8
 854 0367 01       		.uleb128 0x1
 855 0368 50       		.byte	0x50
 856 0369 01       		.uleb128 0x1
 857 036a 31       		.byte	0x31
 858 036b 00       		.byte	0
 859 036c 10       		.uleb128 0x10
 860 036d 1E000000 		.4byte	.LVL22
 861 0371 29050000 		.4byte	0x529
 862 0375 10       		.uleb128 0x10
 863 0376 22000000 		.4byte	.LVL23
 864 037a 34050000 		.4byte	0x534
 865 037e 10       		.uleb128 0x10
 866 037f 26000000 		.4byte	.LVL24
 867 0383 3F050000 		.4byte	0x53f
 868 0387 10       		.uleb128 0x10
 869 0388 2A000000 		.4byte	.LVL25
 870 038c 4A050000 		.4byte	0x54a
 871 0390 10       		.uleb128 0x10
 872 0391 2E000000 		.4byte	.LVL26
 873 0395 55050000 		.4byte	0x555
 874 0399 10       		.uleb128 0x10
 875 039a 32000000 		.4byte	.LVL27
 876 039e 60050000 		.4byte	0x560
 877 03a2 10       		.uleb128 0x10
 878 03a3 44000000 		.4byte	.LVL30
 879 03a7 6B050000 		.4byte	0x56b
 880 03ab 10       		.uleb128 0x10
 881 03ac 4A000000 		.4byte	.LVL31
 882 03b0 76050000 		.4byte	0x576
 883 03b4 10       		.uleb128 0x10
 884 03b5 62000000 		.4byte	.LVL32
 885 03b9 81050000 		.4byte	0x581
 886 03bd 10       		.uleb128 0x10
 887 03be 88000000 		.4byte	.LVL41
 888 03c2 8C050000 		.4byte	0x58c
 889 03c6 10       		.uleb128 0x10
 890 03c7 90000000 		.4byte	.LVL42
 891 03cb 97050000 		.4byte	0x597
 892 03cf 07       		.uleb128 0x7
 893 03d0 98000000 		.4byte	.LVL43
 894 03d4 E7040000 		.4byte	0x4e7
 895 03d8 E7030000 		.4byte	0x3e7
 896 03dc 08       		.uleb128 0x8
 897 03dd 01       		.uleb128 0x1
 898 03de 50       		.byte	0x50
 899 03df 01       		.uleb128 0x1
 900 03e0 30       		.byte	0x30
ARM GAS  C:\Users\monis\AppData\Local\Temp\ccYnYKe0.s 			page 20


 901 03e1 08       		.uleb128 0x8
 902 03e2 01       		.uleb128 0x1
 903 03e3 51       		.byte	0x51
 904 03e4 01       		.uleb128 0x1
 905 03e5 30       		.byte	0x30
 906 03e6 00       		.byte	0
 907 03e7 07       		.uleb128 0x7
 908 03e8 9E000000 		.4byte	.LVL44
 909 03ec F2040000 		.4byte	0x4f2
 910 03f0 FE030000 		.4byte	0x3fe
 911 03f4 08       		.uleb128 0x8
 912 03f5 01       		.uleb128 0x1
 913 03f6 50       		.byte	0x50
 914 03f7 05       		.uleb128 0x5
 915 03f8 03       		.byte	0x3
 916 03f9 40000000 		.4byte	.LC5
 917 03fd 00       		.byte	0
 918 03fe 07       		.uleb128 0x7
 919 03ff A6000000 		.4byte	.LVL45
 920 0403 E7040000 		.4byte	0x4e7
 921 0407 16040000 		.4byte	0x416
 922 040b 08       		.uleb128 0x8
 923 040c 01       		.uleb128 0x1
 924 040d 50       		.byte	0x50
 925 040e 01       		.uleb128 0x1
 926 040f 30       		.byte	0x30
 927 0410 08       		.uleb128 0x8
 928 0411 01       		.uleb128 0x1
 929 0412 51       		.byte	0x51
 930 0413 01       		.uleb128 0x1
 931 0414 39       		.byte	0x39
 932 0415 00       		.byte	0
 933 0416 07       		.uleb128 0x7
 934 0417 AC000000 		.4byte	.LVL46
 935 041b FD040000 		.4byte	0x4fd
 936 041f 2A040000 		.4byte	0x42a
 937 0423 08       		.uleb128 0x8
 938 0424 01       		.uleb128 0x1
 939 0425 50       		.byte	0x50
 940 0426 02       		.uleb128 0x2
 941 0427 76       		.byte	0x76
 942 0428 00       		.sleb128 0
 943 0429 00       		.byte	0
 944 042a 10       		.uleb128 0x10
 945 042b B6000000 		.4byte	.LVL48
 946 042f A2050000 		.4byte	0x5a2
 947 0433 10       		.uleb128 0x10
 948 0434 BE000000 		.4byte	.LVL49
 949 0438 AD050000 		.4byte	0x5ad
 950 043c 07       		.uleb128 0x7
 951 043d C4000000 		.4byte	.LVL50
 952 0441 76050000 		.4byte	0x576
 953 0445 4F040000 		.4byte	0x44f
 954 0449 08       		.uleb128 0x8
 955 044a 01       		.uleb128 0x1
 956 044b 50       		.byte	0x50
 957 044c 01       		.uleb128 0x1
ARM GAS  C:\Users\monis\AppData\Local\Temp\ccYnYKe0.s 			page 21


 958 044d 30       		.byte	0x30
 959 044e 00       		.byte	0
 960 044f 07       		.uleb128 0x7
 961 0450 CC000000 		.4byte	.LVL51
 962 0454 B8050000 		.4byte	0x5b8
 963 0458 64040000 		.4byte	0x464
 964 045c 08       		.uleb128 0x8
 965 045d 01       		.uleb128 0x1
 966 045e 50       		.byte	0x50
 967 045f 03       		.uleb128 0x3
 968 0460 0A       		.byte	0xa
 969 0461 B004     		.2byte	0x4b0
 970 0463 00       		.byte	0
 971 0464 10       		.uleb128 0x10
 972 0465 D0000000 		.4byte	.LVL52
 973 0469 C3050000 		.4byte	0x5c3
 974 046d 07       		.uleb128 0x7
 975 046e 1A010000 		.4byte	.LVL67
 976 0472 E7040000 		.4byte	0x4e7
 977 0476 85040000 		.4byte	0x485
 978 047a 08       		.uleb128 0x8
 979 047b 01       		.uleb128 0x1
 980 047c 50       		.byte	0x50
 981 047d 01       		.uleb128 0x1
 982 047e 31       		.byte	0x31
 983 047f 08       		.uleb128 0x8
 984 0480 01       		.uleb128 0x1
 985 0481 51       		.byte	0x51
 986 0482 01       		.uleb128 0x1
 987 0483 30       		.byte	0x30
 988 0484 00       		.byte	0
 989 0485 07       		.uleb128 0x7
 990 0486 20010000 		.4byte	.LVL68
 991 048a F2040000 		.4byte	0x4f2
 992 048e 9C040000 		.4byte	0x49c
 993 0492 08       		.uleb128 0x8
 994 0493 01       		.uleb128 0x1
 995 0494 50       		.byte	0x50
 996 0495 05       		.uleb128 0x5
 997 0496 03       		.byte	0x3
 998 0497 58000000 		.4byte	.LC6
 999 049b 00       		.byte	0
 1000 049c 07       		.uleb128 0x7
 1001 049d 28010000 		.4byte	.LVL69
 1002 04a1 E7040000 		.4byte	0x4e7
 1003 04a5 B4040000 		.4byte	0x4b4
 1004 04a9 08       		.uleb128 0x8
 1005 04aa 01       		.uleb128 0x1
 1006 04ab 50       		.byte	0x50
 1007 04ac 01       		.uleb128 0x1
 1008 04ad 31       		.byte	0x31
 1009 04ae 08       		.uleb128 0x8
 1010 04af 01       		.uleb128 0x1
 1011 04b0 51       		.byte	0x51
 1012 04b1 01       		.uleb128 0x1
 1013 04b2 37       		.byte	0x37
 1014 04b3 00       		.byte	0
ARM GAS  C:\Users\monis\AppData\Local\Temp\ccYnYKe0.s 			page 22


 1015 04b4 09       		.uleb128 0x9
 1016 04b5 2E010000 		.4byte	.LVL70
 1017 04b9 FD040000 		.4byte	0x4fd
 1018 04bd 08       		.uleb128 0x8
 1019 04be 01       		.uleb128 0x1
 1020 04bf 50       		.byte	0x50
 1021 04c0 02       		.uleb128 0x2
 1022 04c1 7A       		.byte	0x7a
 1023 04c2 00       		.sleb128 0
 1024 04c3 00       		.byte	0
 1025 04c4 00       		.byte	0
 1026 04c5 11       		.uleb128 0x11
 1027 04c6 82030000 		.4byte	.LASF34
 1028 04ca 05       		.byte	0x5
 1029 04cb 1207     		.2byte	0x712
 1030 04cd D1040000 		.4byte	0x4d1
 1031 04d1 12       		.uleb128 0x12
 1032 04d2 76000000 		.4byte	0x76
 1033 04d6 13       		.uleb128 0x13
 1034 04d7 45010000 		.4byte	.LASF35
 1035 04db 01       		.byte	0x1
 1036 04dc 2B       		.byte	0x2b
 1037 04dd 99000000 		.4byte	0x99
 1038 04e1 05       		.uleb128 0x5
 1039 04e2 03       		.byte	0x3
 1040 04e3 00000000 		.4byte	period
 1041 04e7 14       		.uleb128 0x14
 1042 04e8 4B030000 		.4byte	.LASF36
 1043 04ec 4B030000 		.4byte	.LASF36
 1044 04f0 06       		.byte	0x6
 1045 04f1 3D       		.byte	0x3d
 1046 04f2 14       		.uleb128 0x14
 1047 04f3 CD020000 		.4byte	.LASF37
 1048 04f7 CD020000 		.4byte	.LASF37
 1049 04fb 06       		.byte	0x6
 1050 04fc 3C       		.byte	0x3c
 1051 04fd 14       		.uleb128 0x14
 1052 04fe 6E010000 		.4byte	.LASF38
 1053 0502 6E010000 		.4byte	.LASF38
 1054 0506 06       		.byte	0x6
 1055 0507 61       		.byte	0x61
 1056 0508 14       		.uleb128 0x14
 1057 0509 72000000 		.4byte	.LASF39
 1058 050d 72000000 		.4byte	.LASF39
 1059 0511 06       		.byte	0x6
 1060 0512 38       		.byte	0x38
 1061 0513 14       		.uleb128 0x14
 1062 0514 1D040000 		.4byte	.LASF40
 1063 0518 1D040000 		.4byte	.LASF40
 1064 051c 07       		.byte	0x7
 1065 051d 76       		.byte	0x76
 1066 051e 14       		.uleb128 0x14
 1067 051f E1010000 		.4byte	.LASF41
 1068 0523 E1010000 		.4byte	.LASF41
 1069 0527 06       		.byte	0x6
 1070 0528 3A       		.byte	0x3a
 1071 0529 14       		.uleb128 0x14
ARM GAS  C:\Users\monis\AppData\Local\Temp\ccYnYKe0.s 			page 23


 1072 052a 00000000 		.4byte	.LASF42
 1073 052e 00000000 		.4byte	.LASF42
 1074 0532 08       		.byte	0x8
 1075 0533 34       		.byte	0x34
 1076 0534 14       		.uleb128 0x14
 1077 0535 8F010000 		.4byte	.LASF43
 1078 0539 8F010000 		.4byte	.LASF43
 1079 053d 08       		.byte	0x8
 1080 053e D1       		.byte	0xd1
 1081 053f 14       		.uleb128 0x14
 1082 0540 61020000 		.4byte	.LASF44
 1083 0544 61020000 		.4byte	.LASF44
 1084 0548 09       		.byte	0x9
 1085 0549 4F       		.byte	0x4f
 1086 054a 14       		.uleb128 0x14
 1087 054b 62000000 		.4byte	.LASF45
 1088 054f 62000000 		.4byte	.LASF45
 1089 0553 0A       		.byte	0xa
 1090 0554 48       		.byte	0x48
 1091 0555 14       		.uleb128 0x14
 1092 0556 10000000 		.4byte	.LASF46
 1093 055a 10000000 		.4byte	.LASF46
 1094 055e 0B       		.byte	0xb
 1095 055f 34       		.byte	0x34
 1096 0560 14       		.uleb128 0x14
 1097 0561 CA010000 		.4byte	.LASF47
 1098 0565 CA010000 		.4byte	.LASF47
 1099 0569 0B       		.byte	0xb
 1100 056a D1       		.byte	0xd1
 1101 056b 14       		.uleb128 0x14
 1102 056c 30010000 		.4byte	.LASF48
 1103 0570 30010000 		.4byte	.LASF48
 1104 0574 08       		.byte	0x8
 1105 0575 3A       		.byte	0x3a
 1106 0576 14       		.uleb128 0x14
 1107 0577 E4020000 		.4byte	.LASF49
 1108 057b E4020000 		.4byte	.LASF49
 1109 057f 09       		.byte	0x9
 1110 0580 63       		.byte	0x63
 1111 0581 14       		.uleb128 0x14
 1112 0582 FB020000 		.4byte	.LASF50
 1113 0586 FB020000 		.4byte	.LASF50
 1114 058a 0A       		.byte	0xa
 1115 058b 4E       		.byte	0x4e
 1116 058c 14       		.uleb128 0x14
 1117 058d 69030000 		.4byte	.LASF51
 1118 0591 69030000 		.4byte	.LASF51
 1119 0595 0C       		.byte	0xc
 1120 0596 29       		.byte	0x29
 1121 0597 14       		.uleb128 0x14
 1122 0598 54000000 		.4byte	.LASF52
 1123 059c 54000000 		.4byte	.LASF52
 1124 05a0 0C       		.byte	0xc
 1125 05a1 26       		.byte	0x26
 1126 05a2 14       		.uleb128 0x14
 1127 05a3 4C010000 		.4byte	.LASF53
 1128 05a7 4C010000 		.4byte	.LASF53
ARM GAS  C:\Users\monis\AppData\Local\Temp\ccYnYKe0.s 			page 24


 1129 05ab 0D       		.byte	0xd
 1130 05ac 29       		.byte	0x29
 1131 05ad 14       		.uleb128 0x14
 1132 05ae 7E020000 		.4byte	.LASF54
 1133 05b2 7E020000 		.4byte	.LASF54
 1134 05b6 0D       		.byte	0xd
 1135 05b7 26       		.byte	0x26
 1136 05b8 14       		.uleb128 0x14
 1137 05b9 B2010000 		.4byte	.LASF55
 1138 05bd B2010000 		.4byte	.LASF55
 1139 05c1 07       		.byte	0x7
 1140 05c2 77       		.byte	0x77
 1141 05c3 14       		.uleb128 0x14
 1142 05c4 59010000 		.4byte	.LASF56
 1143 05c8 59010000 		.4byte	.LASF56
 1144 05cc 0B       		.byte	0xb
 1145 05cd 3A       		.byte	0x3a
 1146 05ce 00       		.byte	0
 1147              		.section	.debug_abbrev,"",%progbits
 1148              	.Ldebug_abbrev0:
 1149 0000 01       		.uleb128 0x1
 1150 0001 11       		.uleb128 0x11
 1151 0002 01       		.byte	0x1
 1152 0003 25       		.uleb128 0x25
 1153 0004 0E       		.uleb128 0xe
 1154 0005 13       		.uleb128 0x13
 1155 0006 0B       		.uleb128 0xb
 1156 0007 03       		.uleb128 0x3
 1157 0008 0E       		.uleb128 0xe
 1158 0009 1B       		.uleb128 0x1b
 1159 000a 0E       		.uleb128 0xe
 1160 000b 55       		.uleb128 0x55
 1161 000c 17       		.uleb128 0x17
 1162 000d 11       		.uleb128 0x11
 1163 000e 01       		.uleb128 0x1
 1164 000f 10       		.uleb128 0x10
 1165 0010 17       		.uleb128 0x17
 1166 0011 00       		.byte	0
 1167 0012 00       		.byte	0
 1168 0013 02       		.uleb128 0x2
 1169 0014 24       		.uleb128 0x24
 1170 0015 00       		.byte	0
 1171 0016 0B       		.uleb128 0xb
 1172 0017 0B       		.uleb128 0xb
 1173 0018 3E       		.uleb128 0x3e
 1174 0019 0B       		.uleb128 0xb
 1175 001a 03       		.uleb128 0x3
 1176 001b 0E       		.uleb128 0xe
 1177 001c 00       		.byte	0
 1178 001d 00       		.byte	0
 1179 001e 03       		.uleb128 0x3
 1180 001f 16       		.uleb128 0x16
 1181 0020 00       		.byte	0
 1182 0021 03       		.uleb128 0x3
 1183 0022 0E       		.uleb128 0xe
 1184 0023 3A       		.uleb128 0x3a
 1185 0024 0B       		.uleb128 0xb
ARM GAS  C:\Users\monis\AppData\Local\Temp\ccYnYKe0.s 			page 25


 1186 0025 3B       		.uleb128 0x3b
 1187 0026 0B       		.uleb128 0xb
 1188 0027 49       		.uleb128 0x49
 1189 0028 13       		.uleb128 0x13
 1190 0029 00       		.byte	0
 1191 002a 00       		.byte	0
 1192 002b 04       		.uleb128 0x4
 1193 002c 24       		.uleb128 0x24
 1194 002d 00       		.byte	0
 1195 002e 0B       		.uleb128 0xb
 1196 002f 0B       		.uleb128 0xb
 1197 0030 3E       		.uleb128 0x3e
 1198 0031 0B       		.uleb128 0xb
 1199 0032 03       		.uleb128 0x3
 1200 0033 08       		.uleb128 0x8
 1201 0034 00       		.byte	0
 1202 0035 00       		.byte	0
 1203 0036 05       		.uleb128 0x5
 1204 0037 16       		.uleb128 0x16
 1205 0038 00       		.byte	0
 1206 0039 03       		.uleb128 0x3
 1207 003a 0E       		.uleb128 0xe
 1208 003b 3A       		.uleb128 0x3a
 1209 003c 0B       		.uleb128 0xb
 1210 003d 3B       		.uleb128 0x3b
 1211 003e 05       		.uleb128 0x5
 1212 003f 49       		.uleb128 0x49
 1213 0040 13       		.uleb128 0x13
 1214 0041 00       		.byte	0
 1215 0042 00       		.byte	0
 1216 0043 06       		.uleb128 0x6
 1217 0044 2E       		.uleb128 0x2e
 1218 0045 01       		.byte	0x1
 1219 0046 3F       		.uleb128 0x3f
 1220 0047 19       		.uleb128 0x19
 1221 0048 03       		.uleb128 0x3
 1222 0049 08       		.uleb128 0x8
 1223 004a 3A       		.uleb128 0x3a
 1224 004b 0B       		.uleb128 0xb
 1225 004c 3B       		.uleb128 0x3b
 1226 004d 0B       		.uleb128 0xb
 1227 004e 11       		.uleb128 0x11
 1228 004f 01       		.uleb128 0x1
 1229 0050 12       		.uleb128 0x12
 1230 0051 06       		.uleb128 0x6
 1231 0052 40       		.uleb128 0x40
 1232 0053 18       		.uleb128 0x18
 1233 0054 9742     		.uleb128 0x2117
 1234 0056 19       		.uleb128 0x19
 1235 0057 01       		.uleb128 0x1
 1236 0058 13       		.uleb128 0x13
 1237 0059 00       		.byte	0
 1238 005a 00       		.byte	0
 1239 005b 07       		.uleb128 0x7
 1240 005c 898201   		.uleb128 0x4109
 1241 005f 01       		.byte	0x1
 1242 0060 11       		.uleb128 0x11
ARM GAS  C:\Users\monis\AppData\Local\Temp\ccYnYKe0.s 			page 26


 1243 0061 01       		.uleb128 0x1
 1244 0062 31       		.uleb128 0x31
 1245 0063 13       		.uleb128 0x13
 1246 0064 01       		.uleb128 0x1
 1247 0065 13       		.uleb128 0x13
 1248 0066 00       		.byte	0
 1249 0067 00       		.byte	0
 1250 0068 08       		.uleb128 0x8
 1251 0069 8A8201   		.uleb128 0x410a
 1252 006c 00       		.byte	0
 1253 006d 02       		.uleb128 0x2
 1254 006e 18       		.uleb128 0x18
 1255 006f 9142     		.uleb128 0x2111
 1256 0071 18       		.uleb128 0x18
 1257 0072 00       		.byte	0
 1258 0073 00       		.byte	0
 1259 0074 09       		.uleb128 0x9
 1260 0075 898201   		.uleb128 0x4109
 1261 0078 01       		.byte	0x1
 1262 0079 11       		.uleb128 0x11
 1263 007a 01       		.uleb128 0x1
 1264 007b 31       		.uleb128 0x31
 1265 007c 13       		.uleb128 0x13
 1266 007d 00       		.byte	0
 1267 007e 00       		.byte	0
 1268 007f 0A       		.uleb128 0xa
 1269 0080 2E       		.uleb128 0x2e
 1270 0081 01       		.byte	0x1
 1271 0082 3F       		.uleb128 0x3f
 1272 0083 19       		.uleb128 0x19
 1273 0084 03       		.uleb128 0x3
 1274 0085 0E       		.uleb128 0xe
 1275 0086 3A       		.uleb128 0x3a
 1276 0087 0B       		.uleb128 0xb
 1277 0088 3B       		.uleb128 0x3b
 1278 0089 0B       		.uleb128 0xb
 1279 008a 27       		.uleb128 0x27
 1280 008b 19       		.uleb128 0x19
 1281 008c 11       		.uleb128 0x11
 1282 008d 01       		.uleb128 0x1
 1283 008e 12       		.uleb128 0x12
 1284 008f 06       		.uleb128 0x6
 1285 0090 40       		.uleb128 0x40
 1286 0091 18       		.uleb128 0x18
 1287 0092 9742     		.uleb128 0x2117
 1288 0094 19       		.uleb128 0x19
 1289 0095 01       		.uleb128 0x1
 1290 0096 13       		.uleb128 0x13
 1291 0097 00       		.byte	0
 1292 0098 00       		.byte	0
 1293 0099 0B       		.uleb128 0xb
 1294 009a 05       		.uleb128 0x5
 1295 009b 00       		.byte	0
 1296 009c 03       		.uleb128 0x3
 1297 009d 0E       		.uleb128 0xe
 1298 009e 3A       		.uleb128 0x3a
 1299 009f 0B       		.uleb128 0xb
ARM GAS  C:\Users\monis\AppData\Local\Temp\ccYnYKe0.s 			page 27


 1300 00a0 3B       		.uleb128 0x3b
 1301 00a1 0B       		.uleb128 0xb
 1302 00a2 49       		.uleb128 0x49
 1303 00a3 13       		.uleb128 0x13
 1304 00a4 02       		.uleb128 0x2
 1305 00a5 17       		.uleb128 0x17
 1306 00a6 00       		.byte	0
 1307 00a7 00       		.byte	0
 1308 00a8 0C       		.uleb128 0xc
 1309 00a9 34       		.uleb128 0x34
 1310 00aa 00       		.byte	0
 1311 00ab 03       		.uleb128 0x3
 1312 00ac 0E       		.uleb128 0xe
 1313 00ad 3A       		.uleb128 0x3a
 1314 00ae 0B       		.uleb128 0xb
 1315 00af 3B       		.uleb128 0x3b
 1316 00b0 0B       		.uleb128 0xb
 1317 00b1 49       		.uleb128 0x49
 1318 00b2 13       		.uleb128 0x13
 1319 00b3 1C       		.uleb128 0x1c
 1320 00b4 0B       		.uleb128 0xb
 1321 00b5 00       		.byte	0
 1322 00b6 00       		.byte	0
 1323 00b7 0D       		.uleb128 0xd
 1324 00b8 2E       		.uleb128 0x2e
 1325 00b9 01       		.byte	0x1
 1326 00ba 3F       		.uleb128 0x3f
 1327 00bb 19       		.uleb128 0x19
 1328 00bc 03       		.uleb128 0x3
 1329 00bd 0E       		.uleb128 0xe
 1330 00be 3A       		.uleb128 0x3a
 1331 00bf 0B       		.uleb128 0xb
 1332 00c0 3B       		.uleb128 0x3b
 1333 00c1 0B       		.uleb128 0xb
 1334 00c2 27       		.uleb128 0x27
 1335 00c3 19       		.uleb128 0x19
 1336 00c4 49       		.uleb128 0x49
 1337 00c5 13       		.uleb128 0x13
 1338 00c6 8701     		.uleb128 0x87
 1339 00c8 19       		.uleb128 0x19
 1340 00c9 11       		.uleb128 0x11
 1341 00ca 01       		.uleb128 0x1
 1342 00cb 12       		.uleb128 0x12
 1343 00cc 06       		.uleb128 0x6
 1344 00cd 40       		.uleb128 0x40
 1345 00ce 18       		.uleb128 0x18
 1346 00cf 9642     		.uleb128 0x2116
 1347 00d1 19       		.uleb128 0x19
 1348 00d2 01       		.uleb128 0x1
 1349 00d3 13       		.uleb128 0x13
 1350 00d4 00       		.byte	0
 1351 00d5 00       		.byte	0
 1352 00d6 0E       		.uleb128 0xe
 1353 00d7 34       		.uleb128 0x34
 1354 00d8 00       		.byte	0
 1355 00d9 03       		.uleb128 0x3
 1356 00da 0E       		.uleb128 0xe
ARM GAS  C:\Users\monis\AppData\Local\Temp\ccYnYKe0.s 			page 28


 1357 00db 3A       		.uleb128 0x3a
 1358 00dc 0B       		.uleb128 0xb
 1359 00dd 3B       		.uleb128 0x3b
 1360 00de 0B       		.uleb128 0xb
 1361 00df 49       		.uleb128 0x49
 1362 00e0 13       		.uleb128 0x13
 1363 00e1 02       		.uleb128 0x2
 1364 00e2 17       		.uleb128 0x17
 1365 00e3 00       		.byte	0
 1366 00e4 00       		.byte	0
 1367 00e5 0F       		.uleb128 0xf
 1368 00e6 34       		.uleb128 0x34
 1369 00e7 00       		.byte	0
 1370 00e8 03       		.uleb128 0x3
 1371 00e9 08       		.uleb128 0x8
 1372 00ea 3A       		.uleb128 0x3a
 1373 00eb 0B       		.uleb128 0xb
 1374 00ec 3B       		.uleb128 0x3b
 1375 00ed 0B       		.uleb128 0xb
 1376 00ee 49       		.uleb128 0x49
 1377 00ef 13       		.uleb128 0x13
 1378 00f0 02       		.uleb128 0x2
 1379 00f1 17       		.uleb128 0x17
 1380 00f2 00       		.byte	0
 1381 00f3 00       		.byte	0
 1382 00f4 10       		.uleb128 0x10
 1383 00f5 898201   		.uleb128 0x4109
 1384 00f8 00       		.byte	0
 1385 00f9 11       		.uleb128 0x11
 1386 00fa 01       		.uleb128 0x1
 1387 00fb 31       		.uleb128 0x31
 1388 00fc 13       		.uleb128 0x13
 1389 00fd 00       		.byte	0
 1390 00fe 00       		.byte	0
 1391 00ff 11       		.uleb128 0x11
 1392 0100 34       		.uleb128 0x34
 1393 0101 00       		.byte	0
 1394 0102 03       		.uleb128 0x3
 1395 0103 0E       		.uleb128 0xe
 1396 0104 3A       		.uleb128 0x3a
 1397 0105 0B       		.uleb128 0xb
 1398 0106 3B       		.uleb128 0x3b
 1399 0107 05       		.uleb128 0x5
 1400 0108 49       		.uleb128 0x49
 1401 0109 13       		.uleb128 0x13
 1402 010a 3F       		.uleb128 0x3f
 1403 010b 19       		.uleb128 0x19
 1404 010c 3C       		.uleb128 0x3c
 1405 010d 19       		.uleb128 0x19
 1406 010e 00       		.byte	0
 1407 010f 00       		.byte	0
 1408 0110 12       		.uleb128 0x12
 1409 0111 35       		.uleb128 0x35
 1410 0112 00       		.byte	0
 1411 0113 49       		.uleb128 0x49
 1412 0114 13       		.uleb128 0x13
 1413 0115 00       		.byte	0
ARM GAS  C:\Users\monis\AppData\Local\Temp\ccYnYKe0.s 			page 29


 1414 0116 00       		.byte	0
 1415 0117 13       		.uleb128 0x13
 1416 0118 34       		.uleb128 0x34
 1417 0119 00       		.byte	0
 1418 011a 03       		.uleb128 0x3
 1419 011b 0E       		.uleb128 0xe
 1420 011c 3A       		.uleb128 0x3a
 1421 011d 0B       		.uleb128 0xb
 1422 011e 3B       		.uleb128 0x3b
 1423 011f 0B       		.uleb128 0xb
 1424 0120 49       		.uleb128 0x49
 1425 0121 13       		.uleb128 0x13
 1426 0122 3F       		.uleb128 0x3f
 1427 0123 19       		.uleb128 0x19
 1428 0124 02       		.uleb128 0x2
 1429 0125 18       		.uleb128 0x18
 1430 0126 00       		.byte	0
 1431 0127 00       		.byte	0
 1432 0128 14       		.uleb128 0x14
 1433 0129 2E       		.uleb128 0x2e
 1434 012a 00       		.byte	0
 1435 012b 3F       		.uleb128 0x3f
 1436 012c 19       		.uleb128 0x19
 1437 012d 3C       		.uleb128 0x3c
 1438 012e 19       		.uleb128 0x19
 1439 012f 6E       		.uleb128 0x6e
 1440 0130 0E       		.uleb128 0xe
 1441 0131 03       		.uleb128 0x3
 1442 0132 0E       		.uleb128 0xe
 1443 0133 3A       		.uleb128 0x3a
 1444 0134 0B       		.uleb128 0xb
 1445 0135 3B       		.uleb128 0x3b
 1446 0136 0B       		.uleb128 0xb
 1447 0137 00       		.byte	0
 1448 0138 00       		.byte	0
 1449 0139 00       		.byte	0
 1450              		.section	.debug_loc,"",%progbits
 1451              	.Ldebug_loc0:
 1452              	.LLST0:
 1453 0000 00000000 		.4byte	.LVL8
 1454 0004 08000000 		.4byte	.LVL10
 1455 0008 0100     		.2byte	0x1
 1456 000a 50       		.byte	0x50
 1457 000b 08000000 		.4byte	.LVL10
 1458 000f 28000000 		.4byte	.LVL16
 1459 0013 0100     		.2byte	0x1
 1460 0015 54       		.byte	0x54
 1461 0016 28000000 		.4byte	.LVL16
 1462 001a 30000000 		.4byte	.LFE64
 1463 001e 0400     		.2byte	0x4
 1464 0020 F3       		.byte	0xf3
 1465 0021 01       		.uleb128 0x1
 1466 0022 50       		.byte	0x50
 1467 0023 9F       		.byte	0x9f
 1468 0024 00000000 		.4byte	0
 1469 0028 00000000 		.4byte	0
 1470              	.LLST1:
ARM GAS  C:\Users\monis\AppData\Local\Temp\ccYnYKe0.s 			page 30


 1471 002c 04000000 		.4byte	.LVL17
 1472 0030 3E000000 		.4byte	.LVL28
 1473 0034 0200     		.2byte	0x2
 1474 0036 30       		.byte	0x30
 1475 0037 9F       		.byte	0x9f
 1476 0038 44000000 		.4byte	.LVL30
 1477 003c 49000000 		.4byte	.LVL31-1
 1478 0040 0100     		.2byte	0x1
 1479 0042 50       		.byte	0x50
 1480 0043 00000000 		.4byte	0
 1481 0047 00000000 		.4byte	0
 1482              	.LLST2:
 1483 004b 04000000 		.4byte	.LVL17
 1484 004f 3E000000 		.4byte	.LVL28
 1485 0053 0200     		.2byte	0x2
 1486 0055 30       		.byte	0x30
 1487 0056 9F       		.byte	0x9f
 1488 0057 D2000000 		.4byte	.LVL53
 1489 005b D4000000 		.4byte	.LVL54
 1490 005f 0100     		.2byte	0x1
 1491 0061 50       		.byte	0x50
 1492 0062 D4000000 		.4byte	.LVL54
 1493 0066 D6000000 		.4byte	.LVL55
 1494 006a 0400     		.2byte	0x4
 1495 006c 70       		.byte	0x70
 1496 006d 00       		.sleb128 0
 1497 006e 20       		.byte	0x20
 1498 006f 9F       		.byte	0x9f
 1499 0070 00000000 		.4byte	0
 1500 0074 00000000 		.4byte	0
 1501              	.LLST3:
 1502 0078 04000000 		.4byte	.LVL17
 1503 007c 3E000000 		.4byte	.LVL28
 1504 0080 0200     		.2byte	0x2
 1505 0082 30       		.byte	0x30
 1506 0083 9F       		.byte	0x9f
 1507 0084 3E000000 		.4byte	.LVL28
 1508 0088 F0000000 		.4byte	.LVL60
 1509 008c 0100     		.2byte	0x1
 1510 008e 5A       		.byte	0x5a
 1511 008f F0000000 		.4byte	.LVL60
 1512 0093 32010000 		.4byte	.LVL72
 1513 0097 0100     		.2byte	0x1
 1514 0099 57       		.byte	0x57
 1515 009a 00000000 		.4byte	0
 1516 009e 00000000 		.4byte	0
 1517              	.LLST4:
 1518 00a2 04000000 		.4byte	.LVL17
 1519 00a6 3E000000 		.4byte	.LVL28
 1520 00aa 0200     		.2byte	0x2
 1521 00ac 30       		.byte	0x30
 1522 00ad 9F       		.byte	0x9f
 1523 00ae 3E000000 		.4byte	.LVL28
 1524 00b2 F0000000 		.4byte	.LVL60
 1525 00b6 0100     		.2byte	0x1
 1526 00b8 57       		.byte	0x57
 1527 00b9 F0000000 		.4byte	.LVL60
ARM GAS  C:\Users\monis\AppData\Local\Temp\ccYnYKe0.s 			page 31


 1528 00bd 34010000 		.4byte	.LVL73
 1529 00c1 0100     		.2byte	0x1
 1530 00c3 58       		.byte	0x58
 1531 00c4 00000000 		.4byte	0
 1532 00c8 00000000 		.4byte	0
 1533              	.LLST5:
 1534 00cc 04000000 		.4byte	.LVL17
 1535 00d0 3E000000 		.4byte	.LVL28
 1536 00d4 0200     		.2byte	0x2
 1537 00d6 30       		.byte	0x30
 1538 00d7 9F       		.byte	0x9f
 1539 00d8 3E000000 		.4byte	.LVL28
 1540 00dc F0000000 		.4byte	.LVL60
 1541 00e0 0100     		.2byte	0x1
 1542 00e2 58       		.byte	0x58
 1543 00e3 F0000000 		.4byte	.LVL60
 1544 00e7 36010000 		.4byte	.LVL74
 1545 00eb 0100     		.2byte	0x1
 1546 00ed 59       		.byte	0x59
 1547 00ee 00000000 		.4byte	0
 1548 00f2 00000000 		.4byte	0
 1549              	.LLST6:
 1550 00f6 04000000 		.4byte	.LVL17
 1551 00fa 3E000000 		.4byte	.LVL28
 1552 00fe 0200     		.2byte	0x2
 1553 0100 30       		.byte	0x30
 1554 0101 9F       		.byte	0x9f
 1555 0102 D6000000 		.4byte	.LVL55
 1556 0106 D8000000 		.4byte	.LVL56
 1557 010a 0100     		.2byte	0x1
 1558 010c 50       		.byte	0x50
 1559 010d 00000000 		.4byte	0
 1560 0111 00000000 		.4byte	0
 1561              	.LLST7:
 1562 0115 04000000 		.4byte	.LVL17
 1563 0119 3E000000 		.4byte	.LVL28
 1564 011d 0200     		.2byte	0x2
 1565 011f 30       		.byte	0x30
 1566 0120 9F       		.byte	0x9f
 1567 0121 3E000000 		.4byte	.LVL28
 1568 0125 F2000000 		.4byte	.LVL61
 1569 0129 0100     		.2byte	0x1
 1570 012b 59       		.byte	0x59
 1571 012c F2000000 		.4byte	.LVL61
 1572 0130 64010000 		.4byte	.LFE65
 1573 0134 0100     		.2byte	0x1
 1574 0136 54       		.byte	0x54
 1575 0137 00000000 		.4byte	0
 1576 013b 00000000 		.4byte	0
 1577              	.LLST8:
 1578 013f 04000000 		.4byte	.LVL17
 1579 0143 3E000000 		.4byte	.LVL28
 1580 0147 0200     		.2byte	0x2
 1581 0149 30       		.byte	0x30
 1582 014a 9F       		.byte	0x9f
 1583 014b 64000000 		.4byte	.LVL33
 1584 014f 6C000000 		.4byte	.LVL36
ARM GAS  C:\Users\monis\AppData\Local\Temp\ccYnYKe0.s 			page 32


 1585 0153 0100     		.2byte	0x1
 1586 0155 50       		.byte	0x50
 1587 0156 00000000 		.4byte	0
 1588 015a 00000000 		.4byte	0
 1589              	.LLST9:
 1590 015e 04000000 		.4byte	.LVL17
 1591 0162 3E000000 		.4byte	.LVL28
 1592 0166 0200     		.2byte	0x2
 1593 0168 30       		.byte	0x30
 1594 0169 9F       		.byte	0x9f
 1595 016a 68000000 		.4byte	.LVL35
 1596 016e 84000000 		.4byte	.LVL40
 1597 0172 0100     		.2byte	0x1
 1598 0174 56       		.byte	0x56
 1599 0175 00000000 		.4byte	0
 1600 0179 00000000 		.4byte	0
 1601              	.LLST10:
 1602 017d 04000000 		.4byte	.LVL17
 1603 0181 3E000000 		.4byte	.LVL28
 1604 0185 0200     		.2byte	0x2
 1605 0187 30       		.byte	0x30
 1606 0188 9F       		.byte	0x9f
 1607 0189 3E000000 		.4byte	.LVL28
 1608 018d 66000000 		.4byte	.LVL34
 1609 0191 0100     		.2byte	0x1
 1610 0193 56       		.byte	0x56
 1611 0194 AC000000 		.4byte	.LVL46
 1612 0198 AE000000 		.4byte	.LVL47
 1613 019c 0100     		.2byte	0x1
 1614 019e 5B       		.byte	0x5b
 1615 019f AE000000 		.4byte	.LVL47
 1616 01a3 64010000 		.4byte	.LFE65
 1617 01a7 0100     		.2byte	0x1
 1618 01a9 56       		.byte	0x56
 1619 01aa 00000000 		.4byte	0
 1620 01ae 00000000 		.4byte	0
 1621              	.LLST11:
 1622 01b2 04000000 		.4byte	.LVL17
 1623 01b6 3E000000 		.4byte	.LVL28
 1624 01ba 0200     		.2byte	0x2
 1625 01bc 30       		.byte	0x30
 1626 01bd 9F       		.byte	0x9f
 1627 01be 3E000000 		.4byte	.LVL28
 1628 01c2 64010000 		.4byte	.LFE65
 1629 01c6 0100     		.2byte	0x1
 1630 01c8 55       		.byte	0x55
 1631 01c9 00000000 		.4byte	0
 1632 01cd 00000000 		.4byte	0
 1633              	.LLST12:
 1634 01d1 04000000 		.4byte	.LVL17
 1635 01d5 3E000000 		.4byte	.LVL28
 1636 01d9 0200     		.2byte	0x2
 1637 01db 30       		.byte	0x30
 1638 01dc 9F       		.byte	0x9f
 1639 01dd 84000000 		.4byte	.LVL40
 1640 01e1 AE000000 		.4byte	.LVL47
 1641 01e5 0100     		.2byte	0x1
ARM GAS  C:\Users\monis\AppData\Local\Temp\ccYnYKe0.s 			page 33


 1642 01e7 56       		.byte	0x56
 1643 01e8 00000000 		.4byte	0
 1644 01ec 00000000 		.4byte	0
 1645              	.LLST13:
 1646 01f0 04000000 		.4byte	.LVL17
 1647 01f4 3E000000 		.4byte	.LVL28
 1648 01f8 0200     		.2byte	0x2
 1649 01fa 30       		.byte	0x30
 1650 01fb 9F       		.byte	0x9f
 1651 01fc F0000000 		.4byte	.LVL60
 1652 0200 F5000000 		.4byte	.LVL62-1
 1653 0204 0100     		.2byte	0x1
 1654 0206 50       		.byte	0x50
 1655 0207 00000000 		.4byte	0
 1656 020b 00000000 		.4byte	0
 1657              	.LLST14:
 1658 020f 04000000 		.4byte	.LVL17
 1659 0213 3E000000 		.4byte	.LVL28
 1660 0217 0200     		.2byte	0x2
 1661 0219 30       		.byte	0x30
 1662 021a 9F       		.byte	0x9f
 1663 021b 12010000 		.4byte	.LVL66
 1664 021f 30010000 		.4byte	.LVL71
 1665 0223 0100     		.2byte	0x1
 1666 0225 5A       		.byte	0x5a
 1667 0226 00000000 		.4byte	0
 1668 022a 00000000 		.4byte	0
 1669              		.section	.debug_aranges,"",%progbits
 1670 0000 2C000000 		.4byte	0x2c
 1671 0004 0200     		.2byte	0x2
 1672 0006 00000000 		.4byte	.Ldebug_info0
 1673 000a 04       		.byte	0x4
 1674 000b 00       		.byte	0
 1675 000c 0000     		.2byte	0
 1676 000e 0000     		.2byte	0
 1677 0010 00000000 		.4byte	.LFB63
 1678 0014 4C000000 		.4byte	.LFE63-.LFB63
 1679 0018 00000000 		.4byte	.LFB64
 1680 001c 30000000 		.4byte	.LFE64-.LFB64
 1681 0020 00000000 		.4byte	.LFB65
 1682 0024 64010000 		.4byte	.LFE65-.LFB65
 1683 0028 00000000 		.4byte	0
 1684 002c 00000000 		.4byte	0
 1685              		.section	.debug_ranges,"",%progbits
 1686              	.Ldebug_ranges0:
 1687 0000 00000000 		.4byte	.LFB63
 1688 0004 4C000000 		.4byte	.LFE63
 1689 0008 00000000 		.4byte	.LFB64
 1690 000c 30000000 		.4byte	.LFE64
 1691 0010 00000000 		.4byte	.LFB65
 1692 0014 64010000 		.4byte	.LFE65
 1693 0018 00000000 		.4byte	0
 1694 001c 00000000 		.4byte	0
 1695              		.section	.debug_line,"",%progbits
 1696              	.Ldebug_line0:
 1697 0000 32020000 		.section	.debug_str,"MS",%progbits,1
 1697      0200BD01 
ARM GAS  C:\Users\monis\AppData\Local\Temp\ccYnYKe0.s 			page 34


 1697      00000201 
 1697      FB0E0D00 
 1697      01010101 
 1698              	.LASF42:
 1699 0000 4144435F 		.ascii	"ADC_SAR_1_Start\000"
 1699      5341525F 
 1699      315F5374 
 1699      61727400 
 1700              	.LASF46:
 1701 0010 4144435F 		.ascii	"ADC_SAR_2_Start\000"
 1701      5341525F 
 1701      325F5374 
 1701      61727400 
 1702              	.LASF2:
 1703 0020 73686F72 		.ascii	"short int\000"
 1703      7420696E 
 1703      7400
 1704              	.LASF29:
 1705 002a 71756164 		.ascii	"quadcount\000"
 1705      636F756E 
 1705      7400
 1706              	.LASF30:
 1707 0034 71756164 		.ascii	"quadcountprevious\000"
 1707      636F756E 
 1707      74707265 
 1707      76696F75 
 1707      7300
 1708              	.LASF19:
 1709 0046 73697A65 		.ascii	"sizetype\000"
 1709      74797065 
 1709      00
 1710              	.LASF62:
 1711 004f 6D61696E 		.ascii	"main\000"
 1711      00
 1712              	.LASF52:
 1713 0054 50696E5F 		.ascii	"Pin_0_0_Write\000"
 1713      305F305F 
 1713      57726974 
 1713      6500
 1714              	.LASF45:
 1715 0062 51756164 		.ascii	"QuadDec_1_Start\000"
 1715      4465635F 
 1715      315F5374 
 1715      61727400 
 1716              	.LASF39:
 1717 0072 4C43445F 		.ascii	"LCD_Char_1_Start\000"
 1717      43686172 
 1717      5F315F53 
 1717      74617274 
 1717      00
 1718              	.LASF61:
 1719 0083 76616C75 		.ascii	"value\000"
 1719      6500
 1720              	.LASF13:
 1721 0089 696E7431 		.ascii	"int16\000"
 1721      3600
 1722              	.LASF11:
ARM GAS  C:\Users\monis\AppData\Local\Temp\ccYnYKe0.s 			page 35


 1723 008f 75696E74 		.ascii	"uint8\000"
 1723      3800
 1724              	.LASF23:
 1725 0095 4144435F 		.ascii	"ADC_2_Count_Output_1\000"
 1725      325F436F 
 1725      756E745F 
 1725      4F757470 
 1725      75745F31 
 1726              	.LASF24:
 1727 00aa 4144435F 		.ascii	"ADC_2_Count_Output_2\000"
 1727      325F436F 
 1727      756E745F 
 1727      4F757470 
 1727      75745F32 
 1728              	.LASF25:
 1729 00bf 4144435F 		.ascii	"ADC_2_Count_Output_3\000"
 1729      325F436F 
 1729      756E745F 
 1729      4F757470 
 1729      75745F33 
 1730              	.LASF27:
 1731 00d4 4144435F 		.ascii	"ADC_2_Count_Output_4\000"
 1731      325F436F 
 1731      756E745F 
 1731      4F757470 
 1731      75745F34 
 1732              	.LASF26:
 1733 00e9 4144435F 		.ascii	"ADC_2_Count_Output_5\000"
 1733      325F436F 
 1733      756E745F 
 1733      4F757470 
 1733      75745F35 
 1734              	.LASF0:
 1735 00fe 7369676E 		.ascii	"signed char\000"
 1735      65642063 
 1735      68617200 
 1736              	.LASF15:
 1737 010a 666C6F61 		.ascii	"float\000"
 1737      7400
 1738              	.LASF6:
 1739 0110 6C6F6E67 		.ascii	"long long int\000"
 1739      206C6F6E 
 1739      6720696E 
 1739      7400
 1740              	.LASF60:
 1741 011e 4C434476 		.ascii	"LCDvalue\000"
 1741      616C7565 
 1741      00
 1742              	.LASF4:
 1743 0127 6C6F6E67 		.ascii	"long int\000"
 1743      20696E74 
 1743      00
 1744              	.LASF48:
 1745 0130 4144435F 		.ascii	"ADC_SAR_1_GetResult8\000"
 1745      5341525F 
 1745      315F4765 
 1745      74526573 
ARM GAS  C:\Users\monis\AppData\Local\Temp\ccYnYKe0.s 			page 36


 1745      756C7438 
 1746              	.LASF35:
 1747 0145 70657269 		.ascii	"period\000"
 1747      6F6400
 1748              	.LASF53:
 1749 014c 50696E5F 		.ascii	"Pin_3_0_Read\000"
 1749      335F305F 
 1749      52656164 
 1749      00
 1750              	.LASF56:
 1751 0159 4144435F 		.ascii	"ADC_SAR_2_GetResult8\000"
 1751      5341525F 
 1751      325F4765 
 1751      74526573 
 1751      756C7438 
 1752              	.LASF38:
 1753 016e 4C43445F 		.ascii	"LCD_Char_1_PrintU32Number\000"
 1753      43686172 
 1753      5F315F50 
 1753      72696E74 
 1753      5533324E 
 1754              	.LASF33:
 1755 0188 656D6672 		.ascii	"emfrpm\000"
 1755      706D00
 1756              	.LASF43:
 1757 018f 4144435F 		.ascii	"ADC_SAR_1_StartConvert\000"
 1757      5341525F 
 1757      315F5374 
 1757      61727443 
 1757      6F6E7665 
 1758              	.LASF18:
 1759 01a6 6C6F6E67 		.ascii	"long double\000"
 1759      20646F75 
 1759      626C6500 
 1760              	.LASF55:
 1761 01b2 43794465 		.ascii	"CyDelayUs\000"
 1761      6C617955 
 1761      7300
 1762              	.LASF1:
 1763 01bc 756E7369 		.ascii	"unsigned char\000"
 1763      676E6564 
 1763      20636861 
 1763      7200
 1764              	.LASF47:
 1765 01ca 4144435F 		.ascii	"ADC_SAR_2_StartConvert\000"
 1765      5341525F 
 1765      325F5374 
 1765      61727443 
 1765      6F6E7665 
 1766              	.LASF41:
 1767 01e1 4C43445F 		.ascii	"LCD_Char_1_WriteControl\000"
 1767      43686172 
 1767      5F315F57 
 1767      72697465 
 1767      436F6E74 
 1768              	.LASF7:
 1769 01f9 6C6F6E67 		.ascii	"long long unsigned int\000"
ARM GAS  C:\Users\monis\AppData\Local\Temp\ccYnYKe0.s 			page 37


 1769      206C6F6E 
 1769      6720756E 
 1769      7369676E 
 1769      65642069 
 1770              	.LASF59:
 1771 0210 433A5C55 		.ascii	"C:\\Users\\monis\\Documents\\Academics\\SA\\Lab 4\\"
 1771      73657273 
 1771      5C6D6F6E 
 1771      69735C44 
 1771      6F63756D 
 1772 023c 4C414234 		.ascii	"LAB4.Bundle01\\DCBRUSHLESSMOTOR.cydsn\000"
 1772      2E42756E 
 1772      646C6530 
 1772      315C4443 
 1772      42525553 
 1773              	.LASF44:
 1774 0261 436F756E 		.ascii	"Counter_1_Start\000"
 1774      7465725F 
 1774      315F5374 
 1774      61727400 
 1775              	.LASF8:
 1776 0271 756E7369 		.ascii	"unsigned int\000"
 1776      676E6564 
 1776      20696E74 
 1776      00
 1777              	.LASF54:
 1778 027e 50696E5F 		.ascii	"Pin_3_0_Write\000"
 1778      335F305F 
 1778      57726974 
 1778      6500
 1779              	.LASF22:
 1780 028c 4144435F 		.ascii	"ADC_2_Count_Output\000"
 1780      325F436F 
 1780      756E745F 
 1780      4F757470 
 1780      757400
 1781              	.LASF31:
 1782 029f 74696D65 		.ascii	"time\000"
 1782      00
 1783              	.LASF21:
 1784 02a4 4144435F 		.ascii	"ADC_Count_Output\000"
 1784      436F756E 
 1784      745F4F75 
 1784      74707574 
 1784      00
 1785              	.LASF3:
 1786 02b5 73686F72 		.ascii	"short unsigned int\000"
 1786      7420756E 
 1786      7369676E 
 1786      65642069 
 1786      6E7400
 1787              	.LASF17:
 1788 02c8 63686172 		.ascii	"char\000"
 1788      00
 1789              	.LASF37:
 1790 02cd 4C43445F 		.ascii	"LCD_Char_1_PrintString\000"
 1790      43686172 
ARM GAS  C:\Users\monis\AppData\Local\Temp\ccYnYKe0.s 			page 38


 1790      5F315F50 
 1790      72696E74 
 1790      53747269 
 1791              	.LASF49:
 1792 02e4 436F756E 		.ascii	"Counter_1_WriteCompare\000"
 1792      7465725F 
 1792      315F5772 
 1792      69746543 
 1792      6F6D7061 
 1793              	.LASF50:
 1794 02fb 51756164 		.ascii	"QuadDec_1_GetCounter\000"
 1794      4465635F 
 1794      315F4765 
 1794      74436F75 
 1794      6E746572 
 1795              	.LASF10:
 1796 0310 696E7433 		.ascii	"int32_t\000"
 1796      325F7400 
 1797              	.LASF28:
 1798 0318 71756164 		.ascii	"quadcountnew\000"
 1798      636F756E 
 1798      746E6577 
 1798      00
 1799              	.LASF12:
 1800 0325 75696E74 		.ascii	"uint32\000"
 1800      333200
 1801              	.LASF58:
 1802 032c 6D61696E 		.ascii	"main.c\000"
 1802      2E6300
 1803              	.LASF5:
 1804 0333 6C6F6E67 		.ascii	"long unsigned int\000"
 1804      20756E73 
 1804      69676E65 
 1804      6420696E 
 1804      7400
 1805              	.LASF14:
 1806 0345 696E7433 		.ascii	"int32\000"
 1806      3200
 1807              	.LASF36:
 1808 034b 4C43445F 		.ascii	"LCD_Char_1_Position\000"
 1808      43686172 
 1808      5F315F50 
 1808      6F736974 
 1808      696F6E00 
 1809              	.LASF9:
 1810 035f 5F5F696E 		.ascii	"__int32_t\000"
 1810      7433325F 
 1810      7400
 1811              	.LASF51:
 1812 0369 50696E5F 		.ascii	"Pin_0_0_Read\000"
 1812      305F305F 
 1812      52656164 
 1812      00
 1813              	.LASF20:
 1814 0376 6C6F6F70 		.ascii	"loop\000"
 1814      00
 1815              	.LASF16:
ARM GAS  C:\Users\monis\AppData\Local\Temp\ccYnYKe0.s 			page 39


 1816 037b 646F7562 		.ascii	"double\000"
 1816      6C6500
 1817              	.LASF34:
 1818 0382 49544D5F 		.ascii	"ITM_RxBuffer\000"
 1818      52784275 
 1818      66666572 
 1818      00
 1819              	.LASF57:
 1820 038f 474E5520 		.ascii	"GNU C11 5.4.1 20160609 (release) [ARM/embedded-5-br"
 1820      43313120 
 1820      352E342E 
 1820      31203230 
 1820      31363036 
 1821 03c2 616E6368 		.ascii	"anch revision 237715] -mcpu=cortex-m3 -mthumb -g -O"
 1821      20726576 
 1821      6973696F 
 1821      6E203233 
 1821      37373135 
 1822 03f5 67202D66 		.ascii	"g -ffunction-sections -ffat-lto-objects\000"
 1822      66756E63 
 1822      74696F6E 
 1822      2D736563 
 1822      74696F6E 
 1823              	.LASF40:
 1824 041d 43794465 		.ascii	"CyDelay\000"
 1824      6C617900 
 1825              	.LASF32:
 1826 0425 61766572 		.ascii	"average\000"
 1826      61676500 
 1827              		.ident	"GCC: (GNU Tools for ARM Embedded Processors) 5.4.1 20160609 (release) [ARM/embedded-5-bran
